[ 2019-07-01T22:38:49+08:00 ] 127.0.0.1 /
NOTIC: [8] Use of undefined constant SHOW_PAGE_TRACE - assumed 'SHOW_PAGE_TRACE' D:\www\newmmx\Application\Common\Conf\debug.php 第 4 行.
INFO: [ app_init ] --START--
INFO: Run Behavior\BuildLiteBehavior [ RunTime:0.000017s ]
INFO: [ app_init ] --END-- [ RunTime:0.000133s ]
INFO: [ app_begin ] --START--
INFO: Run Behavior\ReadHtmlCacheBehavior [ RunTime:0.000742s ]
INFO: [ app_begin ] --END-- [ RunTime:0.000781s ]
INFO: [ view_parse ] --START--
INFO: Run Behavior\ParseTemplateBehavior [ RunTime:0.000940s ]
INFO: [ view_parse ] --END-- [ RunTime:0.000985s ]
INFO: [ view_filter ] --START--
INFO: Run Behavior\WriteHtmlCacheBehavior [ RunTime:0.000529s ]
INFO: [ view_filter ] --END-- [ RunTime:0.000557s ]
INFO: [ app_end ] --START--
INFO: Run Behavior\ShowPageTraceBehavior [ RunTime:0.000884s ]
INFO: [ app_end ] --END-- [ RunTime:0.000914s ]

[ 2019-07-01T22:38:55+08:00 ] 127.0.0.1 /index.php
NOTIC: [8] Use of undefined constant SHOW_PAGE_TRACE - assumed 'SHOW_PAGE_TRACE' D:\www\newmmx\Application\Common\Conf\debug.php 第 4 行.
INFO: [ app_init ] --START--
INFO: Run Behavior\BuildLiteBehavior [ RunTime:0.000005s ]
INFO: [ app_init ] --END-- [ RunTime:0.000058s ]
INFO: [ app_begin ] --START--
INFO: Run Behavior\ReadHtmlCacheBehavior [ RunTime:0.000395s ]
INFO: [ app_begin ] --END-- [ RunTime:0.000424s ]
INFO: [ view_parse ] --START--
INFO: Run Behavior\ParseTemplateBehavior [ RunTime:0.000257s ]
INFO: [ view_parse ] --END-- [ RunTime:0.000285s ]
INFO: [ view_filter ] --START--
INFO: Run Behavior\WriteHtmlCacheBehavior [ RunTime:0.000248s ]
INFO: [ view_filter ] --END-- [ RunTime:0.000266s ]
INFO: [ app_end ] --START--
INFO: Run Behavior\ShowPageTraceBehavior [ RunTime:0.000395s ]
INFO: [ app_end ] --END-- [ RunTime:0.000414s ]

