[ 2019-01-14T11:40:09+08:00 ] 127.0.0.1 /favicon.ico
NOTIC: [8] Use of undefined constant SHOW_PAGE_TRACE - assumed 'SHOW_PAGE_TRACE' E:\www\tour\Application\Common\Conf\debug.php 第 4 行.
INFO: [ app_init ] --START--
INFO: Run Behavior\BuildLiteBehavior [ RunTime:0.000000s ]
INFO: [ app_init ] --END-- [ RunTime:0.000000s ]
ERR: 无法加载模块:Favicon

[ 2019-01-14T11:40:22+08:00 ] 127.0.0.1 /favicon.ico
NOTIC: [8] Use of undefined constant SHOW_PAGE_TRACE - assumed 'SHOW_PAGE_TRACE' E:\www\tour\Application\Common\Conf\debug.php 第 4 行.
INFO: [ app_init ] --START--
INFO: Run Behavior\BuildLiteBehavior [ RunTime:0.000000s ]
INFO: [ app_init ] --END-- [ RunTime:0.001000s ]
ERR: 无法加载模块:Favicon

[ 2019-01-14T11:40:25+08:00 ] 127.0.0.1 /Public/Zyly/js/maps/swiper.jquery.min.js.map
NOTIC: [8] Use of undefined constant SHOW_PAGE_TRACE - assumed 'SHOW_PAGE_TRACE' E:\www\tour\Application\Common\Conf\debug.php 第 4 行.
INFO: [ app_init ] --START--
INFO: Run Behavior\BuildLiteBehavior [ RunTime:0.000000s ]
INFO: [ app_init ] --END-- [ RunTime:0.000000s ]
ERR: 无法加载模块:Public

[ 2019-01-14T11:40:30+08:00 ] 127.0.0.1 /minipetmrschool/Data/UploadFiles/Uploads/day_170526/201705260858018112.jpg
NOTIC: [8] Use of undefined constant SHOW_PAGE_TRACE - assumed 'SHOW_PAGE_TRACE' E:\www\tour\Application\Common\Conf\debug.php 第 4 行.
INFO: [ app_init ] --START--
INFO: Run Behavior\BuildLiteBehavior [ RunTime:0.000000s ]
INFO: [ app_init ] --END-- [ RunTime:0.000000s ]
ERR: 无法加载模块:Minipetmrschool

[ 2019-01-14T11:40:30+08:00 ] 127.0.0.1 /minipetmrschool/Data/UploadFiles/Uploads/day_170526/201705260858548953.jpg
NOTIC: [8] Use of undefined constant SHOW_PAGE_TRACE - assumed 'SHOW_PAGE_TRACE' E:\www\tour\Application\Common\Conf\debug.php 第 4 行.
INFO: [ app_init ] --START--
INFO: Run Behavior\BuildLiteBehavior [ RunTime:0.000000s ]
INFO: [ app_init ] --END-- [ RunTime:0.000000s ]
ERR: 无法加载模块:Minipetmrschool

[ 2019-01-14T11:40:30+08:00 ] 127.0.0.1 /minipetmrschool/Data/UploadFiles/Uploads/day_170526/201705260858381787.jpg
NOTIC: [8] Use of undefined constant SHOW_PAGE_TRACE - assumed 'SHOW_PAGE_TRACE' E:\www\tour\Application\Common\Conf\debug.php 第 4 行.
INFO: [ app_init ] --START--
INFO: Run Behavior\BuildLiteBehavior [ RunTime:0.000000s ]
INFO: [ app_init ] --END-- [ RunTime:0.000000s ]
ERR: 无法加载模块:Minipetmrschool

[ 2019-01-14T11:40:31+08:00 ] 127.0.0.1 /minipetmrschool/Data/UploadFiles/Uploads/day_170526/201705260858299679.jpg
NOTIC: [8] Use of undefined constant SHOW_PAGE_TRACE - assumed 'SHOW_PAGE_TRACE' E:\www\tour\Application\Common\Conf\debug.php 第 4 行.
INFO: [ app_init ] --START--
INFO: Run Behavior\BuildLiteBehavior [ RunTime:0.000000s ]
INFO: [ app_init ] --END-- [ RunTime:0.000000s ]
ERR: 无法加载模块:Minipetmrschool

[ 2019-01-14T11:40:31+08:00 ] 127.0.0.1 /minipetmrschool/Data/UploadFiles/Uploads/day_170526/201705260859056212.jpg
NOTIC: [8] Use of undefined constant SHOW_PAGE_TRACE - assumed 'SHOW_PAGE_TRACE' E:\www\tour\Application\Common\Conf\debug.php 第 4 行.
INFO: [ app_init ] --START--
INFO: Run Behavior\BuildLiteBehavior [ RunTime:0.000000s ]
INFO: [ app_init ] --END-- [ RunTime:0.001000s ]
ERR: 无法加载模块:Minipetmrschool

[ 2019-01-14T11:40:31+08:00 ] 127.0.0.1 /minipetmrschool/Data/UploadFiles/Uploads/day_170526/201705260859168125.jpg
NOTIC: [8] Use of undefined constant SHOW_PAGE_TRACE - assumed 'SHOW_PAGE_TRACE' E:\www\tour\Application\Common\Conf\debug.php 第 4 行.
INFO: [ app_init ] --START--
INFO: Run Behavior\BuildLiteBehavior [ RunTime:0.000000s ]
INFO: [ app_init ] --END-- [ RunTime:0.000000s ]
ERR: 无法加载模块:Minipetmrschool

[ 2019-01-14T11:40:31+08:00 ] 127.0.0.1 /Public/Zyly/js/maps/swiper.jquery.min.js.map
NOTIC: [8] Use of undefined constant SHOW_PAGE_TRACE - assumed 'SHOW_PAGE_TRACE' E:\www\tour\Application\Common\Conf\debug.php 第 4 行.
INFO: [ app_init ] --START--
INFO: Run Behavior\BuildLiteBehavior [ RunTime:0.000000s ]
INFO: [ app_init ] --END-- [ RunTime:0.000000s ]
ERR: 无法加载模块:Public

[ 2019-01-14T11:40:34+08:00 ] 127.0.0.1 /favicon.ico
NOTIC: [8] Use of undefined constant SHOW_PAGE_TRACE - assumed 'SHOW_PAGE_TRACE' E:\www\tour\Application\Common\Conf\debug.php 第 4 行.
INFO: [ app_init ] --START--
INFO: Run Behavior\BuildLiteBehavior [ RunTime:0.000000s ]
INFO: [ app_init ] --END-- [ RunTime:0.000000s ]
ERR: 无法加载模块:Favicon

[ 2019-01-14T15:28:55+08:00 ] 127.0.0.1 /minipetmrschool/Data/UploadFiles/Uploads/day_170526/201705260858018112.jpg
NOTIC: [8] Use of undefined constant SHOW_PAGE_TRACE - assumed 'SHOW_PAGE_TRACE' E:\www\tour\Application\Common\Conf\debug.php 第 4 行.
INFO: [ app_init ] --START--
INFO: Run Behavior\BuildLiteBehavior [ RunTime:0.000000s ]
INFO: [ app_init ] --END-- [ RunTime:0.000000s ]
ERR: 无法加载模块:Minipetmrschool

[ 2019-01-14T15:28:55+08:00 ] 127.0.0.1 /minipetmrschool/Data/UploadFiles/Uploads/day_170526/201705260859056212.jpg
NOTIC: [8] Use of undefined constant SHOW_PAGE_TRACE - assumed 'SHOW_PAGE_TRACE' E:\www\tour\Application\Common\Conf\debug.php 第 4 行.
INFO: [ app_init ] --START--
INFO: Run Behavior\BuildLiteBehavior [ RunTime:0.000000s ]
INFO: [ app_init ] --END-- [ RunTime:0.000000s ]
ERR: 无法加载模块:Minipetmrschool

[ 2019-01-14T15:28:56+08:00 ] 127.0.0.1 /minipetmrschool/Data/UploadFiles/Uploads/day_170526/201705260858299679.jpg
NOTIC: [8] Use of undefined constant SHOW_PAGE_TRACE - assumed 'SHOW_PAGE_TRACE' E:\www\tour\Application\Common\Conf\debug.php 第 4 行.
INFO: [ app_init ] --START--
INFO: Run Behavior\BuildLiteBehavior [ RunTime:0.001000s ]
INFO: [ app_init ] --END-- [ RunTime:0.001000s ]
ERR: 无法加载模块:Minipetmrschool

[ 2019-01-14T15:28:56+08:00 ] 127.0.0.1 /minipetmrschool/Data/UploadFiles/Uploads/day_170526/201705260858381787.jpg
NOTIC: [8] Use of undefined constant SHOW_PAGE_TRACE - assumed 'SHOW_PAGE_TRACE' E:\www\tour\Application\Common\Conf\debug.php 第 4 行.
INFO: [ app_init ] --START--
INFO: Run Behavior\BuildLiteBehavior [ RunTime:0.000000s ]
INFO: [ app_init ] --END-- [ RunTime:0.000000s ]
ERR: 无法加载模块:Minipetmrschool

[ 2019-01-14T15:28:56+08:00 ] 127.0.0.1 /minipetmrschool/Data/UploadFiles/Uploads/day_170526/201705260858548953.jpg
NOTIC: [8] Use of undefined constant SHOW_PAGE_TRACE - assumed 'SHOW_PAGE_TRACE' E:\www\tour\Application\Common\Conf\debug.php 第 4 行.
INFO: [ app_init ] --START--
INFO: Run Behavior\BuildLiteBehavior [ RunTime:0.000000s ]
INFO: [ app_init ] --END-- [ RunTime:0.000000s ]
ERR: 无法加载模块:Minipetmrschool

[ 2019-01-14T15:28:56+08:00 ] 127.0.0.1 /minipetmrschool/Data/UploadFiles/Uploads/day_170526/201705260859168125.jpg
NOTIC: [8] Use of undefined constant SHOW_PAGE_TRACE - assumed 'SHOW_PAGE_TRACE' E:\www\tour\Application\Common\Conf\debug.php 第 4 行.
INFO: [ app_init ] --START--
INFO: Run Behavior\BuildLiteBehavior [ RunTime:0.000000s ]
INFO: [ app_init ] --END-- [ RunTime:0.000000s ]
ERR: 无法加载模块:Minipetmrschool

[ 2019-01-14T15:28:56+08:00 ] 127.0.0.1 /Public/Zyly/js/maps/swiper.jquery.min.js.map
NOTIC: [8] Use of undefined constant SHOW_PAGE_TRACE - assumed 'SHOW_PAGE_TRACE' E:\www\tour\Application\Common\Conf\debug.php 第 4 行.
INFO: [ app_init ] --START--
INFO: Run Behavior\BuildLiteBehavior [ RunTime:0.001000s ]
INFO: [ app_init ] --END-- [ RunTime:0.001000s ]
ERR: 无法加载模块:Public

[ 2019-01-14T15:29:03+08:00 ] 127.0.0.1 /Public/Zyly/js/maps/swiper.jquery.min.js.map
NOTIC: [8] Use of undefined constant SHOW_PAGE_TRACE - assumed 'SHOW_PAGE_TRACE' E:\www\tour\Application\Common\Conf\debug.php 第 4 行.
INFO: [ app_init ] --START--
INFO: Run Behavior\BuildLiteBehavior [ RunTime:0.000000s ]
INFO: [ app_init ] --END-- [ RunTime:0.000000s ]
ERR: 无法加载模块:Public

[ 2019-01-14T15:29:14+08:00 ] 127.0.0.1 /robots.txt
NOTIC: [8] Use of undefined constant SHOW_PAGE_TRACE - assumed 'SHOW_PAGE_TRACE' E:\www\tour\Application\Common\Conf\debug.php 第 4 行.
INFO: [ app_init ] --START--
INFO: Run Behavior\BuildLiteBehavior [ RunTime:0.000000s ]
INFO: [ app_init ] --END-- [ RunTime:0.000000s ]
ERR: 无法加载模块:Robots

