[ 2018-11-03T10:29:26+08:00 ] 127.0.0.1 /index.php/Zyly/Goods
NOTIC: [8] Use of undefined constant SHOW_PAGE_TRACE - assumed 'SHOW_PAGE_TRACE' E:\www\tour\Application\Common\Conf\debug.php 第 4 行.
INFO: [ app_init ] --START--
INFO: Run Behavior\BuildLiteBehavior [ RunTime:0.000000s ]
INFO: [ app_init ] --END-- [ RunTime:0.001000s ]
INFO: [ app_begin ] --START--
INFO: Run Behavior\ReadHtmlCacheBehavior [ RunTime:0.017001s ]
INFO: [ app_begin ] --END-- [ RunTime:0.017001s ]
SQL: SHOW COLUMNS FROM `lr_wechat_config` [ RunTime:0.0420s ]
SQL: SELECT * FROM `lr_wechat_config` WHERE `id` = 1 LIMIT 1   [ RunTime:0.0010s ]
SQL: SELECT * FROM `lr_wechat_config` WHERE `id` = 1 LIMIT 1   [ RunTime:0.0020s ]
NOTIC: [8] Undefined variable: admin_id E:\www\tour\Application\Zyly\Controller\GoodsController.class.php 第 33 行.
NOTIC: [8] Undefined offset: 1 E:\www\tour\Application\Zyly\Controller\GoodsController.class.php 第 40 行.
SQL: SHOW COLUMNS FROM `lr_user` [ RunTime:0.0240s ]
SQL: SELECT * FROM `lr_user` WHERE `id` = 1 LIMIT 1   [ RunTime:0.0100s ]
SQL: SHOW COLUMNS FROM `lr_product` [ RunTime:0.0230s ]
SQL: SELECT `id`,`name`,`intro`,`photo_x`,`sort`,`shiyong`,`price` FROM `lr_product` WHERE `del` = 0 ORDER BY price asc  [ RunTime:0.0150s ]
SQL: SHOW COLUMNS FROM `lr_guanggao` [ RunTime:0.0310s ]
SQL: SELECT * FROM `lr_guanggao`  [ RunTime:0.0010s ]
SQL: SHOW COLUMNS FROM `lr_notice` [ RunTime:0.0200s ]
SQL: SELECT * FROM `lr_notice` WHERE `is_nav` = 1  [ RunTime:0.0010s ]
NOTIC: [8] Undefined index: access_token E:\www\tour\Application\Zyly\Model\IndexModel.class.php 第 623 行.
NOTIC: [2] unlink(./Application/Runtime/Temp/access_tokena0435375b666ac71aca0e45ef0012d41.php): No such file or directory E:\www\tour\ThinkPHP\Library\Think\Cache\Driver\File.class.php 第 157 行.
NOTIC: [8] Undefined index: access_token E:\www\tour\Application\Zyly\Model\IndexModel.class.php 第 625 行.
NOTIC: [2] unlink(./Application/Runtime/Temp/access_tokena0435375b666ac71aca0e45ef0012d41.php): No such file or directory E:\www\tour\ThinkPHP\Library\Think\Cache\Driver\File.class.php 第 157 行.
NOTIC: [8] Undefined index: access_token E:\www\tour\Application\Zyly\Model\IndexModel.class.php 第 623 行.
NOTIC: [2] unlink(./Application/Runtime/Temp/access_tokena0435375b666ac71aca0e45ef0012d41.php): No such file or directory E:\www\tour\ThinkPHP\Library\Think\Cache\Driver\File.class.php 第 157 行.
NOTIC: [8] Undefined index: access_token E:\www\tour\Application\Zyly\Model\IndexModel.class.php 第 625 行.
NOTIC: [8] Undefined index: ticket E:\www\tour\Application\Zyly\Model\IndexModel.class.php 第 560 行.
NOTIC: [2] unlink(./Application/Runtime/Temp/access_tokena0435375b666ac71aca0e45ef0012d41.php): No such file or directory E:\www\tour\ThinkPHP\Library\Think\Cache\Driver\File.class.php 第 157 行.
NOTIC: [8] Undefined index: access_token E:\www\tour\Application\Zyly\Model\IndexModel.class.php 第 623 行.
NOTIC: [2] unlink(./Application/Runtime/Temp/access_tokena0435375b666ac71aca0e45ef0012d41.php): No such file or directory E:\www\tour\ThinkPHP\Library\Think\Cache\Driver\File.class.php 第 157 行.
NOTIC: [8] Undefined index: access_token E:\www\tour\Application\Zyly\Model\IndexModel.class.php 第 625 行.
NOTIC: [2] unlink(./Application/Runtime/Temp/access_tokena0435375b666ac71aca0e45ef0012d41.php): No such file or directory E:\www\tour\ThinkPHP\Library\Think\Cache\Driver\File.class.php 第 157 行.
NOTIC: [8] Undefined index: access_token E:\www\tour\Application\Zyly\Model\IndexModel.class.php 第 623 行.
NOTIC: [2] unlink(./Application/Runtime/Temp/access_tokena0435375b666ac71aca0e45ef0012d41.php): No such file or directory E:\www\tour\ThinkPHP\Library\Think\Cache\Driver\File.class.php 第 157 行.
NOTIC: [8] Undefined index: access_token E:\www\tour\Application\Zyly\Model\IndexModel.class.php 第 625 行.
NOTIC: [8] Undefined index: ticket E:\www\tour\Application\Zyly\Model\IndexModel.class.php 第 560 行.
INFO: [ view_parse ] --START--
INFO: [ template_filter ] --START--
INFO: Run Behavior\ContentReplaceBehavior [ RunTime:0.001000s ]
INFO: [ template_filter ] --END-- [ RunTime:0.001000s ]
INFO: Run Behavior\ParseTemplateBehavior [ RunTime:0.080004s ]
INFO: [ view_parse ] --END-- [ RunTime:0.080004s ]
INFO: [ view_filter ] --START--
INFO: Run Behavior\WriteHtmlCacheBehavior [ RunTime:0.011001s ]
INFO: [ view_filter ] --END-- [ RunTime:0.011001s ]
INFO: [ app_end ] --START--
INFO: Run Behavior\ShowPageTraceBehavior [ RunTime:0.015001s ]
INFO: [ app_end ] --END-- [ RunTime:0.015001s ]

[ 2018-11-03T10:31:09+08:00 ] 127.0.0.1 /index.php/Zyly/Goods/detail.html?goods_id=288
NOTIC: [8] Use of undefined constant SHOW_PAGE_TRACE - assumed 'SHOW_PAGE_TRACE' E:\www\tour\Application\Common\Conf\debug.php 第 4 行.
INFO: [ app_init ] --START--
INFO: Run Behavior\BuildLiteBehavior [ RunTime:0.000000s ]
INFO: [ app_init ] --END-- [ RunTime:0.000000s ]
INFO: [ app_begin ] --START--
INFO: Run Behavior\ReadHtmlCacheBehavior [ RunTime:0.000000s ]
INFO: [ app_begin ] --END-- [ RunTime:0.000000s ]
SQL: SHOW COLUMNS FROM `lr_wechat_config` [ RunTime:0.0080s ]
SQL: SELECT * FROM `lr_wechat_config` WHERE `id` = 1 LIMIT 1   [ RunTime:0.0010s ]
SQL: SELECT * FROM `lr_wechat_config` WHERE `id` = 1 LIMIT 1   [ RunTime:0.0020s ]
NOTIC: [8] Undefined variable: admin_id E:\www\tour\Application\Zyly\Controller\GoodsController.class.php 第 33 行.
NOTIC: [8] Undefined offset: 1 E:\www\tour\Application\Zyly\Controller\GoodsController.class.php 第 40 行.
SQL: SHOW COLUMNS FROM `lr_user` [ RunTime:0.0080s ]
SQL: SELECT * FROM `lr_user` WHERE `id` = 1 LIMIT 1   [ RunTime:0.0010s ]
NOTIC: [8] Undefined offset: 1 E:\www\tour\Application\Zyly\Controller\GoodsController.class.php 第 148 行.
SQL: SHOW COLUMNS FROM `lr_product` [ RunTime:0.0080s ]
SQL: SELECT `id`,`name`,`intro`,`photo_x`,`photo_d`,`sort`,`shiyong`,`price`,`photo_string`,`content` FROM `lr_product` WHERE `id` = 288 ORDER BY sort desc LIMIT 1   [ RunTime:0.0020s ]
SQL: SELECT a.name,b.concent,b.addtime,c.uname,c.photo FROM lr_product a LEFT JOIN lr_product_dp b on a.id=b.pid LEFT JOIN lr_user c on b.uid=c.id  WHERE a.id = '288'  [ RunTime:0.0160s ]
SQL: SHOW COLUMNS FROM `lr_product_dp` [ RunTime:0.0080s ]
SQL: SELECT COUNT(*) AS tp_count FROM `lr_product_dp` WHERE `pid` = 288 LIMIT 1   [ RunTime:0.0010s ]
NOTIC: [8] Undefined index: access_token E:\www\tour\Application\Zyly\Model\IndexModel.class.php 第 623 行.
NOTIC: [2] unlink(./Application/Runtime/Temp/access_tokena0435375b666ac71aca0e45ef0012d41.php): No such file or directory E:\www\tour\ThinkPHP\Library\Think\Cache\Driver\File.class.php 第 157 行.
NOTIC: [8] Undefined index: access_token E:\www\tour\Application\Zyly\Model\IndexModel.class.php 第 625 行.
NOTIC: [2] unlink(./Application/Runtime/Temp/access_tokena0435375b666ac71aca0e45ef0012d41.php): No such file or directory E:\www\tour\ThinkPHP\Library\Think\Cache\Driver\File.class.php 第 157 行.
NOTIC: [8] Undefined index: access_token E:\www\tour\Application\Zyly\Model\IndexModel.class.php 第 623 行.
NOTIC: [2] unlink(./Application/Runtime/Temp/access_tokena0435375b666ac71aca0e45ef0012d41.php): No such file or directory E:\www\tour\ThinkPHP\Library\Think\Cache\Driver\File.class.php 第 157 行.
NOTIC: [8] Undefined index: access_token E:\www\tour\Application\Zyly\Model\IndexModel.class.php 第 625 行.
NOTIC: [8] Undefined index: ticket E:\www\tour\Application\Zyly\Model\IndexModel.class.php 第 560 行.
NOTIC: [2] unlink(./Application/Runtime/Temp/access_tokena0435375b666ac71aca0e45ef0012d41.php): No such file or directory E:\www\tour\ThinkPHP\Library\Think\Cache\Driver\File.class.php 第 157 行.
NOTIC: [8] Undefined index: access_token E:\www\tour\Application\Zyly\Model\IndexModel.class.php 第 623 行.
NOTIC: [2] unlink(./Application/Runtime/Temp/access_tokena0435375b666ac71aca0e45ef0012d41.php): No such file or directory E:\www\tour\ThinkPHP\Library\Think\Cache\Driver\File.class.php 第 157 行.
NOTIC: [8] Undefined index: access_token E:\www\tour\Application\Zyly\Model\IndexModel.class.php 第 625 行.
NOTIC: [2] unlink(./Application/Runtime/Temp/access_tokena0435375b666ac71aca0e45ef0012d41.php): No such file or directory E:\www\tour\ThinkPHP\Library\Think\Cache\Driver\File.class.php 第 157 行.
NOTIC: [8] Undefined index: access_token E:\www\tour\Application\Zyly\Model\IndexModel.class.php 第 623 行.
NOTIC: [2] unlink(./Application/Runtime/Temp/access_tokena0435375b666ac71aca0e45ef0012d41.php): No such file or directory E:\www\tour\ThinkPHP\Library\Think\Cache\Driver\File.class.php 第 157 行.
NOTIC: [8] Undefined index: access_token E:\www\tour\Application\Zyly\Model\IndexModel.class.php 第 625 行.
NOTIC: [8] Undefined index: ticket E:\www\tour\Application\Zyly\Model\IndexModel.class.php 第 560 行.
INFO: [ view_parse ] --START--
INFO: [ template_filter ] --START--
INFO: Run Behavior\ContentReplaceBehavior [ RunTime:0.000000s ]
INFO: [ template_filter ] --END-- [ RunTime:0.000000s ]
INFO: Run Behavior\ParseTemplateBehavior [ RunTime:0.048003s ]
INFO: [ view_parse ] --END-- [ RunTime:0.048003s ]
INFO: [ view_filter ] --START--
INFO: Run Behavior\WriteHtmlCacheBehavior [ RunTime:0.000000s ]
INFO: [ view_filter ] --END-- [ RunTime:0.000000s ]
INFO: [ app_end ] --START--
INFO: Run Behavior\ShowPageTraceBehavior [ RunTime:0.000000s ]
INFO: [ app_end ] --END-- [ RunTime:0.000000s ]

[ 2018-11-03T10:48:07+08:00 ] 127.0.0.1 /index.php/Zyly/Goods/writeOrder.html?goods_id=288&buy_num=1
NOTIC: [8] Use of undefined constant SHOW_PAGE_TRACE - assumed 'SHOW_PAGE_TRACE' E:\www\tour\Application\Common\Conf\debug.php 第 4 行.
INFO: [ app_init ] --START--
INFO: Run Behavior\BuildLiteBehavior [ RunTime:0.000000s ]
INFO: [ app_init ] --END-- [ RunTime:0.000000s ]
INFO: [ app_begin ] --START--
INFO: Run Behavior\ReadHtmlCacheBehavior [ RunTime:0.000000s ]
INFO: [ app_begin ] --END-- [ RunTime:0.000000s ]
SQL: SHOW COLUMNS FROM `lr_wechat_config` [ RunTime:0.0080s ]
SQL: SELECT * FROM `lr_wechat_config` WHERE `id` = 1 LIMIT 1   [ RunTime:0.0020s ]
SQL: SELECT * FROM `lr_wechat_config` WHERE `id` = 1 LIMIT 1   [ RunTime:0.0010s ]
NOTIC: [8] Undefined variable: admin_id E:\www\tour\Application\Zyly\Controller\GoodsController.class.php 第 33 行.
NOTIC: [8] Undefined offset: 1 E:\www\tour\Application\Zyly\Controller\GoodsController.class.php 第 40 行.
SQL: SHOW COLUMNS FROM `lr_user` [ RunTime:0.0080s ]
SQL: SELECT * FROM `lr_user` WHERE `id` = 1 LIMIT 1   [ RunTime:0.0010s ]
SQL: SHOW COLUMNS FROM `lr_product` [ RunTime:0.0090s ]
SQL: SELECT `id`,`name`,`photo_x`,`price` FROM `lr_product` WHERE `id` = 288 LIMIT 1   [ RunTime:0.0010s ]
SQL: SELECT * FROM `lr_wechat_config` WHERE `id` = 1 LIMIT 1   [ RunTime:0.0010s ]
SQL: SHOW COLUMNS FROM `lr_user` [ RunTime:0.0070s ]
SQL: SELECT * FROM `lr_user` WHERE `id` = 1 LIMIT 1   [ RunTime:0.0010s ]
SQL: SHOW COLUMNS FROM `lr_order` [ RunTime:0.0060s ]
SQL: SELECT * FROM `lr_order` WHERE `id` = 42 LIMIT 1   [ RunTime:0.0010s ]
SQL: SELECT * FROM `lr_product` WHERE `id` = 290 LIMIT 1   [ RunTime:0.0020s ]
NOTIC: [8] Undefined variable: data E:\www\tour\Application\Zyly\Model\GoodsModel.class.php 第 402 行.
SQL: SHOW COLUMNS FROM `lr_glide` [ RunTime:0.0040s ]
SQL: INSERT INTO `lr_glide` (`uid`,`addtime`,`est_price`,`act_price`,`explain`,`order_id`,`goods_id`) VALUES ('1','2018-11-03 10:48:07','-213','-213','消费','42','290') [ RunTime:0.0510s ]
SQL: SELECT * FROM `lr_user` WHERE `id` = 1 LIMIT 1   [ RunTime:0.0020s ]
SQL: SHOW COLUMNS FROM `lr_level` [ RunTime:0.0190s ]
SQL: SELECT * FROM `lr_level`  [ RunTime:0.0000s ]
SQL: SELECT SUM(price_h) AS tp_sum FROM `lr_order` WHERE `addtime` BETWEEN '2018-09-04 10:48:07' AND '2018-11-03 10:48:07' AND `uid` = 1 LIMIT 1   [ RunTime:0.0010s ]
NOTIC: [8] Undefined variable: res E:\www\tour\Application\Zyly\Model\GoodsModel.class.php 第 511 行.
SQL: SELECT * FROM `lr_user` WHERE `id` = 2 LIMIT 1   [ RunTime:0.0020s ]
SQL: SELECT `level_id` FROM `lr_user` WHERE `id` = 2 LIMIT 1   [ RunTime:0.0010s ]
SQL: SELECT * FROM `lr_level` WHERE `id` = 1 LIMIT 1   [ RunTime:0.0010s ]
SQL: SELECT * FROM `lr_user` WHERE `id` = 2 LIMIT 1   [ RunTime:0.0010s ]
SQL: INSERT INTO `lr_glide` (`explain`,`uid`,`addtime`,`est_price`,`act_price`,`order_id`,`goods_id`) VALUES ('因超过当前会员等级最大周佣金,实际获得佣金0.00','2','2018-11-03 10:48:07','25.56','0','42','290') [ RunTime:0.0320s ]
SQL: UPDATE `lr_user` SET `week_commission`='70000',`can_withdraw`='351.6',`total`='471.48' WHERE `id` = 2 [ RunTime:0.0010s ]
SQL: SELECT * FROM `lr_user` WHERE `id` = 3 LIMIT 1   [ RunTime:0.0020s ]
SQL: SELECT `level_id` FROM `lr_user` WHERE `id` = 3 LIMIT 1   [ RunTime:0.0010s ]
SQL: SELECT * FROM `lr_level` WHERE `id` = 3 LIMIT 1   [ RunTime:0.0010s ]
SQL: SELECT * FROM `lr_user` WHERE `id` = 3 LIMIT 1   [ RunTime:0.0010s ]
SQL: INSERT INTO `lr_glide` (`explain`,`uid`,`addtime`,`est_price`,`act_price`,`order_id`,`goods_id`) VALUES ('下级消费返佣25.56','3','2018-11-03 10:48:07','25.56','25.56','42','290') [ RunTime:0.0240s ]
SQL: UPDATE `lr_user` SET `week_commission`='25.56',`can_withdraw`='190.2',`total`='190.2' WHERE `id` = 3 [ RunTime:0.0010s ]
SQL: SELECT * FROM `lr_user` WHERE `id` = null LIMIT 1   [ RunTime:0.0020s ]

[ 2018-11-03T10:49:00+08:00 ] 127.0.0.1 /index.php/Zyly/Goods/writeOrder.html?goods_id=288&buy_num=1
NOTIC: [8] Use of undefined constant SHOW_PAGE_TRACE - assumed 'SHOW_PAGE_TRACE' E:\www\tour\Application\Common\Conf\debug.php 第 4 行.
INFO: [ app_init ] --START--
INFO: Run Behavior\BuildLiteBehavior [ RunTime:0.000000s ]
INFO: [ app_init ] --END-- [ RunTime:0.000000s ]
INFO: [ app_begin ] --START--
INFO: Run Behavior\ReadHtmlCacheBehavior [ RunTime:0.000000s ]
INFO: [ app_begin ] --END-- [ RunTime:0.000000s ]
SQL: SHOW COLUMNS FROM `lr_wechat_config` [ RunTime:0.0080s ]
SQL: SELECT * FROM `lr_wechat_config` WHERE `id` = 1 LIMIT 1   [ RunTime:0.0010s ]
SQL: SELECT * FROM `lr_wechat_config` WHERE `id` = 1 LIMIT 1   [ RunTime:0.0010s ]
NOTIC: [8] Undefined variable: admin_id E:\www\tour\Application\Zyly\Controller\GoodsController.class.php 第 33 行.
NOTIC: [8] Undefined offset: 1 E:\www\tour\Application\Zyly\Controller\GoodsController.class.php 第 40 行.
SQL: SHOW COLUMNS FROM `lr_user` [ RunTime:0.0080s ]
SQL: SELECT * FROM `lr_user` WHERE `id` = 1 LIMIT 1   [ RunTime:0.0020s ]
SQL: SHOW COLUMNS FROM `lr_product` [ RunTime:0.0090s ]
SQL: SELECT `id`,`name`,`photo_x`,`price` FROM `lr_product` WHERE `id` = 288 LIMIT 1   [ RunTime:0.0000s ]
SQL: SELECT * FROM `lr_wechat_config` WHERE `id` = 1 LIMIT 1   [ RunTime:0.0020s ]
SQL: SHOW COLUMNS FROM `lr_user` [ RunTime:0.0050s ]
SQL: SELECT * FROM `lr_user` WHERE `id` = 1 LIMIT 1   [ RunTime:0.0020s ]
SQL: SHOW COLUMNS FROM `lr_order` [ RunTime:0.0050s ]
SQL: SELECT * FROM `lr_order` WHERE `id` = 42 LIMIT 1   [ RunTime:0.0020s ]
SQL: SELECT * FROM `lr_product` WHERE `id` = 290 LIMIT 1   [ RunTime:0.0020s ]
NOTIC: [8] Undefined variable: data E:\www\tour\Application\Zyly\Model\GoodsModel.class.php 第 402 行.
SQL: SHOW COLUMNS FROM `lr_glide` [ RunTime:0.0050s ]
SQL: INSERT INTO `lr_glide` (`uid`,`addtime`,`est_price`,`act_price`,`explain`,`order_id`,`goods_id`) VALUES ('1','2018-11-03 10:49:00','-213','-213','消费','42','290') [ RunTime:0.0380s ]
SQL: SELECT * FROM `lr_user` WHERE `id` = 1 LIMIT 1   [ RunTime:0.0020s ]
SQL: SHOW COLUMNS FROM `lr_level` [ RunTime:0.0080s ]
SQL: SELECT * FROM `lr_level`  [ RunTime:0.0010s ]
SQL: SELECT SUM(price_h) AS tp_sum FROM `lr_order` WHERE `addtime` BETWEEN '2018-09-04 10:49:00' AND '2018-11-03 10:49:00' AND `uid` = 1 LIMIT 1   [ RunTime:0.0020s ]
NOTIC: [8] Undefined variable: res E:\www\tour\Application\Zyly\Model\GoodsModel.class.php 第 511 行.
SQL: SELECT * FROM `lr_user` WHERE `id` = 2 LIMIT 1   [ RunTime:0.0020s ]
SQL: SELECT `level_id` FROM `lr_user` WHERE `id` = 2 LIMIT 1   [ RunTime:0.0010s ]
SQL: SELECT * FROM `lr_level` WHERE `id` = 1 LIMIT 1   [ RunTime:0.0010s ]
SQL: SELECT * FROM `lr_user` WHERE `id` = 2 LIMIT 1   [ RunTime:0.0020s ]
SQL: INSERT INTO `lr_glide` (`explain`,`uid`,`addtime`,`est_price`,`act_price`,`order_id`,`goods_id`) VALUES ('因超过当前会员等级最大周佣金,实际获得佣金0.00','2','2018-11-03 10:49:00','25.56','0','42','290') [ RunTime:0.0260s ]
SQL: UPDATE `lr_user` SET `week_commission`='70000',`can_withdraw`='351.6',`total`='497.04' WHERE `id` = 2 [ RunTime:0.0010s ]
SQL: SELECT * FROM `lr_user` WHERE `id` = 3 LIMIT 1   [ RunTime:0.0020s ]
SQL: SELECT `level_id` FROM `lr_user` WHERE `id` = 3 LIMIT 1   [ RunTime:0.0020s ]
SQL: SELECT * FROM `lr_level` WHERE `id` = 3 LIMIT 1   [ RunTime:0.0010s ]
SQL: SELECT * FROM `lr_user` WHERE `id` = 3 LIMIT 1   [ RunTime:0.0020s ]
SQL: INSERT INTO `lr_glide` (`explain`,`uid`,`addtime`,`est_price`,`act_price`,`order_id`,`goods_id`) VALUES ('下级消费返佣25.56','3','2018-11-03 10:49:00','25.56','25.56','42','290') [ RunTime:0.0250s ]
SQL: UPDATE `lr_user` SET `week_commission`='51.12',`can_withdraw`='215.76',`total`='215.76' WHERE `id` = 3 [ RunTime:0.0010s ]
SQL: SELECT * FROM `lr_user` WHERE `id` = null LIMIT 1   [ RunTime:0.0020s ]

[ 2018-11-03T10:49:57+08:00 ] 127.0.0.1 /index.php/Zyly/Goods/detail.html?goods_id=288
NOTIC: [8] Use of undefined constant SHOW_PAGE_TRACE - assumed 'SHOW_PAGE_TRACE' E:\www\tour\Application\Common\Conf\debug.php 第 4 行.
INFO: [ app_init ] --START--
INFO: Run Behavior\BuildLiteBehavior [ RunTime:0.000000s ]
INFO: [ app_init ] --END-- [ RunTime:0.000000s ]
INFO: [ app_begin ] --START--
INFO: Run Behavior\ReadHtmlCacheBehavior [ RunTime:0.000000s ]
INFO: [ app_begin ] --END-- [ RunTime:0.000000s ]
SQL: SHOW COLUMNS FROM `lr_wechat_config` [ RunTime:0.0080s ]
SQL: SELECT * FROM `lr_wechat_config` WHERE `id` = 1 LIMIT 1   [ RunTime:0.0010s ]
SQL: SELECT * FROM `lr_wechat_config` WHERE `id` = 1 LIMIT 1   [ RunTime:0.0010s ]
NOTIC: [8] Undefined variable: admin_id E:\www\tour\Application\Zyly\Controller\GoodsController.class.php 第 33 行.
NOTIC: [8] Undefined offset: 1 E:\www\tour\Application\Zyly\Controller\GoodsController.class.php 第 40 行.
SQL: SHOW COLUMNS FROM `lr_user` [ RunTime:0.0080s ]
SQL: SELECT * FROM `lr_user` WHERE `id` = 1 LIMIT 1   [ RunTime:0.0020s ]
NOTIC: [8] Undefined offset: 1 E:\www\tour\Application\Zyly\Controller\GoodsController.class.php 第 148 行.
SQL: SHOW COLUMNS FROM `lr_product` [ RunTime:0.0080s ]
SQL: SELECT `id`,`name`,`intro`,`photo_x`,`photo_d`,`sort`,`shiyong`,`price`,`photo_string`,`content` FROM `lr_product` WHERE `id` = 288 ORDER BY sort desc LIMIT 1   [ RunTime:0.0020s ]
SQL: SELECT a.name,b.concent,b.addtime,c.uname,c.photo FROM lr_product a LEFT JOIN lr_product_dp b on a.id=b.pid LEFT JOIN lr_user c on b.uid=c.id  WHERE a.id = '288'  [ RunTime:0.0030s ]
SQL: SHOW COLUMNS FROM `lr_product_dp` [ RunTime:0.0040s ]
SQL: SELECT COUNT(*) AS tp_count FROM `lr_product_dp` WHERE `pid` = 288 LIMIT 1   [ RunTime:0.0010s ]
NOTIC: [8] Undefined index: access_token E:\www\tour\Application\Zyly\Model\IndexModel.class.php 第 623 行.
NOTIC: [2] unlink(./Application/Runtime/Temp/access_tokena0435375b666ac71aca0e45ef0012d41.php): No such file or directory E:\www\tour\ThinkPHP\Library\Think\Cache\Driver\File.class.php 第 157 行.
NOTIC: [8] Undefined index: access_token E:\www\tour\Application\Zyly\Model\IndexModel.class.php 第 625 行.
NOTIC: [2] unlink(./Application/Runtime/Temp/access_tokena0435375b666ac71aca0e45ef0012d41.php): No such file or directory E:\www\tour\ThinkPHP\Library\Think\Cache\Driver\File.class.php 第 157 行.
NOTIC: [8] Undefined index: access_token E:\www\tour\Application\Zyly\Model\IndexModel.class.php 第 623 行.
NOTIC: [2] unlink(./Application/Runtime/Temp/access_tokena0435375b666ac71aca0e45ef0012d41.php): No such file or directory E:\www\tour\ThinkPHP\Library\Think\Cache\Driver\File.class.php 第 157 行.
NOTIC: [8] Undefined index: access_token E:\www\tour\Application\Zyly\Model\IndexModel.class.php 第 625 行.
NOTIC: [8] Undefined index: ticket E:\www\tour\Application\Zyly\Model\IndexModel.class.php 第 560 行.
NOTIC: [2] unlink(./Application/Runtime/Temp/access_tokena0435375b666ac71aca0e45ef0012d41.php): No such file or directory E:\www\tour\ThinkPHP\Library\Think\Cache\Driver\File.class.php 第 157 行.
NOTIC: [8] Undefined index: access_token E:\www\tour\Application\Zyly\Model\IndexModel.class.php 第 623 行.
NOTIC: [2] unlink(./Application/Runtime/Temp/access_tokena0435375b666ac71aca0e45ef0012d41.php): No such file or directory E:\www\tour\ThinkPHP\Library\Think\Cache\Driver\File.class.php 第 157 行.
NOTIC: [8] Undefined index: access_token E:\www\tour\Application\Zyly\Model\IndexModel.class.php 第 625 行.
NOTIC: [2] unlink(./Application/Runtime/Temp/access_tokena0435375b666ac71aca0e45ef0012d41.php): No such file or directory E:\www\tour\ThinkPHP\Library\Think\Cache\Driver\File.class.php 第 157 行.
NOTIC: [8] Undefined index: access_token E:\www\tour\Application\Zyly\Model\IndexModel.class.php 第 623 行.
NOTIC: [2] unlink(./Application/Runtime/Temp/access_tokena0435375b666ac71aca0e45ef0012d41.php): No such file or directory E:\www\tour\ThinkPHP\Library\Think\Cache\Driver\File.class.php 第 157 行.
NOTIC: [8] Undefined index: access_token E:\www\tour\Application\Zyly\Model\IndexModel.class.php 第 625 行.
NOTIC: [8] Undefined index: ticket E:\www\tour\Application\Zyly\Model\IndexModel.class.php 第 560 行.
INFO: [ view_parse ] --START--
INFO: [ template_filter ] --START--
INFO: Run Behavior\ContentReplaceBehavior [ RunTime:0.000000s ]
INFO: [ template_filter ] --END-- [ RunTime:0.000000s ]
INFO: Run Behavior\ParseTemplateBehavior [ RunTime:0.016001s ]
INFO: [ view_parse ] --END-- [ RunTime:0.016001s ]
INFO: [ view_filter ] --START--
INFO: Run Behavior\WriteHtmlCacheBehavior [ RunTime:0.000000s ]
INFO: [ view_filter ] --END-- [ RunTime:0.000000s ]
INFO: [ app_end ] --START--
INFO: Run Behavior\ShowPageTraceBehavior [ RunTime:0.001000s ]
INFO: [ app_end ] --END-- [ RunTime:0.001000s ]

[ 2018-11-03T10:50:01+08:00 ] 127.0.0.1 /index.php/Zyly/Goods
NOTIC: [8] Use of undefined constant SHOW_PAGE_TRACE - assumed 'SHOW_PAGE_TRACE' E:\www\tour\Application\Common\Conf\debug.php 第 4 行.
INFO: [ app_init ] --START--
INFO: Run Behavior\BuildLiteBehavior [ RunTime:0.000000s ]
INFO: [ app_init ] --END-- [ RunTime:0.000000s ]
INFO: [ app_begin ] --START--
INFO: Run Behavior\ReadHtmlCacheBehavior [ RunTime:0.000000s ]
INFO: [ app_begin ] --END-- [ RunTime:0.000000s ]
SQL: SHOW COLUMNS FROM `lr_wechat_config` [ RunTime:0.0080s ]
SQL: SELECT * FROM `lr_wechat_config` WHERE `id` = 1 LIMIT 1   [ RunTime:0.0010s ]
SQL: SELECT * FROM `lr_wechat_config` WHERE `id` = 1 LIMIT 1   [ RunTime:0.0020s ]
NOTIC: [8] Undefined variable: admin_id E:\www\tour\Application\Zyly\Controller\GoodsController.class.php 第 33 行.
NOTIC: [8] Undefined offset: 1 E:\www\tour\Application\Zyly\Controller\GoodsController.class.php 第 40 行.
SQL: SHOW COLUMNS FROM `lr_user` [ RunTime:0.0080s ]
SQL: SELECT * FROM `lr_user` WHERE `id` = 1 LIMIT 1   [ RunTime:0.0020s ]
SQL: SHOW COLUMNS FROM `lr_product` [ RunTime:0.0080s ]
SQL: SELECT `id`,`name`,`intro`,`photo_x`,`sort`,`shiyong`,`price` FROM `lr_product` WHERE `del` = 0 ORDER BY price asc  [ RunTime:0.0030s ]
SQL: SHOW COLUMNS FROM `lr_guanggao` [ RunTime:0.0080s ]
SQL: SELECT * FROM `lr_guanggao`  [ RunTime:0.0010s ]
SQL: SHOW COLUMNS FROM `lr_notice` [ RunTime:0.0090s ]
SQL: SELECT * FROM `lr_notice` WHERE `is_nav` = 1  [ RunTime:0.0010s ]
NOTIC: [8] Undefined index: access_token E:\www\tour\Application\Zyly\Model\IndexModel.class.php 第 623 行.
NOTIC: [2] unlink(./Application/Runtime/Temp/access_tokena0435375b666ac71aca0e45ef0012d41.php): No such file or directory E:\www\tour\ThinkPHP\Library\Think\Cache\Driver\File.class.php 第 157 行.
NOTIC: [8] Undefined index: access_token E:\www\tour\Application\Zyly\Model\IndexModel.class.php 第 625 行.
NOTIC: [2] unlink(./Application/Runtime/Temp/access_tokena0435375b666ac71aca0e45ef0012d41.php): No such file or directory E:\www\tour\ThinkPHP\Library\Think\Cache\Driver\File.class.php 第 157 行.
NOTIC: [8] Undefined index: access_token E:\www\tour\Application\Zyly\Model\IndexModel.class.php 第 623 行.
NOTIC: [2] unlink(./Application/Runtime/Temp/access_tokena0435375b666ac71aca0e45ef0012d41.php): No such file or directory E:\www\tour\ThinkPHP\Library\Think\Cache\Driver\File.class.php 第 157 行.
NOTIC: [8] Undefined index: access_token E:\www\tour\Application\Zyly\Model\IndexModel.class.php 第 625 行.
NOTIC: [8] Undefined index: ticket E:\www\tour\Application\Zyly\Model\IndexModel.class.php 第 560 行.
NOTIC: [2] unlink(./Application/Runtime/Temp/access_tokena0435375b666ac71aca0e45ef0012d41.php): No such file or directory E:\www\tour\ThinkPHP\Library\Think\Cache\Driver\File.class.php 第 157 行.
NOTIC: [8] Undefined index: access_token E:\www\tour\Application\Zyly\Model\IndexModel.class.php 第 623 行.
NOTIC: [2] unlink(./Application/Runtime/Temp/access_tokena0435375b666ac71aca0e45ef0012d41.php): No such file or directory E:\www\tour\ThinkPHP\Library\Think\Cache\Driver\File.class.php 第 157 行.
NOTIC: [8] Undefined index: access_token E:\www\tour\Application\Zyly\Model\IndexModel.class.php 第 625 行.
NOTIC: [2] unlink(./Application/Runtime/Temp/access_tokena0435375b666ac71aca0e45ef0012d41.php): No such file or directory E:\www\tour\ThinkPHP\Library\Think\Cache\Driver\File.class.php 第 157 行.
NOTIC: [8] Undefined index: access_token E:\www\tour\Application\Zyly\Model\IndexModel.class.php 第 623 行.
NOTIC: [2] unlink(./Application/Runtime/Temp/access_tokena0435375b666ac71aca0e45ef0012d41.php): No such file or directory E:\www\tour\ThinkPHP\Library\Think\Cache\Driver\File.class.php 第 157 行.
NOTIC: [8] Undefined index: access_token E:\www\tour\Application\Zyly\Model\IndexModel.class.php 第 625 行.
NOTIC: [8] Undefined index: ticket E:\www\tour\Application\Zyly\Model\IndexModel.class.php 第 560 行.
INFO: [ view_parse ] --START--
INFO: [ template_filter ] --START--
INFO: Run Behavior\ContentReplaceBehavior [ RunTime:0.000000s ]
INFO: [ template_filter ] --END-- [ RunTime:0.000000s ]
INFO: Run Behavior\ParseTemplateBehavior [ RunTime:0.008000s ]
INFO: [ view_parse ] --END-- [ RunTime:0.008000s ]
INFO: [ view_filter ] --START--
INFO: Run Behavior\WriteHtmlCacheBehavior [ RunTime:0.000000s ]
INFO: [ view_filter ] --END-- [ RunTime:0.000000s ]
INFO: [ app_end ] --START--
INFO: Run Behavior\ShowPageTraceBehavior [ RunTime:0.000000s ]
INFO: [ app_end ] --END-- [ RunTime:0.000000s ]

[ 2018-11-03T10:50:06+08:00 ] 127.0.0.1 /index.php/Zyly/Goods/detail.html?goods_id=281
NOTIC: [8] Use of undefined constant SHOW_PAGE_TRACE - assumed 'SHOW_PAGE_TRACE' E:\www\tour\Application\Common\Conf\debug.php 第 4 行.
INFO: [ app_init ] --START--
INFO: Run Behavior\BuildLiteBehavior [ RunTime:0.000000s ]
INFO: [ app_init ] --END-- [ RunTime:0.000000s ]
INFO: [ app_begin ] --START--
INFO: Run Behavior\ReadHtmlCacheBehavior [ RunTime:0.000000s ]
INFO: [ app_begin ] --END-- [ RunTime:0.000000s ]
SQL: SHOW COLUMNS FROM `lr_wechat_config` [ RunTime:0.0080s ]
SQL: SELECT * FROM `lr_wechat_config` WHERE `id` = 1 LIMIT 1   [ RunTime:0.0020s ]
SQL: SELECT * FROM `lr_wechat_config` WHERE `id` = 1 LIMIT 1   [ RunTime:0.0020s ]
NOTIC: [8] Undefined variable: admin_id E:\www\tour\Application\Zyly\Controller\GoodsController.class.php 第 33 行.
NOTIC: [8] Undefined offset: 1 E:\www\tour\Application\Zyly\Controller\GoodsController.class.php 第 40 行.
SQL: SHOW COLUMNS FROM `lr_user` [ RunTime:0.0080s ]
SQL: SELECT * FROM `lr_user` WHERE `id` = 1 LIMIT 1   [ RunTime:0.0010s ]
NOTIC: [8] Undefined offset: 1 E:\www\tour\Application\Zyly\Controller\GoodsController.class.php 第 148 行.
SQL: SHOW COLUMNS FROM `lr_product` [ RunTime:0.0090s ]
SQL: SELECT `id`,`name`,`intro`,`photo_x`,`photo_d`,`sort`,`shiyong`,`price`,`photo_string`,`content` FROM `lr_product` WHERE `id` = 281 ORDER BY sort desc LIMIT 1   [ RunTime:0.0030s ]
SQL: SELECT a.name,b.concent,b.addtime,c.uname,c.photo FROM lr_product a LEFT JOIN lr_product_dp b on a.id=b.pid LEFT JOIN lr_user c on b.uid=c.id  WHERE a.id = '281'  [ RunTime:0.0010s ]
SQL: SHOW COLUMNS FROM `lr_product_dp` [ RunTime:0.0080s ]
SQL: SELECT COUNT(*) AS tp_count FROM `lr_product_dp` WHERE `pid` = 281 LIMIT 1   [ RunTime:0.0010s ]
NOTIC: [8] Undefined index: access_token E:\www\tour\Application\Zyly\Model\IndexModel.class.php 第 623 行.
NOTIC: [2] unlink(./Application/Runtime/Temp/access_tokena0435375b666ac71aca0e45ef0012d41.php): No such file or directory E:\www\tour\ThinkPHP\Library\Think\Cache\Driver\File.class.php 第 157 行.
NOTIC: [8] Undefined index: access_token E:\www\tour\Application\Zyly\Model\IndexModel.class.php 第 625 行.
NOTIC: [2] unlink(./Application/Runtime/Temp/access_tokena0435375b666ac71aca0e45ef0012d41.php): No such file or directory E:\www\tour\ThinkPHP\Library\Think\Cache\Driver\File.class.php 第 157 行.
NOTIC: [8] Undefined index: access_token E:\www\tour\Application\Zyly\Model\IndexModel.class.php 第 623 行.
NOTIC: [2] unlink(./Application/Runtime/Temp/access_tokena0435375b666ac71aca0e45ef0012d41.php): No such file or directory E:\www\tour\ThinkPHP\Library\Think\Cache\Driver\File.class.php 第 157 行.
NOTIC: [8] Undefined index: access_token E:\www\tour\Application\Zyly\Model\IndexModel.class.php 第 625 行.
NOTIC: [8] Undefined index: ticket E:\www\tour\Application\Zyly\Model\IndexModel.class.php 第 560 行.
NOTIC: [2] unlink(./Application/Runtime/Temp/access_tokena0435375b666ac71aca0e45ef0012d41.php): No such file or directory E:\www\tour\ThinkPHP\Library\Think\Cache\Driver\File.class.php 第 157 行.
NOTIC: [8] Undefined index: access_token E:\www\tour\Application\Zyly\Model\IndexModel.class.php 第 623 行.
NOTIC: [2] unlink(./Application/Runtime/Temp/access_tokena0435375b666ac71aca0e45ef0012d41.php): No such file or directory E:\www\tour\ThinkPHP\Library\Think\Cache\Driver\File.class.php 第 157 行.
NOTIC: [8] Undefined index: access_token E:\www\tour\Application\Zyly\Model\IndexModel.class.php 第 625 行.
NOTIC: [2] unlink(./Application/Runtime/Temp/access_tokena0435375b666ac71aca0e45ef0012d41.php): No such file or directory E:\www\tour\ThinkPHP\Library\Think\Cache\Driver\File.class.php 第 157 行.
NOTIC: [8] Undefined index: access_token E:\www\tour\Application\Zyly\Model\IndexModel.class.php 第 623 行.
NOTIC: [2] unlink(./Application/Runtime/Temp/access_tokena0435375b666ac71aca0e45ef0012d41.php): No such file or directory E:\www\tour\ThinkPHP\Library\Think\Cache\Driver\File.class.php 第 157 行.
NOTIC: [8] Undefined index: access_token E:\www\tour\Application\Zyly\Model\IndexModel.class.php 第 625 行.
NOTIC: [8] Undefined index: ticket E:\www\tour\Application\Zyly\Model\IndexModel.class.php 第 560 行.
INFO: [ view_parse ] --START--
INFO: [ template_filter ] --START--
INFO: Run Behavior\ContentReplaceBehavior [ RunTime:0.000000s ]
INFO: [ template_filter ] --END-- [ RunTime:0.000000s ]
INFO: Run Behavior\ParseTemplateBehavior [ RunTime:0.009001s ]
INFO: [ view_parse ] --END-- [ RunTime:0.009001s ]
INFO: [ view_filter ] --START--
INFO: Run Behavior\WriteHtmlCacheBehavior [ RunTime:0.000000s ]
INFO: [ view_filter ] --END-- [ RunTime:0.001000s ]
INFO: [ app_end ] --START--
INFO: Run Behavior\ShowPageTraceBehavior [ RunTime:0.000000s ]
INFO: [ app_end ] --END-- [ RunTime:0.000000s ]

[ 2018-11-03T10:50:09+08:00 ] 127.0.0.1 /index.php/Zyly/Goods/writeOrder.html?goods_id=281&buy_num=1
NOTIC: [8] Use of undefined constant SHOW_PAGE_TRACE - assumed 'SHOW_PAGE_TRACE' E:\www\tour\Application\Common\Conf\debug.php 第 4 行.
INFO: [ app_init ] --START--
INFO: Run Behavior\BuildLiteBehavior [ RunTime:0.000000s ]
INFO: [ app_init ] --END-- [ RunTime:0.000000s ]
INFO: [ app_begin ] --START--
INFO: Run Behavior\ReadHtmlCacheBehavior [ RunTime:0.000000s ]
INFO: [ app_begin ] --END-- [ RunTime:0.000000s ]
SQL: SHOW COLUMNS FROM `lr_wechat_config` [ RunTime:0.0080s ]
SQL: SELECT * FROM `lr_wechat_config` WHERE `id` = 1 LIMIT 1   [ RunTime:0.0020s ]
SQL: SELECT * FROM `lr_wechat_config` WHERE `id` = 1 LIMIT 1   [ RunTime:0.0010s ]
NOTIC: [8] Undefined variable: admin_id E:\www\tour\Application\Zyly\Controller\GoodsController.class.php 第 33 行.
NOTIC: [8] Undefined offset: 1 E:\www\tour\Application\Zyly\Controller\GoodsController.class.php 第 40 行.
SQL: SHOW COLUMNS FROM `lr_user` [ RunTime:0.0080s ]
SQL: SELECT * FROM `lr_user` WHERE `id` = 1 LIMIT 1   [ RunTime:0.0020s ]
SQL: SHOW COLUMNS FROM `lr_product` [ RunTime:0.0090s ]
SQL: SELECT `id`,`name`,`photo_x`,`price` FROM `lr_product` WHERE `id` = 281 LIMIT 1   [ RunTime:0.0020s ]
SQL: SHOW COLUMNS FROM `lr_address` [ RunTime:0.0380s ]
SQL: SELECT * FROM `lr_address` WHERE `uid` = 1 AND `is_default` = 1 LIMIT 1   [ RunTime:0.0090s ]
INFO: [ view_parse ] --START--
INFO: [ template_filter ] --START--
INFO: Run Behavior\ContentReplaceBehavior [ RunTime:0.000000s ]
INFO: [ template_filter ] --END-- [ RunTime:0.000000s ]
NOTIC: [8] Undefined index: name E:\www\tour\Application\Runtime\Cache\Zyly\ef4b14f71bc8c73bec77c45dc7f2b599.php 第 19 行.
NOTIC: [8] Undefined index: tel E:\www\tour\Application\Runtime\Cache\Zyly\ef4b14f71bc8c73bec77c45dc7f2b599.php 第 20 行.
NOTIC: [8] Undefined index: address_xq E:\www\tour\Application\Runtime\Cache\Zyly\ef4b14f71bc8c73bec77c45dc7f2b599.php 第 24 行.
NOTIC: [8] Undefined index: address E:\www\tour\Application\Runtime\Cache\Zyly\ef4b14f71bc8c73bec77c45dc7f2b599.php 第 27 行.
INFO: Run Behavior\ParseTemplateBehavior [ RunTime:0.030002s ]
INFO: [ view_parse ] --END-- [ RunTime:0.030002s ]
INFO: [ view_filter ] --START--
INFO: Run Behavior\WriteHtmlCacheBehavior [ RunTime:0.000000s ]
INFO: [ view_filter ] --END-- [ RunTime:0.000000s ]
INFO: [ app_end ] --START--
INFO: Run Behavior\ShowPageTraceBehavior [ RunTime:0.001000s ]
INFO: [ app_end ] --END-- [ RunTime:0.001000s ]

[ 2018-11-03T10:50:12+08:00 ] 127.0.0.1 /index.php/Zyly/Goods/detail.html?goods_id=281
NOTIC: [8] Use of undefined constant SHOW_PAGE_TRACE - assumed 'SHOW_PAGE_TRACE' E:\www\tour\Application\Common\Conf\debug.php 第 4 行.
INFO: [ app_init ] --START--
INFO: Run Behavior\BuildLiteBehavior [ RunTime:0.000000s ]
INFO: [ app_init ] --END-- [ RunTime:0.000000s ]
INFO: [ app_begin ] --START--
INFO: Run Behavior\ReadHtmlCacheBehavior [ RunTime:0.000000s ]
INFO: [ app_begin ] --END-- [ RunTime:0.000000s ]
SQL: SHOW COLUMNS FROM `lr_wechat_config` [ RunTime:0.0080s ]
SQL: SELECT * FROM `lr_wechat_config` WHERE `id` = 1 LIMIT 1   [ RunTime:0.0010s ]
SQL: SELECT * FROM `lr_wechat_config` WHERE `id` = 1 LIMIT 1   [ RunTime:0.0010s ]
NOTIC: [8] Undefined variable: admin_id E:\www\tour\Application\Zyly\Controller\GoodsController.class.php 第 33 行.
NOTIC: [8] Undefined offset: 1 E:\www\tour\Application\Zyly\Controller\GoodsController.class.php 第 40 行.
SQL: SHOW COLUMNS FROM `lr_user` [ RunTime:0.0080s ]
SQL: SELECT * FROM `lr_user` WHERE `id` = 1 LIMIT 1   [ RunTime:0.0020s ]
NOTIC: [8] Undefined offset: 1 E:\www\tour\Application\Zyly\Controller\GoodsController.class.php 第 148 行.
SQL: SHOW COLUMNS FROM `lr_product` [ RunTime:0.0080s ]
SQL: SELECT `id`,`name`,`intro`,`photo_x`,`photo_d`,`sort`,`shiyong`,`price`,`photo_string`,`content` FROM `lr_product` WHERE `id` = 281 ORDER BY sort desc LIMIT 1   [ RunTime:0.0020s ]
SQL: SELECT a.name,b.concent,b.addtime,c.uname,c.photo FROM lr_product a LEFT JOIN lr_product_dp b on a.id=b.pid LEFT JOIN lr_user c on b.uid=c.id  WHERE a.id = '281'  [ RunTime:0.0010s ]
SQL: SHOW COLUMNS FROM `lr_product_dp` [ RunTime:0.0080s ]
SQL: SELECT COUNT(*) AS tp_count FROM `lr_product_dp` WHERE `pid` = 281 LIMIT 1   [ RunTime:0.0010s ]
NOTIC: [8] Undefined index: access_token E:\www\tour\Application\Zyly\Model\IndexModel.class.php 第 623 行.
NOTIC: [2] unlink(./Application/Runtime/Temp/access_tokena0435375b666ac71aca0e45ef0012d41.php): No such file or directory E:\www\tour\ThinkPHP\Library\Think\Cache\Driver\File.class.php 第 157 行.
NOTIC: [8] Undefined index: access_token E:\www\tour\Application\Zyly\Model\IndexModel.class.php 第 625 行.
NOTIC: [2] unlink(./Application/Runtime/Temp/access_tokena0435375b666ac71aca0e45ef0012d41.php): No such file or directory E:\www\tour\ThinkPHP\Library\Think\Cache\Driver\File.class.php 第 157 行.
NOTIC: [8] Undefined index: access_token E:\www\tour\Application\Zyly\Model\IndexModel.class.php 第 623 行.
NOTIC: [2] unlink(./Application/Runtime/Temp/access_tokena0435375b666ac71aca0e45ef0012d41.php): No such file or directory E:\www\tour\ThinkPHP\Library\Think\Cache\Driver\File.class.php 第 157 行.
NOTIC: [8] Undefined index: access_token E:\www\tour\Application\Zyly\Model\IndexModel.class.php 第 625 行.
NOTIC: [8] Undefined index: ticket E:\www\tour\Application\Zyly\Model\IndexModel.class.php 第 560 行.
NOTIC: [2] unlink(./Application/Runtime/Temp/access_tokena0435375b666ac71aca0e45ef0012d41.php): No such file or directory E:\www\tour\ThinkPHP\Library\Think\Cache\Driver\File.class.php 第 157 行.
NOTIC: [8] Undefined index: access_token E:\www\tour\Application\Zyly\Model\IndexModel.class.php 第 623 行.
NOTIC: [2] unlink(./Application/Runtime/Temp/access_tokena0435375b666ac71aca0e45ef0012d41.php): No such file or directory E:\www\tour\ThinkPHP\Library\Think\Cache\Driver\File.class.php 第 157 行.
NOTIC: [8] Undefined index: access_token E:\www\tour\Application\Zyly\Model\IndexModel.class.php 第 625 行.
NOTIC: [2] unlink(./Application/Runtime/Temp/access_tokena0435375b666ac71aca0e45ef0012d41.php): No such file or directory E:\www\tour\ThinkPHP\Library\Think\Cache\Driver\File.class.php 第 157 行.
NOTIC: [8] Undefined index: access_token E:\www\tour\Application\Zyly\Model\IndexModel.class.php 第 623 行.
NOTIC: [2] unlink(./Application/Runtime/Temp/access_tokena0435375b666ac71aca0e45ef0012d41.php): No such file or directory E:\www\tour\ThinkPHP\Library\Think\Cache\Driver\File.class.php 第 157 行.
NOTIC: [8] Undefined index: access_token E:\www\tour\Application\Zyly\Model\IndexModel.class.php 第 625 行.
NOTIC: [8] Undefined index: ticket E:\www\tour\Application\Zyly\Model\IndexModel.class.php 第 560 行.
INFO: [ view_parse ] --START--
INFO: [ template_filter ] --START--
INFO: Run Behavior\ContentReplaceBehavior [ RunTime:0.000000s ]
INFO: [ template_filter ] --END-- [ RunTime:0.000000s ]
INFO: Run Behavior\ParseTemplateBehavior [ RunTime:0.010001s ]
INFO: [ view_parse ] --END-- [ RunTime:0.010001s ]
INFO: [ view_filter ] --START--
INFO: Run Behavior\WriteHtmlCacheBehavior [ RunTime:0.000000s ]
INFO: [ view_filter ] --END-- [ RunTime:0.000000s ]
INFO: [ app_end ] --START--
INFO: Run Behavior\ShowPageTraceBehavior [ RunTime:0.000000s ]
INFO: [ app_end ] --END-- [ RunTime:0.000000s ]

[ 2018-11-03T10:50:21+08:00 ] 127.0.0.1 /index.php/Zyly/Goods/writeOrder.html?goods_id=281&buy_num=1
NOTIC: [8] Use of undefined constant SHOW_PAGE_TRACE - assumed 'SHOW_PAGE_TRACE' E:\www\tour\Application\Common\Conf\debug.php 第 4 行.
INFO: [ app_init ] --START--
INFO: Run Behavior\BuildLiteBehavior [ RunTime:0.000000s ]
INFO: [ app_init ] --END-- [ RunTime:0.000000s ]
INFO: [ app_begin ] --START--
INFO: Run Behavior\ReadHtmlCacheBehavior [ RunTime:0.001000s ]
INFO: [ app_begin ] --END-- [ RunTime:0.001000s ]
SQL: SHOW COLUMNS FROM `lr_wechat_config` [ RunTime:0.0070s ]
SQL: SELECT * FROM `lr_wechat_config` WHERE `id` = 1 LIMIT 1   [ RunTime:0.0010s ]
SQL: SELECT * FROM `lr_wechat_config` WHERE `id` = 1 LIMIT 1   [ RunTime:0.0010s ]
NOTIC: [8] Undefined variable: admin_id E:\www\tour\Application\Zyly\Controller\GoodsController.class.php 第 33 行.
NOTIC: [8] Undefined offset: 1 E:\www\tour\Application\Zyly\Controller\GoodsController.class.php 第 40 行.
SQL: SHOW COLUMNS FROM `lr_user` [ RunTime:0.0080s ]
SQL: SELECT * FROM `lr_user` WHERE `id` = 1 LIMIT 1   [ RunTime:0.0010s ]
SQL: SHOW COLUMNS FROM `lr_product` [ RunTime:0.0090s ]
SQL: SELECT `id`,`name`,`photo_x`,`price` FROM `lr_product` WHERE `id` = 281 LIMIT 1   [ RunTime:0.0010s ]
SQL: SELECT * FROM `lr_wechat_config` WHERE `id` = 1 LIMIT 1   [ RunTime:0.0030s ]
SQL: SHOW COLUMNS FROM `lr_user` [ RunTime:0.0080s ]
SQL: SELECT * FROM `lr_user` WHERE `id` = 1 LIMIT 1   [ RunTime:0.0020s ]
SQL: SHOW COLUMNS FROM `lr_order` [ RunTime:0.0080s ]
SQL: SELECT * FROM `lr_order` WHERE `id` = 42 LIMIT 1   [ RunTime:0.0020s ]
SQL: SELECT * FROM `lr_product` WHERE `id` = 290 LIMIT 1   [ RunTime:0.0020s ]
NOTIC: [8] Undefined variable: data E:\www\tour\Application\Zyly\Model\GoodsModel.class.php 第 402 行.
SQL: SHOW COLUMNS FROM `lr_glide` [ RunTime:0.0080s ]
SQL: INSERT INTO `lr_glide` (`uid`,`addtime`,`est_price`,`act_price`,`explain`,`order_id`,`goods_id`) VALUES ('1','2018-11-03 10:50:21','-213','-213','消费','42','290') [ RunTime:0.0320s ]
SQL: SELECT * FROM `lr_user` WHERE `id` = 1 LIMIT 1   [ RunTime:0.0020s ]
SQL: SHOW COLUMNS FROM `lr_level` [ RunTime:0.0080s ]
SQL: SELECT * FROM `lr_level`  [ RunTime:0.0010s ]
SQL: SELECT SUM(price_h) AS tp_sum FROM `lr_order` WHERE `addtime` BETWEEN '2018-09-04 10:50:21' AND '2018-11-03 10:50:21' AND `uid` = 1 LIMIT 1   [ RunTime:0.0020s ]
NOTIC: [8] Undefined variable: res E:\www\tour\Application\Zyly\Model\GoodsModel.class.php 第 511 行.
SQL: SELECT * FROM `lr_user` WHERE `id` = 2 LIMIT 1   [ RunTime:0.0020s ]
SQL: SELECT `level_id` FROM `lr_user` WHERE `id` = 2 LIMIT 1   [ RunTime:0.0000s ]
SQL: SELECT * FROM `lr_level` WHERE `id` = 1 LIMIT 1   [ RunTime:0.0000s ]
SQL: SELECT * FROM `lr_user` WHERE `id` = 2 LIMIT 1   [ RunTime:0.0010s ]
SQL: INSERT INTO `lr_glide` (`explain`,`uid`,`addtime`,`est_price`,`act_price`,`order_id`,`goods_id`) VALUES ('因超过当前会员等级最大周佣金,实际获得佣金0.00','2','2018-11-03 10:50:21','25.56','0','42','290') [ RunTime:0.0320s ]
SQL: UPDATE `lr_user` SET `week_commission`='70000',`can_withdraw`='351.6',`total`='522.6' WHERE `id` = 2 [ RunTime:0.0020s ]
SQL: SELECT * FROM `lr_user` WHERE `id` = 3 LIMIT 1   [ RunTime:0.0020s ]
SQL: SELECT `level_id` FROM `lr_user` WHERE `id` = 3 LIMIT 1   [ RunTime:0.0020s ]
SQL: SELECT * FROM `lr_level` WHERE `id` = 3 LIMIT 1   [ RunTime:0.0010s ]
SQL: SELECT * FROM `lr_user` WHERE `id` = 3 LIMIT 1   [ RunTime:0.0030s ]
SQL: INSERT INTO `lr_glide` (`explain`,`uid`,`addtime`,`est_price`,`act_price`,`order_id`,`goods_id`) VALUES ('下级消费返佣25.56','3','2018-11-03 10:50:21','25.56','25.56','42','290') [ RunTime:0.0210s ]
SQL: UPDATE `lr_user` SET `week_commission`='76.68',`can_withdraw`='241.32',`total`='241.32' WHERE `id` = 3 [ RunTime:0.0010s ]
SQL: SELECT * FROM `lr_user` WHERE `id` = null LIMIT 1   [ RunTime:0.0010s ]

[ 2018-11-03T10:51:50+08:00 ] 127.0.0.1 /index.php/Zyly/Goods/writeOrder.html?goods_id=281&buy_num=1
NOTIC: [8] Use of undefined constant SHOW_PAGE_TRACE - assumed 'SHOW_PAGE_TRACE' E:\www\tour\Application\Common\Conf\debug.php 第 4 行.
INFO: [ app_init ] --START--
INFO: Run Behavior\BuildLiteBehavior [ RunTime:0.000000s ]
INFO: [ app_init ] --END-- [ RunTime:0.000000s ]
INFO: [ app_begin ] --START--
INFO: Run Behavior\ReadHtmlCacheBehavior [ RunTime:0.000000s ]
INFO: [ app_begin ] --END-- [ RunTime:0.000000s ]
SQL: SHOW COLUMNS FROM `lr_wechat_config` [ RunTime:0.0080s ]
SQL: SELECT * FROM `lr_wechat_config` WHERE `id` = 1 LIMIT 1   [ RunTime:0.0010s ]
SQL: SELECT * FROM `lr_wechat_config` WHERE `id` = 1 LIMIT 1   [ RunTime:0.0010s ]
NOTIC: [8] Undefined variable: admin_id E:\www\tour\Application\Zyly\Controller\GoodsController.class.php 第 33 行.
NOTIC: [8] Undefined offset: 1 E:\www\tour\Application\Zyly\Controller\GoodsController.class.php 第 40 行.
SQL: SHOW COLUMNS FROM `lr_user` [ RunTime:0.0080s ]
SQL: SELECT * FROM `lr_user` WHERE `id` = 1 LIMIT 1   [ RunTime:0.0020s ]
SQL: SHOW COLUMNS FROM `lr_product` [ RunTime:0.0090s ]
SQL: SELECT `id`,`name`,`photo_x`,`price` FROM `lr_product` WHERE `id` = 281 LIMIT 1   [ RunTime:0.0010s ]
SQL: SELECT * FROM `lr_wechat_config` WHERE `id` = 1 LIMIT 1   [ RunTime:0.0020s ]
SQL: SHOW COLUMNS FROM `lr_user` [ RunTime:0.0080s ]
SQL: SELECT * FROM `lr_user` WHERE `id` = 1 LIMIT 1   [ RunTime:0.0010s ]
SQL: SHOW COLUMNS FROM `lr_order` [ RunTime:0.0080s ]
SQL: SELECT * FROM `lr_order` WHERE `id` = 42 LIMIT 1   [ RunTime:0.0010s ]
SQL: SELECT * FROM `lr_product` WHERE `id` = 281 LIMIT 1   [ RunTime:0.0030s ]
NOTIC: [8] Undefined variable: data E:\www\tour\Application\Zyly\Model\GoodsModel.class.php 第 402 行.
SQL: SHOW COLUMNS FROM `lr_glide` [ RunTime:0.0070s ]
SQL: INSERT INTO `lr_glide` (`uid`,`addtime`,`est_price`,`act_price`,`explain`,`order_id`,`goods_id`) VALUES ('1','2018-11-03 10:51:50','-699','-699','消费','42','281') [ RunTime:0.0320s ]
SQL: SELECT * FROM `lr_user` WHERE `id` = 1 LIMIT 1   [ RunTime:0.0020s ]
SQL: SHOW COLUMNS FROM `lr_level` [ RunTime:0.0080s ]
SQL: SELECT * FROM `lr_level`  [ RunTime:0.0010s ]
SQL: SELECT SUM(price_h) AS tp_sum FROM `lr_order` WHERE `addtime` BETWEEN '2018-09-04 10:51:50' AND '2018-11-03 10:51:50' AND `uid` = 1 LIMIT 1   [ RunTime:0.0010s ]
NOTIC: [8] Undefined variable: res E:\www\tour\Application\Zyly\Model\GoodsModel.class.php 第 511 行.
SQL: SELECT * FROM `lr_user` WHERE `id` = 2 LIMIT 1   [ RunTime:0.0020s ]
SQL: SELECT `level_id` FROM `lr_user` WHERE `id` = 2 LIMIT 1   [ RunTime:0.0010s ]
SQL: SELECT * FROM `lr_level` WHERE `id` = 1 LIMIT 1   [ RunTime:0.0010s ]
SQL: SELECT * FROM `lr_user` WHERE `id` = 2 LIMIT 1   [ RunTime:0.0020s ]
SQL: INSERT INTO `lr_glide` (`explain`,`uid`,`addtime`,`est_price`,`act_price`,`order_id`,`goods_id`) VALUES ('因超过当前会员等级最大周佣金,实际获得佣金0.00','2','2018-11-03 10:51:50','0','0','42','281') [ RunTime:0.0270s ]
SQL: UPDATE `lr_user` SET `week_commission`='70000',`can_withdraw`='351.6',`total`='522.6' WHERE `id` = 2 [ RunTime:0.0010s ]
SQL: SELECT * FROM `lr_user` WHERE `id` = 3 LIMIT 1   [ RunTime:0.0020s ]
SQL: SELECT `level_id` FROM `lr_user` WHERE `id` = 3 LIMIT 1   [ RunTime:0.0020s ]
SQL: SELECT * FROM `lr_level` WHERE `id` = 3 LIMIT 1   [ RunTime:0.0010s ]
SQL: SELECT * FROM `lr_user` WHERE `id` = 3 LIMIT 1   [ RunTime:0.0020s ]
SQL: INSERT INTO `lr_glide` (`explain`,`uid`,`addtime`,`est_price`,`act_price`,`order_id`,`goods_id`) VALUES ('下级消费返佣0.00','3','2018-11-03 10:51:50','0','0','42','281') [ RunTime:0.0190s ]
SQL: UPDATE `lr_user` SET `week_commission`='76.68',`can_withdraw`='241.32',`total`='241.32' WHERE `id` = 3 [ RunTime:0.0010s ]
SQL: SELECT * FROM `lr_user` WHERE `id` = null LIMIT 1   [ RunTime:0.0020s ]

[ 2018-11-03T11:17:54+08:00 ] 127.0.0.1 /index.php/Zyly/Goods/writeOrder.html?goods_id=281&buy_num=1
NOTIC: [8] Use of undefined constant SHOW_PAGE_TRACE - assumed 'SHOW_PAGE_TRACE' E:\www\tour\Application\Common\Conf\debug.php 第 4 行.
INFO: [ app_init ] --START--
INFO: Run Behavior\BuildLiteBehavior [ RunTime:0.000000s ]
INFO: [ app_init ] --END-- [ RunTime:0.000000s ]
INFO: [ app_begin ] --START--
INFO: Run Behavior\ReadHtmlCacheBehavior [ RunTime:0.001000s ]
INFO: [ app_begin ] --END-- [ RunTime:0.001000s ]
SQL: SHOW COLUMNS FROM `lr_wechat_config` [ RunTime:0.0080s ]
SQL: SELECT * FROM `lr_wechat_config` WHERE `id` = 1 LIMIT 1   [ RunTime:0.0020s ]
SQL: SELECT * FROM `lr_wechat_config` WHERE `id` = 1 LIMIT 1   [ RunTime:0.0020s ]
NOTIC: [8] Undefined variable: admin_id E:\www\tour\Application\Zyly\Controller\GoodsController.class.php 第 33 行.
NOTIC: [8] Undefined offset: 1 E:\www\tour\Application\Zyly\Controller\GoodsController.class.php 第 40 行.
SQL: SHOW COLUMNS FROM `lr_user` [ RunTime:0.0070s ]
SQL: SELECT * FROM `lr_user` WHERE `id` = 1 LIMIT 1   [ RunTime:0.0010s ]
SQL: SHOW COLUMNS FROM `lr_product` [ RunTime:0.0080s ]
SQL: SELECT `id`,`name`,`photo_x`,`price` FROM `lr_product` WHERE `id` = 281 LIMIT 1   [ RunTime:0.0030s ]
SQL: SELECT * FROM `lr_wechat_config` WHERE `id` = 1 LIMIT 1   [ RunTime:0.0020s ]
SQL: SHOW COLUMNS FROM `lr_user` [ RunTime:0.0080s ]
SQL: SELECT * FROM `lr_user` WHERE `id` = 1 LIMIT 1   [ RunTime:0.0020s ]
SQL: SHOW COLUMNS FROM `lr_order` [ RunTime:0.0070s ]
SQL: SELECT * FROM `lr_order` WHERE `id` = 40 LIMIT 1   [ RunTime:0.0010s ]
SQL: SELECT * FROM `lr_product` WHERE `id` = 281 LIMIT 1   [ RunTime:0.0030s ]
NOTIC: [8] Undefined variable: data E:\www\tour\Application\Zyly\Model\GoodsModel.class.php 第 402 行.
SQL: SHOW COLUMNS FROM `lr_glide` [ RunTime:0.0040s ]
SQL: INSERT INTO `lr_glide` (`uid`,`addtime`,`est_price`,`act_price`,`explain`,`order_id`,`goods_id`) VALUES ('1','2018-11-03 11:17:54','-213','-213','消费','40','281') [ RunTime:0.0280s ]
SQL: SELECT * FROM `lr_user` WHERE `id` = 1 LIMIT 1   [ RunTime:0.0020s ]
SQL: SHOW COLUMNS FROM `lr_level` [ RunTime:0.0040s ]
SQL: SELECT * FROM `lr_level`  [ RunTime:0.0010s ]
SQL: SELECT SUM(price_h) AS tp_sum FROM `lr_order` WHERE `addtime` BETWEEN '2018-09-04 11:17:54' AND '2018-11-03 11:17:54' AND `uid` = 1 LIMIT 1   [ RunTime:0.0010s ]
NOTIC: [8] Undefined variable: res E:\www\tour\Application\Zyly\Model\GoodsModel.class.php 第 511 行.
SQL: SELECT * FROM `lr_user` WHERE `id` = 2 LIMIT 1   [ RunTime:0.0010s ]
SQL: SELECT `level_id` FROM `lr_user` WHERE `id` = 2 LIMIT 1   [ RunTime:0.0020s ]
SQL: SELECT * FROM `lr_level` WHERE `id` = 1 LIMIT 1   [ RunTime:0.0010s ]
SQL: SELECT * FROM `lr_user` WHERE `id` = 2 LIMIT 1   [ RunTime:0.0010s ]
SQL: INSERT INTO `lr_glide` (`explain`,`uid`,`addtime`,`est_price`,`act_price`,`order_id`,`goods_id`) VALUES ('因超过当前会员等级最大周佣金,实际获得佣金0.00','2','2018-11-03 11:17:54','0','0','40','281') [ RunTime:0.0270s ]
SQL: UPDATE `lr_user` SET `week_commission`='70000',`can_withdraw`='351.6',`total`='522.6' WHERE `id` = 2 [ RunTime:0.0010s ]
SQL: SELECT * FROM `lr_user` WHERE `id` = 3 LIMIT 1   [ RunTime:0.0010s ]
SQL: SELECT `level_id` FROM `lr_user` WHERE `id` = 3 LIMIT 1   [ RunTime:0.0010s ]
SQL: SELECT * FROM `lr_level` WHERE `id` = 3 LIMIT 1   [ RunTime:0.0020s ]
SQL: SELECT * FROM `lr_user` WHERE `id` = 3 LIMIT 1   [ RunTime:0.0020s ]
SQL: INSERT INTO `lr_glide` (`explain`,`uid`,`addtime`,`est_price`,`act_price`,`order_id`,`goods_id`) VALUES ('下级消费返佣0.00','3','2018-11-03 11:17:54','0','0','40','281') [ RunTime:0.0280s ]
SQL: UPDATE `lr_user` SET `week_commission`='76.68',`can_withdraw`='241.32',`total`='241.32' WHERE `id` = 3 [ RunTime:0.0010s ]
SQL: SELECT * FROM `lr_user` WHERE `id` = null LIMIT 1   [ RunTime:0.0020s ]

[ 2018-11-03T11:18:34+08:00 ] 127.0.0.1 /index.php/Zyly/Goods/writeOrder.html?goods_id=281&buy_num=1
NOTIC: [8] Use of undefined constant SHOW_PAGE_TRACE - assumed 'SHOW_PAGE_TRACE' E:\www\tour\Application\Common\Conf\debug.php 第 4 行.
INFO: [ app_init ] --START--
INFO: Run Behavior\BuildLiteBehavior [ RunTime:0.000000s ]
INFO: [ app_init ] --END-- [ RunTime:0.000000s ]
INFO: [ app_begin ] --START--
INFO: Run Behavior\ReadHtmlCacheBehavior [ RunTime:0.001000s ]
INFO: [ app_begin ] --END-- [ RunTime:0.001000s ]
SQL: SHOW COLUMNS FROM `lr_wechat_config` [ RunTime:0.0080s ]
SQL: SELECT * FROM `lr_wechat_config` WHERE `id` = 1 LIMIT 1   [ RunTime:0.0010s ]
SQL: SELECT * FROM `lr_wechat_config` WHERE `id` = 1 LIMIT 1   [ RunTime:0.0010s ]
NOTIC: [8] Undefined variable: admin_id E:\www\tour\Application\Zyly\Controller\GoodsController.class.php 第 33 行.
NOTIC: [8] Undefined offset: 1 E:\www\tour\Application\Zyly\Controller\GoodsController.class.php 第 40 行.
SQL: SHOW COLUMNS FROM `lr_user` [ RunTime:0.0080s ]
SQL: SELECT * FROM `lr_user` WHERE `id` = 1 LIMIT 1   [ RunTime:0.0020s ]
SQL: SHOW COLUMNS FROM `lr_product` [ RunTime:0.0080s ]
SQL: SELECT `id`,`name`,`photo_x`,`price` FROM `lr_product` WHERE `id` = 281 LIMIT 1   [ RunTime:0.0020s ]
SQL: SELECT * FROM `lr_wechat_config` WHERE `id` = 1 LIMIT 1   [ RunTime:0.0010s ]
SQL: SHOW COLUMNS FROM `lr_user` [ RunTime:0.0080s ]
SQL: SELECT * FROM `lr_user` WHERE `id` = 1 LIMIT 1   [ RunTime:0.0010s ]
SQL: SHOW COLUMNS FROM `lr_order` [ RunTime:0.0050s ]
SQL: SELECT * FROM `lr_order` WHERE `id` = 42 LIMIT 1   [ RunTime:0.0010s ]

[ 2018-11-03T11:18:45+08:00 ] 127.0.0.1 /index.php/Zyly/Goods/writeOrder.html?goods_id=281&buy_num=1
NOTIC: [8] Use of undefined constant SHOW_PAGE_TRACE - assumed 'SHOW_PAGE_TRACE' E:\www\tour\Application\Common\Conf\debug.php 第 4 行.
INFO: [ app_init ] --START--
INFO: Run Behavior\BuildLiteBehavior [ RunTime:0.000000s ]
INFO: [ app_init ] --END-- [ RunTime:0.000000s ]
INFO: [ app_begin ] --START--
INFO: Run Behavior\ReadHtmlCacheBehavior [ RunTime:0.001000s ]
INFO: [ app_begin ] --END-- [ RunTime:0.001000s ]
SQL: SHOW COLUMNS FROM `lr_wechat_config` [ RunTime:0.0080s ]
SQL: SELECT * FROM `lr_wechat_config` WHERE `id` = 1 LIMIT 1   [ RunTime:0.0010s ]
SQL: SELECT * FROM `lr_wechat_config` WHERE `id` = 1 LIMIT 1   [ RunTime:0.0010s ]
NOTIC: [8] Undefined variable: admin_id E:\www\tour\Application\Zyly\Controller\GoodsController.class.php 第 33 行.
NOTIC: [8] Undefined offset: 1 E:\www\tour\Application\Zyly\Controller\GoodsController.class.php 第 40 行.
SQL: SHOW COLUMNS FROM `lr_user` [ RunTime:0.0090s ]
SQL: SELECT * FROM `lr_user` WHERE `id` = 1 LIMIT 1   [ RunTime:0.0020s ]
SQL: SHOW COLUMNS FROM `lr_product` [ RunTime:0.0080s ]
SQL: SELECT `id`,`name`,`photo_x`,`price` FROM `lr_product` WHERE `id` = 281 LIMIT 1   [ RunTime:0.0010s ]

[ 2018-11-03T11:18:51+08:00 ] 127.0.0.1 /index.php/Zyly/Goods/writeOrder.html?goods_id=281&buy_num=1
NOTIC: [8] Use of undefined constant SHOW_PAGE_TRACE - assumed 'SHOW_PAGE_TRACE' E:\www\tour\Application\Common\Conf\debug.php 第 4 行.
INFO: [ app_init ] --START--
INFO: Run Behavior\BuildLiteBehavior [ RunTime:0.000000s ]
INFO: [ app_init ] --END-- [ RunTime:0.000000s ]
INFO: [ app_begin ] --START--
INFO: Run Behavior\ReadHtmlCacheBehavior [ RunTime:0.001000s ]
INFO: [ app_begin ] --END-- [ RunTime:0.001000s ]
SQL: SHOW COLUMNS FROM `lr_wechat_config` [ RunTime:0.0080s ]
SQL: SELECT * FROM `lr_wechat_config` WHERE `id` = 1 LIMIT 1   [ RunTime:0.0010s ]
SQL: SELECT * FROM `lr_wechat_config` WHERE `id` = 1 LIMIT 1   [ RunTime:0.0010s ]
NOTIC: [8] Undefined variable: admin_id E:\www\tour\Application\Zyly\Controller\GoodsController.class.php 第 33 行.
NOTIC: [8] Undefined offset: 1 E:\www\tour\Application\Zyly\Controller\GoodsController.class.php 第 40 行.
SQL: SHOW COLUMNS FROM `lr_user` [ RunTime:0.0080s ]
SQL: SELECT * FROM `lr_user` WHERE `id` = 1 LIMIT 1   [ RunTime:0.0020s ]
SQL: SHOW COLUMNS FROM `lr_product` [ RunTime:0.0080s ]
SQL: SELECT `id`,`name`,`photo_x`,`price` FROM `lr_product` WHERE `id` = 281 LIMIT 1   [ RunTime:0.0010s ]
SQL: SELECT * FROM `lr_wechat_config` WHERE `id` = 1 LIMIT 1   [ RunTime:0.0020s ]
SQL: SHOW COLUMNS FROM `lr_user` [ RunTime:0.0070s ]
SQL: SELECT * FROM `lr_user` WHERE `id` = 1 LIMIT 1   [ RunTime:0.0010s ]
SQL: SHOW COLUMNS FROM `lr_order` [ RunTime:0.0080s ]
SQL: SELECT * FROM `lr_order` WHERE `id` = 42 LIMIT 1   [ RunTime:0.0010s ]
SQL: SELECT * FROM `lr_product` WHERE `id` = 281 LIMIT 1   [ RunTime:0.0030s ]

[ 2018-11-03T11:23:25+08:00 ] 127.0.0.1 /index.php/Zyly/Goods/writeOrder.html?goods_id=281&buy_num=1
NOTIC: [8] Use of undefined constant SHOW_PAGE_TRACE - assumed 'SHOW_PAGE_TRACE' E:\www\tour\Application\Common\Conf\debug.php 第 4 行.
INFO: [ app_init ] --START--
INFO: Run Behavior\BuildLiteBehavior [ RunTime:0.000000s ]
INFO: [ app_init ] --END-- [ RunTime:0.000000s ]
INFO: [ app_begin ] --START--
INFO: Run Behavior\ReadHtmlCacheBehavior [ RunTime:0.000000s ]
INFO: [ app_begin ] --END-- [ RunTime:0.000000s ]
SQL: SHOW COLUMNS FROM `lr_wechat_config` [ RunTime:0.0080s ]
SQL: SELECT * FROM `lr_wechat_config` WHERE `id` = 1 LIMIT 1   [ RunTime:0.0020s ]
SQL: SELECT * FROM `lr_wechat_config` WHERE `id` = 1 LIMIT 1   [ RunTime:0.0010s ]
NOTIC: [8] Undefined variable: admin_id E:\www\tour\Application\Zyly\Controller\GoodsController.class.php 第 33 行.
NOTIC: [8] Undefined offset: 1 E:\www\tour\Application\Zyly\Controller\GoodsController.class.php 第 40 行.
SQL: SHOW COLUMNS FROM `lr_user` [ RunTime:0.0080s ]
SQL: SELECT * FROM `lr_user` WHERE `id` = 1 LIMIT 1   [ RunTime:0.0010s ]
SQL: SHOW COLUMNS FROM `lr_product` [ RunTime:0.0100s ]
SQL: SELECT `id`,`name`,`photo_x`,`price` FROM `lr_product` WHERE `id` = 281 LIMIT 1   [ RunTime:0.0010s ]
SQL: SELECT * FROM `lr_wechat_config` WHERE `id` = 1 LIMIT 1   [ RunTime:0.0020s ]
SQL: SHOW COLUMNS FROM `lr_user` [ RunTime:0.0070s ]
SQL: SELECT * FROM `lr_user` WHERE `id` = 1 LIMIT 1   [ RunTime:0.0010s ]
SQL: SHOW COLUMNS FROM `lr_order` [ RunTime:0.0100s ]
SQL: SELECT * FROM `lr_order` WHERE `id` = 42 LIMIT 1   [ RunTime:0.0020s ]
SQL: SELECT * FROM `lr_product` WHERE `id` = 281 LIMIT 1   [ RunTime:0.0030s ]
NOTIC: [8] Undefined variable: data E:\www\tour\Application\Zyly\Model\GoodsModel.class.php 第 404 行.
SQL: SHOW COLUMNS FROM `lr_glide` [ RunTime:0.0080s ]
SQL: INSERT INTO `lr_glide` (`uid`,`addtime`,`est_price`,`act_price`,`explain`,`order_id`,`goods_id`) VALUES ('1','2018-11-03 11:23:25','-699','-699','消费','42','281') [ RunTime:0.0460s ]
SQL: SELECT * FROM `lr_user` WHERE `id` = 1 LIMIT 1   [ RunTime:0.0020s ]
SQL: SHOW COLUMNS FROM `lr_level` [ RunTime:0.0090s ]
SQL: SELECT * FROM `lr_level`  [ RunTime:0.0010s ]
SQL: SELECT SUM(price_h) AS tp_sum FROM `lr_order` WHERE `addtime` BETWEEN '2018-09-04 11:23:25' AND '2018-11-03 11:23:25' AND `uid` = 1 LIMIT 1   [ RunTime:0.0010s ]

[ 2018-11-03T11:27:29+08:00 ] 127.0.0.1 /index.php/Zyly/Goods/writeOrder.html?goods_id=281&buy_num=1
NOTIC: [8] Use of undefined constant SHOW_PAGE_TRACE - assumed 'SHOW_PAGE_TRACE' E:\www\tour\Application\Common\Conf\debug.php 第 4 行.
INFO: [ app_init ] --START--
INFO: Run Behavior\BuildLiteBehavior [ RunTime:0.000000s ]
INFO: [ app_init ] --END-- [ RunTime:0.000000s ]
INFO: [ app_begin ] --START--
INFO: Run Behavior\ReadHtmlCacheBehavior [ RunTime:0.000000s ]
INFO: [ app_begin ] --END-- [ RunTime:0.001000s ]
SQL: SHOW COLUMNS FROM `lr_wechat_config` [ RunTime:0.0090s ]
SQL: SELECT * FROM `lr_wechat_config` WHERE `id` = 1 LIMIT 1   [ RunTime:0.0020s ]
SQL: SELECT * FROM `lr_wechat_config` WHERE `id` = 1 LIMIT 1   [ RunTime:0.0020s ]
NOTIC: [8] Undefined variable: admin_id E:\www\tour\Application\Zyly\Controller\GoodsController.class.php 第 33 行.
NOTIC: [8] Undefined offset: 1 E:\www\tour\Application\Zyly\Controller\GoodsController.class.php 第 40 行.
SQL: SHOW COLUMNS FROM `lr_user` [ RunTime:0.0080s ]
SQL: SELECT * FROM `lr_user` WHERE `id` = 1 LIMIT 1   [ RunTime:0.0010s ]
SQL: SHOW COLUMNS FROM `lr_product` [ RunTime:0.0090s ]
SQL: SELECT `id`,`name`,`photo_x`,`price` FROM `lr_product` WHERE `id` = 281 LIMIT 1   [ RunTime:0.0010s ]
SQL: SELECT * FROM `lr_wechat_config` WHERE `id` = 1 LIMIT 1   [ RunTime:0.0020s ]
SQL: SHOW COLUMNS FROM `lr_user` [ RunTime:0.0080s ]
SQL: SELECT * FROM `lr_user` WHERE `id` = 1 LIMIT 1   [ RunTime:0.0010s ]
SQL: SHOW COLUMNS FROM `lr_order` [ RunTime:0.0080s ]
SQL: SELECT * FROM `lr_order` WHERE `id` = 42 LIMIT 1   [ RunTime:0.0020s ]
SQL: SELECT * FROM `lr_product` WHERE `id` = 281 LIMIT 1   [ RunTime:0.0030s ]
NOTIC: [8] Undefined variable: data E:\www\tour\Application\Zyly\Model\GoodsModel.class.php 第 404 行.
SQL: SHOW COLUMNS FROM `lr_glide` [ RunTime:0.0070s ]
SQL: INSERT INTO `lr_glide` (`uid`,`addtime`,`est_price`,`act_price`,`explain`,`order_id`,`goods_id`) VALUES ('1','2018-11-03 11:27:29','-699','-699','消费','42','281') [ RunTime:0.0270s ]
SQL: SELECT * FROM `lr_user` WHERE `id` = 1 LIMIT 1   [ RunTime:0.0010s ]
SQL: SHOW COLUMNS FROM `lr_level` [ RunTime:0.0060s ]
SQL: SELECT * FROM `lr_level`  [ RunTime:0.0010s ]
SQL: SELECT SUM(price_h) AS tp_sum FROM `lr_order` WHERE `addtime` BETWEEN '2018-09-04 11:27:29' AND '2018-11-03 11:27:29' AND `uid` = 1 LIMIT 1   [ RunTime:0.0010s ]

[ 2018-11-03T11:27:45+08:00 ] 127.0.0.1 /index.php/Zyly/Goods/writeOrder.html?goods_id=281&buy_num=1
NOTIC: [8] Use of undefined constant SHOW_PAGE_TRACE - assumed 'SHOW_PAGE_TRACE' E:\www\tour\Application\Common\Conf\debug.php 第 4 行.
INFO: [ app_init ] --START--
INFO: Run Behavior\BuildLiteBehavior [ RunTime:0.000000s ]
INFO: [ app_init ] --END-- [ RunTime:0.000000s ]
INFO: [ app_begin ] --START--
INFO: Run Behavior\ReadHtmlCacheBehavior [ RunTime:0.000000s ]
INFO: [ app_begin ] --END-- [ RunTime:0.000000s ]
SQL: SHOW COLUMNS FROM `lr_wechat_config` [ RunTime:0.0080s ]
SQL: SELECT * FROM `lr_wechat_config` WHERE `id` = 1 LIMIT 1   [ RunTime:0.0010s ]
SQL: SELECT * FROM `lr_wechat_config` WHERE `id` = 1 LIMIT 1   [ RunTime:0.0010s ]
NOTIC: [8] Undefined variable: admin_id E:\www\tour\Application\Zyly\Controller\GoodsController.class.php 第 33 行.
NOTIC: [8] Undefined offset: 1 E:\www\tour\Application\Zyly\Controller\GoodsController.class.php 第 40 行.
SQL: SHOW COLUMNS FROM `lr_user` [ RunTime:0.0090s ]
SQL: SELECT * FROM `lr_user` WHERE `id` = 1 LIMIT 1   [ RunTime:0.0020s ]
SQL: SHOW COLUMNS FROM `lr_product` [ RunTime:0.0080s ]
SQL: SELECT `id`,`name`,`photo_x`,`price` FROM `lr_product` WHERE `id` = 281 LIMIT 1   [ RunTime:0.0020s ]
SQL: SELECT * FROM `lr_wechat_config` WHERE `id` = 1 LIMIT 1   [ RunTime:0.0010s ]
SQL: SHOW COLUMNS FROM `lr_user` [ RunTime:0.0080s ]
SQL: SELECT * FROM `lr_user` WHERE `id` = 1 LIMIT 1   [ RunTime:0.0030s ]
SQL: SHOW COLUMNS FROM `lr_order` [ RunTime:0.0060s ]
SQL: SELECT * FROM `lr_order` WHERE `id` = 42 LIMIT 1   [ RunTime:0.0020s ]
SQL: SELECT * FROM `lr_product` WHERE `id` = 281 LIMIT 1   [ RunTime:0.0030s ]
NOTIC: [8] Undefined variable: data E:\www\tour\Application\Zyly\Model\GoodsModel.class.php 第 404 行.

[ 2018-11-03T11:28:09+08:00 ] 127.0.0.1 /index.php/Zyly/Goods/writeOrder.html?goods_id=281&buy_num=1
NOTIC: [8] Use of undefined constant SHOW_PAGE_TRACE - assumed 'SHOW_PAGE_TRACE' E:\www\tour\Application\Common\Conf\debug.php 第 4 行.
INFO: [ app_init ] --START--
INFO: Run Behavior\BuildLiteBehavior [ RunTime:0.000000s ]
INFO: [ app_init ] --END-- [ RunTime:0.000000s ]
INFO: [ app_begin ] --START--
INFO: Run Behavior\ReadHtmlCacheBehavior [ RunTime:0.000000s ]
INFO: [ app_begin ] --END-- [ RunTime:0.000000s ]
SQL: SHOW COLUMNS FROM `lr_wechat_config` [ RunTime:0.0070s ]
SQL: SELECT * FROM `lr_wechat_config` WHERE `id` = 1 LIMIT 1   [ RunTime:0.0020s ]
SQL: SELECT * FROM `lr_wechat_config` WHERE `id` = 1 LIMIT 1   [ RunTime:0.0020s ]
NOTIC: [8] Undefined variable: admin_id E:\www\tour\Application\Zyly\Controller\GoodsController.class.php 第 33 行.
NOTIC: [8] Undefined offset: 1 E:\www\tour\Application\Zyly\Controller\GoodsController.class.php 第 40 行.
SQL: SHOW COLUMNS FROM `lr_user` [ RunTime:0.0090s ]
SQL: SELECT * FROM `lr_user` WHERE `id` = 1 LIMIT 1   [ RunTime:0.0020s ]
SQL: SHOW COLUMNS FROM `lr_product` [ RunTime:0.0080s ]
SQL: SELECT `id`,`name`,`photo_x`,`price` FROM `lr_product` WHERE `id` = 281 LIMIT 1   [ RunTime:0.0010s ]
SQL: SELECT * FROM `lr_wechat_config` WHERE `id` = 1 LIMIT 1   [ RunTime:0.0010s ]
SQL: SHOW COLUMNS FROM `lr_user` [ RunTime:0.0080s ]
SQL: SELECT * FROM `lr_user` WHERE `id` = 1 LIMIT 1   [ RunTime:0.0020s ]
SQL: SHOW COLUMNS FROM `lr_order` [ RunTime:0.0050s ]
SQL: SELECT * FROM `lr_order` WHERE `id` = 42 LIMIT 1   [ RunTime:0.0020s ]
SQL: SELECT * FROM `lr_product` WHERE `id` = 281 LIMIT 1   [ RunTime:0.0020s ]
SQL: SHOW COLUMNS FROM `lr_glide` [ RunTime:0.0050s ]
NOTIC: [8] Undefined variable: datas E:\www\tour\Application\Zyly\Model\GoodsModel.class.php 第 408 行.
SQL: SELECT * FROM `lr_user` WHERE `id` = 1 LIMIT 1   [ RunTime:0.0010s ]

[ 2018-11-03T11:28:21+08:00 ] 127.0.0.1 /index.php/Zyly/Goods/writeOrder.html?goods_id=281&buy_num=1
NOTIC: [8] Use of undefined constant SHOW_PAGE_TRACE - assumed 'SHOW_PAGE_TRACE' E:\www\tour\Application\Common\Conf\debug.php 第 4 行.
INFO: [ app_init ] --START--
INFO: Run Behavior\BuildLiteBehavior [ RunTime:0.000000s ]
INFO: [ app_init ] --END-- [ RunTime:0.000000s ]
INFO: [ app_begin ] --START--
INFO: Run Behavior\ReadHtmlCacheBehavior [ RunTime:0.001000s ]
INFO: [ app_begin ] --END-- [ RunTime:0.001000s ]
SQL: SHOW COLUMNS FROM `lr_wechat_config` [ RunTime:0.0080s ]
SQL: SELECT * FROM `lr_wechat_config` WHERE `id` = 1 LIMIT 1   [ RunTime:0.0010s ]
SQL: SELECT * FROM `lr_wechat_config` WHERE `id` = 1 LIMIT 1   [ RunTime:0.0010s ]
NOTIC: [8] Undefined variable: admin_id E:\www\tour\Application\Zyly\Controller\GoodsController.class.php 第 33 行.
NOTIC: [8] Undefined offset: 1 E:\www\tour\Application\Zyly\Controller\GoodsController.class.php 第 40 行.
SQL: SHOW COLUMNS FROM `lr_user` [ RunTime:0.0080s ]
SQL: SELECT * FROM `lr_user` WHERE `id` = 1 LIMIT 1   [ RunTime:0.0020s ]
SQL: SHOW COLUMNS FROM `lr_product` [ RunTime:0.0080s ]
SQL: SELECT `id`,`name`,`photo_x`,`price` FROM `lr_product` WHERE `id` = 281 LIMIT 1   [ RunTime:0.0020s ]
SQL: SELECT * FROM `lr_wechat_config` WHERE `id` = 1 LIMIT 1   [ RunTime:0.0010s ]
SQL: SHOW COLUMNS FROM `lr_user` [ RunTime:0.0080s ]
SQL: SELECT * FROM `lr_user` WHERE `id` = 1 LIMIT 1   [ RunTime:0.0010s ]
SQL: SHOW COLUMNS FROM `lr_order` [ RunTime:0.0080s ]
SQL: SELECT * FROM `lr_order` WHERE `id` = 42 LIMIT 1   [ RunTime:0.0010s ]
SQL: SELECT * FROM `lr_product` WHERE `id` = 281 LIMIT 1   [ RunTime:0.0020s ]
SQL: SHOW COLUMNS FROM `lr_glide` [ RunTime:0.0060s ]
NOTIC: [8] Undefined variable: datas E:\www\tour\Application\Zyly\Model\GoodsModel.class.php 第 408 行.
SQL: SELECT * FROM `lr_user` WHERE `id` = 1 LIMIT 1   [ RunTime:0.0010s ]
SQL: SHOW COLUMNS FROM `lr_level` [ RunTime:0.0060s ]
SQL: SELECT * FROM `lr_level`  [ RunTime:0.0010s ]

[ 2018-11-03T11:28:43+08:00 ] 127.0.0.1 /index.php/Zyly/Goods/writeOrder.html?goods_id=281&buy_num=1
NOTIC: [8] Use of undefined constant SHOW_PAGE_TRACE - assumed 'SHOW_PAGE_TRACE' E:\www\tour\Application\Common\Conf\debug.php 第 4 行.
INFO: [ app_init ] --START--
INFO: Run Behavior\BuildLiteBehavior [ RunTime:0.000000s ]
INFO: [ app_init ] --END-- [ RunTime:0.000000s ]
INFO: [ app_begin ] --START--
INFO: Run Behavior\ReadHtmlCacheBehavior [ RunTime:0.000000s ]
INFO: [ app_begin ] --END-- [ RunTime:0.000000s ]
SQL: SHOW COLUMNS FROM `lr_wechat_config` [ RunTime:0.0080s ]
SQL: SELECT * FROM `lr_wechat_config` WHERE `id` = 1 LIMIT 1   [ RunTime:0.0010s ]
SQL: SELECT * FROM `lr_wechat_config` WHERE `id` = 1 LIMIT 1   [ RunTime:0.0020s ]
NOTIC: [8] Undefined variable: admin_id E:\www\tour\Application\Zyly\Controller\GoodsController.class.php 第 33 行.
NOTIC: [8] Undefined offset: 1 E:\www\tour\Application\Zyly\Controller\GoodsController.class.php 第 40 行.
SQL: SHOW COLUMNS FROM `lr_user` [ RunTime:0.0080s ]
SQL: SELECT * FROM `lr_user` WHERE `id` = 1 LIMIT 1   [ RunTime:0.0020s ]
SQL: SHOW COLUMNS FROM `lr_product` [ RunTime:0.0080s ]
SQL: SELECT `id`,`name`,`photo_x`,`price` FROM `lr_product` WHERE `id` = 281 LIMIT 1   [ RunTime:0.0010s ]
SQL: SELECT * FROM `lr_wechat_config` WHERE `id` = 1 LIMIT 1   [ RunTime:0.0010s ]
SQL: SHOW COLUMNS FROM `lr_user` [ RunTime:0.0080s ]
SQL: SELECT * FROM `lr_user` WHERE `id` = 1 LIMIT 1   [ RunTime:0.0010s ]
SQL: SHOW COLUMNS FROM `lr_order` [ RunTime:0.0090s ]
SQL: SELECT * FROM `lr_order` WHERE `id` = 42 LIMIT 1   [ RunTime:0.0010s ]
SQL: SELECT * FROM `lr_product` WHERE `id` = 281 LIMIT 1   [ RunTime:0.0030s ]
SQL: SHOW COLUMNS FROM `lr_glide` [ RunTime:0.0080s ]
NOTIC: [8] Undefined variable: datas E:\www\tour\Application\Zyly\Model\GoodsModel.class.php 第 408 行.
SQL: SELECT * FROM `lr_user` WHERE `id` = 1 LIMIT 1   [ RunTime:0.0010s ]
SQL: SHOW COLUMNS FROM `lr_level` [ RunTime:0.0050s ]
SQL: SELECT * FROM `lr_level`  [ RunTime:0.0000s ]
SQL: SELECT SUM(price_h) AS tp_sum FROM `lr_order` WHERE `addtime` BETWEEN '2018-09-04 11:28:43' AND '2018-11-03 11:28:43' AND `uid` = 1 LIMIT 1   [ RunTime:0.0020s ]

[ 2018-11-03T11:29:02+08:00 ] 127.0.0.1 /index.php/Zyly/Goods/writeOrder.html?goods_id=281&buy_num=1
NOTIC: [8] Use of undefined constant SHOW_PAGE_TRACE - assumed 'SHOW_PAGE_TRACE' E:\www\tour\Application\Common\Conf\debug.php 第 4 行.
INFO: [ app_init ] --START--
INFO: Run Behavior\BuildLiteBehavior [ RunTime:0.000000s ]
INFO: [ app_init ] --END-- [ RunTime:0.000000s ]
INFO: [ app_begin ] --START--
INFO: Run Behavior\ReadHtmlCacheBehavior [ RunTime:0.000000s ]
INFO: [ app_begin ] --END-- [ RunTime:0.000000s ]
SQL: SHOW COLUMNS FROM `lr_wechat_config` [ RunTime:0.0070s ]
SQL: SELECT * FROM `lr_wechat_config` WHERE `id` = 1 LIMIT 1   [ RunTime:0.0010s ]
SQL: SELECT * FROM `lr_wechat_config` WHERE `id` = 1 LIMIT 1   [ RunTime:0.0010s ]
NOTIC: [8] Undefined variable: admin_id E:\www\tour\Application\Zyly\Controller\GoodsController.class.php 第 33 行.
NOTIC: [8] Undefined offset: 1 E:\www\tour\Application\Zyly\Controller\GoodsController.class.php 第 40 行.
SQL: SHOW COLUMNS FROM `lr_user` [ RunTime:0.0080s ]
SQL: SELECT * FROM `lr_user` WHERE `id` = 1 LIMIT 1   [ RunTime:0.0020s ]
SQL: SHOW COLUMNS FROM `lr_product` [ RunTime:0.0080s ]
SQL: SELECT `id`,`name`,`photo_x`,`price` FROM `lr_product` WHERE `id` = 281 LIMIT 1   [ RunTime:0.0020s ]
SQL: SELECT * FROM `lr_wechat_config` WHERE `id` = 1 LIMIT 1   [ RunTime:0.0010s ]
SQL: SHOW COLUMNS FROM `lr_user` [ RunTime:0.0080s ]
SQL: SELECT * FROM `lr_user` WHERE `id` = 1 LIMIT 1   [ RunTime:0.0020s ]
SQL: SHOW COLUMNS FROM `lr_order` [ RunTime:0.0080s ]
SQL: SELECT * FROM `lr_order` WHERE `id` = 42 LIMIT 1   [ RunTime:0.0020s ]
SQL: SELECT * FROM `lr_product` WHERE `id` = 281 LIMIT 1   [ RunTime:0.0040s ]
SQL: SHOW COLUMNS FROM `lr_glide` [ RunTime:0.0080s ]
NOTIC: [8] Undefined variable: datas E:\www\tour\Application\Zyly\Model\GoodsModel.class.php 第 408 行.
SQL: SELECT * FROM `lr_user` WHERE `id` = 1 LIMIT 1   [ RunTime:0.0020s ]
SQL: SHOW COLUMNS FROM `lr_level` [ RunTime:0.0080s ]
SQL: SELECT * FROM `lr_level`  [ RunTime:0.0010s ]

[ 2018-11-03T11:29:41+08:00 ] 127.0.0.1 /index.php/Zyly/Goods/writeOrder.html?goods_id=281&buy_num=1
NOTIC: [8] Use of undefined constant SHOW_PAGE_TRACE - assumed 'SHOW_PAGE_TRACE' E:\www\tour\Application\Common\Conf\debug.php 第 4 行.
INFO: [ app_init ] --START--
INFO: Run Behavior\BuildLiteBehavior [ RunTime:0.000000s ]
INFO: [ app_init ] --END-- [ RunTime:0.001000s ]
INFO: [ app_begin ] --START--
INFO: Run Behavior\ReadHtmlCacheBehavior [ RunTime:0.001000s ]
INFO: [ app_begin ] --END-- [ RunTime:0.001000s ]
SQL: SHOW COLUMNS FROM `lr_wechat_config` [ RunTime:0.0070s ]
SQL: SELECT * FROM `lr_wechat_config` WHERE `id` = 1 LIMIT 1   [ RunTime:0.0020s ]
SQL: SELECT * FROM `lr_wechat_config` WHERE `id` = 1 LIMIT 1   [ RunTime:0.0020s ]
NOTIC: [8] Undefined variable: admin_id E:\www\tour\Application\Zyly\Controller\GoodsController.class.php 第 33 行.
NOTIC: [8] Undefined offset: 1 E:\www\tour\Application\Zyly\Controller\GoodsController.class.php 第 40 行.
SQL: SHOW COLUMNS FROM `lr_user` [ RunTime:0.0080s ]
SQL: SELECT * FROM `lr_user` WHERE `id` = 1 LIMIT 1   [ RunTime:0.0020s ]
SQL: SHOW COLUMNS FROM `lr_product` [ RunTime:0.0080s ]
SQL: SELECT `id`,`name`,`photo_x`,`price` FROM `lr_product` WHERE `id` = 281 LIMIT 1   [ RunTime:0.0010s ]
SQL: SELECT * FROM `lr_wechat_config` WHERE `id` = 1 LIMIT 1   [ RunTime:0.0020s ]
SQL: SHOW COLUMNS FROM `lr_user` [ RunTime:0.0060s ]
SQL: SELECT * FROM `lr_user` WHERE `id` = 1 LIMIT 1   [ RunTime:0.0020s ]
SQL: SHOW COLUMNS FROM `lr_order` [ RunTime:0.0060s ]
SQL: SELECT * FROM `lr_order` WHERE `id` = 42 LIMIT 1   [ RunTime:0.0020s ]
SQL: SELECT * FROM `lr_product` WHERE `id` = 281 LIMIT 1   [ RunTime:0.0030s ]
SQL: SHOW COLUMNS FROM `lr_glide` [ RunTime:0.0060s ]
NOTIC: [8] Undefined variable: datas E:\www\tour\Application\Zyly\Model\GoodsModel.class.php 第 408 行.
SQL: SELECT * FROM `lr_user` WHERE `id` = 1 LIMIT 1   [ RunTime:0.0020s ]
SQL: SHOW COLUMNS FROM `lr_level` [ RunTime:0.0060s ]
SQL: SELECT * FROM `lr_level`  [ RunTime:0.0010s ]
SQL: SELECT SUM(price_h) AS tp_sum FROM `lr_order` WHERE `uid` = 1 LIMIT 1   [ RunTime:0.0010s ]

[ 2018-11-03T11:34:21+08:00 ] 127.0.0.1 /index.php/Zyly/Goods/writeOrder.html?goods_id=281&buy_num=1
NOTIC: [8] Use of undefined constant SHOW_PAGE_TRACE - assumed 'SHOW_PAGE_TRACE' E:\www\tour\Application\Common\Conf\debug.php 第 4 行.
INFO: [ app_init ] --START--
INFO: Run Behavior\BuildLiteBehavior [ RunTime:0.000000s ]
INFO: [ app_init ] --END-- [ RunTime:0.000000s ]
INFO: [ app_begin ] --START--
INFO: Run Behavior\ReadHtmlCacheBehavior [ RunTime:0.001001s ]
INFO: [ app_begin ] --END-- [ RunTime:0.001001s ]
SQL: SHOW COLUMNS FROM `lr_wechat_config` [ RunTime:0.0080s ]
SQL: SELECT * FROM `lr_wechat_config` WHERE `id` = 1 LIMIT 1   [ RunTime:0.0010s ]
SQL: SELECT * FROM `lr_wechat_config` WHERE `id` = 1 LIMIT 1   [ RunTime:0.0020s ]
NOTIC: [8] Undefined variable: admin_id E:\www\tour\Application\Zyly\Controller\GoodsController.class.php 第 33 行.
NOTIC: [8] Undefined offset: 1 E:\www\tour\Application\Zyly\Controller\GoodsController.class.php 第 40 行.
SQL: SHOW COLUMNS FROM `lr_user` [ RunTime:0.0080s ]
SQL: SELECT * FROM `lr_user` WHERE `id` = 1 LIMIT 1   [ RunTime:0.0010s ]
SQL: SHOW COLUMNS FROM `lr_product` [ RunTime:0.0080s ]
SQL: SELECT `id`,`name`,`photo_x`,`price` FROM `lr_product` WHERE `id` = 281 LIMIT 1   [ RunTime:0.0010s ]
SQL: SELECT * FROM `lr_wechat_config` WHERE `id` = 1 LIMIT 1   [ RunTime:0.0010s ]
SQL: SHOW COLUMNS FROM `lr_user` [ RunTime:0.0060s ]
SQL: SELECT * FROM `lr_user` WHERE `id` = 1 LIMIT 1   [ RunTime:0.0020s ]
SQL: SHOW COLUMNS FROM `lr_order` [ RunTime:0.0050s ]
SQL: SELECT * FROM `lr_order` WHERE `id` = 42 LIMIT 1   [ RunTime:0.0010s ]
SQL: SELECT * FROM `lr_product` WHERE `id` = 281 LIMIT 1   [ RunTime:0.0020s ]
SQL: SHOW COLUMNS FROM `lr_glide` [ RunTime:0.0050s ]
NOTIC: [8] Undefined variable: datas E:\www\tour\Application\Zyly\Model\GoodsModel.class.php 第 408 行.
SQL: SELECT * FROM `lr_user` WHERE `id` = 1 LIMIT 1   [ RunTime:0.0010s ]
SQL: SHOW COLUMNS FROM `lr_level` [ RunTime:0.0050s ]
SQL: SELECT * FROM `lr_level`  [ RunTime:0.0010s ]
SQL: SELECT SUM(price_h) AS tp_sum FROM `lr_order` WHERE `uid` = 1 LIMIT 1   [ RunTime:0.0020s ]

[ 2018-11-03T11:34:23+08:00 ] 127.0.0.1 /index.php/Zyly/Goods/writeOrder.html?goods_id=281&buy_num=1
NOTIC: [8] Use of undefined constant SHOW_PAGE_TRACE - assumed 'SHOW_PAGE_TRACE' E:\www\tour\Application\Common\Conf\debug.php 第 4 行.
INFO: [ app_init ] --START--
INFO: Run Behavior\BuildLiteBehavior [ RunTime:0.000000s ]
INFO: [ app_init ] --END-- [ RunTime:0.000000s ]
INFO: [ app_begin ] --START--
INFO: Run Behavior\ReadHtmlCacheBehavior [ RunTime:0.000000s ]
INFO: [ app_begin ] --END-- [ RunTime:0.000000s ]
SQL: SHOW COLUMNS FROM `lr_wechat_config` [ RunTime:0.0080s ]
SQL: SELECT * FROM `lr_wechat_config` WHERE `id` = 1 LIMIT 1   [ RunTime:0.0010s ]
SQL: SELECT * FROM `lr_wechat_config` WHERE `id` = 1 LIMIT 1   [ RunTime:0.0010s ]
NOTIC: [8] Undefined variable: admin_id E:\www\tour\Application\Zyly\Controller\GoodsController.class.php 第 33 行.
NOTIC: [8] Undefined offset: 1 E:\www\tour\Application\Zyly\Controller\GoodsController.class.php 第 40 行.
SQL: SHOW COLUMNS FROM `lr_user` [ RunTime:0.0080s ]
SQL: SELECT * FROM `lr_user` WHERE `id` = 1 LIMIT 1   [ RunTime:0.0020s ]
SQL: SHOW COLUMNS FROM `lr_product` [ RunTime:0.0080s ]
SQL: SELECT `id`,`name`,`photo_x`,`price` FROM `lr_product` WHERE `id` = 281 LIMIT 1   [ RunTime:0.0010s ]
SQL: SELECT * FROM `lr_wechat_config` WHERE `id` = 1 LIMIT 1   [ RunTime:0.0010s ]
SQL: SHOW COLUMNS FROM `lr_user` [ RunTime:0.0090s ]
SQL: SELECT * FROM `lr_user` WHERE `id` = 1 LIMIT 1   [ RunTime:0.0010s ]
SQL: SHOW COLUMNS FROM `lr_order` [ RunTime:0.0090s ]
SQL: SELECT * FROM `lr_order` WHERE `id` = 42 LIMIT 1   [ RunTime:0.0020s ]
SQL: SELECT * FROM `lr_product` WHERE `id` = 281 LIMIT 1   [ RunTime:0.0030s ]
SQL: SHOW COLUMNS FROM `lr_glide` [ RunTime:0.0080s ]
NOTIC: [8] Undefined variable: datas E:\www\tour\Application\Zyly\Model\GoodsModel.class.php 第 408 行.
SQL: SELECT * FROM `lr_user` WHERE `id` = 1 LIMIT 1   [ RunTime:0.0010s ]
SQL: SHOW COLUMNS FROM `lr_level` [ RunTime:0.0080s ]
SQL: SELECT * FROM `lr_level`  [ RunTime:0.0010s ]
SQL: SELECT SUM(price_h) AS tp_sum FROM `lr_order` WHERE `uid` = 1 LIMIT 1   [ RunTime:0.0010s ]

[ 2018-11-03T11:34:23+08:00 ] 127.0.0.1 /index.php/Zyly/Goods/writeOrder.html?goods_id=281&buy_num=1
NOTIC: [8] Use of undefined constant SHOW_PAGE_TRACE - assumed 'SHOW_PAGE_TRACE' E:\www\tour\Application\Common\Conf\debug.php 第 4 行.
INFO: [ app_init ] --START--
INFO: Run Behavior\BuildLiteBehavior [ RunTime:0.000000s ]
INFO: [ app_init ] --END-- [ RunTime:0.000000s ]
INFO: [ app_begin ] --START--
INFO: Run Behavior\ReadHtmlCacheBehavior [ RunTime:0.000000s ]
INFO: [ app_begin ] --END-- [ RunTime:0.000000s ]
SQL: SHOW COLUMNS FROM `lr_wechat_config` [ RunTime:0.0070s ]
SQL: SELECT * FROM `lr_wechat_config` WHERE `id` = 1 LIMIT 1   [ RunTime:0.0020s ]
SQL: SELECT * FROM `lr_wechat_config` WHERE `id` = 1 LIMIT 1   [ RunTime:0.0020s ]
NOTIC: [8] Undefined variable: admin_id E:\www\tour\Application\Zyly\Controller\GoodsController.class.php 第 33 行.
NOTIC: [8] Undefined offset: 1 E:\www\tour\Application\Zyly\Controller\GoodsController.class.php 第 40 行.
SQL: SHOW COLUMNS FROM `lr_user` [ RunTime:0.0080s ]
SQL: SELECT * FROM `lr_user` WHERE `id` = 1 LIMIT 1   [ RunTime:0.0010s ]
SQL: SHOW COLUMNS FROM `lr_product` [ RunTime:0.0080s ]
SQL: SELECT `id`,`name`,`photo_x`,`price` FROM `lr_product` WHERE `id` = 281 LIMIT 1   [ RunTime:0.0010s ]
SQL: SELECT * FROM `lr_wechat_config` WHERE `id` = 1 LIMIT 1   [ RunTime:0.0010s ]
SQL: SHOW COLUMNS FROM `lr_user` [ RunTime:0.0080s ]
SQL: SELECT * FROM `lr_user` WHERE `id` = 1 LIMIT 1   [ RunTime:0.0020s ]
SQL: SHOW COLUMNS FROM `lr_order` [ RunTime:0.0060s ]
SQL: SELECT * FROM `lr_order` WHERE `id` = 42 LIMIT 1   [ RunTime:0.0010s ]
SQL: SELECT * FROM `lr_product` WHERE `id` = 281 LIMIT 1   [ RunTime:0.0020s ]
SQL: SHOW COLUMNS FROM `lr_glide` [ RunTime:0.0040s ]
NOTIC: [8] Undefined variable: datas E:\www\tour\Application\Zyly\Model\GoodsModel.class.php 第 408 行.
SQL: SELECT * FROM `lr_user` WHERE `id` = 1 LIMIT 1   [ RunTime:0.0020s ]
SQL: SHOW COLUMNS FROM `lr_level` [ RunTime:0.0040s ]
SQL: SELECT * FROM `lr_level`  [ RunTime:0.0010s ]
SQL: SELECT SUM(price_h) AS tp_sum FROM `lr_order` WHERE `uid` = 1 LIMIT 1   [ RunTime:0.0020s ]

[ 2018-11-03T11:34:35+08:00 ] 127.0.0.1 /index.php/Zyly/Goods/writeOrder.html?goods_id=281&buy_num=1
NOTIC: [8] Use of undefined constant SHOW_PAGE_TRACE - assumed 'SHOW_PAGE_TRACE' E:\www\tour\Application\Common\Conf\debug.php 第 4 行.
INFO: [ app_init ] --START--
INFO: Run Behavior\BuildLiteBehavior [ RunTime:0.000000s ]
INFO: [ app_init ] --END-- [ RunTime:0.000000s ]
INFO: [ app_begin ] --START--
INFO: Run Behavior\ReadHtmlCacheBehavior [ RunTime:0.001000s ]
INFO: [ app_begin ] --END-- [ RunTime:0.001000s ]
SQL: SHOW COLUMNS FROM `lr_wechat_config` [ RunTime:0.0070s ]
SQL: SELECT * FROM `lr_wechat_config` WHERE `id` = 1 LIMIT 1   [ RunTime:0.0010s ]
SQL: SELECT * FROM `lr_wechat_config` WHERE `id` = 1 LIMIT 1   [ RunTime:0.0010s ]
NOTIC: [8] Undefined variable: admin_id E:\www\tour\Application\Zyly\Controller\GoodsController.class.php 第 33 行.
NOTIC: [8] Undefined offset: 1 E:\www\tour\Application\Zyly\Controller\GoodsController.class.php 第 40 行.
SQL: SHOW COLUMNS FROM `lr_user` [ RunTime:0.0080s ]
SQL: SELECT * FROM `lr_user` WHERE `id` = 1 LIMIT 1   [ RunTime:0.0020s ]
SQL: SHOW COLUMNS FROM `lr_product` [ RunTime:0.0090s ]
SQL: SELECT `id`,`name`,`photo_x`,`price` FROM `lr_product` WHERE `id` = 281 LIMIT 1   [ RunTime:0.0010s ]
SQL: SELECT * FROM `lr_wechat_config` WHERE `id` = 1 LIMIT 1   [ RunTime:0.0010s ]
SQL: SHOW COLUMNS FROM `lr_user` [ RunTime:0.0080s ]
SQL: SELECT * FROM `lr_user` WHERE `id` = 1 LIMIT 1   [ RunTime:0.0020s ]
SQL: SHOW COLUMNS FROM `lr_order` [ RunTime:0.0080s ]
SQL: SELECT * FROM `lr_order` WHERE `id` = 42 LIMIT 1   [ RunTime:0.0020s ]
SQL: SELECT * FROM `lr_product` WHERE `id` = 281 LIMIT 1   [ RunTime:0.0030s ]
SQL: SHOW COLUMNS FROM `lr_glide` [ RunTime:0.0080s ]
NOTIC: [8] Undefined variable: datas E:\www\tour\Application\Zyly\Model\GoodsModel.class.php 第 408 行.
SQL: SELECT * FROM `lr_user` WHERE `id` = 1 LIMIT 1   [ RunTime:0.0020s ]
SQL: SHOW COLUMNS FROM `lr_level` [ RunTime:0.0080s ]
SQL: SELECT * FROM `lr_level`  [ RunTime:0.0010s ]
SQL: SELECT SUM(price_h) AS tp_sum FROM `lr_order` WHERE `addtime` BETWEEN 1536032075 AND 1541216075 AND `uid` = 1 LIMIT 1   [ RunTime:0.0010s ]

[ 2018-11-03T11:34:50+08:00 ] 127.0.0.1 /index.php/Zyly/Goods/writeOrder.html?goods_id=281&buy_num=1
NOTIC: [8] Use of undefined constant SHOW_PAGE_TRACE - assumed 'SHOW_PAGE_TRACE' E:\www\tour\Application\Common\Conf\debug.php 第 4 行.
INFO: [ app_init ] --START--
INFO: Run Behavior\BuildLiteBehavior [ RunTime:0.001000s ]
INFO: [ app_init ] --END-- [ RunTime:0.001000s ]
INFO: [ app_begin ] --START--
INFO: Run Behavior\ReadHtmlCacheBehavior [ RunTime:0.001000s ]
INFO: [ app_begin ] --END-- [ RunTime:0.001000s ]
SQL: SHOW COLUMNS FROM `lr_wechat_config` [ RunTime:0.0080s ]
SQL: SELECT * FROM `lr_wechat_config` WHERE `id` = 1 LIMIT 1   [ RunTime:0.0010s ]
SQL: SELECT * FROM `lr_wechat_config` WHERE `id` = 1 LIMIT 1   [ RunTime:0.0010s ]
NOTIC: [8] Undefined variable: admin_id E:\www\tour\Application\Zyly\Controller\GoodsController.class.php 第 33 行.
NOTIC: [8] Undefined offset: 1 E:\www\tour\Application\Zyly\Controller\GoodsController.class.php 第 40 行.
SQL: SHOW COLUMNS FROM `lr_user` [ RunTime:0.0080s ]
SQL: SELECT * FROM `lr_user` WHERE `id` = 1 LIMIT 1   [ RunTime:0.0020s ]
SQL: SHOW COLUMNS FROM `lr_product` [ RunTime:0.0090s ]
SQL: SELECT `id`,`name`,`photo_x`,`price` FROM `lr_product` WHERE `id` = 281 LIMIT 1   [ RunTime:0.0010s ]
SQL: SELECT * FROM `lr_wechat_config` WHERE `id` = 1 LIMIT 1   [ RunTime:0.0010s ]
SQL: SHOW COLUMNS FROM `lr_user` [ RunTime:0.0080s ]
SQL: SELECT * FROM `lr_user` WHERE `id` = 1 LIMIT 1   [ RunTime:0.0020s ]
SQL: SHOW COLUMNS FROM `lr_order` [ RunTime:0.0060s ]
SQL: SELECT * FROM `lr_order` WHERE `id` = 42 LIMIT 1   [ RunTime:0.0010s ]
SQL: SELECT * FROM `lr_product` WHERE `id` = 281 LIMIT 1   [ RunTime:0.0020s ]
SQL: SHOW COLUMNS FROM `lr_glide` [ RunTime:0.0050s ]
NOTIC: [8] Undefined variable: datas E:\www\tour\Application\Zyly\Model\GoodsModel.class.php 第 408 行.
SQL: SELECT * FROM `lr_user` WHERE `id` = 1 LIMIT 1   [ RunTime:0.0010s ]
SQL: SHOW COLUMNS FROM `lr_level` [ RunTime:0.0040s ]
SQL: SELECT * FROM `lr_level`  [ RunTime:0.0010s ]
SQL: SELECT SUM(price_h) AS tp_sum FROM `lr_order` WHERE `addtime` BETWEEN 1536032090 AND 1541216090 AND `uid` = 1 LIMIT 1   [ RunTime:0.0010s ]
SQL: UPDATE `lr_user` SET `level_id`='2' WHERE `id` = 1 [ RunTime:0.0020s ]

[ 2018-11-03T14:05:08+08:00 ] 127.0.0.1 /index.php/Zyly/Goods/writeOrder.html?goods_id=281&buy_num=1
NOTIC: [8] Use of undefined constant SHOW_PAGE_TRACE - assumed 'SHOW_PAGE_TRACE' E:\www\tour\Application\Common\Conf\debug.php 第 4 行.
INFO: [ app_init ] --START--
INFO: Run Behavior\BuildLiteBehavior [ RunTime:0.000000s ]
INFO: [ app_init ] --END-- [ RunTime:0.001000s ]
INFO: [ app_begin ] --START--
INFO: Run Behavior\ReadHtmlCacheBehavior [ RunTime:0.009000s ]
INFO: [ app_begin ] --END-- [ RunTime:0.009000s ]
SQL: SHOW COLUMNS FROM `lr_wechat_config` [ RunTime:0.0090s ]
SQL: SELECT * FROM `lr_wechat_config` WHERE `id` = 1 LIMIT 1   [ RunTime:0.0010s ]
SQL: SELECT * FROM `lr_wechat_config` WHERE `id` = 1 LIMIT 1   [ RunTime:0.0010s ]
NOTIC: [8] Undefined variable: admin_id E:\www\tour\Application\Zyly\Controller\GoodsController.class.php 第 33 行.
NOTIC: [8] Undefined offset: 1 E:\www\tour\Application\Zyly\Controller\GoodsController.class.php 第 40 行.
SQL: SHOW COLUMNS FROM `lr_user` [ RunTime:0.0090s ]
SQL: SELECT * FROM `lr_user` WHERE `id` = 1 LIMIT 1   [ RunTime:0.0020s ]
SQL: SHOW COLUMNS FROM `lr_product` [ RunTime:0.0100s ]
SQL: SELECT `id`,`name`,`photo_x`,`price` FROM `lr_product` WHERE `id` = 281 LIMIT 1   [ RunTime:0.0020s ]
SQL: SHOW COLUMNS FROM `lr_address` [ RunTime:0.0090s ]
SQL: SELECT * FROM `lr_address` WHERE `uid` = 1 AND `is_default` = 1 LIMIT 1   [ RunTime:0.0010s ]
INFO: [ view_parse ] --START--
INFO: [ template_filter ] --START--
INFO: Run Behavior\ContentReplaceBehavior [ RunTime:0.000000s ]
INFO: [ template_filter ] --END-- [ RunTime:0.000000s ]
NOTIC: [8] Undefined index: name E:\www\tour\Application\Runtime\Cache\Zyly\ef4b14f71bc8c73bec77c45dc7f2b599.php 第 19 行.
NOTIC: [8] Undefined index: tel E:\www\tour\Application\Runtime\Cache\Zyly\ef4b14f71bc8c73bec77c45dc7f2b599.php 第 20 行.
NOTIC: [8] Undefined index: address_xq E:\www\tour\Application\Runtime\Cache\Zyly\ef4b14f71bc8c73bec77c45dc7f2b599.php 第 24 行.
NOTIC: [8] Undefined index: address E:\www\tour\Application\Runtime\Cache\Zyly\ef4b14f71bc8c73bec77c45dc7f2b599.php 第 27 行.
INFO: Run Behavior\ParseTemplateBehavior [ RunTime:0.034002s ]
INFO: [ view_parse ] --END-- [ RunTime:0.034002s ]
INFO: [ view_filter ] --START--
INFO: Run Behavior\WriteHtmlCacheBehavior [ RunTime:0.009000s ]
INFO: [ view_filter ] --END-- [ RunTime:0.009000s ]
INFO: [ app_end ] --START--
INFO: Run Behavior\ShowPageTraceBehavior [ RunTime:0.007001s ]
INFO: [ app_end ] --END-- [ RunTime:0.007001s ]

