[ 2018-10-30T14:19:11+08:00 ] 127.0.0.1 /index.php/Zyly/Goods
NOTIC: [8] Use of undefined constant SHOW_PAGE_TRACE - assumed 'SHOW_PAGE_TRACE' E:\www\tour\Application\Common\Conf\debug.php 第 4 行.
INFO: [ app_init ] --START--
INFO: Run Behavior\BuildLiteBehavior [ RunTime:0.000000s ]
INFO: [ app_init ] --END-- [ RunTime:0.001000s ]
INFO: [ app_begin ] --START--
INFO: Run Behavior\ReadHtmlCacheBehavior [ RunTime:0.009001s ]
INFO: [ app_begin ] --END-- [ RunTime:0.009001s ]
SQL: SHOW COLUMNS FROM `lr_wechat_config` [ RunTime:0.0340s ]
SQL: SELECT * FROM `lr_wechat_config` WHERE `id` = 1 LIMIT 1   [ RunTime:0.0230s ]
SQL: SELECT * FROM `lr_wechat_config` WHERE `id` = 1 LIMIT 1   [ RunTime:0.0020s ]
NOTIC: [8] Undefined variable: admin_id E:\www\tour\Application\Zyly\Controller\GoodsController.class.php 第 33 行.
NOTIC: [8] Undefined offset: 1 E:\www\tour\Application\Zyly\Controller\GoodsController.class.php 第 40 行.
SQL: SHOW COLUMNS FROM `lr_user` [ RunTime:0.0280s ]
SQL: SELECT * FROM `lr_user` WHERE `id` = 1 LIMIT 1   [ RunTime:0.0160s ]
SQL: SHOW COLUMNS FROM `lr_product` [ RunTime:0.0310s ]
SQL: SELECT `id`,`name`,`intro`,`photo_x`,`sort`,`shiyong`,`price` FROM `lr_product` WHERE `del` = 0 ORDER BY price asc  [ RunTime:0.0130s ]
SQL: SHOW COLUMNS FROM `lr_guanggao` [ RunTime:0.0330s ]
SQL: SELECT * FROM `lr_guanggao`  [ RunTime:0.0020s ]
SQL: SHOW COLUMNS FROM `lr_notice` [ RunTime:0.0290s ]
SQL: SELECT * FROM `lr_notice` WHERE `is_nav` = 1  [ RunTime:0.0020s ]
NOTIC: [8] Undefined index: access_token E:\www\tour\Application\Zyly\Model\IndexModel.class.php 第 623 行.
NOTIC: [2] unlink(./Application/Runtime/Temp/access_tokena0435375b666ac71aca0e45ef0012d41.php): No such file or directory E:\www\tour\ThinkPHP\Library\Think\Cache\Driver\File.class.php 第 157 行.
NOTIC: [8] Undefined index: access_token E:\www\tour\Application\Zyly\Model\IndexModel.class.php 第 625 行.
NOTIC: [2] unlink(./Application/Runtime/Temp/access_tokena0435375b666ac71aca0e45ef0012d41.php): No such file or directory E:\www\tour\ThinkPHP\Library\Think\Cache\Driver\File.class.php 第 157 行.
NOTIC: [8] Undefined index: access_token E:\www\tour\Application\Zyly\Model\IndexModel.class.php 第 623 行.
NOTIC: [2] unlink(./Application/Runtime/Temp/access_tokena0435375b666ac71aca0e45ef0012d41.php): No such file or directory E:\www\tour\ThinkPHP\Library\Think\Cache\Driver\File.class.php 第 157 行.
NOTIC: [8] Undefined index: access_token E:\www\tour\Application\Zyly\Model\IndexModel.class.php 第 625 行.
NOTIC: [8] Undefined index: ticket E:\www\tour\Application\Zyly\Model\IndexModel.class.php 第 560 行.
NOTIC: [2] unlink(./Application/Runtime/Temp/access_tokena0435375b666ac71aca0e45ef0012d41.php): No such file or directory E:\www\tour\ThinkPHP\Library\Think\Cache\Driver\File.class.php 第 157 行.
NOTIC: [8] Undefined index: access_token E:\www\tour\Application\Zyly\Model\IndexModel.class.php 第 623 行.
NOTIC: [2] unlink(./Application/Runtime/Temp/access_tokena0435375b666ac71aca0e45ef0012d41.php): No such file or directory E:\www\tour\ThinkPHP\Library\Think\Cache\Driver\File.class.php 第 157 行.
NOTIC: [8] Undefined index: access_token E:\www\tour\Application\Zyly\Model\IndexModel.class.php 第 625 行.
NOTIC: [2] unlink(./Application/Runtime/Temp/access_tokena0435375b666ac71aca0e45ef0012d41.php): No such file or directory E:\www\tour\ThinkPHP\Library\Think\Cache\Driver\File.class.php 第 157 行.
NOTIC: [8] Undefined index: access_token E:\www\tour\Application\Zyly\Model\IndexModel.class.php 第 623 行.
NOTIC: [2] unlink(./Application/Runtime/Temp/access_tokena0435375b666ac71aca0e45ef0012d41.php): No such file or directory E:\www\tour\ThinkPHP\Library\Think\Cache\Driver\File.class.php 第 157 行.
NOTIC: [8] Undefined index: access_token E:\www\tour\Application\Zyly\Model\IndexModel.class.php 第 625 行.
NOTIC: [8] Undefined index: ticket E:\www\tour\Application\Zyly\Model\IndexModel.class.php 第 560 行.
INFO: [ view_parse ] --START--
INFO: [ template_filter ] --START--
INFO: Run Behavior\ContentReplaceBehavior [ RunTime:0.000000s ]
INFO: [ template_filter ] --END-- [ RunTime:0.000000s ]
INFO: Run Behavior\ParseTemplateBehavior [ RunTime:0.133007s ]
INFO: [ view_parse ] --END-- [ RunTime:0.133007s ]
INFO: [ view_filter ] --START--
INFO: Run Behavior\WriteHtmlCacheBehavior [ RunTime:0.008001s ]
INFO: [ view_filter ] --END-- [ RunTime:0.008001s ]
INFO: [ app_end ] --START--
INFO: Run Behavior\ShowPageTraceBehavior [ RunTime:0.022001s ]
INFO: [ app_end ] --END-- [ RunTime:0.022001s ]

[ 2018-10-30T14:19:17+08:00 ] 127.0.0.1 /index.php/Zyly/Goods/detail.html?goods_id=288
NOTIC: [8] Use of undefined constant SHOW_PAGE_TRACE - assumed 'SHOW_PAGE_TRACE' E:\www\tour\Application\Common\Conf\debug.php 第 4 行.
INFO: [ app_init ] --START--
INFO: Run Behavior\BuildLiteBehavior [ RunTime:0.000000s ]
INFO: [ app_init ] --END-- [ RunTime:0.000000s ]
INFO: [ app_begin ] --START--
INFO: Run Behavior\ReadHtmlCacheBehavior [ RunTime:0.001000s ]
INFO: [ app_begin ] --END-- [ RunTime:0.001000s ]
SQL: SHOW COLUMNS FROM `lr_wechat_config` [ RunTime:0.0070s ]
SQL: SELECT * FROM `lr_wechat_config` WHERE `id` = 1 LIMIT 1   [ RunTime:0.0010s ]
SQL: SELECT * FROM `lr_wechat_config` WHERE `id` = 1 LIMIT 1   [ RunTime:0.0020s ]
NOTIC: [8] Undefined variable: admin_id E:\www\tour\Application\Zyly\Controller\GoodsController.class.php 第 33 行.
NOTIC: [8] Undefined offset: 1 E:\www\tour\Application\Zyly\Controller\GoodsController.class.php 第 40 行.
SQL: SHOW COLUMNS FROM `lr_user` [ RunTime:0.0260s ]
SQL: SELECT * FROM `lr_user` WHERE `id` = 1 LIMIT 1   [ RunTime:0.0020s ]
NOTIC: [8] Undefined offset: 1 E:\www\tour\Application\Zyly\Controller\GoodsController.class.php 第 148 行.
SQL: SHOW COLUMNS FROM `lr_product` [ RunTime:0.0080s ]
SQL: SELECT `id`,`name`,`intro`,`photo_x`,`photo_d`,`sort`,`shiyong`,`price`,`photo_string`,`content` FROM `lr_product` WHERE `id` = 288 ORDER BY sort desc LIMIT 1   [ RunTime:0.0020s ]
SQL: SELECT a.name,b.concent,b.addtime,c.uname,c.photo FROM lr_product a LEFT JOIN lr_product_dp b on a.id=b.pid LEFT JOIN lr_user c on b.uid=c.id  WHERE a.id = '288'  [ RunTime:0.0410s ]
SQL: SHOW COLUMNS FROM `lr_product_dp` [ RunTime:0.0080s ]
SQL: SELECT COUNT(*) AS tp_count FROM `lr_product_dp` WHERE `pid` = 288 LIMIT 1   [ RunTime:0.0010s ]
NOTIC: [8] Undefined index: access_token E:\www\tour\Application\Zyly\Model\IndexModel.class.php 第 623 行.
NOTIC: [2] unlink(./Application/Runtime/Temp/access_tokena0435375b666ac71aca0e45ef0012d41.php): No such file or directory E:\www\tour\ThinkPHP\Library\Think\Cache\Driver\File.class.php 第 157 行.
NOTIC: [8] Undefined index: access_token E:\www\tour\Application\Zyly\Model\IndexModel.class.php 第 625 行.
NOTIC: [2] unlink(./Application/Runtime/Temp/access_tokena0435375b666ac71aca0e45ef0012d41.php): No such file or directory E:\www\tour\ThinkPHP\Library\Think\Cache\Driver\File.class.php 第 157 行.
NOTIC: [8] Undefined index: access_token E:\www\tour\Application\Zyly\Model\IndexModel.class.php 第 623 行.
NOTIC: [2] unlink(./Application/Runtime/Temp/access_tokena0435375b666ac71aca0e45ef0012d41.php): No such file or directory E:\www\tour\ThinkPHP\Library\Think\Cache\Driver\File.class.php 第 157 行.
NOTIC: [8] Undefined index: access_token E:\www\tour\Application\Zyly\Model\IndexModel.class.php 第 625 行.
NOTIC: [8] Undefined index: ticket E:\www\tour\Application\Zyly\Model\IndexModel.class.php 第 560 行.
NOTIC: [2] unlink(./Application/Runtime/Temp/access_tokena0435375b666ac71aca0e45ef0012d41.php): No such file or directory E:\www\tour\ThinkPHP\Library\Think\Cache\Driver\File.class.php 第 157 行.
NOTIC: [8] Undefined index: access_token E:\www\tour\Application\Zyly\Model\IndexModel.class.php 第 623 行.
NOTIC: [2] unlink(./Application/Runtime/Temp/access_tokena0435375b666ac71aca0e45ef0012d41.php): No such file or directory E:\www\tour\ThinkPHP\Library\Think\Cache\Driver\File.class.php 第 157 行.
NOTIC: [8] Undefined index: access_token E:\www\tour\Application\Zyly\Model\IndexModel.class.php 第 625 行.
NOTIC: [2] unlink(./Application/Runtime/Temp/access_tokena0435375b666ac71aca0e45ef0012d41.php): No such file or directory E:\www\tour\ThinkPHP\Library\Think\Cache\Driver\File.class.php 第 157 行.
NOTIC: [8] Undefined index: access_token E:\www\tour\Application\Zyly\Model\IndexModel.class.php 第 623 行.
NOTIC: [2] unlink(./Application/Runtime/Temp/access_tokena0435375b666ac71aca0e45ef0012d41.php): No such file or directory E:\www\tour\ThinkPHP\Library\Think\Cache\Driver\File.class.php 第 157 行.
NOTIC: [8] Undefined index: access_token E:\www\tour\Application\Zyly\Model\IndexModel.class.php 第 625 行.
NOTIC: [8] Undefined index: ticket E:\www\tour\Application\Zyly\Model\IndexModel.class.php 第 560 行.
INFO: [ view_parse ] --START--
INFO: [ template_filter ] --START--
INFO: Run Behavior\ContentReplaceBehavior [ RunTime:0.000000s ]
INFO: [ template_filter ] --END-- [ RunTime:0.000000s ]
INFO: Run Behavior\ParseTemplateBehavior [ RunTime:0.132008s ]
INFO: [ view_parse ] --END-- [ RunTime:0.132008s ]
INFO: [ view_filter ] --START--
INFO: Run Behavior\WriteHtmlCacheBehavior [ RunTime:0.001000s ]
INFO: [ view_filter ] --END-- [ RunTime:0.001000s ]
INFO: [ app_end ] --START--
INFO: Run Behavior\ShowPageTraceBehavior [ RunTime:0.000000s ]
INFO: [ app_end ] --END-- [ RunTime:0.001000s ]

[ 2018-10-30T14:19:21+08:00 ] 127.0.0.1 /index.php/Zyly/Goods/writeOrder.html?goods_id=288&buy_num=1
NOTIC: [8] Use of undefined constant SHOW_PAGE_TRACE - assumed 'SHOW_PAGE_TRACE' E:\www\tour\Application\Common\Conf\debug.php 第 4 行.
INFO: [ app_init ] --START--
INFO: Run Behavior\BuildLiteBehavior [ RunTime:0.000000s ]
INFO: [ app_init ] --END-- [ RunTime:0.000000s ]
INFO: [ app_begin ] --START--
INFO: Run Behavior\ReadHtmlCacheBehavior [ RunTime:0.000000s ]
INFO: [ app_begin ] --END-- [ RunTime:0.000000s ]
SQL: SHOW COLUMNS FROM `lr_wechat_config` [ RunTime:0.0070s ]
SQL: SELECT * FROM `lr_wechat_config` WHERE `id` = 1 LIMIT 1   [ RunTime:0.0010s ]
SQL: SELECT * FROM `lr_wechat_config` WHERE `id` = 1 LIMIT 1   [ RunTime:0.0020s ]
NOTIC: [8] Undefined variable: admin_id E:\www\tour\Application\Zyly\Controller\GoodsController.class.php 第 33 行.
NOTIC: [8] Undefined offset: 1 E:\www\tour\Application\Zyly\Controller\GoodsController.class.php 第 40 行.
SQL: SHOW COLUMNS FROM `lr_user` [ RunTime:0.0090s ]
SQL: SELECT * FROM `lr_user` WHERE `id` = 1 LIMIT 1   [ RunTime:0.0010s ]
SQL: SHOW COLUMNS FROM `lr_product` [ RunTime:0.0080s ]
SQL: SELECT `id`,`name`,`photo_x`,`price` FROM `lr_product` WHERE `id` = 288 LIMIT 1   [ RunTime:0.0020s ]
SQL: SHOW COLUMNS FROM `lr_address` [ RunTime:0.0610s ]
SQL: SELECT * FROM `lr_address` WHERE `uid` = 1 AND `is_default` = 1 LIMIT 1   [ RunTime:0.0090s ]
INFO: [ view_parse ] --START--
INFO: [ template_filter ] --START--
INFO: Run Behavior\ContentReplaceBehavior [ RunTime:0.000000s ]
INFO: [ template_filter ] --END-- [ RunTime:0.000000s ]
NOTIC: [8] Undefined index: name E:\www\tour\Application\Runtime\Cache\Zyly\ef4b14f71bc8c73bec77c45dc7f2b599.php 第 19 行.
NOTIC: [8] Undefined index: tel E:\www\tour\Application\Runtime\Cache\Zyly\ef4b14f71bc8c73bec77c45dc7f2b599.php 第 20 行.
NOTIC: [8] Undefined index: address_xq E:\www\tour\Application\Runtime\Cache\Zyly\ef4b14f71bc8c73bec77c45dc7f2b599.php 第 24 行.
NOTIC: [8] Undefined index: address E:\www\tour\Application\Runtime\Cache\Zyly\ef4b14f71bc8c73bec77c45dc7f2b599.php 第 27 行.
INFO: Run Behavior\ParseTemplateBehavior [ RunTime:0.035002s ]
INFO: [ view_parse ] --END-- [ RunTime:0.035002s ]
INFO: [ view_filter ] --START--
INFO: Run Behavior\WriteHtmlCacheBehavior [ RunTime:0.000000s ]
INFO: [ view_filter ] --END-- [ RunTime:0.000000s ]
INFO: [ app_end ] --START--
INFO: Run Behavior\ShowPageTraceBehavior [ RunTime:0.000000s ]
INFO: [ app_end ] --END-- [ RunTime:0.000000s ]

[ 2018-10-30T14:19:22+08:00 ] 127.0.0.1 /index.php/Zyly/Address/selectConsignee.html?uid=1&goods_id=288&buy_num=1
NOTIC: [8] Use of undefined constant SHOW_PAGE_TRACE - assumed 'SHOW_PAGE_TRACE' E:\www\tour\Application\Common\Conf\debug.php 第 4 行.
INFO: [ app_init ] --START--
INFO: Run Behavior\BuildLiteBehavior [ RunTime:0.000000s ]
INFO: [ app_init ] --END-- [ RunTime:0.000000s ]
INFO: [ app_begin ] --START--
INFO: Run Behavior\ReadHtmlCacheBehavior [ RunTime:0.001000s ]
INFO: [ app_begin ] --END-- [ RunTime:0.001000s ]
SQL: SHOW COLUMNS FROM `lr_wechat_config` [ RunTime:0.0080s ]
SQL: SELECT * FROM `lr_wechat_config` WHERE `id` = 1 LIMIT 1   [ RunTime:0.0010s ]
SQL: SELECT * FROM `lr_wechat_config` WHERE `id` = 1 LIMIT 1   [ RunTime:0.0010s ]
NOTIC: [8] Undefined variable: admin_id E:\www\tour\Application\Zyly\Controller\AddressController.class.php 第 32 行.
SQL: SHOW COLUMNS FROM `lr_address` [ RunTime:0.0070s ]
SQL: SELECT * FROM `lr_address` WHERE `uid` = 1 ORDER BY is_default desc  [ RunTime:0.0020s ]
INFO: [ view_parse ] --START--
INFO: [ template_filter ] --START--
INFO: Run Behavior\ContentReplaceBehavior [ RunTime:0.000000s ]
INFO: [ template_filter ] --END-- [ RunTime:0.000000s ]
INFO: Run Behavior\ParseTemplateBehavior [ RunTime:0.042002s ]
INFO: [ view_parse ] --END-- [ RunTime:0.042002s ]
INFO: [ view_filter ] --START--
INFO: Run Behavior\WriteHtmlCacheBehavior [ RunTime:0.000000s ]
INFO: [ view_filter ] --END-- [ RunTime:0.000000s ]
INFO: [ app_end ] --START--
INFO: Run Behavior\ShowPageTraceBehavior [ RunTime:0.001000s ]
INFO: [ app_end ] --END-- [ RunTime:0.001000s ]

[ 2018-10-30T14:19:25+08:00 ] 127.0.0.1 /index.php/Zyly/Goods/writeOrder.html?add_id=32&goods_id=288&buy_num=1
NOTIC: [8] Use of undefined constant SHOW_PAGE_TRACE - assumed 'SHOW_PAGE_TRACE' E:\www\tour\Application\Common\Conf\debug.php 第 4 行.
INFO: [ app_init ] --START--
INFO: Run Behavior\BuildLiteBehavior [ RunTime:0.000000s ]
INFO: [ app_init ] --END-- [ RunTime:0.000000s ]
INFO: [ app_begin ] --START--
INFO: Run Behavior\ReadHtmlCacheBehavior [ RunTime:0.000000s ]
INFO: [ app_begin ] --END-- [ RunTime:0.000000s ]
SQL: SHOW COLUMNS FROM `lr_wechat_config` [ RunTime:0.0070s ]
SQL: SELECT * FROM `lr_wechat_config` WHERE `id` = 1 LIMIT 1   [ RunTime:0.0010s ]
SQL: SELECT * FROM `lr_wechat_config` WHERE `id` = 1 LIMIT 1   [ RunTime:0.0010s ]
NOTIC: [8] Undefined variable: admin_id E:\www\tour\Application\Zyly\Controller\GoodsController.class.php 第 33 行.
NOTIC: [8] Undefined offset: 1 E:\www\tour\Application\Zyly\Controller\GoodsController.class.php 第 40 行.
SQL: SHOW COLUMNS FROM `lr_user` [ RunTime:0.0080s ]
SQL: SELECT * FROM `lr_user` WHERE `id` = 1 LIMIT 1   [ RunTime:0.0010s ]
SQL: SHOW COLUMNS FROM `lr_product` [ RunTime:0.0080s ]
SQL: SELECT `id`,`name`,`photo_x`,`price` FROM `lr_product` WHERE `id` = 288 LIMIT 1   [ RunTime:0.0010s ]
SQL: SHOW COLUMNS FROM `lr_address` [ RunTime:0.0060s ]
SQL: SELECT * FROM `lr_address` WHERE `id` = 32 LIMIT 1   [ RunTime:0.0000s ]
INFO: [ view_parse ] --START--
INFO: [ template_filter ] --START--
INFO: Run Behavior\ContentReplaceBehavior [ RunTime:0.000000s ]
INFO: [ template_filter ] --END-- [ RunTime:0.000000s ]
INFO: Run Behavior\ParseTemplateBehavior [ RunTime:0.005000s ]
INFO: [ view_parse ] --END-- [ RunTime:0.005000s ]
INFO: [ view_filter ] --START--
INFO: Run Behavior\WriteHtmlCacheBehavior [ RunTime:0.001000s ]
INFO: [ view_filter ] --END-- [ RunTime:0.001000s ]
INFO: [ app_end ] --START--
INFO: Run Behavior\ShowPageTraceBehavior [ RunTime:0.000000s ]
INFO: [ app_end ] --END-- [ RunTime:0.000000s ]

[ 2018-10-30T14:19:27+08:00 ] 127.0.0.1 /index.php/Zyly/Address/selectConsignee.html?uid=1&goods_id=288&buy_num=1
NOTIC: [8] Use of undefined constant SHOW_PAGE_TRACE - assumed 'SHOW_PAGE_TRACE' E:\www\tour\Application\Common\Conf\debug.php 第 4 行.
INFO: [ app_init ] --START--
INFO: Run Behavior\BuildLiteBehavior [ RunTime:0.000000s ]
INFO: [ app_init ] --END-- [ RunTime:0.000000s ]
INFO: [ app_begin ] --START--
INFO: Run Behavior\ReadHtmlCacheBehavior [ RunTime:0.000000s ]
INFO: [ app_begin ] --END-- [ RunTime:0.000000s ]
SQL: SHOW COLUMNS FROM `lr_wechat_config` [ RunTime:0.0230s ]
SQL: SELECT * FROM `lr_wechat_config` WHERE `id` = 1 LIMIT 1   [ RunTime:0.0020s ]
SQL: SELECT * FROM `lr_wechat_config` WHERE `id` = 1 LIMIT 1   [ RunTime:0.0020s ]
NOTIC: [8] Undefined variable: admin_id E:\www\tour\Application\Zyly\Controller\AddressController.class.php 第 32 行.
SQL: SHOW COLUMNS FROM `lr_address` [ RunTime:0.0070s ]
SQL: SELECT * FROM `lr_address` WHERE `uid` = 1 ORDER BY is_default desc  [ RunTime:0.0100s ]
INFO: [ view_parse ] --START--
INFO: [ template_filter ] --START--
INFO: Run Behavior\ContentReplaceBehavior [ RunTime:0.000000s ]
INFO: [ template_filter ] --END-- [ RunTime:0.000000s ]
INFO: Run Behavior\ParseTemplateBehavior [ RunTime:0.006001s ]
INFO: [ view_parse ] --END-- [ RunTime:0.006001s ]
INFO: [ view_filter ] --START--
INFO: Run Behavior\WriteHtmlCacheBehavior [ RunTime:0.000000s ]
INFO: [ view_filter ] --END-- [ RunTime:0.000000s ]
INFO: [ app_end ] --START--
INFO: Run Behavior\ShowPageTraceBehavior [ RunTime:0.001000s ]
INFO: [ app_end ] --END-- [ RunTime:0.001000s ]

[ 2018-10-30T14:19:29+08:00 ] 127.0.0.1 /index.php/Zyly/Address/edit_address.html?uid=1&type=1&goods_id=288&buy_num=1
NOTIC: [8] Use of undefined constant SHOW_PAGE_TRACE - assumed 'SHOW_PAGE_TRACE' E:\www\tour\Application\Common\Conf\debug.php 第 4 行.
INFO: [ app_init ] --START--
INFO: Run Behavior\BuildLiteBehavior [ RunTime:0.000000s ]
INFO: [ app_init ] --END-- [ RunTime:0.000000s ]
INFO: [ app_begin ] --START--
INFO: Run Behavior\ReadHtmlCacheBehavior [ RunTime:0.001000s ]
INFO: [ app_begin ] --END-- [ RunTime:0.001000s ]
SQL: SHOW COLUMNS FROM `lr_wechat_config` [ RunTime:0.0070s ]
SQL: SELECT * FROM `lr_wechat_config` WHERE `id` = 1 LIMIT 1   [ RunTime:0.0010s ]
SQL: SELECT * FROM `lr_wechat_config` WHERE `id` = 1 LIMIT 1   [ RunTime:0.0010s ]
NOTIC: [8] Undefined variable: admin_id E:\www\tour\Application\Zyly\Controller\AddressController.class.php 第 32 行.
SQL: SHOW COLUMNS FROM `lr_address` [ RunTime:0.0080s ]
SQL: SELECT * FROM `lr_address` WHERE `id` = 0 LIMIT 1   [ RunTime:0.0010s ]
INFO: [ view_parse ] --START--
INFO: [ template_filter ] --START--
INFO: Run Behavior\ContentReplaceBehavior [ RunTime:0.000000s ]
INFO: [ template_filter ] --END-- [ RunTime:0.000000s ]
INFO: Run Behavior\ParseTemplateBehavior [ RunTime:0.037002s ]
INFO: [ view_parse ] --END-- [ RunTime:0.037002s ]
INFO: [ view_filter ] --START--
INFO: Run Behavior\WriteHtmlCacheBehavior [ RunTime:0.001000s ]
INFO: [ view_filter ] --END-- [ RunTime:0.001000s ]
INFO: [ app_end ] --START--
INFO: Run Behavior\ShowPageTraceBehavior [ RunTime:0.000000s ]
INFO: [ app_end ] --END-- [ RunTime:0.000000s ]

[ 2018-10-30T14:19:39+08:00 ] 127.0.0.1 /index.php/Zyly/Address/edit_address.html
NOTIC: [8] Use of undefined constant SHOW_PAGE_TRACE - assumed 'SHOW_PAGE_TRACE' E:\www\tour\Application\Common\Conf\debug.php 第 4 行.
INFO: [ app_init ] --START--
INFO: Run Behavior\BuildLiteBehavior [ RunTime:0.000000s ]
INFO: [ app_init ] --END-- [ RunTime:0.000000s ]
INFO: [ app_begin ] --START--
INFO: Run Behavior\ReadHtmlCacheBehavior [ RunTime:0.000000s ]
INFO: [ app_begin ] --END-- [ RunTime:0.000000s ]
SQL: SHOW COLUMNS FROM `lr_wechat_config` [ RunTime:0.0090s ]
SQL: SELECT * FROM `lr_wechat_config` WHERE `id` = 1 LIMIT 1   [ RunTime:0.0010s ]
SQL: SELECT * FROM `lr_wechat_config` WHERE `id` = 1 LIMIT 1   [ RunTime:0.0010s ]
NOTIC: [8] Undefined variable: admin_id E:\www\tour\Application\Zyly\Controller\AddressController.class.php 第 32 行.
NOTIC: [8] Undefined index: is_default E:\www\tour\Application\Zyly\Controller\AddressController.class.php 第 125 行.
SQL: SHOW COLUMNS FROM `lr_address` [ RunTime:0.0070s ]
SQL: INSERT INTO `lr_address` (`name`,`tel`,`code`,`address`,`id`,`uid`,`is_default`,`address_xq`,`add_time`) VALUES ('fds g','地方','0','发生','0','1','0','北京市 东城区 发生','2018-10-30 14:19:39') [ RunTime:0.0010s ]
INFO: [ app_end ] --START--
INFO: Run Behavior\ShowPageTraceBehavior [ RunTime:0.000000s ]
INFO: [ app_end ] --END-- [ RunTime:0.000000s ]

[ 2018-10-30T14:19:39+08:00 ] 127.0.0.1 /Zyly/Address/selectConsignee?goods_id=288&buy_num=1
NOTIC: [8] Use of undefined constant SHOW_PAGE_TRACE - assumed 'SHOW_PAGE_TRACE' E:\www\tour\Application\Common\Conf\debug.php 第 4 行.
INFO: [ app_init ] --START--
INFO: Run Behavior\BuildLiteBehavior [ RunTime:0.000000s ]
INFO: [ app_init ] --END-- [ RunTime:0.000000s ]
INFO: [ app_begin ] --START--
INFO: Run Behavior\ReadHtmlCacheBehavior [ RunTime:0.001000s ]
INFO: [ app_begin ] --END-- [ RunTime:0.001000s ]
SQL: SHOW COLUMNS FROM `lr_wechat_config` [ RunTime:0.0070s ]
SQL: SELECT * FROM `lr_wechat_config` WHERE `id` = 1 LIMIT 1   [ RunTime:0.0020s ]
SQL: SELECT * FROM `lr_wechat_config` WHERE `id` = 1 LIMIT 1   [ RunTime:0.0060s ]
NOTIC: [8] Undefined variable: admin_id E:\www\tour\Application\Zyly\Controller\AddressController.class.php 第 32 行.
SQL: SHOW COLUMNS FROM `lr_address` [ RunTime:0.0080s ]
SQL: SELECT * FROM `lr_address` WHERE `uid` = 1 ORDER BY is_default desc  [ RunTime:0.0010s ]
INFO: [ view_parse ] --START--
INFO: [ template_filter ] --START--
INFO: Run Behavior\ContentReplaceBehavior [ RunTime:0.000000s ]
INFO: [ template_filter ] --END-- [ RunTime:0.001000s ]
INFO: Run Behavior\ParseTemplateBehavior [ RunTime:0.009001s ]
INFO: [ view_parse ] --END-- [ RunTime:0.009001s ]
INFO: [ view_filter ] --START--
INFO: Run Behavior\WriteHtmlCacheBehavior [ RunTime:0.000000s ]
INFO: [ view_filter ] --END-- [ RunTime:0.000000s ]
INFO: [ app_end ] --START--
INFO: Run Behavior\ShowPageTraceBehavior [ RunTime:0.001000s ]
INFO: [ app_end ] --END-- [ RunTime:0.001000s ]

[ 2018-10-30T14:19:58+08:00 ] 127.0.0.1 /index.php/Zyly/Address/edit_address.html?uid=1&type=1&goods_id=288&buy_num=1
NOTIC: [8] Use of undefined constant SHOW_PAGE_TRACE - assumed 'SHOW_PAGE_TRACE' E:\www\tour\Application\Common\Conf\debug.php 第 4 行.
INFO: [ app_init ] --START--
INFO: Run Behavior\BuildLiteBehavior [ RunTime:0.000000s ]
INFO: [ app_init ] --END-- [ RunTime:0.000000s ]
INFO: [ app_begin ] --START--
INFO: Run Behavior\ReadHtmlCacheBehavior [ RunTime:0.000000s ]
INFO: [ app_begin ] --END-- [ RunTime:0.000000s ]
SQL: SHOW COLUMNS FROM `lr_wechat_config` [ RunTime:0.0080s ]
SQL: SELECT * FROM `lr_wechat_config` WHERE `id` = 1 LIMIT 1   [ RunTime:0.0010s ]
SQL: SELECT * FROM `lr_wechat_config` WHERE `id` = 1 LIMIT 1   [ RunTime:0.0020s ]
NOTIC: [8] Undefined variable: admin_id E:\www\tour\Application\Zyly\Controller\AddressController.class.php 第 32 行.
SQL: SHOW COLUMNS FROM `lr_address` [ RunTime:0.0070s ]
SQL: SELECT * FROM `lr_address` WHERE `id` = 0 LIMIT 1   [ RunTime:0.0010s ]
INFO: [ view_parse ] --START--
INFO: [ template_filter ] --START--
INFO: Run Behavior\ContentReplaceBehavior [ RunTime:0.000000s ]
INFO: [ template_filter ] --END-- [ RunTime:0.000000s ]
INFO: Run Behavior\ParseTemplateBehavior [ RunTime:0.004000s ]
INFO: [ view_parse ] --END-- [ RunTime:0.004000s ]
INFO: [ view_filter ] --START--
INFO: Run Behavior\WriteHtmlCacheBehavior [ RunTime:0.000000s ]
INFO: [ view_filter ] --END-- [ RunTime:0.000000s ]
INFO: [ app_end ] --START--
INFO: Run Behavior\ShowPageTraceBehavior [ RunTime:0.001000s ]
INFO: [ app_end ] --END-- [ RunTime:0.001000s ]

[ 2018-10-30T14:19:58+08:00 ] 127.0.0.1 /index.php/Zyly/Address/selectConsignee.html?uid=1&goods_id=288&buy_num=1
NOTIC: [8] Use of undefined constant SHOW_PAGE_TRACE - assumed 'SHOW_PAGE_TRACE' E:\www\tour\Application\Common\Conf\debug.php 第 4 行.
INFO: [ app_init ] --START--
INFO: Run Behavior\BuildLiteBehavior [ RunTime:0.000000s ]
INFO: [ app_init ] --END-- [ RunTime:0.000000s ]
INFO: [ app_begin ] --START--
INFO: Run Behavior\ReadHtmlCacheBehavior [ RunTime:0.000000s ]
INFO: [ app_begin ] --END-- [ RunTime:0.000000s ]
SQL: SHOW COLUMNS FROM `lr_wechat_config` [ RunTime:0.0050s ]
SQL: SELECT * FROM `lr_wechat_config` WHERE `id` = 1 LIMIT 1   [ RunTime:0.0010s ]
SQL: SELECT * FROM `lr_wechat_config` WHERE `id` = 1 LIMIT 1   [ RunTime:0.0010s ]
NOTIC: [8] Undefined variable: admin_id E:\www\tour\Application\Zyly\Controller\AddressController.class.php 第 32 行.
SQL: SHOW COLUMNS FROM `lr_address` [ RunTime:0.0040s ]
SQL: SELECT * FROM `lr_address` WHERE `uid` = 1 ORDER BY is_default desc  [ RunTime:0.0010s ]
INFO: [ view_parse ] --START--
INFO: [ template_filter ] --START--
INFO: Run Behavior\ContentReplaceBehavior [ RunTime:0.000000s ]
INFO: [ template_filter ] --END-- [ RunTime:0.000000s ]
INFO: Run Behavior\ParseTemplateBehavior [ RunTime:0.006001s ]
INFO: [ view_parse ] --END-- [ RunTime:0.006001s ]
INFO: [ view_filter ] --START--
INFO: Run Behavior\WriteHtmlCacheBehavior [ RunTime:0.000000s ]
INFO: [ view_filter ] --END-- [ RunTime:0.000000s ]
INFO: [ app_end ] --START--
INFO: Run Behavior\ShowPageTraceBehavior [ RunTime:0.001000s ]
INFO: [ app_end ] --END-- [ RunTime:0.001000s ]

[ 2018-10-30T14:19:59+08:00 ] 127.0.0.1 /index.php/Zyly/Goods/writeOrder.html?add_id=32&goods_id=288&buy_num=1
NOTIC: [8] Use of undefined constant SHOW_PAGE_TRACE - assumed 'SHOW_PAGE_TRACE' E:\www\tour\Application\Common\Conf\debug.php 第 4 行.
INFO: [ app_init ] --START--
INFO: Run Behavior\BuildLiteBehavior [ RunTime:0.000000s ]
INFO: [ app_init ] --END-- [ RunTime:0.000000s ]
INFO: [ app_begin ] --START--
INFO: Run Behavior\ReadHtmlCacheBehavior [ RunTime:0.001000s ]
INFO: [ app_begin ] --END-- [ RunTime:0.001000s ]
SQL: SHOW COLUMNS FROM `lr_wechat_config` [ RunTime:0.0080s ]
SQL: SELECT * FROM `lr_wechat_config` WHERE `id` = 1 LIMIT 1   [ RunTime:0.0010s ]
SQL: SELECT * FROM `lr_wechat_config` WHERE `id` = 1 LIMIT 1   [ RunTime:0.0010s ]
NOTIC: [8] Undefined variable: admin_id E:\www\tour\Application\Zyly\Controller\GoodsController.class.php 第 33 行.
NOTIC: [8] Undefined offset: 1 E:\www\tour\Application\Zyly\Controller\GoodsController.class.php 第 40 行.
SQL: SHOW COLUMNS FROM `lr_user` [ RunTime:0.0090s ]
SQL: SELECT * FROM `lr_user` WHERE `id` = 1 LIMIT 1   [ RunTime:0.0010s ]
SQL: SHOW COLUMNS FROM `lr_product` [ RunTime:0.0070s ]
SQL: SELECT `id`,`name`,`photo_x`,`price` FROM `lr_product` WHERE `id` = 288 LIMIT 1   [ RunTime:0.0000s ]
SQL: SHOW COLUMNS FROM `lr_address` [ RunTime:0.0060s ]
SQL: SELECT * FROM `lr_address` WHERE `id` = 32 LIMIT 1   [ RunTime:0.0010s ]
INFO: [ view_parse ] --START--
INFO: [ template_filter ] --START--
INFO: Run Behavior\ContentReplaceBehavior [ RunTime:0.000000s ]
INFO: [ template_filter ] --END-- [ RunTime:0.001000s ]
INFO: Run Behavior\ParseTemplateBehavior [ RunTime:0.009001s ]
INFO: [ view_parse ] --END-- [ RunTime:0.009001s ]
INFO: [ view_filter ] --START--
INFO: Run Behavior\WriteHtmlCacheBehavior [ RunTime:0.001000s ]
INFO: [ view_filter ] --END-- [ RunTime:0.001000s ]
INFO: [ app_end ] --START--
INFO: Run Behavior\ShowPageTraceBehavior [ RunTime:0.000000s ]
INFO: [ app_end ] --END-- [ RunTime:0.001000s ]

[ 2018-10-30T14:20:00+08:00 ] 127.0.0.1 /index.php/Zyly/Address/selectConsignee.html?uid=1&goods_id=288&buy_num=1
NOTIC: [8] Use of undefined constant SHOW_PAGE_TRACE - assumed 'SHOW_PAGE_TRACE' E:\www\tour\Application\Common\Conf\debug.php 第 4 行.
INFO: [ app_init ] --START--
INFO: Run Behavior\BuildLiteBehavior [ RunTime:0.001000s ]
INFO: [ app_init ] --END-- [ RunTime:0.001000s ]
INFO: [ app_begin ] --START--
INFO: Run Behavior\ReadHtmlCacheBehavior [ RunTime:0.000000s ]
INFO: [ app_begin ] --END-- [ RunTime:0.000000s ]
SQL: SHOW COLUMNS FROM `lr_wechat_config` [ RunTime:0.0070s ]
SQL: SELECT * FROM `lr_wechat_config` WHERE `id` = 1 LIMIT 1   [ RunTime:0.0010s ]
SQL: SELECT * FROM `lr_wechat_config` WHERE `id` = 1 LIMIT 1   [ RunTime:0.0010s ]
NOTIC: [8] Undefined variable: admin_id E:\www\tour\Application\Zyly\Controller\AddressController.class.php 第 32 行.
SQL: SHOW COLUMNS FROM `lr_address` [ RunTime:0.0080s ]
SQL: SELECT * FROM `lr_address` WHERE `uid` = 1 ORDER BY is_default desc  [ RunTime:0.0010s ]
INFO: [ view_parse ] --START--
INFO: [ template_filter ] --START--
INFO: Run Behavior\ContentReplaceBehavior [ RunTime:0.000000s ]
INFO: [ template_filter ] --END-- [ RunTime:0.000000s ]
INFO: Run Behavior\ParseTemplateBehavior [ RunTime:0.005000s ]
INFO: [ view_parse ] --END-- [ RunTime:0.005000s ]
INFO: [ view_filter ] --START--
INFO: Run Behavior\WriteHtmlCacheBehavior [ RunTime:0.000000s ]
INFO: [ view_filter ] --END-- [ RunTime:0.000000s ]
INFO: [ app_end ] --START--
INFO: Run Behavior\ShowPageTraceBehavior [ RunTime:0.000000s ]
INFO: [ app_end ] --END-- [ RunTime:0.000000s ]

[ 2018-10-30T14:20:01+08:00 ] 127.0.0.1 /index.php/Zyly/Goods/writeOrder.html?add_id=32&goods_id=288&buy_num=1
NOTIC: [8] Use of undefined constant SHOW_PAGE_TRACE - assumed 'SHOW_PAGE_TRACE' E:\www\tour\Application\Common\Conf\debug.php 第 4 行.
INFO: [ app_init ] --START--
INFO: Run Behavior\BuildLiteBehavior [ RunTime:0.000000s ]
INFO: [ app_init ] --END-- [ RunTime:0.000000s ]
INFO: [ app_begin ] --START--
INFO: Run Behavior\ReadHtmlCacheBehavior [ RunTime:0.000000s ]
INFO: [ app_begin ] --END-- [ RunTime:0.000000s ]
SQL: SHOW COLUMNS FROM `lr_wechat_config` [ RunTime:0.0080s ]
SQL: SELECT * FROM `lr_wechat_config` WHERE `id` = 1 LIMIT 1   [ RunTime:0.0020s ]
SQL: SELECT * FROM `lr_wechat_config` WHERE `id` = 1 LIMIT 1   [ RunTime:0.0010s ]
NOTIC: [8] Undefined variable: admin_id E:\www\tour\Application\Zyly\Controller\GoodsController.class.php 第 33 行.
NOTIC: [8] Undefined offset: 1 E:\www\tour\Application\Zyly\Controller\GoodsController.class.php 第 40 行.
SQL: SHOW COLUMNS FROM `lr_user` [ RunTime:0.0090s ]
SQL: SELECT * FROM `lr_user` WHERE `id` = 1 LIMIT 1   [ RunTime:0.0010s ]
SQL: SHOW COLUMNS FROM `lr_product` [ RunTime:0.0060s ]
SQL: SELECT `id`,`name`,`photo_x`,`price` FROM `lr_product` WHERE `id` = 288 LIMIT 1   [ RunTime:0.0010s ]
SQL: SHOW COLUMNS FROM `lr_address` [ RunTime:0.0050s ]
SQL: SELECT * FROM `lr_address` WHERE `id` = 32 LIMIT 1   [ RunTime:0.0000s ]
INFO: [ view_parse ] --START--
INFO: [ template_filter ] --START--
INFO: Run Behavior\ContentReplaceBehavior [ RunTime:0.000000s ]
INFO: [ template_filter ] --END-- [ RunTime:0.000000s ]
INFO: Run Behavior\ParseTemplateBehavior [ RunTime:0.007001s ]
INFO: [ view_parse ] --END-- [ RunTime:0.007001s ]
INFO: [ view_filter ] --START--
INFO: Run Behavior\WriteHtmlCacheBehavior [ RunTime:0.001000s ]
INFO: [ view_filter ] --END-- [ RunTime:0.001000s ]
INFO: [ app_end ] --START--
INFO: Run Behavior\ShowPageTraceBehavior [ RunTime:0.000000s ]
INFO: [ app_end ] --END-- [ RunTime:0.000000s ]

[ 2018-10-30T14:20:03+08:00 ] 127.0.0.1 /index.php/Zyly/Goods/writeOrder.html?add_id=32&goods_id=288&buy_num=1
NOTIC: [8] Use of undefined constant SHOW_PAGE_TRACE - assumed 'SHOW_PAGE_TRACE' E:\www\tour\Application\Common\Conf\debug.php 第 4 行.
INFO: [ app_init ] --START--
INFO: Run Behavior\BuildLiteBehavior [ RunTime:0.000000s ]
INFO: [ app_init ] --END-- [ RunTime:0.000000s ]
INFO: [ app_begin ] --START--
INFO: Run Behavior\ReadHtmlCacheBehavior [ RunTime:0.000000s ]
INFO: [ app_begin ] --END-- [ RunTime:0.000000s ]
SQL: SHOW COLUMNS FROM `lr_wechat_config` [ RunTime:0.0080s ]
SQL: SELECT * FROM `lr_wechat_config` WHERE `id` = 1 LIMIT 1   [ RunTime:0.0020s ]
SQL: SELECT * FROM `lr_wechat_config` WHERE `id` = 1 LIMIT 1   [ RunTime:0.0010s ]
NOTIC: [8] Undefined variable: admin_id E:\www\tour\Application\Zyly\Controller\GoodsController.class.php 第 33 行.
NOTIC: [8] Undefined offset: 1 E:\www\tour\Application\Zyly\Controller\GoodsController.class.php 第 40 行.
SQL: SHOW COLUMNS FROM `lr_user` [ RunTime:0.0080s ]
SQL: SELECT * FROM `lr_user` WHERE `id` = 1 LIMIT 1   [ RunTime:0.0020s ]
SQL: SHOW COLUMNS FROM `lr_product` [ RunTime:0.0080s ]
SQL: SELECT `id`,`name`,`photo_x`,`price` FROM `lr_product` WHERE `id` = 288 LIMIT 1   [ RunTime:0.0020s ]
SQL: SHOW COLUMNS FROM `lr_address` [ RunTime:0.0080s ]
SQL: SELECT * FROM `lr_address` WHERE `id` = 32 LIMIT 1   [ RunTime:0.0010s ]
INFO: [ view_parse ] --START--
INFO: [ template_filter ] --START--
INFO: Run Behavior\ContentReplaceBehavior [ RunTime:0.001000s ]
INFO: [ template_filter ] --END-- [ RunTime:0.001000s ]
INFO: Run Behavior\ParseTemplateBehavior [ RunTime:0.008000s ]
INFO: [ view_parse ] --END-- [ RunTime:0.008000s ]
INFO: [ view_filter ] --START--
INFO: Run Behavior\WriteHtmlCacheBehavior [ RunTime:0.001000s ]
INFO: [ view_filter ] --END-- [ RunTime:0.001000s ]
INFO: [ app_end ] --START--
INFO: Run Behavior\ShowPageTraceBehavior [ RunTime:0.000000s ]
INFO: [ app_end ] --END-- [ RunTime:0.000000s ]

[ 2018-10-30T14:28:29+08:00 ] 127.0.0.1 /index.php/Zyly/Address/selectConsignee.html?uid=1&goods_id=288&buy_num=1
NOTIC: [8] Use of undefined constant SHOW_PAGE_TRACE - assumed 'SHOW_PAGE_TRACE' E:\www\tour\Application\Common\Conf\debug.php 第 4 行.
INFO: [ app_init ] --START--
INFO: Run Behavior\BuildLiteBehavior [ RunTime:0.000000s ]
INFO: [ app_init ] --END-- [ RunTime:0.000000s ]
INFO: [ app_begin ] --START--
INFO: Run Behavior\ReadHtmlCacheBehavior [ RunTime:0.000000s ]
INFO: [ app_begin ] --END-- [ RunTime:0.000000s ]
SQL: SHOW COLUMNS FROM `lr_wechat_config` [ RunTime:0.0080s ]
SQL: SELECT * FROM `lr_wechat_config` WHERE `id` = 1 LIMIT 1   [ RunTime:0.0010s ]
SQL: SELECT * FROM `lr_wechat_config` WHERE `id` = 1 LIMIT 1   [ RunTime:0.0010s ]
NOTIC: [8] Undefined variable: admin_id E:\www\tour\Application\Zyly\Controller\AddressController.class.php 第 32 行.
SQL: SHOW COLUMNS FROM `lr_address` [ RunTime:0.0040s ]
SQL: SELECT * FROM `lr_address` WHERE `uid` = 1 ORDER BY is_default desc  [ RunTime:0.0010s ]
INFO: [ view_parse ] --START--
INFO: [ template_filter ] --START--
INFO: Run Behavior\ContentReplaceBehavior [ RunTime:0.000000s ]
INFO: [ template_filter ] --END-- [ RunTime:0.000000s ]
INFO: Run Behavior\ParseTemplateBehavior [ RunTime:0.013001s ]
INFO: [ view_parse ] --END-- [ RunTime:0.013001s ]
INFO: [ view_filter ] --START--
INFO: Run Behavior\WriteHtmlCacheBehavior [ RunTime:0.000000s ]
INFO: [ view_filter ] --END-- [ RunTime:0.000000s ]
INFO: [ app_end ] --START--
INFO: Run Behavior\ShowPageTraceBehavior [ RunTime:0.001000s ]
INFO: [ app_end ] --END-- [ RunTime:0.001000s ]

[ 2018-10-30T14:28:30+08:00 ] 127.0.0.1 /index.php/Zyly/Goods/writeOrder.html?goods_id=288&buy_num=1
NOTIC: [8] Use of undefined constant SHOW_PAGE_TRACE - assumed 'SHOW_PAGE_TRACE' E:\www\tour\Application\Common\Conf\debug.php 第 4 行.
INFO: [ app_init ] --START--
INFO: Run Behavior\BuildLiteBehavior [ RunTime:0.000000s ]
INFO: [ app_init ] --END-- [ RunTime:0.000000s ]
INFO: [ app_begin ] --START--
INFO: Run Behavior\ReadHtmlCacheBehavior [ RunTime:0.000000s ]
INFO: [ app_begin ] --END-- [ RunTime:0.000000s ]
SQL: SHOW COLUMNS FROM `lr_wechat_config` [ RunTime:0.0020s ]
SQL: SELECT * FROM `lr_wechat_config` WHERE `id` = 1 LIMIT 1   [ RunTime:0.0000s ]
SQL: SELECT * FROM `lr_wechat_config` WHERE `id` = 1 LIMIT 1   [ RunTime:0.0010s ]
NOTIC: [8] Undefined variable: admin_id E:\www\tour\Application\Zyly\Controller\GoodsController.class.php 第 33 行.
NOTIC: [8] Undefined offset: 1 E:\www\tour\Application\Zyly\Controller\GoodsController.class.php 第 40 行.
SQL: SHOW COLUMNS FROM `lr_user` [ RunTime:0.0030s ]
SQL: SELECT * FROM `lr_user` WHERE `id` = 1 LIMIT 1   [ RunTime:0.0010s ]
SQL: SHOW COLUMNS FROM `lr_product` [ RunTime:0.0030s ]
SQL: SELECT `id`,`name`,`photo_x`,`price` FROM `lr_product` WHERE `id` = 288 LIMIT 1   [ RunTime:0.0000s ]
SQL: SHOW COLUMNS FROM `lr_address` [ RunTime:0.0020s ]
SQL: SELECT * FROM `lr_address` WHERE `uid` = 1 AND `is_default` = 1 LIMIT 1   [ RunTime:0.0010s ]
INFO: [ view_parse ] --START--
INFO: [ template_filter ] --START--
INFO: Run Behavior\ContentReplaceBehavior [ RunTime:0.000000s ]
INFO: [ template_filter ] --END-- [ RunTime:0.000000s ]
NOTIC: [8] Undefined index: name E:\www\tour\Application\Runtime\Cache\Zyly\ef4b14f71bc8c73bec77c45dc7f2b599.php 第 19 行.
NOTIC: [8] Undefined index: tel E:\www\tour\Application\Runtime\Cache\Zyly\ef4b14f71bc8c73bec77c45dc7f2b599.php 第 20 行.
NOTIC: [8] Undefined index: address_xq E:\www\tour\Application\Runtime\Cache\Zyly\ef4b14f71bc8c73bec77c45dc7f2b599.php 第 24 行.
NOTIC: [8] Undefined index: address E:\www\tour\Application\Runtime\Cache\Zyly\ef4b14f71bc8c73bec77c45dc7f2b599.php 第 27 行.
INFO: Run Behavior\ParseTemplateBehavior [ RunTime:0.005000s ]
INFO: [ view_parse ] --END-- [ RunTime:0.005000s ]
INFO: [ view_filter ] --START--
INFO: Run Behavior\WriteHtmlCacheBehavior [ RunTime:0.000000s ]
INFO: [ view_filter ] --END-- [ RunTime:0.000000s ]
INFO: [ app_end ] --START--
INFO: Run Behavior\ShowPageTraceBehavior [ RunTime:0.000000s ]
INFO: [ app_end ] --END-- [ RunTime:0.000000s ]

[ 2018-10-30T14:28:31+08:00 ] 127.0.0.1 /index.php/Zyly/Goods/writeOrder.html?goods_id=288&buy_num=1
NOTIC: [8] Use of undefined constant SHOW_PAGE_TRACE - assumed 'SHOW_PAGE_TRACE' E:\www\tour\Application\Common\Conf\debug.php 第 4 行.
INFO: [ app_init ] --START--
INFO: Run Behavior\BuildLiteBehavior [ RunTime:0.000000s ]
INFO: [ app_init ] --END-- [ RunTime:0.000000s ]
INFO: [ app_begin ] --START--
INFO: Run Behavior\ReadHtmlCacheBehavior [ RunTime:0.000000s ]
INFO: [ app_begin ] --END-- [ RunTime:0.000000s ]
SQL: SHOW COLUMNS FROM `lr_wechat_config` [ RunTime:0.0030s ]
SQL: SELECT * FROM `lr_wechat_config` WHERE `id` = 1 LIMIT 1   [ RunTime:0.0010s ]
SQL: SELECT * FROM `lr_wechat_config` WHERE `id` = 1 LIMIT 1   [ RunTime:0.0320s ]
NOTIC: [8] Undefined variable: admin_id E:\www\tour\Application\Zyly\Controller\GoodsController.class.php 第 33 行.
NOTIC: [8] Undefined offset: 1 E:\www\tour\Application\Zyly\Controller\GoodsController.class.php 第 40 行.
SQL: SHOW COLUMNS FROM `lr_user` [ RunTime:0.0050s ]
SQL: SELECT * FROM `lr_user` WHERE `id` = 1 LIMIT 1   [ RunTime:0.0260s ]
SQL: SHOW COLUMNS FROM `lr_product` [ RunTime:0.0050s ]
SQL: SELECT `id`,`name`,`photo_x`,`price` FROM `lr_product` WHERE `id` = 288 LIMIT 1   [ RunTime:0.0010s ]
SQL: SHOW COLUMNS FROM `lr_address` [ RunTime:0.0020s ]
SQL: SELECT * FROM `lr_address` WHERE `uid` = 1 AND `is_default` = 1 LIMIT 1   [ RunTime:0.0000s ]
INFO: [ view_parse ] --START--
INFO: [ template_filter ] --START--
INFO: Run Behavior\ContentReplaceBehavior [ RunTime:0.000000s ]
INFO: [ template_filter ] --END-- [ RunTime:0.000000s ]
NOTIC: [8] Undefined index: name E:\www\tour\Application\Runtime\Cache\Zyly\ef4b14f71bc8c73bec77c45dc7f2b599.php 第 19 行.
NOTIC: [8] Undefined index: tel E:\www\tour\Application\Runtime\Cache\Zyly\ef4b14f71bc8c73bec77c45dc7f2b599.php 第 20 行.
NOTIC: [8] Undefined index: address_xq E:\www\tour\Application\Runtime\Cache\Zyly\ef4b14f71bc8c73bec77c45dc7f2b599.php 第 24 行.
NOTIC: [8] Undefined index: address E:\www\tour\Application\Runtime\Cache\Zyly\ef4b14f71bc8c73bec77c45dc7f2b599.php 第 27 行.
INFO: Run Behavior\ParseTemplateBehavior [ RunTime:0.006000s ]
INFO: [ view_parse ] --END-- [ RunTime:0.006000s ]
INFO: [ view_filter ] --START--
INFO: Run Behavior\WriteHtmlCacheBehavior [ RunTime:0.000000s ]
INFO: [ view_filter ] --END-- [ RunTime:0.000000s ]
INFO: [ app_end ] --START--
INFO: Run Behavior\ShowPageTraceBehavior [ RunTime:0.000000s ]
INFO: [ app_end ] --END-- [ RunTime:0.000000s ]

[ 2018-10-30T14:28:32+08:00 ] 127.0.0.1 /index.php/Zyly/Address/selectConsignee.html?uid=1&goods_id=288&buy_num=1
NOTIC: [8] Use of undefined constant SHOW_PAGE_TRACE - assumed 'SHOW_PAGE_TRACE' E:\www\tour\Application\Common\Conf\debug.php 第 4 行.
INFO: [ app_init ] --START--
INFO: Run Behavior\BuildLiteBehavior [ RunTime:0.000000s ]
INFO: [ app_init ] --END-- [ RunTime:0.000000s ]
INFO: [ app_begin ] --START--
INFO: Run Behavior\ReadHtmlCacheBehavior [ RunTime:0.001000s ]
INFO: [ app_begin ] --END-- [ RunTime:0.001000s ]
SQL: SHOW COLUMNS FROM `lr_wechat_config` [ RunTime:0.0070s ]
SQL: SELECT * FROM `lr_wechat_config` WHERE `id` = 1 LIMIT 1   [ RunTime:0.0010s ]
SQL: SELECT * FROM `lr_wechat_config` WHERE `id` = 1 LIMIT 1   [ RunTime:0.0010s ]
NOTIC: [8] Undefined variable: admin_id E:\www\tour\Application\Zyly\Controller\AddressController.class.php 第 32 行.
SQL: SHOW COLUMNS FROM `lr_address` [ RunTime:0.0050s ]
SQL: SELECT * FROM `lr_address` WHERE `uid` = 1 ORDER BY is_default desc  [ RunTime:0.0080s ]
INFO: [ view_parse ] --START--
INFO: [ template_filter ] --START--
INFO: Run Behavior\ContentReplaceBehavior [ RunTime:0.001000s ]
INFO: [ template_filter ] --END-- [ RunTime:0.001000s ]
INFO: Run Behavior\ParseTemplateBehavior [ RunTime:0.005000s ]
INFO: [ view_parse ] --END-- [ RunTime:0.005000s ]
INFO: [ view_filter ] --START--
INFO: Run Behavior\WriteHtmlCacheBehavior [ RunTime:0.000000s ]
INFO: [ view_filter ] --END-- [ RunTime:0.000000s ]
INFO: [ app_end ] --START--
INFO: Run Behavior\ShowPageTraceBehavior [ RunTime:0.001001s ]
INFO: [ app_end ] --END-- [ RunTime:0.001001s ]

[ 2018-10-30T14:28:34+08:00 ] 127.0.0.1 /index.php/Zyly/Address/edit_address.html?uid=1&type=1&goods_id=288&buy_num=1
NOTIC: [8] Use of undefined constant SHOW_PAGE_TRACE - assumed 'SHOW_PAGE_TRACE' E:\www\tour\Application\Common\Conf\debug.php 第 4 行.
INFO: [ app_init ] --START--
INFO: Run Behavior\BuildLiteBehavior [ RunTime:0.000000s ]
INFO: [ app_init ] --END-- [ RunTime:0.000000s ]
INFO: [ app_begin ] --START--
INFO: Run Behavior\ReadHtmlCacheBehavior [ RunTime:0.001000s ]
INFO: [ app_begin ] --END-- [ RunTime:0.001000s ]
SQL: SHOW COLUMNS FROM `lr_wechat_config` [ RunTime:0.0020s ]
SQL: SELECT * FROM `lr_wechat_config` WHERE `id` = 1 LIMIT 1   [ RunTime:0.0010s ]
SQL: SELECT * FROM `lr_wechat_config` WHERE `id` = 1 LIMIT 1   [ RunTime:0.0010s ]
NOTIC: [8] Undefined variable: admin_id E:\www\tour\Application\Zyly\Controller\AddressController.class.php 第 32 行.
SQL: SHOW COLUMNS FROM `lr_address` [ RunTime:0.0030s ]
SQL: SELECT * FROM `lr_address` WHERE `id` = 0 LIMIT 1   [ RunTime:0.0010s ]
INFO: [ view_parse ] --START--
INFO: [ template_filter ] --START--
INFO: Run Behavior\ContentReplaceBehavior [ RunTime:0.000000s ]
INFO: [ template_filter ] --END-- [ RunTime:0.000000s ]
INFO: Run Behavior\ParseTemplateBehavior [ RunTime:0.004001s ]
INFO: [ view_parse ] --END-- [ RunTime:0.004001s ]
INFO: [ view_filter ] --START--
INFO: Run Behavior\WriteHtmlCacheBehavior [ RunTime:0.001000s ]
INFO: [ view_filter ] --END-- [ RunTime:0.001000s ]
INFO: [ app_end ] --START--
INFO: Run Behavior\ShowPageTraceBehavior [ RunTime:0.000000s ]
INFO: [ app_end ] --END-- [ RunTime:0.000000s ]

[ 2018-10-30T14:28:45+08:00 ] 127.0.0.1 /index.php/Zyly/Address/edit_address.html
NOTIC: [8] Use of undefined constant SHOW_PAGE_TRACE - assumed 'SHOW_PAGE_TRACE' E:\www\tour\Application\Common\Conf\debug.php 第 4 行.
INFO: [ app_init ] --START--
INFO: Run Behavior\BuildLiteBehavior [ RunTime:0.000000s ]
INFO: [ app_init ] --END-- [ RunTime:0.000000s ]
INFO: [ app_begin ] --START--
INFO: Run Behavior\ReadHtmlCacheBehavior [ RunTime:0.000000s ]
INFO: [ app_begin ] --END-- [ RunTime:0.000000s ]
SQL: SHOW COLUMNS FROM `lr_wechat_config` [ RunTime:0.0080s ]
SQL: SELECT * FROM `lr_wechat_config` WHERE `id` = 1 LIMIT 1   [ RunTime:0.0020s ]
SQL: SELECT * FROM `lr_wechat_config` WHERE `id` = 1 LIMIT 1   [ RunTime:0.0010s ]
NOTIC: [8] Undefined variable: admin_id E:\www\tour\Application\Zyly\Controller\AddressController.class.php 第 32 行.
NOTIC: [8] Undefined index: is_default E:\www\tour\Application\Zyly\Controller\AddressController.class.php 第 125 行.
SQL: SHOW COLUMNS FROM `lr_address` [ RunTime:0.0070s ]
SQL: INSERT INTO `lr_address` (`name`,`tel`,`code`,`address`,`id`,`uid`,`is_default`,`address_xq`,`add_time`) VALUES ('1 ','2 12','12','21 ','0','1','0','北京市 东城区 21 ','2018-10-30 14:28:45') [ RunTime:0.0010s ]
INFO: [ app_end ] --START--
INFO: Run Behavior\ShowPageTraceBehavior [ RunTime:0.000000s ]
INFO: [ app_end ] --END-- [ RunTime:0.000000s ]

[ 2018-10-30T14:28:45+08:00 ] 127.0.0.1 /Zyly/Address/selectConsignee?add_id=34&goods_id=288&buy_num=1
NOTIC: [8] Use of undefined constant SHOW_PAGE_TRACE - assumed 'SHOW_PAGE_TRACE' E:\www\tour\Application\Common\Conf\debug.php 第 4 行.
INFO: [ app_init ] --START--
INFO: Run Behavior\BuildLiteBehavior [ RunTime:0.000000s ]
INFO: [ app_init ] --END-- [ RunTime:0.000000s ]
INFO: [ app_begin ] --START--
INFO: Run Behavior\ReadHtmlCacheBehavior [ RunTime:0.000000s ]
INFO: [ app_begin ] --END-- [ RunTime:0.000000s ]
SQL: SHOW COLUMNS FROM `lr_wechat_config` [ RunTime:0.0070s ]
SQL: SELECT * FROM `lr_wechat_config` WHERE `id` = 1 LIMIT 1   [ RunTime:0.0020s ]
SQL: SELECT * FROM `lr_wechat_config` WHERE `id` = 1 LIMIT 1   [ RunTime:0.0010s ]
NOTIC: [8] Undefined variable: admin_id E:\www\tour\Application\Zyly\Controller\AddressController.class.php 第 32 行.
SQL: SHOW COLUMNS FROM `lr_address` [ RunTime:0.0070s ]
SQL: SELECT * FROM `lr_address` WHERE `uid` = 1 ORDER BY is_default desc  [ RunTime:0.0010s ]
INFO: [ view_parse ] --START--
INFO: [ template_filter ] --START--
INFO: Run Behavior\ContentReplaceBehavior [ RunTime:0.000000s ]
INFO: [ template_filter ] --END-- [ RunTime:0.000000s ]
INFO: Run Behavior\ParseTemplateBehavior [ RunTime:0.009000s ]
INFO: [ view_parse ] --END-- [ RunTime:0.009000s ]
INFO: [ view_filter ] --START--
INFO: Run Behavior\WriteHtmlCacheBehavior [ RunTime:0.000000s ]
INFO: [ view_filter ] --END-- [ RunTime:0.000000s ]
INFO: [ app_end ] --START--
INFO: Run Behavior\ShowPageTraceBehavior [ RunTime:0.001000s ]
INFO: [ app_end ] --END-- [ RunTime:0.001000s ]

[ 2018-10-30T14:29:01+08:00 ] 127.0.0.1 /index.php/Zyly/Address/edit_address.html?uid=1&type=1&goods_id=288&buy_num=1
NOTIC: [8] Use of undefined constant SHOW_PAGE_TRACE - assumed 'SHOW_PAGE_TRACE' E:\www\tour\Application\Common\Conf\debug.php 第 4 行.
INFO: [ app_init ] --START--
INFO: Run Behavior\BuildLiteBehavior [ RunTime:0.000000s ]
INFO: [ app_init ] --END-- [ RunTime:0.000000s ]
INFO: [ app_begin ] --START--
INFO: Run Behavior\ReadHtmlCacheBehavior [ RunTime:0.001000s ]
INFO: [ app_begin ] --END-- [ RunTime:0.001000s ]
SQL: SHOW COLUMNS FROM `lr_wechat_config` [ RunTime:0.0080s ]
SQL: SELECT * FROM `lr_wechat_config` WHERE `id` = 1 LIMIT 1   [ RunTime:0.0020s ]
SQL: SELECT * FROM `lr_wechat_config` WHERE `id` = 1 LIMIT 1   [ RunTime:0.0010s ]
NOTIC: [8] Undefined variable: admin_id E:\www\tour\Application\Zyly\Controller\AddressController.class.php 第 32 行.
SQL: SHOW COLUMNS FROM `lr_address` [ RunTime:0.0080s ]
SQL: SELECT * FROM `lr_address` WHERE `id` = 0 LIMIT 1   [ RunTime:0.0010s ]
INFO: [ view_parse ] --START--
INFO: [ template_filter ] --START--
INFO: Run Behavior\ContentReplaceBehavior [ RunTime:0.000000s ]
INFO: [ template_filter ] --END-- [ RunTime:0.000000s ]
INFO: Run Behavior\ParseTemplateBehavior [ RunTime:0.005000s ]
INFO: [ view_parse ] --END-- [ RunTime:0.005000s ]
INFO: [ view_filter ] --START--
INFO: Run Behavior\WriteHtmlCacheBehavior [ RunTime:0.000000s ]
INFO: [ view_filter ] --END-- [ RunTime:0.000000s ]
INFO: [ app_end ] --START--
INFO: Run Behavior\ShowPageTraceBehavior [ RunTime:0.000000s ]
INFO: [ app_end ] --END-- [ RunTime:0.000000s ]

[ 2018-10-30T14:29:02+08:00 ] 127.0.0.1 /index.php/Zyly/Address/selectConsignee.html?uid=1&goods_id=288&buy_num=1
NOTIC: [8] Use of undefined constant SHOW_PAGE_TRACE - assumed 'SHOW_PAGE_TRACE' E:\www\tour\Application\Common\Conf\debug.php 第 4 行.
INFO: [ app_init ] --START--
INFO: Run Behavior\BuildLiteBehavior [ RunTime:0.000000s ]
INFO: [ app_init ] --END-- [ RunTime:0.000000s ]
INFO: [ app_begin ] --START--
INFO: Run Behavior\ReadHtmlCacheBehavior [ RunTime:0.001000s ]
INFO: [ app_begin ] --END-- [ RunTime:0.001000s ]
SQL: SHOW COLUMNS FROM `lr_wechat_config` [ RunTime:0.0020s ]
SQL: SELECT * FROM `lr_wechat_config` WHERE `id` = 1 LIMIT 1   [ RunTime:0.0010s ]
SQL: SELECT * FROM `lr_wechat_config` WHERE `id` = 1 LIMIT 1   [ RunTime:0.0010s ]
NOTIC: [8] Undefined variable: admin_id E:\www\tour\Application\Zyly\Controller\AddressController.class.php 第 32 行.
SQL: SHOW COLUMNS FROM `lr_address` [ RunTime:0.0030s ]
SQL: SELECT * FROM `lr_address` WHERE `uid` = 1 ORDER BY is_default desc  [ RunTime:0.0010s ]
INFO: [ view_parse ] --START--
INFO: [ template_filter ] --START--
INFO: Run Behavior\ContentReplaceBehavior [ RunTime:0.000000s ]
INFO: [ template_filter ] --END-- [ RunTime:0.000000s ]
INFO: Run Behavior\ParseTemplateBehavior [ RunTime:0.007000s ]
INFO: [ view_parse ] --END-- [ RunTime:0.007000s ]
INFO: [ view_filter ] --START--
INFO: Run Behavior\WriteHtmlCacheBehavior [ RunTime:0.000000s ]
INFO: [ view_filter ] --END-- [ RunTime:0.000000s ]
INFO: [ app_end ] --START--
INFO: Run Behavior\ShowPageTraceBehavior [ RunTime:0.000000s ]
INFO: [ app_end ] --END-- [ RunTime:0.000000s ]

[ 2018-10-30T14:29:03+08:00 ] 127.0.0.1 /index.php/Zyly/Goods/writeOrder.html?goods_id=288&buy_num=1
NOTIC: [8] Use of undefined constant SHOW_PAGE_TRACE - assumed 'SHOW_PAGE_TRACE' E:\www\tour\Application\Common\Conf\debug.php 第 4 行.
INFO: [ app_init ] --START--
INFO: Run Behavior\BuildLiteBehavior [ RunTime:0.000000s ]
INFO: [ app_init ] --END-- [ RunTime:0.000000s ]
INFO: [ app_begin ] --START--
INFO: Run Behavior\ReadHtmlCacheBehavior [ RunTime:0.001000s ]
INFO: [ app_begin ] --END-- [ RunTime:0.001000s ]
SQL: SHOW COLUMNS FROM `lr_wechat_config` [ RunTime:0.0040s ]
SQL: SELECT * FROM `lr_wechat_config` WHERE `id` = 1 LIMIT 1   [ RunTime:0.0010s ]
SQL: SELECT * FROM `lr_wechat_config` WHERE `id` = 1 LIMIT 1   [ RunTime:0.0010s ]
NOTIC: [8] Undefined variable: admin_id E:\www\tour\Application\Zyly\Controller\GoodsController.class.php 第 33 行.
NOTIC: [8] Undefined offset: 1 E:\www\tour\Application\Zyly\Controller\GoodsController.class.php 第 40 行.
SQL: SHOW COLUMNS FROM `lr_user` [ RunTime:0.0040s ]
SQL: SELECT * FROM `lr_user` WHERE `id` = 1 LIMIT 1   [ RunTime:0.0010s ]
SQL: SHOW COLUMNS FROM `lr_product` [ RunTime:0.0030s ]
SQL: SELECT `id`,`name`,`photo_x`,`price` FROM `lr_product` WHERE `id` = 288 LIMIT 1   [ RunTime:0.0010s ]
SQL: SHOW COLUMNS FROM `lr_address` [ RunTime:0.0020s ]
SQL: SELECT * FROM `lr_address` WHERE `uid` = 1 AND `is_default` = 1 LIMIT 1   [ RunTime:0.0010s ]
INFO: [ view_parse ] --START--
INFO: [ template_filter ] --START--
INFO: Run Behavior\ContentReplaceBehavior [ RunTime:0.000000s ]
INFO: [ template_filter ] --END-- [ RunTime:0.000000s ]
NOTIC: [8] Undefined index: name E:\www\tour\Application\Runtime\Cache\Zyly\ef4b14f71bc8c73bec77c45dc7f2b599.php 第 19 行.
NOTIC: [8] Undefined index: tel E:\www\tour\Application\Runtime\Cache\Zyly\ef4b14f71bc8c73bec77c45dc7f2b599.php 第 20 行.
NOTIC: [8] Undefined index: address_xq E:\www\tour\Application\Runtime\Cache\Zyly\ef4b14f71bc8c73bec77c45dc7f2b599.php 第 24 行.
NOTIC: [8] Undefined index: address E:\www\tour\Application\Runtime\Cache\Zyly\ef4b14f71bc8c73bec77c45dc7f2b599.php 第 27 行.
INFO: Run Behavior\ParseTemplateBehavior [ RunTime:0.005000s ]
INFO: [ view_parse ] --END-- [ RunTime:0.005000s ]
INFO: [ view_filter ] --START--
INFO: Run Behavior\WriteHtmlCacheBehavior [ RunTime:0.000000s ]
INFO: [ view_filter ] --END-- [ RunTime:0.000000s ]
INFO: [ app_end ] --START--
INFO: Run Behavior\ShowPageTraceBehavior [ RunTime:0.000000s ]
INFO: [ app_end ] --END-- [ RunTime:0.000000s ]

[ 2018-10-30T14:29:05+08:00 ] 127.0.0.1 /index.php/Zyly/Goods/detail.html?goods_id=288
NOTIC: [8] Use of undefined constant SHOW_PAGE_TRACE - assumed 'SHOW_PAGE_TRACE' E:\www\tour\Application\Common\Conf\debug.php 第 4 行.
INFO: [ app_init ] --START--
INFO: Run Behavior\BuildLiteBehavior [ RunTime:0.000000s ]
INFO: [ app_init ] --END-- [ RunTime:0.000000s ]
INFO: [ app_begin ] --START--
INFO: Run Behavior\ReadHtmlCacheBehavior [ RunTime:0.000000s ]
INFO: [ app_begin ] --END-- [ RunTime:0.000000s ]
SQL: SHOW COLUMNS FROM `lr_wechat_config` [ RunTime:0.0080s ]
SQL: SELECT * FROM `lr_wechat_config` WHERE `id` = 1 LIMIT 1   [ RunTime:0.0020s ]
SQL: SELECT * FROM `lr_wechat_config` WHERE `id` = 1 LIMIT 1   [ RunTime:0.0010s ]
NOTIC: [8] Undefined variable: admin_id E:\www\tour\Application\Zyly\Controller\GoodsController.class.php 第 33 行.
NOTIC: [8] Undefined offset: 1 E:\www\tour\Application\Zyly\Controller\GoodsController.class.php 第 40 行.
SQL: SHOW COLUMNS FROM `lr_user` [ RunTime:0.0090s ]
SQL: SELECT * FROM `lr_user` WHERE `id` = 1 LIMIT 1   [ RunTime:0.0010s ]
NOTIC: [8] Undefined offset: 1 E:\www\tour\Application\Zyly\Controller\GoodsController.class.php 第 148 行.
SQL: SHOW COLUMNS FROM `lr_product` [ RunTime:0.0090s ]
SQL: SELECT `id`,`name`,`intro`,`photo_x`,`photo_d`,`sort`,`shiyong`,`price`,`photo_string`,`content` FROM `lr_product` WHERE `id` = 288 ORDER BY sort desc LIMIT 1   [ RunTime:0.0030s ]
SQL: SELECT a.name,b.concent,b.addtime,c.uname,c.photo FROM lr_product a LEFT JOIN lr_product_dp b on a.id=b.pid LEFT JOIN lr_user c on b.uid=c.id  WHERE a.id = '288'  [ RunTime:0.0020s ]
SQL: SHOW COLUMNS FROM `lr_product_dp` [ RunTime:0.0080s ]
SQL: SELECT COUNT(*) AS tp_count FROM `lr_product_dp` WHERE `pid` = 288 LIMIT 1   [ RunTime:0.0000s ]
NOTIC: [8] Undefined index: access_token E:\www\tour\Application\Zyly\Model\IndexModel.class.php 第 623 行.
NOTIC: [2] unlink(./Application/Runtime/Temp/access_tokena0435375b666ac71aca0e45ef0012d41.php): No such file or directory E:\www\tour\ThinkPHP\Library\Think\Cache\Driver\File.class.php 第 157 行.
NOTIC: [8] Undefined index: access_token E:\www\tour\Application\Zyly\Model\IndexModel.class.php 第 625 行.
NOTIC: [2] unlink(./Application/Runtime/Temp/access_tokena0435375b666ac71aca0e45ef0012d41.php): No such file or directory E:\www\tour\ThinkPHP\Library\Think\Cache\Driver\File.class.php 第 157 行.
NOTIC: [8] Undefined index: access_token E:\www\tour\Application\Zyly\Model\IndexModel.class.php 第 623 行.
NOTIC: [2] unlink(./Application/Runtime/Temp/access_tokena0435375b666ac71aca0e45ef0012d41.php): No such file or directory E:\www\tour\ThinkPHP\Library\Think\Cache\Driver\File.class.php 第 157 行.
NOTIC: [8] Undefined index: access_token E:\www\tour\Application\Zyly\Model\IndexModel.class.php 第 625 行.
NOTIC: [8] Undefined index: ticket E:\www\tour\Application\Zyly\Model\IndexModel.class.php 第 560 行.
NOTIC: [2] unlink(./Application/Runtime/Temp/access_tokena0435375b666ac71aca0e45ef0012d41.php): No such file or directory E:\www\tour\ThinkPHP\Library\Think\Cache\Driver\File.class.php 第 157 行.
NOTIC: [8] Undefined index: access_token E:\www\tour\Application\Zyly\Model\IndexModel.class.php 第 623 行.
NOTIC: [2] unlink(./Application/Runtime/Temp/access_tokena0435375b666ac71aca0e45ef0012d41.php): No such file or directory E:\www\tour\ThinkPHP\Library\Think\Cache\Driver\File.class.php 第 157 行.
NOTIC: [8] Undefined index: access_token E:\www\tour\Application\Zyly\Model\IndexModel.class.php 第 625 行.
NOTIC: [2] unlink(./Application/Runtime/Temp/access_tokena0435375b666ac71aca0e45ef0012d41.php): No such file or directory E:\www\tour\ThinkPHP\Library\Think\Cache\Driver\File.class.php 第 157 行.
NOTIC: [8] Undefined index: access_token E:\www\tour\Application\Zyly\Model\IndexModel.class.php 第 623 行.
NOTIC: [2] unlink(./Application/Runtime/Temp/access_tokena0435375b666ac71aca0e45ef0012d41.php): No such file or directory E:\www\tour\ThinkPHP\Library\Think\Cache\Driver\File.class.php 第 157 行.
NOTIC: [8] Undefined index: access_token E:\www\tour\Application\Zyly\Model\IndexModel.class.php 第 625 行.
NOTIC: [8] Undefined index: ticket E:\www\tour\Application\Zyly\Model\IndexModel.class.php 第 560 行.
INFO: [ view_parse ] --START--
INFO: [ template_filter ] --START--
INFO: Run Behavior\ContentReplaceBehavior [ RunTime:0.000000s ]
INFO: [ template_filter ] --END-- [ RunTime:0.000000s ]
INFO: Run Behavior\ParseTemplateBehavior [ RunTime:0.010001s ]
INFO: [ view_parse ] --END-- [ RunTime:0.010001s ]
INFO: [ view_filter ] --START--
INFO: Run Behavior\WriteHtmlCacheBehavior [ RunTime:0.001000s ]
INFO: [ view_filter ] --END-- [ RunTime:0.001000s ]
INFO: [ app_end ] --START--
INFO: Run Behavior\ShowPageTraceBehavior [ RunTime:0.000000s ]
INFO: [ app_end ] --END-- [ RunTime:0.000000s ]

[ 2018-10-30T14:29:06+08:00 ] 127.0.0.1 /index.php/Zyly/Goods
NOTIC: [8] Use of undefined constant SHOW_PAGE_TRACE - assumed 'SHOW_PAGE_TRACE' E:\www\tour\Application\Common\Conf\debug.php 第 4 行.
INFO: [ app_init ] --START--
INFO: Run Behavior\BuildLiteBehavior [ RunTime:0.000000s ]
INFO: [ app_init ] --END-- [ RunTime:0.001000s ]
INFO: [ app_begin ] --START--
INFO: Run Behavior\ReadHtmlCacheBehavior [ RunTime:0.000000s ]
INFO: [ app_begin ] --END-- [ RunTime:0.000000s ]
SQL: SHOW COLUMNS FROM `lr_wechat_config` [ RunTime:0.0030s ]
SQL: SELECT * FROM `lr_wechat_config` WHERE `id` = 1 LIMIT 1   [ RunTime:0.0010s ]
SQL: SELECT * FROM `lr_wechat_config` WHERE `id` = 1 LIMIT 1   [ RunTime:0.0000s ]
NOTIC: [8] Undefined variable: admin_id E:\www\tour\Application\Zyly\Controller\GoodsController.class.php 第 33 行.
NOTIC: [8] Undefined offset: 1 E:\www\tour\Application\Zyly\Controller\GoodsController.class.php 第 40 行.
SQL: SHOW COLUMNS FROM `lr_user` [ RunTime:0.0030s ]
SQL: SELECT * FROM `lr_user` WHERE `id` = 1 LIMIT 1   [ RunTime:0.0010s ]
SQL: SHOW COLUMNS FROM `lr_product` [ RunTime:0.0030s ]
SQL: SELECT `id`,`name`,`intro`,`photo_x`,`sort`,`shiyong`,`price` FROM `lr_product` WHERE `del` = 0 ORDER BY price asc  [ RunTime:0.0020s ]
SQL: SHOW COLUMNS FROM `lr_guanggao` [ RunTime:0.0220s ]
SQL: SELECT * FROM `lr_guanggao`  [ RunTime:0.0010s ]
SQL: SHOW COLUMNS FROM `lr_notice` [ RunTime:0.0030s ]
SQL: SELECT * FROM `lr_notice` WHERE `is_nav` = 1  [ RunTime:0.0000s ]
NOTIC: [8] Undefined index: access_token E:\www\tour\Application\Zyly\Model\IndexModel.class.php 第 623 行.
NOTIC: [2] unlink(./Application/Runtime/Temp/access_tokena0435375b666ac71aca0e45ef0012d41.php): No such file or directory E:\www\tour\ThinkPHP\Library\Think\Cache\Driver\File.class.php 第 157 行.
NOTIC: [8] Undefined index: access_token E:\www\tour\Application\Zyly\Model\IndexModel.class.php 第 625 行.
NOTIC: [2] unlink(./Application/Runtime/Temp/access_tokena0435375b666ac71aca0e45ef0012d41.php): No such file or directory E:\www\tour\ThinkPHP\Library\Think\Cache\Driver\File.class.php 第 157 行.
NOTIC: [8] Undefined index: access_token E:\www\tour\Application\Zyly\Model\IndexModel.class.php 第 623 行.
NOTIC: [2] unlink(./Application/Runtime/Temp/access_tokena0435375b666ac71aca0e45ef0012d41.php): No such file or directory E:\www\tour\ThinkPHP\Library\Think\Cache\Driver\File.class.php 第 157 行.
NOTIC: [8] Undefined index: access_token E:\www\tour\Application\Zyly\Model\IndexModel.class.php 第 625 行.
NOTIC: [8] Undefined index: ticket E:\www\tour\Application\Zyly\Model\IndexModel.class.php 第 560 行.
NOTIC: [2] unlink(./Application/Runtime/Temp/access_tokena0435375b666ac71aca0e45ef0012d41.php): No such file or directory E:\www\tour\ThinkPHP\Library\Think\Cache\Driver\File.class.php 第 157 行.
NOTIC: [8] Undefined index: access_token E:\www\tour\Application\Zyly\Model\IndexModel.class.php 第 623 行.
NOTIC: [2] unlink(./Application/Runtime/Temp/access_tokena0435375b666ac71aca0e45ef0012d41.php): No such file or directory E:\www\tour\ThinkPHP\Library\Think\Cache\Driver\File.class.php 第 157 行.
NOTIC: [8] Undefined index: access_token E:\www\tour\Application\Zyly\Model\IndexModel.class.php 第 625 行.
NOTIC: [2] unlink(./Application/Runtime/Temp/access_tokena0435375b666ac71aca0e45ef0012d41.php): No such file or directory E:\www\tour\ThinkPHP\Library\Think\Cache\Driver\File.class.php 第 157 行.
NOTIC: [8] Undefined index: access_token E:\www\tour\Application\Zyly\Model\IndexModel.class.php 第 623 行.
NOTIC: [2] unlink(./Application/Runtime/Temp/access_tokena0435375b666ac71aca0e45ef0012d41.php): No such file or directory E:\www\tour\ThinkPHP\Library\Think\Cache\Driver\File.class.php 第 157 行.
NOTIC: [8] Undefined index: access_token E:\www\tour\Application\Zyly\Model\IndexModel.class.php 第 625 行.
NOTIC: [8] Undefined index: ticket E:\www\tour\Application\Zyly\Model\IndexModel.class.php 第 560 行.
INFO: [ view_parse ] --START--
INFO: [ template_filter ] --START--
INFO: Run Behavior\ContentReplaceBehavior [ RunTime:0.000000s ]
INFO: [ template_filter ] --END-- [ RunTime:0.000000s ]
INFO: Run Behavior\ParseTemplateBehavior [ RunTime:0.007000s ]
INFO: [ view_parse ] --END-- [ RunTime:0.007000s ]
INFO: [ view_filter ] --START--
INFO: Run Behavior\WriteHtmlCacheBehavior [ RunTime:0.000000s ]
INFO: [ view_filter ] --END-- [ RunTime:0.000000s ]
INFO: [ app_end ] --START--
INFO: Run Behavior\ShowPageTraceBehavior [ RunTime:0.000000s ]
INFO: [ app_end ] --END-- [ RunTime:0.000000s ]

[ 2018-10-30T14:29:08+08:00 ] 127.0.0.1 /index.php/Zyly/Goods/detail.html?goods_id=288
NOTIC: [8] Use of undefined constant SHOW_PAGE_TRACE - assumed 'SHOW_PAGE_TRACE' E:\www\tour\Application\Common\Conf\debug.php 第 4 行.
INFO: [ app_init ] --START--
INFO: Run Behavior\BuildLiteBehavior [ RunTime:0.000000s ]
INFO: [ app_init ] --END-- [ RunTime:0.000000s ]
INFO: [ app_begin ] --START--
INFO: Run Behavior\ReadHtmlCacheBehavior [ RunTime:0.000000s ]
INFO: [ app_begin ] --END-- [ RunTime:0.000000s ]
SQL: SHOW COLUMNS FROM `lr_wechat_config` [ RunTime:0.0040s ]
SQL: SELECT * FROM `lr_wechat_config` WHERE `id` = 1 LIMIT 1   [ RunTime:0.0010s ]
SQL: SELECT * FROM `lr_wechat_config` WHERE `id` = 1 LIMIT 1   [ RunTime:0.0020s ]
NOTIC: [8] Undefined variable: admin_id E:\www\tour\Application\Zyly\Controller\GoodsController.class.php 第 33 行.
NOTIC: [8] Undefined offset: 1 E:\www\tour\Application\Zyly\Controller\GoodsController.class.php 第 40 行.
SQL: SHOW COLUMNS FROM `lr_user` [ RunTime:0.0040s ]
SQL: SELECT * FROM `lr_user` WHERE `id` = 1 LIMIT 1   [ RunTime:0.0010s ]
NOTIC: [8] Undefined offset: 1 E:\www\tour\Application\Zyly\Controller\GoodsController.class.php 第 148 行.
SQL: SHOW COLUMNS FROM `lr_product` [ RunTime:0.0030s ]
SQL: SELECT `id`,`name`,`intro`,`photo_x`,`photo_d`,`sort`,`shiyong`,`price`,`photo_string`,`content` FROM `lr_product` WHERE `id` = 288 ORDER BY sort desc LIMIT 1   [ RunTime:0.0010s ]
SQL: SELECT a.name,b.concent,b.addtime,c.uname,c.photo FROM lr_product a LEFT JOIN lr_product_dp b on a.id=b.pid LEFT JOIN lr_user c on b.uid=c.id  WHERE a.id = '288'  [ RunTime:0.0010s ]
SQL: SHOW COLUMNS FROM `lr_product_dp` [ RunTime:0.0030s ]
SQL: SELECT COUNT(*) AS tp_count FROM `lr_product_dp` WHERE `pid` = 288 LIMIT 1   [ RunTime:0.0000s ]
NOTIC: [8] Undefined index: access_token E:\www\tour\Application\Zyly\Model\IndexModel.class.php 第 623 行.
NOTIC: [2] unlink(./Application/Runtime/Temp/access_tokena0435375b666ac71aca0e45ef0012d41.php): No such file or directory E:\www\tour\ThinkPHP\Library\Think\Cache\Driver\File.class.php 第 157 行.
NOTIC: [8] Undefined index: access_token E:\www\tour\Application\Zyly\Model\IndexModel.class.php 第 625 行.
NOTIC: [2] unlink(./Application/Runtime/Temp/access_tokena0435375b666ac71aca0e45ef0012d41.php): No such file or directory E:\www\tour\ThinkPHP\Library\Think\Cache\Driver\File.class.php 第 157 行.
NOTIC: [8] Undefined index: access_token E:\www\tour\Application\Zyly\Model\IndexModel.class.php 第 623 行.
NOTIC: [2] unlink(./Application/Runtime/Temp/access_tokena0435375b666ac71aca0e45ef0012d41.php): No such file or directory E:\www\tour\ThinkPHP\Library\Think\Cache\Driver\File.class.php 第 157 行.
NOTIC: [8] Undefined index: access_token E:\www\tour\Application\Zyly\Model\IndexModel.class.php 第 625 行.
NOTIC: [8] Undefined index: ticket E:\www\tour\Application\Zyly\Model\IndexModel.class.php 第 560 行.
NOTIC: [2] unlink(./Application/Runtime/Temp/access_tokena0435375b666ac71aca0e45ef0012d41.php): No such file or directory E:\www\tour\ThinkPHP\Library\Think\Cache\Driver\File.class.php 第 157 行.
NOTIC: [8] Undefined index: access_token E:\www\tour\Application\Zyly\Model\IndexModel.class.php 第 623 行.
NOTIC: [2] unlink(./Application/Runtime/Temp/access_tokena0435375b666ac71aca0e45ef0012d41.php): No such file or directory E:\www\tour\ThinkPHP\Library\Think\Cache\Driver\File.class.php 第 157 行.
NOTIC: [8] Undefined index: access_token E:\www\tour\Application\Zyly\Model\IndexModel.class.php 第 625 行.
NOTIC: [2] unlink(./Application/Runtime/Temp/access_tokena0435375b666ac71aca0e45ef0012d41.php): No such file or directory E:\www\tour\ThinkPHP\Library\Think\Cache\Driver\File.class.php 第 157 行.
NOTIC: [8] Undefined index: access_token E:\www\tour\Application\Zyly\Model\IndexModel.class.php 第 623 行.
NOTIC: [2] unlink(./Application/Runtime/Temp/access_tokena0435375b666ac71aca0e45ef0012d41.php): No such file or directory E:\www\tour\ThinkPHP\Library\Think\Cache\Driver\File.class.php 第 157 行.
NOTIC: [8] Undefined index: access_token E:\www\tour\Application\Zyly\Model\IndexModel.class.php 第 625 行.
NOTIC: [8] Undefined index: ticket E:\www\tour\Application\Zyly\Model\IndexModel.class.php 第 560 行.
INFO: [ view_parse ] --START--
INFO: [ template_filter ] --START--
INFO: Run Behavior\ContentReplaceBehavior [ RunTime:0.000000s ]
INFO: [ template_filter ] --END-- [ RunTime:0.000000s ]
INFO: Run Behavior\ParseTemplateBehavior [ RunTime:0.010000s ]
INFO: [ view_parse ] --END-- [ RunTime:0.010000s ]
INFO: [ view_filter ] --START--
INFO: Run Behavior\WriteHtmlCacheBehavior [ RunTime:0.000000s ]
INFO: [ view_filter ] --END-- [ RunTime:0.000000s ]
INFO: [ app_end ] --START--
INFO: Run Behavior\ShowPageTraceBehavior [ RunTime:0.000000s ]
INFO: [ app_end ] --END-- [ RunTime:0.000000s ]

[ 2018-10-30T14:29:09+08:00 ] 127.0.0.1 /index.php/Zyly/Goods/writeOrder.html?goods_id=288&buy_num=1
NOTIC: [8] Use of undefined constant SHOW_PAGE_TRACE - assumed 'SHOW_PAGE_TRACE' E:\www\tour\Application\Common\Conf\debug.php 第 4 行.
INFO: [ app_init ] --START--
INFO: Run Behavior\BuildLiteBehavior [ RunTime:0.000000s ]
INFO: [ app_init ] --END-- [ RunTime:0.000000s ]
INFO: [ app_begin ] --START--
INFO: Run Behavior\ReadHtmlCacheBehavior [ RunTime:0.000000s ]
INFO: [ app_begin ] --END-- [ RunTime:0.000000s ]
SQL: SHOW COLUMNS FROM `lr_wechat_config` [ RunTime:0.0080s ]
SQL: SELECT * FROM `lr_wechat_config` WHERE `id` = 1 LIMIT 1   [ RunTime:0.0010s ]
SQL: SELECT * FROM `lr_wechat_config` WHERE `id` = 1 LIMIT 1   [ RunTime:0.0010s ]
NOTIC: [8] Undefined variable: admin_id E:\www\tour\Application\Zyly\Controller\GoodsController.class.php 第 33 行.
NOTIC: [8] Undefined offset: 1 E:\www\tour\Application\Zyly\Controller\GoodsController.class.php 第 40 行.
SQL: SHOW COLUMNS FROM `lr_user` [ RunTime:0.0090s ]
SQL: SELECT * FROM `lr_user` WHERE `id` = 1 LIMIT 1   [ RunTime:0.0010s ]
SQL: SHOW COLUMNS FROM `lr_product` [ RunTime:0.0070s ]
SQL: SELECT `id`,`name`,`photo_x`,`price` FROM `lr_product` WHERE `id` = 288 LIMIT 1   [ RunTime:0.0010s ]
SQL: SHOW COLUMNS FROM `lr_address` [ RunTime:0.0050s ]
SQL: SELECT * FROM `lr_address` WHERE `uid` = 1 AND `is_default` = 1 LIMIT 1   [ RunTime:0.0010s ]
INFO: [ view_parse ] --START--
INFO: [ template_filter ] --START--
INFO: Run Behavior\ContentReplaceBehavior [ RunTime:0.000000s ]
INFO: [ template_filter ] --END-- [ RunTime:0.000000s ]
NOTIC: [8] Undefined index: name E:\www\tour\Application\Runtime\Cache\Zyly\ef4b14f71bc8c73bec77c45dc7f2b599.php 第 19 行.
NOTIC: [8] Undefined index: tel E:\www\tour\Application\Runtime\Cache\Zyly\ef4b14f71bc8c73bec77c45dc7f2b599.php 第 20 行.
NOTIC: [8] Undefined index: address_xq E:\www\tour\Application\Runtime\Cache\Zyly\ef4b14f71bc8c73bec77c45dc7f2b599.php 第 24 行.
NOTIC: [8] Undefined index: address E:\www\tour\Application\Runtime\Cache\Zyly\ef4b14f71bc8c73bec77c45dc7f2b599.php 第 27 行.
INFO: Run Behavior\ParseTemplateBehavior [ RunTime:0.005001s ]
INFO: [ view_parse ] --END-- [ RunTime:0.005001s ]
INFO: [ view_filter ] --START--
INFO: Run Behavior\WriteHtmlCacheBehavior [ RunTime:0.000000s ]
INFO: [ view_filter ] --END-- [ RunTime:0.000000s ]
INFO: [ app_end ] --START--
INFO: Run Behavior\ShowPageTraceBehavior [ RunTime:0.000000s ]
INFO: [ app_end ] --END-- [ RunTime:0.000000s ]

[ 2018-10-30T14:29:11+08:00 ] 127.0.0.1 /index.php/Zyly/Address/selectConsignee.html?uid=1&goods_id=288&buy_num=1
NOTIC: [8] Use of undefined constant SHOW_PAGE_TRACE - assumed 'SHOW_PAGE_TRACE' E:\www\tour\Application\Common\Conf\debug.php 第 4 行.
INFO: [ app_init ] --START--
INFO: Run Behavior\BuildLiteBehavior [ RunTime:0.000000s ]
INFO: [ app_init ] --END-- [ RunTime:0.000000s ]
INFO: [ app_begin ] --START--
INFO: Run Behavior\ReadHtmlCacheBehavior [ RunTime:0.000000s ]
INFO: [ app_begin ] --END-- [ RunTime:0.000000s ]
SQL: SHOW COLUMNS FROM `lr_wechat_config` [ RunTime:0.0030s ]
SQL: SELECT * FROM `lr_wechat_config` WHERE `id` = 1 LIMIT 1   [ RunTime:0.0010s ]
SQL: SELECT * FROM `lr_wechat_config` WHERE `id` = 1 LIMIT 1   [ RunTime:0.0010s ]
NOTIC: [8] Undefined variable: admin_id E:\www\tour\Application\Zyly\Controller\AddressController.class.php 第 32 行.
SQL: SHOW COLUMNS FROM `lr_address` [ RunTime:0.0030s ]
SQL: SELECT * FROM `lr_address` WHERE `uid` = 1 ORDER BY is_default desc  [ RunTime:0.0010s ]
INFO: [ view_parse ] --START--
INFO: [ template_filter ] --START--
INFO: Run Behavior\ContentReplaceBehavior [ RunTime:0.000000s ]
INFO: [ template_filter ] --END-- [ RunTime:0.000000s ]
INFO: Run Behavior\ParseTemplateBehavior [ RunTime:0.005000s ]
INFO: [ view_parse ] --END-- [ RunTime:0.005000s ]
INFO: [ view_filter ] --START--
INFO: Run Behavior\WriteHtmlCacheBehavior [ RunTime:0.000000s ]
INFO: [ view_filter ] --END-- [ RunTime:0.000000s ]
INFO: [ app_end ] --START--
INFO: Run Behavior\ShowPageTraceBehavior [ RunTime:0.000000s ]
INFO: [ app_end ] --END-- [ RunTime:0.000000s ]

[ 2018-10-30T14:29:12+08:00 ] 127.0.0.1 /index.php/Zyly/Goods/writeOrder.html?add_id=28&goods_id=288&buy_num=1
NOTIC: [8] Use of undefined constant SHOW_PAGE_TRACE - assumed 'SHOW_PAGE_TRACE' E:\www\tour\Application\Common\Conf\debug.php 第 4 行.
INFO: [ app_init ] --START--
INFO: Run Behavior\BuildLiteBehavior [ RunTime:0.000000s ]
INFO: [ app_init ] --END-- [ RunTime:0.000000s ]
INFO: [ app_begin ] --START--
INFO: Run Behavior\ReadHtmlCacheBehavior [ RunTime:0.001000s ]
INFO: [ app_begin ] --END-- [ RunTime:0.001000s ]
SQL: SHOW COLUMNS FROM `lr_wechat_config` [ RunTime:0.0070s ]
SQL: SELECT * FROM `lr_wechat_config` WHERE `id` = 1 LIMIT 1   [ RunTime:0.0010s ]
SQL: SELECT * FROM `lr_wechat_config` WHERE `id` = 1 LIMIT 1   [ RunTime:0.0010s ]
NOTIC: [8] Undefined variable: admin_id E:\www\tour\Application\Zyly\Controller\GoodsController.class.php 第 33 行.
NOTIC: [8] Undefined offset: 1 E:\www\tour\Application\Zyly\Controller\GoodsController.class.php 第 40 行.
SQL: SHOW COLUMNS FROM `lr_user` [ RunTime:0.0080s ]
SQL: SELECT * FROM `lr_user` WHERE `id` = 1 LIMIT 1   [ RunTime:0.0010s ]
SQL: SHOW COLUMNS FROM `lr_product` [ RunTime:0.0080s ]
SQL: SELECT `id`,`name`,`photo_x`,`price` FROM `lr_product` WHERE `id` = 288 LIMIT 1   [ RunTime:0.0010s ]
SQL: SHOW COLUMNS FROM `lr_address` [ RunTime:0.0040s ]
SQL: SELECT * FROM `lr_address` WHERE `id` = 28 LIMIT 1   [ RunTime:0.0010s ]
INFO: [ view_parse ] --START--
INFO: [ template_filter ] --START--
INFO: Run Behavior\ContentReplaceBehavior [ RunTime:0.000000s ]
INFO: [ template_filter ] --END-- [ RunTime:0.000000s ]
INFO: Run Behavior\ParseTemplateBehavior [ RunTime:0.005001s ]
INFO: [ view_parse ] --END-- [ RunTime:0.005001s ]
INFO: [ view_filter ] --START--
INFO: Run Behavior\WriteHtmlCacheBehavior [ RunTime:0.001000s ]
INFO: [ view_filter ] --END-- [ RunTime:0.001000s ]
INFO: [ app_end ] --START--
INFO: Run Behavior\ShowPageTraceBehavior [ RunTime:0.000000s ]
INFO: [ app_end ] --END-- [ RunTime:0.000000s ]

[ 2018-10-30T14:29:45+08:00 ] 127.0.0.1 /index.php/Zyly/Address/selectConsignee.html?uid=1&goods_id=288&buy_num=1
NOTIC: [8] Use of undefined constant SHOW_PAGE_TRACE - assumed 'SHOW_PAGE_TRACE' E:\www\tour\Application\Common\Conf\debug.php 第 4 行.
INFO: [ app_init ] --START--
INFO: Run Behavior\BuildLiteBehavior [ RunTime:0.000000s ]
INFO: [ app_init ] --END-- [ RunTime:0.000000s ]
INFO: [ app_begin ] --START--
INFO: Run Behavior\ReadHtmlCacheBehavior [ RunTime:0.000000s ]
INFO: [ app_begin ] --END-- [ RunTime:0.000000s ]
SQL: SHOW COLUMNS FROM `lr_wechat_config` [ RunTime:0.0080s ]
SQL: SELECT * FROM `lr_wechat_config` WHERE `id` = 1 LIMIT 1   [ RunTime:0.0020s ]
SQL: SELECT * FROM `lr_wechat_config` WHERE `id` = 1 LIMIT 1   [ RunTime:0.0010s ]
NOTIC: [8] Undefined variable: admin_id E:\www\tour\Application\Zyly\Controller\AddressController.class.php 第 32 行.
SQL: SHOW COLUMNS FROM `lr_address` [ RunTime:0.0080s ]
SQL: SELECT * FROM `lr_address` WHERE `uid` = 1 ORDER BY is_default desc  [ RunTime:0.0010s ]
INFO: [ view_parse ] --START--
INFO: [ template_filter ] --START--
INFO: Run Behavior\ContentReplaceBehavior [ RunTime:0.000000s ]
INFO: [ template_filter ] --END-- [ RunTime:0.000000s ]
INFO: Run Behavior\ParseTemplateBehavior [ RunTime:0.007001s ]
INFO: [ view_parse ] --END-- [ RunTime:0.007001s ]
INFO: [ view_filter ] --START--
INFO: Run Behavior\WriteHtmlCacheBehavior [ RunTime:0.000000s ]
INFO: [ view_filter ] --END-- [ RunTime:0.000000s ]
INFO: [ app_end ] --START--
INFO: Run Behavior\ShowPageTraceBehavior [ RunTime:0.001000s ]
INFO: [ app_end ] --END-- [ RunTime:0.001000s ]

[ 2018-10-30T14:29:46+08:00 ] 127.0.0.1 /index.php/Zyly/Goods/writeOrder.html?add_id=28&goods_id=288&buy_num=1
NOTIC: [8] Use of undefined constant SHOW_PAGE_TRACE - assumed 'SHOW_PAGE_TRACE' E:\www\tour\Application\Common\Conf\debug.php 第 4 行.
INFO: [ app_init ] --START--
INFO: Run Behavior\BuildLiteBehavior [ RunTime:0.000000s ]
INFO: [ app_init ] --END-- [ RunTime:0.000000s ]
INFO: [ app_begin ] --START--
INFO: Run Behavior\ReadHtmlCacheBehavior [ RunTime:0.000000s ]
INFO: [ app_begin ] --END-- [ RunTime:0.000000s ]
SQL: SHOW COLUMNS FROM `lr_wechat_config` [ RunTime:0.0080s ]
SQL: SELECT * FROM `lr_wechat_config` WHERE `id` = 1 LIMIT 1   [ RunTime:0.0020s ]
SQL: SELECT * FROM `lr_wechat_config` WHERE `id` = 1 LIMIT 1   [ RunTime:0.0010s ]
NOTIC: [8] Undefined variable: admin_id E:\www\tour\Application\Zyly\Controller\GoodsController.class.php 第 33 行.
NOTIC: [8] Undefined offset: 1 E:\www\tour\Application\Zyly\Controller\GoodsController.class.php 第 40 行.
SQL: SHOW COLUMNS FROM `lr_user` [ RunTime:0.0080s ]
SQL: SELECT * FROM `lr_user` WHERE `id` = 1 LIMIT 1   [ RunTime:0.0020s ]
SQL: SHOW COLUMNS FROM `lr_product` [ RunTime:0.0080s ]
SQL: SELECT `id`,`name`,`photo_x`,`price` FROM `lr_product` WHERE `id` = 288 LIMIT 1   [ RunTime:0.0010s ]
SQL: SHOW COLUMNS FROM `lr_address` [ RunTime:0.0070s ]
SQL: SELECT * FROM `lr_address` WHERE `id` = 28 LIMIT 1   [ RunTime:0.0000s ]
INFO: [ view_parse ] --START--
INFO: [ template_filter ] --START--
INFO: Run Behavior\ContentReplaceBehavior [ RunTime:0.001000s ]
INFO: [ template_filter ] --END-- [ RunTime:0.001000s ]
INFO: Run Behavior\ParseTemplateBehavior [ RunTime:0.009001s ]
INFO: [ view_parse ] --END-- [ RunTime:0.009001s ]
INFO: [ view_filter ] --START--
INFO: Run Behavior\WriteHtmlCacheBehavior [ RunTime:0.000000s ]
INFO: [ view_filter ] --END-- [ RunTime:0.000000s ]
INFO: [ app_end ] --START--
INFO: Run Behavior\ShowPageTraceBehavior [ RunTime:0.001000s ]
INFO: [ app_end ] --END-- [ RunTime:0.001000s ]

[ 2018-10-30T14:29:47+08:00 ] 127.0.0.1 /index.php/Zyly/Goods/writeOrder.html?add_id=28&goods_id=288&buy_num=1
NOTIC: [8] Use of undefined constant SHOW_PAGE_TRACE - assumed 'SHOW_PAGE_TRACE' E:\www\tour\Application\Common\Conf\debug.php 第 4 行.
INFO: [ app_init ] --START--
INFO: Run Behavior\BuildLiteBehavior [ RunTime:0.000000s ]
INFO: [ app_init ] --END-- [ RunTime:0.000000s ]
INFO: [ app_begin ] --START--
INFO: Run Behavior\ReadHtmlCacheBehavior [ RunTime:0.000000s ]
INFO: [ app_begin ] --END-- [ RunTime:0.000000s ]
SQL: SHOW COLUMNS FROM `lr_wechat_config` [ RunTime:0.0070s ]
SQL: SELECT * FROM `lr_wechat_config` WHERE `id` = 1 LIMIT 1   [ RunTime:0.0010s ]
SQL: SELECT * FROM `lr_wechat_config` WHERE `id` = 1 LIMIT 1   [ RunTime:0.0010s ]
NOTIC: [8] Undefined variable: admin_id E:\www\tour\Application\Zyly\Controller\GoodsController.class.php 第 33 行.
NOTIC: [8] Undefined offset: 1 E:\www\tour\Application\Zyly\Controller\GoodsController.class.php 第 40 行.
SQL: SHOW COLUMNS FROM `lr_user` [ RunTime:0.0080s ]
SQL: SELECT * FROM `lr_user` WHERE `id` = 1 LIMIT 1   [ RunTime:0.0010s ]
SQL: SHOW COLUMNS FROM `lr_product` [ RunTime:0.0080s ]
SQL: SELECT `id`,`name`,`photo_x`,`price` FROM `lr_product` WHERE `id` = 288 LIMIT 1   [ RunTime:0.0020s ]
SQL: SHOW COLUMNS FROM `lr_address` [ RunTime:0.0080s ]
SQL: SELECT * FROM `lr_address` WHERE `id` = 28 LIMIT 1   [ RunTime:0.0030s ]
INFO: [ view_parse ] --START--
INFO: [ template_filter ] --START--
INFO: Run Behavior\ContentReplaceBehavior [ RunTime:0.000000s ]
INFO: [ template_filter ] --END-- [ RunTime:0.000000s ]
INFO: Run Behavior\ParseTemplateBehavior [ RunTime:0.013001s ]
INFO: [ view_parse ] --END-- [ RunTime:0.013001s ]
INFO: [ view_filter ] --START--
INFO: Run Behavior\WriteHtmlCacheBehavior [ RunTime:0.001000s ]
INFO: [ view_filter ] --END-- [ RunTime:0.001000s ]
INFO: [ app_end ] --START--
INFO: Run Behavior\ShowPageTraceBehavior [ RunTime:0.001000s ]
INFO: [ app_end ] --END-- [ RunTime:0.001000s ]

[ 2018-10-30T14:29:47+08:00 ] 127.0.0.1 /index.php/Zyly/Address/selectConsignee.html?uid=1&goods_id=288&buy_num=1
NOTIC: [8] Use of undefined constant SHOW_PAGE_TRACE - assumed 'SHOW_PAGE_TRACE' E:\www\tour\Application\Common\Conf\debug.php 第 4 行.
INFO: [ app_init ] --START--
INFO: Run Behavior\BuildLiteBehavior [ RunTime:0.000000s ]
INFO: [ app_init ] --END-- [ RunTime:0.000000s ]
INFO: [ app_begin ] --START--
INFO: Run Behavior\ReadHtmlCacheBehavior [ RunTime:0.001000s ]
INFO: [ app_begin ] --END-- [ RunTime:0.001000s ]
SQL: SHOW COLUMNS FROM `lr_wechat_config` [ RunTime:0.0060s ]
SQL: SELECT * FROM `lr_wechat_config` WHERE `id` = 1 LIMIT 1   [ RunTime:0.0010s ]
SQL: SELECT * FROM `lr_wechat_config` WHERE `id` = 1 LIMIT 1   [ RunTime:0.0010s ]
NOTIC: [8] Undefined variable: admin_id E:\www\tour\Application\Zyly\Controller\AddressController.class.php 第 32 行.
SQL: SHOW COLUMNS FROM `lr_address` [ RunTime:0.0050s ]
SQL: SELECT * FROM `lr_address` WHERE `uid` = 1 ORDER BY is_default desc  [ RunTime:0.0020s ]
INFO: [ view_parse ] --START--
INFO: [ template_filter ] --START--
INFO: Run Behavior\ContentReplaceBehavior [ RunTime:0.000000s ]
INFO: [ template_filter ] --END-- [ RunTime:0.000000s ]
INFO: Run Behavior\ParseTemplateBehavior [ RunTime:0.006000s ]
INFO: [ view_parse ] --END-- [ RunTime:0.006000s ]
INFO: [ view_filter ] --START--
INFO: Run Behavior\WriteHtmlCacheBehavior [ RunTime:0.000000s ]
INFO: [ view_filter ] --END-- [ RunTime:0.000000s ]
INFO: [ app_end ] --START--
INFO: Run Behavior\ShowPageTraceBehavior [ RunTime:0.001000s ]
INFO: [ app_end ] --END-- [ RunTime:0.001000s ]

[ 2018-10-30T14:29:49+08:00 ] 127.0.0.1 /index.php/Zyly/Address/selectConsignee.html?uid=1&goods_id=288&buy_num=1
NOTIC: [8] Use of undefined constant SHOW_PAGE_TRACE - assumed 'SHOW_PAGE_TRACE' E:\www\tour\Application\Common\Conf\debug.php 第 4 行.
INFO: [ app_init ] --START--
INFO: Run Behavior\BuildLiteBehavior [ RunTime:0.000000s ]
INFO: [ app_init ] --END-- [ RunTime:0.000000s ]
INFO: [ app_begin ] --START--
INFO: Run Behavior\ReadHtmlCacheBehavior [ RunTime:0.001000s ]
INFO: [ app_begin ] --END-- [ RunTime:0.001000s ]
SQL: SHOW COLUMNS FROM `lr_wechat_config` [ RunTime:0.0080s ]
SQL: SELECT * FROM `lr_wechat_config` WHERE `id` = 1 LIMIT 1   [ RunTime:0.0010s ]
SQL: SELECT * FROM `lr_wechat_config` WHERE `id` = 1 LIMIT 1   [ RunTime:0.0010s ]
NOTIC: [8] Undefined variable: admin_id E:\www\tour\Application\Zyly\Controller\AddressController.class.php 第 32 行.
SQL: SHOW COLUMNS FROM `lr_address` [ RunTime:0.0070s ]
SQL: SELECT * FROM `lr_address` WHERE `uid` = 1 ORDER BY is_default desc  [ RunTime:0.0010s ]
INFO: [ view_parse ] --START--
INFO: [ template_filter ] --START--
INFO: Run Behavior\ContentReplaceBehavior [ RunTime:0.000000s ]
INFO: [ template_filter ] --END-- [ RunTime:0.000000s ]
INFO: Run Behavior\ParseTemplateBehavior [ RunTime:0.010000s ]
INFO: [ view_parse ] --END-- [ RunTime:0.010000s ]
INFO: [ view_filter ] --START--
INFO: Run Behavior\WriteHtmlCacheBehavior [ RunTime:0.000000s ]
INFO: [ view_filter ] --END-- [ RunTime:0.000000s ]
INFO: [ app_end ] --START--
INFO: Run Behavior\ShowPageTraceBehavior [ RunTime:0.001000s ]
INFO: [ app_end ] --END-- [ RunTime:0.001000s ]

[ 2018-10-30T14:29:51+08:00 ] 127.0.0.1 /index.php/Zyly/Address/edit_address.html?uid=1&type=1&goods_id=288&buy_num=1
NOTIC: [8] Use of undefined constant SHOW_PAGE_TRACE - assumed 'SHOW_PAGE_TRACE' E:\www\tour\Application\Common\Conf\debug.php 第 4 行.
INFO: [ app_init ] --START--
INFO: Run Behavior\BuildLiteBehavior [ RunTime:0.000000s ]
INFO: [ app_init ] --END-- [ RunTime:0.000000s ]
INFO: [ app_begin ] --START--
INFO: Run Behavior\ReadHtmlCacheBehavior [ RunTime:0.001000s ]
INFO: [ app_begin ] --END-- [ RunTime:0.001000s ]
SQL: SHOW COLUMNS FROM `lr_wechat_config` [ RunTime:0.0070s ]
SQL: SELECT * FROM `lr_wechat_config` WHERE `id` = 1 LIMIT 1   [ RunTime:0.0010s ]
SQL: SELECT * FROM `lr_wechat_config` WHERE `id` = 1 LIMIT 1   [ RunTime:0.0010s ]
NOTIC: [8] Undefined variable: admin_id E:\www\tour\Application\Zyly\Controller\AddressController.class.php 第 32 行.
SQL: SHOW COLUMNS FROM `lr_address` [ RunTime:0.0070s ]
SQL: SELECT * FROM `lr_address` WHERE `id` = 0 LIMIT 1   [ RunTime:0.0010s ]
INFO: [ view_parse ] --START--
INFO: [ template_filter ] --START--
INFO: Run Behavior\ContentReplaceBehavior [ RunTime:0.000000s ]
INFO: [ template_filter ] --END-- [ RunTime:0.000000s ]
INFO: Run Behavior\ParseTemplateBehavior [ RunTime:0.005000s ]
INFO: [ view_parse ] --END-- [ RunTime:0.005000s ]
INFO: [ view_filter ] --START--
INFO: Run Behavior\WriteHtmlCacheBehavior [ RunTime:0.000000s ]
INFO: [ view_filter ] --END-- [ RunTime:0.000000s ]
INFO: [ app_end ] --START--
INFO: Run Behavior\ShowPageTraceBehavior [ RunTime:0.001000s ]
INFO: [ app_end ] --END-- [ RunTime:0.001000s ]

[ 2018-10-30T14:30:01+08:00 ] 127.0.0.1 /index.php/Zyly/Address/edit_address.html
NOTIC: [8] Use of undefined constant SHOW_PAGE_TRACE - assumed 'SHOW_PAGE_TRACE' E:\www\tour\Application\Common\Conf\debug.php 第 4 行.
INFO: [ app_init ] --START--
INFO: Run Behavior\BuildLiteBehavior [ RunTime:0.000000s ]
INFO: [ app_init ] --END-- [ RunTime:0.000000s ]
INFO: [ app_begin ] --START--
INFO: Run Behavior\ReadHtmlCacheBehavior [ RunTime:0.000000s ]
INFO: [ app_begin ] --END-- [ RunTime:0.000000s ]
SQL: SHOW COLUMNS FROM `lr_wechat_config` [ RunTime:0.0060s ]
SQL: SELECT * FROM `lr_wechat_config` WHERE `id` = 1 LIMIT 1   [ RunTime:0.0010s ]
SQL: SELECT * FROM `lr_wechat_config` WHERE `id` = 1 LIMIT 1   [ RunTime:0.0010s ]
NOTIC: [8] Undefined variable: admin_id E:\www\tour\Application\Zyly\Controller\AddressController.class.php 第 32 行.
NOTIC: [8] Undefined index: is_default E:\www\tour\Application\Zyly\Controller\AddressController.class.php 第 125 行.
SQL: SHOW COLUMNS FROM `lr_address` [ RunTime:0.0040s ]
SQL: INSERT INTO `lr_address` (`name`,`tel`,`code`,`address`,`id`,`uid`,`is_default`,`address_xq`,`add_time`) VALUES ('是的','是的的','0','的是','0','1','0','北京市 东城区 的是','2018-10-30 14:30:01') [ RunTime:0.0010s ]
INFO: [ app_end ] --START--
INFO: Run Behavior\ShowPageTraceBehavior [ RunTime:0.001000s ]
INFO: [ app_end ] --END-- [ RunTime:0.001000s ]

[ 2018-10-30T14:30:01+08:00 ] 127.0.0.1 /Zyly/Goods/writeOrder?add_id=35&goods_id=288&buy_num=1
NOTIC: [8] Use of undefined constant SHOW_PAGE_TRACE - assumed 'SHOW_PAGE_TRACE' E:\www\tour\Application\Common\Conf\debug.php 第 4 行.
INFO: [ app_init ] --START--
INFO: Run Behavior\BuildLiteBehavior [ RunTime:0.000000s ]
INFO: [ app_init ] --END-- [ RunTime:0.000000s ]
INFO: [ app_begin ] --START--
INFO: Run Behavior\ReadHtmlCacheBehavior [ RunTime:0.001000s ]
INFO: [ app_begin ] --END-- [ RunTime:0.001000s ]
SQL: SHOW COLUMNS FROM `lr_wechat_config` [ RunTime:0.0080s ]
SQL: SELECT * FROM `lr_wechat_config` WHERE `id` = 1 LIMIT 1   [ RunTime:0.0010s ]
SQL: SELECT * FROM `lr_wechat_config` WHERE `id` = 1 LIMIT 1   [ RunTime:0.0020s ]
NOTIC: [8] Undefined variable: admin_id E:\www\tour\Application\Zyly\Controller\GoodsController.class.php 第 33 行.
NOTIC: [8] Undefined offset: 1 E:\www\tour\Application\Zyly\Controller\GoodsController.class.php 第 40 行.
SQL: SHOW COLUMNS FROM `lr_user` [ RunTime:0.0090s ]
SQL: SELECT * FROM `lr_user` WHERE `id` = 1 LIMIT 1   [ RunTime:0.0010s ]
SQL: SHOW COLUMNS FROM `lr_product` [ RunTime:0.0070s ]
SQL: SELECT `id`,`name`,`photo_x`,`price` FROM `lr_product` WHERE `id` = 288 LIMIT 1   [ RunTime:0.0010s ]
SQL: SHOW COLUMNS FROM `lr_address` [ RunTime:0.0080s ]
SQL: SELECT * FROM `lr_address` WHERE `id` = 35 LIMIT 1   [ RunTime:0.0030s ]
INFO: [ view_parse ] --START--
INFO: [ template_filter ] --START--
INFO: Run Behavior\ContentReplaceBehavior [ RunTime:0.000000s ]
INFO: [ template_filter ] --END-- [ RunTime:0.000000s ]
INFO: Run Behavior\ParseTemplateBehavior [ RunTime:0.009001s ]
INFO: [ view_parse ] --END-- [ RunTime:0.009001s ]
INFO: [ view_filter ] --START--
INFO: Run Behavior\WriteHtmlCacheBehavior [ RunTime:0.000000s ]
INFO: [ view_filter ] --END-- [ RunTime:0.000000s ]
INFO: [ app_end ] --START--
INFO: Run Behavior\ShowPageTraceBehavior [ RunTime:0.001000s ]
INFO: [ app_end ] --END-- [ RunTime:0.001000s ]

