[ 2018-11-06T13:47:48+08:00 ] 127.0.0.1 /index.php/Zyly/Goods
NOTIC: [8] Use of undefined constant SHOW_PAGE_TRACE - assumed 'SHOW_PAGE_TRACE' E:\www\tour\Application\Common\Conf\debug.php 第 4 行.
INFO: [ app_init ] --START--
INFO: Run Behavior\BuildLiteBehavior [ RunTime:0.000000s ]
INFO: [ app_init ] --END-- [ RunTime:0.001000s ]
INFO: [ app_begin ] --START--
INFO: Run Behavior\ReadHtmlCacheBehavior [ RunTime:0.034002s ]
INFO: [ app_begin ] --END-- [ RunTime:0.034002s ]
SQL: SHOW COLUMNS FROM `lr_wechat_config` [ RunTime:0.0100s ]
SQL: SELECT * FROM `lr_wechat_config` WHERE `id` = 1 LIMIT 1   [ RunTime:0.0010s ]
SQL: SELECT * FROM `lr_wechat_config` WHERE `id` = 1 LIMIT 1   [ RunTime:0.0010s ]
NOTIC: [8] Undefined variable: admin_id E:\www\tour\Application\Zyly\Controller\GoodsController.class.php 第 33 行.
NOTIC: [8] Undefined offset: 1 E:\www\tour\Application\Zyly\Controller\GoodsController.class.php 第 40 行.
SQL: SHOW COLUMNS FROM `lr_user` [ RunTime:0.0230s ]
SQL: SELECT * FROM `lr_user` WHERE `id` = 1 LIMIT 1   [ RunTime:0.0010s ]
SQL: SHOW COLUMNS FROM `lr_product` [ RunTime:0.0230s ]
SQL: SELECT `id`,`name`,`intro`,`photo_x`,`sort`,`shiyong`,`price` FROM `lr_product` WHERE `del` = 0 ORDER BY price asc  [ RunTime:0.0150s ]
SQL: SHOW COLUMNS FROM `lr_guanggao` [ RunTime:0.0230s ]
SQL: SELECT * FROM `lr_guanggao`  [ RunTime:0.0010s ]
SQL: SHOW COLUMNS FROM `lr_notice` [ RunTime:0.0200s ]
SQL: SELECT * FROM `lr_notice` WHERE `is_nav` = 1  [ RunTime:0.0010s ]
NOTIC: [8] Undefined index: access_token E:\www\tour\Application\Zyly\Model\IndexModel.class.php 第 623 行.
NOTIC: [2] unlink(./Application/Runtime/Temp/access_tokena0435375b666ac71aca0e45ef0012d41.php): No such file or directory E:\www\tour\ThinkPHP\Library\Think\Cache\Driver\File.class.php 第 157 行.
NOTIC: [8] Undefined index: access_token E:\www\tour\Application\Zyly\Model\IndexModel.class.php 第 625 行.
NOTIC: [2] unlink(./Application/Runtime/Temp/access_tokena0435375b666ac71aca0e45ef0012d41.php): No such file or directory E:\www\tour\ThinkPHP\Library\Think\Cache\Driver\File.class.php 第 157 行.
NOTIC: [8] Undefined index: access_token E:\www\tour\Application\Zyly\Model\IndexModel.class.php 第 623 行.
NOTIC: [2] unlink(./Application/Runtime/Temp/access_tokena0435375b666ac71aca0e45ef0012d41.php): No such file or directory E:\www\tour\ThinkPHP\Library\Think\Cache\Driver\File.class.php 第 157 行.
NOTIC: [8] Undefined index: access_token E:\www\tour\Application\Zyly\Model\IndexModel.class.php 第 625 行.
NOTIC: [8] Undefined index: ticket E:\www\tour\Application\Zyly\Model\IndexModel.class.php 第 560 行.
NOTIC: [2] unlink(./Application/Runtime/Temp/access_tokena0435375b666ac71aca0e45ef0012d41.php): No such file or directory E:\www\tour\ThinkPHP\Library\Think\Cache\Driver\File.class.php 第 157 行.
NOTIC: [8] Undefined index: access_token E:\www\tour\Application\Zyly\Model\IndexModel.class.php 第 623 行.
NOTIC: [2] unlink(./Application/Runtime/Temp/access_tokena0435375b666ac71aca0e45ef0012d41.php): No such file or directory E:\www\tour\ThinkPHP\Library\Think\Cache\Driver\File.class.php 第 157 行.
NOTIC: [8] Undefined index: access_token E:\www\tour\Application\Zyly\Model\IndexModel.class.php 第 625 行.
NOTIC: [2] unlink(./Application/Runtime/Temp/access_tokena0435375b666ac71aca0e45ef0012d41.php): No such file or directory E:\www\tour\ThinkPHP\Library\Think\Cache\Driver\File.class.php 第 157 行.
NOTIC: [8] Undefined index: access_token E:\www\tour\Application\Zyly\Model\IndexModel.class.php 第 623 行.
NOTIC: [2] unlink(./Application/Runtime/Temp/access_tokena0435375b666ac71aca0e45ef0012d41.php): No such file or directory E:\www\tour\ThinkPHP\Library\Think\Cache\Driver\File.class.php 第 157 行.
NOTIC: [8] Undefined index: access_token E:\www\tour\Application\Zyly\Model\IndexModel.class.php 第 625 行.
NOTIC: [8] Undefined index: ticket E:\www\tour\Application\Zyly\Model\IndexModel.class.php 第 560 行.
INFO: [ view_parse ] --START--
INFO: [ template_filter ] --START--
INFO: Run Behavior\ContentReplaceBehavior [ RunTime:0.001000s ]
INFO: [ template_filter ] --END-- [ RunTime:0.001000s ]
INFO: Run Behavior\ParseTemplateBehavior [ RunTime:0.080004s ]
INFO: [ view_parse ] --END-- [ RunTime:0.080004s ]
INFO: [ view_filter ] --START--
INFO: Run Behavior\WriteHtmlCacheBehavior [ RunTime:0.010001s ]
INFO: [ view_filter ] --END-- [ RunTime:0.011001s ]
INFO: [ app_end ] --START--
INFO: Run Behavior\ShowPageTraceBehavior [ RunTime:0.007000s ]
INFO: [ app_end ] --END-- [ RunTime:0.007000s ]

[ 2018-11-06T13:47:56+08:00 ] 127.0.0.1 /index.php/Zyly/person/person
NOTIC: [8] Use of undefined constant SHOW_PAGE_TRACE - assumed 'SHOW_PAGE_TRACE' E:\www\tour\Application\Common\Conf\debug.php 第 4 行.
INFO: [ app_init ] --START--
INFO: Run Behavior\BuildLiteBehavior [ RunTime:0.000000s ]
INFO: [ app_init ] --END-- [ RunTime:0.000000s ]
INFO: [ app_begin ] --START--
INFO: Run Behavior\ReadHtmlCacheBehavior [ RunTime:0.000000s ]
INFO: [ app_begin ] --END-- [ RunTime:0.000000s ]
SQL: SHOW COLUMNS FROM `lr_wechat_config` [ RunTime:0.0070s ]
SQL: SELECT * FROM `lr_wechat_config` WHERE `id` = 1 LIMIT 1   [ RunTime:0.0010s ]
SQL: SELECT * FROM `lr_wechat_config` WHERE `id` = 1 LIMIT 1   [ RunTime:0.0010s ]
NOTIC: [8] Undefined variable: admin_id E:\www\tour\Application\Zyly\Controller\PersonController.class.php 第 32 行.
SQL: SHOW COLUMNS FROM `lr_user` [ RunTime:0.0090s ]
SQL: SELECT * FROM `lr_user` WHERE `id` = 3 LIMIT 1   [ RunTime:0.0020s ]
SQL: SELECT COUNT(*) AS tp_count FROM `lr_user` WHERE `top_id` = 3 LIMIT 1   [ RunTime:0.0010s ]
SQL: SELECT * FROM `lr_wechat_config` WHERE `id` = 1 LIMIT 1   [ RunTime:0.0020s ]
SQL: SHOW COLUMNS FROM `lr_order` [ RunTime:0.0190s ]
SQL: SELECT * FROM `lr_order` WHERE `uid` = 3  [ RunTime:0.0100s ]
SQL: SHOW COLUMNS FROM `lr_glide` [ RunTime:0.0090s ]
SQL: SELECT * FROM `lr_glide` WHERE `uid` = 3 AND `act_price` > 0  [ RunTime:0.0010s ]
SQL: SHOW COLUMNS FROM `lr_product` [ RunTime:0.0090s ]
SQL: SELECT `id`,`name`,`intro`,`photo_x`,`sort`,`shiyong`,`price` FROM `lr_product` WHERE `del` = 0 ORDER BY sort desc LIMIT 1   [ RunTime:0.0010s ]
NOTIC: [8] Undefined index: access_token E:\www\tour\Application\Zyly\Model\IndexModel.class.php 第 623 行.
NOTIC: [2] unlink(./Application/Runtime/Temp/access_tokena0435375b666ac71aca0e45ef0012d41.php): No such file or directory E:\www\tour\ThinkPHP\Library\Think\Cache\Driver\File.class.php 第 157 行.
NOTIC: [8] Undefined index: access_token E:\www\tour\Application\Zyly\Model\IndexModel.class.php 第 625 行.
NOTIC: [2] unlink(./Application/Runtime/Temp/access_tokena0435375b666ac71aca0e45ef0012d41.php): No such file or directory E:\www\tour\ThinkPHP\Library\Think\Cache\Driver\File.class.php 第 157 行.
NOTIC: [8] Undefined index: access_token E:\www\tour\Application\Zyly\Model\IndexModel.class.php 第 623 行.
NOTIC: [2] unlink(./Application/Runtime/Temp/access_tokena0435375b666ac71aca0e45ef0012d41.php): No such file or directory E:\www\tour\ThinkPHP\Library\Think\Cache\Driver\File.class.php 第 157 行.
NOTIC: [8] Undefined index: access_token E:\www\tour\Application\Zyly\Model\IndexModel.class.php 第 625 行.
NOTIC: [8] Undefined index: ticket E:\www\tour\Application\Zyly\Model\IndexModel.class.php 第 560 行.
NOTIC: [2] unlink(./Application/Runtime/Temp/access_tokena0435375b666ac71aca0e45ef0012d41.php): No such file or directory E:\www\tour\ThinkPHP\Library\Think\Cache\Driver\File.class.php 第 157 行.
NOTIC: [8] Undefined index: access_token E:\www\tour\Application\Zyly\Model\IndexModel.class.php 第 623 行.
NOTIC: [2] unlink(./Application/Runtime/Temp/access_tokena0435375b666ac71aca0e45ef0012d41.php): No such file or directory E:\www\tour\ThinkPHP\Library\Think\Cache\Driver\File.class.php 第 157 行.
NOTIC: [8] Undefined index: access_token E:\www\tour\Application\Zyly\Model\IndexModel.class.php 第 625 行.
NOTIC: [2] unlink(./Application/Runtime/Temp/access_tokena0435375b666ac71aca0e45ef0012d41.php): No such file or directory E:\www\tour\ThinkPHP\Library\Think\Cache\Driver\File.class.php 第 157 行.
NOTIC: [8] Undefined index: access_token E:\www\tour\Application\Zyly\Model\IndexModel.class.php 第 623 行.
NOTIC: [2] unlink(./Application/Runtime/Temp/access_tokena0435375b666ac71aca0e45ef0012d41.php): No such file or directory E:\www\tour\ThinkPHP\Library\Think\Cache\Driver\File.class.php 第 157 行.
NOTIC: [8] Undefined index: access_token E:\www\tour\Application\Zyly\Model\IndexModel.class.php 第 625 行.
NOTIC: [8] Undefined index: ticket E:\www\tour\Application\Zyly\Model\IndexModel.class.php 第 560 行.
INFO: [ view_parse ] --START--
INFO: [ template_filter ] --START--
INFO: Run Behavior\ContentReplaceBehavior [ RunTime:0.000000s ]
INFO: [ template_filter ] --END-- [ RunTime:0.000000s ]
INFO: Run Behavior\ParseTemplateBehavior [ RunTime:0.053003s ]
INFO: [ view_parse ] --END-- [ RunTime:0.053003s ]
INFO: [ view_filter ] --START--
INFO: Run Behavior\WriteHtmlCacheBehavior [ RunTime:0.000000s ]
INFO: [ view_filter ] --END-- [ RunTime:0.000000s ]
INFO: [ app_end ] --START--
INFO: Run Behavior\ShowPageTraceBehavior [ RunTime:0.000000s ]
INFO: [ app_end ] --END-- [ RunTime:0.000000s ]

[ 2018-11-06T13:47:57+08:00 ] 127.0.0.1 /index.php/Zyly/person/person
NOTIC: [8] Use of undefined constant SHOW_PAGE_TRACE - assumed 'SHOW_PAGE_TRACE' E:\www\tour\Application\Common\Conf\debug.php 第 4 行.
INFO: [ app_init ] --START--
INFO: Run Behavior\BuildLiteBehavior [ RunTime:0.000000s ]
INFO: [ app_init ] --END-- [ RunTime:0.001000s ]
INFO: [ app_begin ] --START--
INFO: Run Behavior\ReadHtmlCacheBehavior [ RunTime:0.000000s ]
INFO: [ app_begin ] --END-- [ RunTime:0.000000s ]
SQL: SHOW COLUMNS FROM `lr_wechat_config` [ RunTime:0.0080s ]
SQL: SELECT * FROM `lr_wechat_config` WHERE `id` = 1 LIMIT 1   [ RunTime:0.0020s ]
SQL: SELECT * FROM `lr_wechat_config` WHERE `id` = 1 LIMIT 1   [ RunTime:0.0010s ]
NOTIC: [8] Undefined variable: admin_id E:\www\tour\Application\Zyly\Controller\PersonController.class.php 第 32 行.
SQL: SHOW COLUMNS FROM `lr_user` [ RunTime:0.0090s ]
SQL: SELECT * FROM `lr_user` WHERE `id` = 3 LIMIT 1   [ RunTime:0.0020s ]
SQL: SELECT COUNT(*) AS tp_count FROM `lr_user` WHERE `top_id` = 3 LIMIT 1   [ RunTime:0.0010s ]
SQL: SELECT * FROM `lr_wechat_config` WHERE `id` = 1 LIMIT 1   [ RunTime:0.0020s ]
SQL: SHOW COLUMNS FROM `lr_order` [ RunTime:0.0090s ]
SQL: SELECT * FROM `lr_order` WHERE `uid` = 3  [ RunTime:0.0010s ]
SQL: SHOW COLUMNS FROM `lr_glide` [ RunTime:0.0070s ]
SQL: SELECT * FROM `lr_glide` WHERE `uid` = 3 AND `act_price` > 0  [ RunTime:0.0000s ]
SQL: SHOW COLUMNS FROM `lr_product` [ RunTime:0.0040s ]
SQL: SELECT `id`,`name`,`intro`,`photo_x`,`sort`,`shiyong`,`price` FROM `lr_product` WHERE `del` = 0 ORDER BY sort desc LIMIT 1   [ RunTime:0.0020s ]
NOTIC: [8] Undefined index: access_token E:\www\tour\Application\Zyly\Model\IndexModel.class.php 第 623 行.
NOTIC: [2] unlink(./Application/Runtime/Temp/access_tokena0435375b666ac71aca0e45ef0012d41.php): No such file or directory E:\www\tour\ThinkPHP\Library\Think\Cache\Driver\File.class.php 第 157 行.
NOTIC: [8] Undefined index: access_token E:\www\tour\Application\Zyly\Model\IndexModel.class.php 第 625 行.
NOTIC: [2] unlink(./Application/Runtime/Temp/access_tokena0435375b666ac71aca0e45ef0012d41.php): No such file or directory E:\www\tour\ThinkPHP\Library\Think\Cache\Driver\File.class.php 第 157 行.
NOTIC: [8] Undefined index: access_token E:\www\tour\Application\Zyly\Model\IndexModel.class.php 第 623 行.
NOTIC: [2] unlink(./Application/Runtime/Temp/access_tokena0435375b666ac71aca0e45ef0012d41.php): No such file or directory E:\www\tour\ThinkPHP\Library\Think\Cache\Driver\File.class.php 第 157 行.
NOTIC: [8] Undefined index: access_token E:\www\tour\Application\Zyly\Model\IndexModel.class.php 第 625 行.
NOTIC: [8] Undefined index: ticket E:\www\tour\Application\Zyly\Model\IndexModel.class.php 第 560 行.
NOTIC: [2] unlink(./Application/Runtime/Temp/access_tokena0435375b666ac71aca0e45ef0012d41.php): No such file or directory E:\www\tour\ThinkPHP\Library\Think\Cache\Driver\File.class.php 第 157 行.
NOTIC: [8] Undefined index: access_token E:\www\tour\Application\Zyly\Model\IndexModel.class.php 第 623 行.
NOTIC: [2] unlink(./Application/Runtime/Temp/access_tokena0435375b666ac71aca0e45ef0012d41.php): No such file or directory E:\www\tour\ThinkPHP\Library\Think\Cache\Driver\File.class.php 第 157 行.
NOTIC: [8] Undefined index: access_token E:\www\tour\Application\Zyly\Model\IndexModel.class.php 第 625 行.
NOTIC: [2] unlink(./Application/Runtime/Temp/access_tokena0435375b666ac71aca0e45ef0012d41.php): No such file or directory E:\www\tour\ThinkPHP\Library\Think\Cache\Driver\File.class.php 第 157 行.
NOTIC: [8] Undefined index: access_token E:\www\tour\Application\Zyly\Model\IndexModel.class.php 第 623 行.
NOTIC: [2] unlink(./Application/Runtime/Temp/access_tokena0435375b666ac71aca0e45ef0012d41.php): No such file or directory E:\www\tour\ThinkPHP\Library\Think\Cache\Driver\File.class.php 第 157 行.
NOTIC: [8] Undefined index: access_token E:\www\tour\Application\Zyly\Model\IndexModel.class.php 第 625 行.
NOTIC: [8] Undefined index: ticket E:\www\tour\Application\Zyly\Model\IndexModel.class.php 第 560 行.
INFO: [ view_parse ] --START--
INFO: [ template_filter ] --START--
INFO: Run Behavior\ContentReplaceBehavior [ RunTime:0.000000s ]
INFO: [ template_filter ] --END-- [ RunTime:0.000000s ]
INFO: Run Behavior\ParseTemplateBehavior [ RunTime:0.006000s ]
INFO: [ view_parse ] --END-- [ RunTime:0.006000s ]
INFO: [ view_filter ] --START--
INFO: Run Behavior\WriteHtmlCacheBehavior [ RunTime:0.001000s ]
INFO: [ view_filter ] --END-- [ RunTime:0.001000s ]
INFO: [ app_end ] --START--
INFO: Run Behavior\ShowPageTraceBehavior [ RunTime:0.000000s ]
INFO: [ app_end ] --END-- [ RunTime:0.000000s ]

[ 2018-11-06T13:48:00+08:00 ] 127.0.0.1 /index.php/Zyly/Person/my_recommend.html?uid=3
NOTIC: [8] Use of undefined constant SHOW_PAGE_TRACE - assumed 'SHOW_PAGE_TRACE' E:\www\tour\Application\Common\Conf\debug.php 第 4 行.
INFO: [ app_init ] --START--
INFO: Run Behavior\BuildLiteBehavior [ RunTime:0.000000s ]
INFO: [ app_init ] --END-- [ RunTime:0.000000s ]
INFO: [ app_begin ] --START--
INFO: Run Behavior\ReadHtmlCacheBehavior [ RunTime:0.001000s ]
INFO: [ app_begin ] --END-- [ RunTime:0.001000s ]
SQL: SHOW COLUMNS FROM `lr_wechat_config` [ RunTime:0.0080s ]
SQL: SELECT * FROM `lr_wechat_config` WHERE `id` = 1 LIMIT 1   [ RunTime:0.0020s ]
SQL: SELECT * FROM `lr_wechat_config` WHERE `id` = 1 LIMIT 1   [ RunTime:0.0010s ]
NOTIC: [8] Undefined variable: admin_id E:\www\tour\Application\Zyly\Controller\PersonController.class.php 第 32 行.
SQL: SHOW COLUMNS FROM `lr_user` [ RunTime:0.0090s ]
SQL: SELECT * FROM `lr_user` WHERE `id` = 3 LIMIT 1   [ RunTime:0.0010s ]
SQL: SELECT * FROM `lr_user` ORDER BY total desc LIMIT 10   [ RunTime:0.0020s ]
SQL: SELECT COUNT(*) AS tp_count FROM `lr_user` WHERE `top_id` = 3 LIMIT 1   [ RunTime:0.0010s ]
SQL: SHOW COLUMNS FROM `lr_product` [ RunTime:0.0080s ]
SQL: SELECT `id`,`name`,`intro`,`photo_x`,`sort`,`shiyong`,`price` FROM `lr_product` WHERE `del` = 0 ORDER BY sort desc LIMIT 1   [ RunTime:0.0020s ]
NOTIC: [8] Undefined index: access_token E:\www\tour\Application\Zyly\Model\IndexModel.class.php 第 623 行.
NOTIC: [2] unlink(./Application/Runtime/Temp/access_tokena0435375b666ac71aca0e45ef0012d41.php): No such file or directory E:\www\tour\ThinkPHP\Library\Think\Cache\Driver\File.class.php 第 157 行.
NOTIC: [8] Undefined index: access_token E:\www\tour\Application\Zyly\Model\IndexModel.class.php 第 625 行.
NOTIC: [2] unlink(./Application/Runtime/Temp/access_tokena0435375b666ac71aca0e45ef0012d41.php): No such file or directory E:\www\tour\ThinkPHP\Library\Think\Cache\Driver\File.class.php 第 157 行.
NOTIC: [8] Undefined index: access_token E:\www\tour\Application\Zyly\Model\IndexModel.class.php 第 623 行.
NOTIC: [2] unlink(./Application/Runtime/Temp/access_tokena0435375b666ac71aca0e45ef0012d41.php): No such file or directory E:\www\tour\ThinkPHP\Library\Think\Cache\Driver\File.class.php 第 157 行.
NOTIC: [8] Undefined index: access_token E:\www\tour\Application\Zyly\Model\IndexModel.class.php 第 625 行.
NOTIC: [8] Undefined index: ticket E:\www\tour\Application\Zyly\Model\IndexModel.class.php 第 560 行.
NOTIC: [2] unlink(./Application/Runtime/Temp/access_tokena0435375b666ac71aca0e45ef0012d41.php): No such file or directory E:\www\tour\ThinkPHP\Library\Think\Cache\Driver\File.class.php 第 157 行.
NOTIC: [8] Undefined index: access_token E:\www\tour\Application\Zyly\Model\IndexModel.class.php 第 623 行.
NOTIC: [2] unlink(./Application/Runtime/Temp/access_tokena0435375b666ac71aca0e45ef0012d41.php): No such file or directory E:\www\tour\ThinkPHP\Library\Think\Cache\Driver\File.class.php 第 157 行.
NOTIC: [8] Undefined index: access_token E:\www\tour\Application\Zyly\Model\IndexModel.class.php 第 625 行.
NOTIC: [2] unlink(./Application/Runtime/Temp/access_tokena0435375b666ac71aca0e45ef0012d41.php): No such file or directory E:\www\tour\ThinkPHP\Library\Think\Cache\Driver\File.class.php 第 157 行.
NOTIC: [8] Undefined index: access_token E:\www\tour\Application\Zyly\Model\IndexModel.class.php 第 623 行.
NOTIC: [2] unlink(./Application/Runtime/Temp/access_tokena0435375b666ac71aca0e45ef0012d41.php): No such file or directory E:\www\tour\ThinkPHP\Library\Think\Cache\Driver\File.class.php 第 157 行.
NOTIC: [8] Undefined index: access_token E:\www\tour\Application\Zyly\Model\IndexModel.class.php 第 625 行.
NOTIC: [8] Undefined index: ticket E:\www\tour\Application\Zyly\Model\IndexModel.class.php 第 560 行.
INFO: [ view_parse ] --START--
INFO: [ template_filter ] --START--
INFO: Run Behavior\ContentReplaceBehavior [ RunTime:0.000000s ]
INFO: [ template_filter ] --END-- [ RunTime:0.000000s ]
INFO: Run Behavior\ParseTemplateBehavior [ RunTime:0.015001s ]
INFO: [ view_parse ] --END-- [ RunTime:0.015001s ]
INFO: [ view_filter ] --START--
INFO: Run Behavior\WriteHtmlCacheBehavior [ RunTime:0.000000s ]
INFO: [ view_filter ] --END-- [ RunTime:0.000000s ]
INFO: [ app_end ] --START--
INFO: Run Behavior\ShowPageTraceBehavior [ RunTime:0.000000s ]
INFO: [ app_end ] --END-- [ RunTime:0.000000s ]

[ 2018-11-06T13:48:07+08:00 ] 127.0.0.1 /index.php/Zyly/person/person
NOTIC: [8] Use of undefined constant SHOW_PAGE_TRACE - assumed 'SHOW_PAGE_TRACE' E:\www\tour\Application\Common\Conf\debug.php 第 4 行.
INFO: [ app_init ] --START--
INFO: Run Behavior\BuildLiteBehavior [ RunTime:0.001000s ]
INFO: [ app_init ] --END-- [ RunTime:0.001000s ]
INFO: [ app_begin ] --START--
INFO: Run Behavior\ReadHtmlCacheBehavior [ RunTime:0.000000s ]
INFO: [ app_begin ] --END-- [ RunTime:0.000000s ]
SQL: SHOW COLUMNS FROM `lr_wechat_config` [ RunTime:0.0080s ]
SQL: SELECT * FROM `lr_wechat_config` WHERE `id` = 1 LIMIT 1   [ RunTime:0.0010s ]
SQL: SELECT * FROM `lr_wechat_config` WHERE `id` = 1 LIMIT 1   [ RunTime:0.0010s ]
NOTIC: [8] Undefined variable: admin_id E:\www\tour\Application\Zyly\Controller\PersonController.class.php 第 32 行.
SQL: SHOW COLUMNS FROM `lr_user` [ RunTime:0.0080s ]
SQL: SELECT * FROM `lr_user` WHERE `id` = 3 LIMIT 1   [ RunTime:0.0010s ]
SQL: SELECT COUNT(*) AS tp_count FROM `lr_user` WHERE `top_id` = 3 LIMIT 1   [ RunTime:0.0010s ]
SQL: SELECT * FROM `lr_wechat_config` WHERE `id` = 1 LIMIT 1   [ RunTime:0.0010s ]
SQL: SHOW COLUMNS FROM `lr_order` [ RunTime:0.0080s ]
SQL: SELECT * FROM `lr_order` WHERE `uid` = 3  [ RunTime:0.0020s ]
SQL: SHOW COLUMNS FROM `lr_glide` [ RunTime:0.0080s ]
SQL: SELECT * FROM `lr_glide` WHERE `uid` = 3 AND `act_price` > 0  [ RunTime:0.0010s ]
SQL: SHOW COLUMNS FROM `lr_product` [ RunTime:0.0090s ]
SQL: SELECT `id`,`name`,`intro`,`photo_x`,`sort`,`shiyong`,`price` FROM `lr_product` WHERE `del` = 0 ORDER BY sort desc LIMIT 1   [ RunTime:0.0010s ]
NOTIC: [8] Undefined index: access_token E:\www\tour\Application\Zyly\Model\IndexModel.class.php 第 623 行.
NOTIC: [2] unlink(./Application/Runtime/Temp/access_tokena0435375b666ac71aca0e45ef0012d41.php): No such file or directory E:\www\tour\ThinkPHP\Library\Think\Cache\Driver\File.class.php 第 157 行.
NOTIC: [8] Undefined index: access_token E:\www\tour\Application\Zyly\Model\IndexModel.class.php 第 625 行.
NOTIC: [2] unlink(./Application/Runtime/Temp/access_tokena0435375b666ac71aca0e45ef0012d41.php): No such file or directory E:\www\tour\ThinkPHP\Library\Think\Cache\Driver\File.class.php 第 157 行.
NOTIC: [8] Undefined index: access_token E:\www\tour\Application\Zyly\Model\IndexModel.class.php 第 623 行.
NOTIC: [2] unlink(./Application/Runtime/Temp/access_tokena0435375b666ac71aca0e45ef0012d41.php): No such file or directory E:\www\tour\ThinkPHP\Library\Think\Cache\Driver\File.class.php 第 157 行.
NOTIC: [8] Undefined index: access_token E:\www\tour\Application\Zyly\Model\IndexModel.class.php 第 625 行.
NOTIC: [8] Undefined index: ticket E:\www\tour\Application\Zyly\Model\IndexModel.class.php 第 560 行.
NOTIC: [2] unlink(./Application/Runtime/Temp/access_tokena0435375b666ac71aca0e45ef0012d41.php): No such file or directory E:\www\tour\ThinkPHP\Library\Think\Cache\Driver\File.class.php 第 157 行.
NOTIC: [8] Undefined index: access_token E:\www\tour\Application\Zyly\Model\IndexModel.class.php 第 623 行.
NOTIC: [2] unlink(./Application/Runtime/Temp/access_tokena0435375b666ac71aca0e45ef0012d41.php): No such file or directory E:\www\tour\ThinkPHP\Library\Think\Cache\Driver\File.class.php 第 157 行.
NOTIC: [8] Undefined index: access_token E:\www\tour\Application\Zyly\Model\IndexModel.class.php 第 625 行.
NOTIC: [2] unlink(./Application/Runtime/Temp/access_tokena0435375b666ac71aca0e45ef0012d41.php): No such file or directory E:\www\tour\ThinkPHP\Library\Think\Cache\Driver\File.class.php 第 157 行.
NOTIC: [8] Undefined index: access_token E:\www\tour\Application\Zyly\Model\IndexModel.class.php 第 623 行.
NOTIC: [2] unlink(./Application/Runtime/Temp/access_tokena0435375b666ac71aca0e45ef0012d41.php): No such file or directory E:\www\tour\ThinkPHP\Library\Think\Cache\Driver\File.class.php 第 157 行.
NOTIC: [8] Undefined index: access_token E:\www\tour\Application\Zyly\Model\IndexModel.class.php 第 625 行.
NOTIC: [8] Undefined index: ticket E:\www\tour\Application\Zyly\Model\IndexModel.class.php 第 560 行.
INFO: [ view_parse ] --START--
INFO: [ template_filter ] --START--
INFO: Run Behavior\ContentReplaceBehavior [ RunTime:0.000000s ]
INFO: [ template_filter ] --END-- [ RunTime:0.000000s ]
INFO: Run Behavior\ParseTemplateBehavior [ RunTime:0.006000s ]
INFO: [ view_parse ] --END-- [ RunTime:0.006000s ]
INFO: [ view_filter ] --START--
INFO: Run Behavior\WriteHtmlCacheBehavior [ RunTime:0.000000s ]
INFO: [ view_filter ] --END-- [ RunTime:0.000000s ]
INFO: [ app_end ] --START--
INFO: Run Behavior\ShowPageTraceBehavior [ RunTime:0.000000s ]
INFO: [ app_end ] --END-- [ RunTime:0.000000s ]

[ 2018-11-06T13:48:10+08:00 ] 127.0.0.1 /index.php/Zyly/Person/rewardDetail.html
NOTIC: [8] Use of undefined constant SHOW_PAGE_TRACE - assumed 'SHOW_PAGE_TRACE' E:\www\tour\Application\Common\Conf\debug.php 第 4 行.
INFO: [ app_init ] --START--
INFO: Run Behavior\BuildLiteBehavior [ RunTime:0.000000s ]
INFO: [ app_init ] --END-- [ RunTime:0.000000s ]
INFO: [ app_begin ] --START--
INFO: Run Behavior\ReadHtmlCacheBehavior [ RunTime:0.001000s ]
INFO: [ app_begin ] --END-- [ RunTime:0.001000s ]
SQL: SHOW COLUMNS FROM `lr_wechat_config` [ RunTime:0.0070s ]
SQL: SELECT * FROM `lr_wechat_config` WHERE `id` = 1 LIMIT 1   [ RunTime:0.0010s ]
SQL: SELECT * FROM `lr_wechat_config` WHERE `id` = 1 LIMIT 1   [ RunTime:0.0010s ]
NOTIC: [8] Undefined variable: admin_id E:\www\tour\Application\Zyly\Controller\PersonController.class.php 第 32 行.
SQL: SELECT * FROM `lr_wechat_config` WHERE `id` = 1 LIMIT 1   [ RunTime:0.0020s ]
SQL: SHOW COLUMNS FROM `lr_user` [ RunTime:0.0090s ]
SQL: SELECT * FROM `lr_user` WHERE `id` = 3 LIMIT 1   [ RunTime:0.0010s ]
SQL: SELECT COUNT(*) AS tp_count FROM `lr_user` WHERE `top_id` = 3 LIMIT 1   [ RunTime:0.0010s ]
SQL: SHOW COLUMNS FROM `lr_glide` [ RunTime:0.0080s ]
SQL: SELECT * FROM `lr_glide` WHERE `uid` = 3 AND `act_price` >= 0  [ RunTime:0.0010s ]
SQL: SHOW COLUMNS FROM `lr_order` [ RunTime:0.0090s ]
SQL: SELECT `uid`,`order_sn`,`status`,`pay_time`,`price_h`,`product_num` FROM `lr_order` WHERE `id` = 38 LIMIT 1   [ RunTime:0.0010s ]
SQL: SELECT `uname` FROM `lr_user` WHERE `id` = 2 LIMIT 1   [ RunTime:0.0000s ]
SQL: SHOW COLUMNS FROM `lr_product` [ RunTime:0.0070s ]
SQL: SELECT `name`,`photo_x`,`maid_one`,`maid_two`,`maid_three` FROM `lr_product` WHERE `id` = 269 LIMIT 1   [ RunTime:0.0010s ]
SQL: SELECT * FROM `lr_user` WHERE `id` = 2 LIMIT 1   [ RunTime:0.0010s ]
SQL: SELECT * FROM `lr_user` WHERE `id` = 3 LIMIT 1   [ RunTime:0.0020s ]
SQL: SELECT `uid`,`order_sn`,`status`,`pay_time`,`price_h`,`product_num` FROM `lr_order` WHERE `id` = 38 LIMIT 1   [ RunTime:0.0010s ]
SQL: SELECT `uname` FROM `lr_user` WHERE `id` = 2 LIMIT 1   [ RunTime:0.0010s ]
SQL: SELECT `name`,`photo_x`,`maid_one`,`maid_two`,`maid_three` FROM `lr_product` WHERE `id` = 268 LIMIT 1   [ RunTime:0.0010s ]
SQL: SELECT * FROM `lr_user` WHERE `id` = 2 LIMIT 1   [ RunTime:0.0010s ]
SQL: SELECT * FROM `lr_user` WHERE `id` = 3 LIMIT 1   [ RunTime:0.0010s ]
SQL: SELECT `uid`,`order_sn`,`status`,`pay_time`,`price_h`,`product_num` FROM `lr_order` WHERE `id` = 38 LIMIT 1   [ RunTime:0.0010s ]
SQL: SELECT `uname` FROM `lr_user` WHERE `id` = 2 LIMIT 1   [ RunTime:0.0010s ]
SQL: SELECT `name`,`photo_x`,`maid_one`,`maid_two`,`maid_three` FROM `lr_product` WHERE `id` = 269 LIMIT 1   [ RunTime:0.0010s ]
SQL: SELECT * FROM `lr_user` WHERE `id` = 2 LIMIT 1   [ RunTime:0.0010s ]
SQL: SELECT * FROM `lr_user` WHERE `id` = 3 LIMIT 1   [ RunTime:0.0020s ]
SQL: SELECT `uid`,`order_sn`,`status`,`pay_time`,`price_h`,`product_num` FROM `lr_order` WHERE `id` = 42 LIMIT 1   [ RunTime:0.0010s ]
SQL: SELECT `uname` FROM `lr_user` WHERE `id` = 1 LIMIT 1   [ RunTime:0.0010s ]
SQL: SELECT `name`,`photo_x`,`maid_one`,`maid_two`,`maid_three` FROM `lr_product` WHERE `id` = 290 LIMIT 1   [ RunTime:0.0010s ]
SQL: SELECT * FROM `lr_user` WHERE `id` = 1 LIMIT 1   [ RunTime:0.0010s ]
SQL: SELECT * FROM `lr_user` WHERE `id` = 2 LIMIT 1   [ RunTime:0.0010s ]
SQL: SELECT * FROM `lr_user` WHERE `id` = 3 LIMIT 1   [ RunTime:0.0010s ]
SQL: SELECT `uid`,`order_sn`,`status`,`pay_time`,`price_h`,`product_num` FROM `lr_order` WHERE `id` = 42 LIMIT 1   [ RunTime:0.0010s ]
SQL: SELECT `uname` FROM `lr_user` WHERE `id` = 1 LIMIT 1   [ RunTime:0.0010s ]
SQL: SELECT `name`,`photo_x`,`maid_one`,`maid_two`,`maid_three` FROM `lr_product` WHERE `id` = 290 LIMIT 1   [ RunTime:0.0010s ]
SQL: SELECT * FROM `lr_user` WHERE `id` = 1 LIMIT 1   [ RunTime:0.0010s ]
SQL: SELECT * FROM `lr_user` WHERE `id` = 2 LIMIT 1   [ RunTime:0.0020s ]
SQL: SELECT * FROM `lr_user` WHERE `id` = 3 LIMIT 1   [ RunTime:0.0010s ]
SQL: SELECT `uid`,`order_sn`,`status`,`pay_time`,`price_h`,`product_num` FROM `lr_order` WHERE `id` = 42 LIMIT 1   [ RunTime:0.0020s ]
SQL: SELECT `uname` FROM `lr_user` WHERE `id` = 1 LIMIT 1   [ RunTime:0.0000s ]
SQL: SELECT `name`,`photo_x`,`maid_one`,`maid_two`,`maid_three` FROM `lr_product` WHERE `id` = 290 LIMIT 1   [ RunTime:0.0010s ]
SQL: SELECT * FROM `lr_user` WHERE `id` = 1 LIMIT 1   [ RunTime:0.0010s ]
SQL: SELECT * FROM `lr_user` WHERE `id` = 2 LIMIT 1   [ RunTime:0.0020s ]
SQL: SELECT * FROM `lr_user` WHERE `id` = 3 LIMIT 1   [ RunTime:0.0020s ]
SQL: SELECT `uid`,`order_sn`,`status`,`pay_time`,`price_h`,`product_num` FROM `lr_order` WHERE `id` = 42 LIMIT 1   [ RunTime:0.0010s ]
SQL: SELECT `uname` FROM `lr_user` WHERE `id` = 1 LIMIT 1   [ RunTime:0.0010s ]
SQL: SELECT `name`,`photo_x`,`maid_one`,`maid_two`,`maid_three` FROM `lr_product` WHERE `id` = 281 LIMIT 1   [ RunTime:0.0010s ]
SQL: SELECT * FROM `lr_user` WHERE `id` = 1 LIMIT 1   [ RunTime:0.0010s ]
SQL: SELECT * FROM `lr_user` WHERE `id` = 2 LIMIT 1   [ RunTime:0.0010s ]
SQL: SELECT * FROM `lr_user` WHERE `id` = 3 LIMIT 1   [ RunTime:0.0020s ]
SQL: SELECT `uid`,`order_sn`,`status`,`pay_time`,`price_h`,`product_num` FROM `lr_order` WHERE `id` = 40 LIMIT 1   [ RunTime:0.0010s ]
SQL: SELECT `uname` FROM `lr_user` WHERE `id` = 1 LIMIT 1   [ RunTime:0.0010s ]
SQL: SELECT `name`,`photo_x`,`maid_one`,`maid_two`,`maid_three` FROM `lr_product` WHERE `id` = 281 LIMIT 1   [ RunTime:0.0010s ]
SQL: SELECT * FROM `lr_user` WHERE `id` = 1 LIMIT 1   [ RunTime:0.0010s ]
SQL: SELECT * FROM `lr_user` WHERE `id` = 2 LIMIT 1   [ RunTime:0.0020s ]
SQL: SELECT * FROM `lr_user` WHERE `id` = 3 LIMIT 1   [ RunTime:0.0010s ]
INFO: [ view_parse ] --START--
INFO: [ template_filter ] --START--
INFO: Run Behavior\ContentReplaceBehavior [ RunTime:0.000000s ]
INFO: [ template_filter ] --END-- [ RunTime:0.001000s ]
INFO: Run Behavior\ParseTemplateBehavior [ RunTime:0.037002s ]
INFO: [ view_parse ] --END-- [ RunTime:0.037002s ]
INFO: [ view_filter ] --START--
INFO: Run Behavior\WriteHtmlCacheBehavior [ RunTime:0.000000s ]
INFO: [ view_filter ] --END-- [ RunTime:0.000000s ]
INFO: [ app_end ] --START--
INFO: Run Behavior\ShowPageTraceBehavior [ RunTime:0.000000s ]
INFO: [ app_end ] --END-- [ RunTime:0.001000s ]

[ 2018-11-06T14:42:37+08:00 ] 127.0.0.1 /index.php/Zyly/Person/rewardDetail.html
NOTIC: [8] Use of undefined constant SHOW_PAGE_TRACE - assumed 'SHOW_PAGE_TRACE' E:\www\tour\Application\Common\Conf\debug.php 第 4 行.
INFO: [ app_init ] --START--
INFO: Run Behavior\BuildLiteBehavior [ RunTime:0.000000s ]
INFO: [ app_init ] --END-- [ RunTime:0.000000s ]
INFO: [ app_begin ] --START--
INFO: Run Behavior\ReadHtmlCacheBehavior [ RunTime:0.001001s ]
INFO: [ app_begin ] --END-- [ RunTime:0.001001s ]
SQL: SHOW COLUMNS FROM `lr_wechat_config` [ RunTime:0.0090s ]
SQL: SELECT * FROM `lr_wechat_config` WHERE `id` = 1 LIMIT 1   [ RunTime:0.0010s ]
SQL: SELECT * FROM `lr_wechat_config` WHERE `id` = 1 LIMIT 1   [ RunTime:0.0010s ]
NOTIC: [8] Undefined variable: admin_id E:\www\tour\Application\Zyly\Controller\PersonController.class.php 第 32 行.
SQL: SELECT * FROM `lr_wechat_config` WHERE `id` = 1 LIMIT 1   [ RunTime:0.0010s ]
SQL: SHOW COLUMNS FROM `lr_user` [ RunTime:0.0100s ]
SQL: SELECT * FROM `lr_user` WHERE `id` = 3 LIMIT 1   [ RunTime:0.0020s ]
SQL: SELECT COUNT(*) AS tp_count FROM `lr_user` WHERE `top_id` = 3 LIMIT 1   [ RunTime:0.0010s ]
SQL: SHOW COLUMNS FROM `lr_glide` [ RunTime:0.0070s ]
SQL: SELECT * FROM `lr_glide` WHERE `uid` = 3 AND `act_price` >= 0  [ RunTime:0.0020s ]
SQL: SHOW COLUMNS FROM `lr_order` [ RunTime:0.0090s ]
SQL: SELECT `uid`,`order_sn`,`status`,`pay_time`,`price_h`,`product_num` FROM `lr_order` WHERE `id` = 38 LIMIT 1   [ RunTime:0.0160s ]
SQL: SELECT `uname` FROM `lr_user` WHERE `id` = 2 LIMIT 1   [ RunTime:0.0010s ]
SQL: SHOW COLUMNS FROM `lr_product` [ RunTime:0.0050s ]
SQL: SELECT `name`,`photo_x`,`maid_one`,`maid_two`,`maid_three` FROM `lr_product` WHERE `id` = 269 LIMIT 1   [ RunTime:0.0010s ]
SQL: SELECT * FROM `lr_user` WHERE `id` = 2 LIMIT 1   [ RunTime:0.0010s ]
SQL: SELECT * FROM `lr_user` WHERE `id` = 3 LIMIT 1   [ RunTime:0.0020s ]
SQL: SELECT `uid`,`order_sn`,`status`,`pay_time`,`price_h`,`product_num` FROM `lr_order` WHERE `id` = 38 LIMIT 1   [ RunTime:0.0010s ]
SQL: SELECT `uname` FROM `lr_user` WHERE `id` = 2 LIMIT 1   [ RunTime:0.0000s ]
SQL: SELECT `name`,`photo_x`,`maid_one`,`maid_two`,`maid_three` FROM `lr_product` WHERE `id` = 268 LIMIT 1   [ RunTime:0.0000s ]
SQL: SELECT * FROM `lr_user` WHERE `id` = 2 LIMIT 1   [ RunTime:0.0020s ]
SQL: SELECT * FROM `lr_user` WHERE `id` = 3 LIMIT 1   [ RunTime:0.0010s ]
SQL: SELECT `uid`,`order_sn`,`status`,`pay_time`,`price_h`,`product_num` FROM `lr_order` WHERE `id` = 38 LIMIT 1   [ RunTime:0.0010s ]
SQL: SELECT `uname` FROM `lr_user` WHERE `id` = 2 LIMIT 1   [ RunTime:0.0010s ]
SQL: SELECT `name`,`photo_x`,`maid_one`,`maid_two`,`maid_three` FROM `lr_product` WHERE `id` = 269 LIMIT 1   [ RunTime:0.0010s ]
SQL: SELECT * FROM `lr_user` WHERE `id` = 2 LIMIT 1   [ RunTime:0.0010s ]
SQL: SELECT * FROM `lr_user` WHERE `id` = 3 LIMIT 1   [ RunTime:0.0010s ]
SQL: SELECT `uid`,`order_sn`,`status`,`pay_time`,`price_h`,`product_num` FROM `lr_order` WHERE `id` = 42 LIMIT 1   [ RunTime:0.0010s ]
SQL: SELECT `uname` FROM `lr_user` WHERE `id` = 1 LIMIT 1   [ RunTime:0.0010s ]
SQL: SELECT `name`,`photo_x`,`maid_one`,`maid_two`,`maid_three` FROM `lr_product` WHERE `id` = 290 LIMIT 1   [ RunTime:0.0010s ]
SQL: SELECT * FROM `lr_user` WHERE `id` = 1 LIMIT 1   [ RunTime:0.0010s ]
SQL: SELECT * FROM `lr_user` WHERE `id` = 2 LIMIT 1   [ RunTime:0.0020s ]
SQL: SELECT * FROM `lr_user` WHERE `id` = 3 LIMIT 1   [ RunTime:0.0010s ]
SQL: SELECT `uid`,`order_sn`,`status`,`pay_time`,`price_h`,`product_num` FROM `lr_order` WHERE `id` = 42 LIMIT 1   [ RunTime:0.0010s ]
SQL: SELECT `uname` FROM `lr_user` WHERE `id` = 1 LIMIT 1   [ RunTime:0.0010s ]
SQL: SELECT `name`,`photo_x`,`maid_one`,`maid_two`,`maid_three` FROM `lr_product` WHERE `id` = 290 LIMIT 1   [ RunTime:0.0010s ]
SQL: SELECT * FROM `lr_user` WHERE `id` = 1 LIMIT 1   [ RunTime:0.0010s ]
SQL: SELECT * FROM `lr_user` WHERE `id` = 2 LIMIT 1   [ RunTime:0.0020s ]
SQL: SELECT * FROM `lr_user` WHERE `id` = 3 LIMIT 1   [ RunTime:0.0010s ]
SQL: SELECT `uid`,`order_sn`,`status`,`pay_time`,`price_h`,`product_num` FROM `lr_order` WHERE `id` = 42 LIMIT 1   [ RunTime:0.0020s ]
SQL: SELECT `uname` FROM `lr_user` WHERE `id` = 1 LIMIT 1   [ RunTime:0.0000s ]
SQL: SELECT `name`,`photo_x`,`maid_one`,`maid_two`,`maid_three` FROM `lr_product` WHERE `id` = 290 LIMIT 1   [ RunTime:0.0010s ]
SQL: SELECT * FROM `lr_user` WHERE `id` = 1 LIMIT 1   [ RunTime:0.0010s ]
SQL: SELECT * FROM `lr_user` WHERE `id` = 2 LIMIT 1   [ RunTime:0.0010s ]
SQL: SELECT * FROM `lr_user` WHERE `id` = 3 LIMIT 1   [ RunTime:0.0020s ]
SQL: SELECT `uid`,`order_sn`,`status`,`pay_time`,`price_h`,`product_num` FROM `lr_order` WHERE `id` = 42 LIMIT 1   [ RunTime:0.0010s ]
SQL: SELECT `uname` FROM `lr_user` WHERE `id` = 1 LIMIT 1   [ RunTime:0.0000s ]
SQL: SELECT `name`,`photo_x`,`maid_one`,`maid_two`,`maid_three` FROM `lr_product` WHERE `id` = 281 LIMIT 1   [ RunTime:0.0010s ]
SQL: SELECT * FROM `lr_user` WHERE `id` = 1 LIMIT 1   [ RunTime:0.0020s ]
SQL: SELECT * FROM `lr_user` WHERE `id` = 2 LIMIT 1   [ RunTime:0.0010s ]
SQL: SELECT * FROM `lr_user` WHERE `id` = 3 LIMIT 1   [ RunTime:0.0020s ]
SQL: SELECT `uid`,`order_sn`,`status`,`pay_time`,`price_h`,`product_num` FROM `lr_order` WHERE `id` = 40 LIMIT 1   [ RunTime:0.0010s ]
SQL: SELECT `uname` FROM `lr_user` WHERE `id` = 1 LIMIT 1   [ RunTime:0.0010s ]
SQL: SELECT `name`,`photo_x`,`maid_one`,`maid_two`,`maid_three` FROM `lr_product` WHERE `id` = 281 LIMIT 1   [ RunTime:0.0000s ]
SQL: SELECT * FROM `lr_user` WHERE `id` = 1 LIMIT 1   [ RunTime:0.0010s ]
SQL: SELECT * FROM `lr_user` WHERE `id` = 2 LIMIT 1   [ RunTime:0.0010s ]
SQL: SELECT * FROM `lr_user` WHERE `id` = 3 LIMIT 1   [ RunTime:0.0020s ]
INFO: [ view_parse ] --START--
INFO: [ template_filter ] --START--
INFO: Run Behavior\ContentReplaceBehavior [ RunTime:0.000000s ]
INFO: [ template_filter ] --END-- [ RunTime:0.000000s ]
INFO: Run Behavior\ParseTemplateBehavior [ RunTime:0.012000s ]
INFO: [ view_parse ] --END-- [ RunTime:0.012000s ]
INFO: [ view_filter ] --START--
INFO: Run Behavior\WriteHtmlCacheBehavior [ RunTime:0.000000s ]
INFO: [ view_filter ] --END-- [ RunTime:0.000000s ]
INFO: [ app_end ] --START--
INFO: Run Behavior\ShowPageTraceBehavior [ RunTime:0.001000s ]
INFO: [ app_end ] --END-- [ RunTime:0.001000s ]

[ 2018-11-06T14:42:45+08:00 ] 127.0.0.1 /index.php/Zyly/Person/rewardDetail.html
NOTIC: [8] Use of undefined constant SHOW_PAGE_TRACE - assumed 'SHOW_PAGE_TRACE' E:\www\tour\Application\Common\Conf\debug.php 第 4 行.
INFO: [ app_init ] --START--
INFO: Run Behavior\BuildLiteBehavior [ RunTime:0.000000s ]
INFO: [ app_init ] --END-- [ RunTime:0.000000s ]
INFO: [ app_begin ] --START--
INFO: Run Behavior\ReadHtmlCacheBehavior [ RunTime:0.000000s ]
INFO: [ app_begin ] --END-- [ RunTime:0.000000s ]
SQL: SHOW COLUMNS FROM `lr_wechat_config` [ RunTime:0.0080s ]
SQL: SELECT * FROM `lr_wechat_config` WHERE `id` = 1 LIMIT 1   [ RunTime:0.0010s ]
SQL: SELECT * FROM `lr_wechat_config` WHERE `id` = 1 LIMIT 1   [ RunTime:0.0010s ]
NOTIC: [8] Undefined variable: admin_id E:\www\tour\Application\Zyly\Controller\PersonController.class.php 第 32 行.
SQL: SELECT * FROM `lr_wechat_config` WHERE `id` = 1 LIMIT 1   [ RunTime:0.0020s ]
SQL: SHOW COLUMNS FROM `lr_user` [ RunTime:0.0080s ]
SQL: SELECT * FROM `lr_user` WHERE `id` = 3 LIMIT 1   [ RunTime:0.0020s ]
SQL: SELECT COUNT(*) AS tp_count FROM `lr_user` WHERE `top_id` = 3 LIMIT 1   [ RunTime:0.0010s ]
SQL: SHOW COLUMNS FROM `lr_glide` [ RunTime:0.0070s ]
SQL: SELECT * FROM `lr_glide` WHERE `uid` = 3 AND `act_price` >= 0  [ RunTime:0.0010s ]
SQL: SHOW COLUMNS FROM `lr_order` [ RunTime:0.0080s ]
SQL: SELECT `uid`,`order_sn`,`status`,`pay_time`,`price_h`,`product_num` FROM `lr_order` WHERE `id` = 38 LIMIT 1   [ RunTime:0.0010s ]
SQL: SELECT `uname` FROM `lr_user` WHERE `id` = 2 LIMIT 1   [ RunTime:0.0010s ]
SQL: SHOW COLUMNS FROM `lr_product` [ RunTime:0.0060s ]
SQL: SELECT `name`,`photo_x`,`maid_one`,`maid_two`,`maid_three` FROM `lr_product` WHERE `id` = 269 LIMIT 1   [ RunTime:0.0010s ]
SQL: SELECT * FROM `lr_user` WHERE `id` = 2 LIMIT 1   [ RunTime:0.0010s ]
SQL: SELECT * FROM `lr_user` WHERE `id` = 3 LIMIT 1   [ RunTime:0.0010s ]
SQL: SELECT `uid`,`order_sn`,`status`,`pay_time`,`price_h`,`product_num` FROM `lr_order` WHERE `id` = 38 LIMIT 1   [ RunTime:0.0010s ]
SQL: SELECT `uname` FROM `lr_user` WHERE `id` = 2 LIMIT 1   [ RunTime:0.0000s ]
SQL: SELECT `name`,`photo_x`,`maid_one`,`maid_two`,`maid_three` FROM `lr_product` WHERE `id` = 268 LIMIT 1   [ RunTime:0.0010s ]
SQL: SELECT * FROM `lr_user` WHERE `id` = 2 LIMIT 1   [ RunTime:0.0010s ]
SQL: SELECT * FROM `lr_user` WHERE `id` = 3 LIMIT 1   [ RunTime:0.0020s ]
SQL: SELECT `uid`,`order_sn`,`status`,`pay_time`,`price_h`,`product_num` FROM `lr_order` WHERE `id` = 38 LIMIT 1   [ RunTime:0.0010s ]
SQL: SELECT `uname` FROM `lr_user` WHERE `id` = 2 LIMIT 1   [ RunTime:0.0010s ]
SQL: SELECT `name`,`photo_x`,`maid_one`,`maid_two`,`maid_three` FROM `lr_product` WHERE `id` = 269 LIMIT 1   [ RunTime:0.0010s ]
SQL: SELECT * FROM `lr_user` WHERE `id` = 2 LIMIT 1   [ RunTime:0.0010s ]
SQL: SELECT * FROM `lr_user` WHERE `id` = 3 LIMIT 1   [ RunTime:0.0010s ]
SQL: SELECT `uid`,`order_sn`,`status`,`pay_time`,`price_h`,`product_num` FROM `lr_order` WHERE `id` = 42 LIMIT 1   [ RunTime:0.0010s ]
SQL: SELECT `uname` FROM `lr_user` WHERE `id` = 1 LIMIT 1   [ RunTime:0.0010s ]
SQL: SELECT `name`,`photo_x`,`maid_one`,`maid_two`,`maid_three` FROM `lr_product` WHERE `id` = 290 LIMIT 1   [ RunTime:0.0010s ]
SQL: SELECT * FROM `lr_user` WHERE `id` = 1 LIMIT 1   [ RunTime:0.0010s ]
SQL: SELECT * FROM `lr_user` WHERE `id` = 2 LIMIT 1   [ RunTime:0.0020s ]
SQL: SELECT * FROM `lr_user` WHERE `id` = 3 LIMIT 1   [ RunTime:0.0010s ]
SQL: SELECT `uid`,`order_sn`,`status`,`pay_time`,`price_h`,`product_num` FROM `lr_order` WHERE `id` = 42 LIMIT 1   [ RunTime:0.0020s ]
SQL: SELECT `uname` FROM `lr_user` WHERE `id` = 1 LIMIT 1   [ RunTime:0.0000s ]
SQL: SELECT `name`,`photo_x`,`maid_one`,`maid_two`,`maid_three` FROM `lr_product` WHERE `id` = 290 LIMIT 1   [ RunTime:0.0010s ]
SQL: SELECT * FROM `lr_user` WHERE `id` = 1 LIMIT 1   [ RunTime:0.0010s ]
SQL: SELECT * FROM `lr_user` WHERE `id` = 2 LIMIT 1   [ RunTime:0.0020s ]
SQL: SELECT * FROM `lr_user` WHERE `id` = 3 LIMIT 1   [ RunTime:0.0020s ]
SQL: SELECT `uid`,`order_sn`,`status`,`pay_time`,`price_h`,`product_num` FROM `lr_order` WHERE `id` = 42 LIMIT 1   [ RunTime:0.0010s ]
SQL: SELECT `uname` FROM `lr_user` WHERE `id` = 1 LIMIT 1   [ RunTime:0.0000s ]
SQL: SELECT `name`,`photo_x`,`maid_one`,`maid_two`,`maid_three` FROM `lr_product` WHERE `id` = 290 LIMIT 1   [ RunTime:0.0000s ]
SQL: SELECT * FROM `lr_user` WHERE `id` = 1 LIMIT 1   [ RunTime:0.0020s ]
SQL: SELECT * FROM `lr_user` WHERE `id` = 2 LIMIT 1   [ RunTime:0.0010s ]
SQL: SELECT * FROM `lr_user` WHERE `id` = 3 LIMIT 1   [ RunTime:0.0020s ]
SQL: SELECT `uid`,`order_sn`,`status`,`pay_time`,`price_h`,`product_num` FROM `lr_order` WHERE `id` = 42 LIMIT 1   [ RunTime:0.0010s ]
SQL: SELECT `uname` FROM `lr_user` WHERE `id` = 1 LIMIT 1   [ RunTime:0.0000s ]
SQL: SELECT `name`,`photo_x`,`maid_one`,`maid_two`,`maid_three` FROM `lr_product` WHERE `id` = 281 LIMIT 1   [ RunTime:0.0000s ]
SQL: SELECT * FROM `lr_user` WHERE `id` = 1 LIMIT 1   [ RunTime:0.0010s ]
SQL: SELECT * FROM `lr_user` WHERE `id` = 2 LIMIT 1   [ RunTime:0.0010s ]
SQL: SELECT * FROM `lr_user` WHERE `id` = 3 LIMIT 1   [ RunTime:0.0010s ]
SQL: SELECT `uid`,`order_sn`,`status`,`pay_time`,`price_h`,`product_num` FROM `lr_order` WHERE `id` = 40 LIMIT 1   [ RunTime:0.0010s ]
SQL: SELECT `uname` FROM `lr_user` WHERE `id` = 1 LIMIT 1   [ RunTime:0.0010s ]
SQL: SELECT `name`,`photo_x`,`maid_one`,`maid_two`,`maid_three` FROM `lr_product` WHERE `id` = 281 LIMIT 1   [ RunTime:0.0010s ]
SQL: SELECT * FROM `lr_user` WHERE `id` = 1 LIMIT 1   [ RunTime:0.0010s ]
SQL: SELECT * FROM `lr_user` WHERE `id` = 2 LIMIT 1   [ RunTime:0.0020s ]
SQL: SELECT * FROM `lr_user` WHERE `id` = 3 LIMIT 1   [ RunTime:0.0010s ]
INFO: [ view_parse ] --START--
INFO: [ template_filter ] --START--
INFO: Run Behavior\ContentReplaceBehavior [ RunTime:0.000000s ]
INFO: [ template_filter ] --END-- [ RunTime:0.000000s ]
INFO: Run Behavior\ParseTemplateBehavior [ RunTime:0.005000s ]
INFO: [ view_parse ] --END-- [ RunTime:0.005000s ]
INFO: [ view_filter ] --START--
INFO: Run Behavior\WriteHtmlCacheBehavior [ RunTime:0.000000s ]
INFO: [ view_filter ] --END-- [ RunTime:0.000000s ]
INFO: [ app_end ] --START--
INFO: Run Behavior\ShowPageTraceBehavior [ RunTime:0.000000s ]
INFO: [ app_end ] --END-- [ RunTime:0.000000s ]

[ 2018-11-06T14:42:57+08:00 ] 127.0.0.1 /index.php/Zyly/Person/rewardDetail.html
NOTIC: [8] Use of undefined constant SHOW_PAGE_TRACE - assumed 'SHOW_PAGE_TRACE' E:\www\tour\Application\Common\Conf\debug.php 第 4 行.
INFO: [ app_init ] --START--
INFO: Run Behavior\BuildLiteBehavior [ RunTime:0.000000s ]
INFO: [ app_init ] --END-- [ RunTime:0.000000s ]
INFO: [ app_begin ] --START--
INFO: Run Behavior\ReadHtmlCacheBehavior [ RunTime:0.000000s ]
INFO: [ app_begin ] --END-- [ RunTime:0.000000s ]
SQL: SHOW COLUMNS FROM `lr_wechat_config` [ RunTime:0.0080s ]
SQL: SELECT * FROM `lr_wechat_config` WHERE `id` = 1 LIMIT 1   [ RunTime:0.0010s ]
SQL: SELECT * FROM `lr_wechat_config` WHERE `id` = 1 LIMIT 1   [ RunTime:0.0010s ]
NOTIC: [8] Undefined variable: admin_id E:\www\tour\Application\Zyly\Controller\PersonController.class.php 第 32 行.
SQL: SELECT * FROM `lr_wechat_config` WHERE `id` = 1 LIMIT 1   [ RunTime:0.0020s ]
SQL: SHOW COLUMNS FROM `lr_user` [ RunTime:0.0080s ]
SQL: SELECT * FROM `lr_user` WHERE `id` = 3 LIMIT 1   [ RunTime:0.0010s ]
SQL: SELECT COUNT(*) AS tp_count FROM `lr_user` WHERE `top_id` = 3 LIMIT 1   [ RunTime:0.0010s ]
SQL: SHOW COLUMNS FROM `lr_glide` [ RunTime:0.0070s ]
SQL: SELECT * FROM `lr_glide` WHERE `uid` = 3 AND `act_price` >= 0  [ RunTime:0.0010s ]
SQL: SHOW COLUMNS FROM `lr_order` [ RunTime:0.0080s ]
SQL: SELECT `uid`,`order_sn`,`status`,`pay_time`,`price_h`,`product_num` FROM `lr_order` WHERE `id` = 38 LIMIT 1   [ RunTime:0.0000s ]
SQL: SELECT `uname` FROM `lr_user` WHERE `id` = 2 LIMIT 1   [ RunTime:0.0010s ]
SQL: SHOW COLUMNS FROM `lr_product` [ RunTime:0.0060s ]
SQL: SELECT `name`,`photo_x`,`maid_one`,`maid_two`,`maid_three` FROM `lr_product` WHERE `id` = 269 LIMIT 1   [ RunTime:0.0020s ]
SQL: SELECT * FROM `lr_user` WHERE `id` = 2 LIMIT 1   [ RunTime:0.0010s ]
SQL: SELECT * FROM `lr_user` WHERE `id` = 3 LIMIT 1   [ RunTime:0.0010s ]
SQL: SELECT `uid`,`order_sn`,`status`,`pay_time`,`price_h`,`product_num` FROM `lr_order` WHERE `id` = 38 LIMIT 1   [ RunTime:0.0000s ]
SQL: SELECT `uname` FROM `lr_user` WHERE `id` = 2 LIMIT 1   [ RunTime:0.0000s ]
SQL: SELECT `name`,`photo_x`,`maid_one`,`maid_two`,`maid_three` FROM `lr_product` WHERE `id` = 268 LIMIT 1   [ RunTime:0.0010s ]
SQL: SELECT * FROM `lr_user` WHERE `id` = 2 LIMIT 1   [ RunTime:0.0010s ]
SQL: SELECT * FROM `lr_user` WHERE `id` = 3 LIMIT 1   [ RunTime:0.0020s ]
SQL: SELECT `uid`,`order_sn`,`status`,`pay_time`,`price_h`,`product_num` FROM `lr_order` WHERE `id` = 38 LIMIT 1   [ RunTime:0.0010s ]
SQL: SELECT `uname` FROM `lr_user` WHERE `id` = 2 LIMIT 1   [ RunTime:0.0010s ]
SQL: SELECT `name`,`photo_x`,`maid_one`,`maid_two`,`maid_three` FROM `lr_product` WHERE `id` = 269 LIMIT 1   [ RunTime:0.0010s ]
SQL: SELECT * FROM `lr_user` WHERE `id` = 2 LIMIT 1   [ RunTime:0.0010s ]
SQL: SELECT * FROM `lr_user` WHERE `id` = 3 LIMIT 1   [ RunTime:0.0020s ]
SQL: SELECT `uid`,`order_sn`,`status`,`pay_time`,`price_h`,`product_num` FROM `lr_order` WHERE `id` = 42 LIMIT 1   [ RunTime:0.0010s ]
SQL: SELECT `uname` FROM `lr_user` WHERE `id` = 1 LIMIT 1   [ RunTime:0.0010s ]
SQL: SELECT `name`,`photo_x`,`maid_one`,`maid_two`,`maid_three` FROM `lr_product` WHERE `id` = 290 LIMIT 1   [ RunTime:0.0010s ]
SQL: SELECT * FROM `lr_user` WHERE `id` = 1 LIMIT 1   [ RunTime:0.0010s ]
SQL: SELECT * FROM `lr_user` WHERE `id` = 2 LIMIT 1   [ RunTime:0.0010s ]
SQL: SELECT * FROM `lr_user` WHERE `id` = 3 LIMIT 1   [ RunTime:0.0020s ]
SQL: SELECT `uid`,`order_sn`,`status`,`pay_time`,`price_h`,`product_num` FROM `lr_order` WHERE `id` = 42 LIMIT 1   [ RunTime:0.0010s ]
SQL: SELECT `uname` FROM `lr_user` WHERE `id` = 1 LIMIT 1   [ RunTime:0.0010s ]
SQL: SELECT `name`,`photo_x`,`maid_one`,`maid_two`,`maid_three` FROM `lr_product` WHERE `id` = 290 LIMIT 1   [ RunTime:0.0010s ]
SQL: SELECT * FROM `lr_user` WHERE `id` = 1 LIMIT 1   [ RunTime:0.0010s ]
SQL: SELECT * FROM `lr_user` WHERE `id` = 2 LIMIT 1   [ RunTime:0.0020s ]
SQL: SELECT * FROM `lr_user` WHERE `id` = 3 LIMIT 1   [ RunTime:0.0010s ]
SQL: SELECT `uid`,`order_sn`,`status`,`pay_time`,`price_h`,`product_num` FROM `lr_order` WHERE `id` = 42 LIMIT 1   [ RunTime:0.0010s ]
SQL: SELECT `uname` FROM `lr_user` WHERE `id` = 1 LIMIT 1   [ RunTime:0.0010s ]
SQL: SELECT `name`,`photo_x`,`maid_one`,`maid_two`,`maid_three` FROM `lr_product` WHERE `id` = 290 LIMIT 1   [ RunTime:0.0010s ]
SQL: SELECT * FROM `lr_user` WHERE `id` = 1 LIMIT 1   [ RunTime:0.0010s ]
SQL: SELECT * FROM `lr_user` WHERE `id` = 2 LIMIT 1   [ RunTime:0.0020s ]
SQL: SELECT * FROM `lr_user` WHERE `id` = 3 LIMIT 1   [ RunTime:0.0010s ]
SQL: SELECT `uid`,`order_sn`,`status`,`pay_time`,`price_h`,`product_num` FROM `lr_order` WHERE `id` = 42 LIMIT 1   [ RunTime:0.0010s ]
SQL: SELECT `uname` FROM `lr_user` WHERE `id` = 1 LIMIT 1   [ RunTime:0.0010s ]
SQL: SELECT `name`,`photo_x`,`maid_one`,`maid_two`,`maid_three` FROM `lr_product` WHERE `id` = 281 LIMIT 1   [ RunTime:0.0010s ]
SQL: SELECT * FROM `lr_user` WHERE `id` = 1 LIMIT 1   [ RunTime:0.0010s ]
SQL: SELECT * FROM `lr_user` WHERE `id` = 2 LIMIT 1   [ RunTime:0.0020s ]
SQL: SELECT * FROM `lr_user` WHERE `id` = 3 LIMIT 1   [ RunTime:0.0020s ]
SQL: SELECT `uid`,`order_sn`,`status`,`pay_time`,`price_h`,`product_num` FROM `lr_order` WHERE `id` = 40 LIMIT 1   [ RunTime:0.0010s ]
SQL: SELECT `uname` FROM `lr_user` WHERE `id` = 1 LIMIT 1   [ RunTime:0.0000s ]
SQL: SELECT `name`,`photo_x`,`maid_one`,`maid_two`,`maid_three` FROM `lr_product` WHERE `id` = 281 LIMIT 1   [ RunTime:0.0010s ]
SQL: SELECT * FROM `lr_user` WHERE `id` = 1 LIMIT 1   [ RunTime:0.0010s ]
SQL: SELECT * FROM `lr_user` WHERE `id` = 2 LIMIT 1   [ RunTime:0.0020s ]
SQL: SELECT * FROM `lr_user` WHERE `id` = 3 LIMIT 1   [ RunTime:0.0010s ]
INFO: [ view_parse ] --START--
INFO: [ template_filter ] --START--
INFO: Run Behavior\ContentReplaceBehavior [ RunTime:0.000000s ]
INFO: [ template_filter ] --END-- [ RunTime:0.000000s ]
INFO: Run Behavior\ParseTemplateBehavior [ RunTime:0.006000s ]
INFO: [ view_parse ] --END-- [ RunTime:0.006000s ]
INFO: [ view_filter ] --START--
INFO: Run Behavior\WriteHtmlCacheBehavior [ RunTime:0.000000s ]
INFO: [ view_filter ] --END-- [ RunTime:0.000000s ]
INFO: [ app_end ] --START--
INFO: Run Behavior\ShowPageTraceBehavior [ RunTime:0.000000s ]
INFO: [ app_end ] --END-- [ RunTime:0.001000s ]

[ 2018-11-06T14:47:45+08:00 ] 127.0.0.1 /index.php/Zyly/Person/rewardDetail.html
NOTIC: [8] Use of undefined constant SHOW_PAGE_TRACE - assumed 'SHOW_PAGE_TRACE' E:\www\tour\Application\Common\Conf\debug.php 第 4 行.
INFO: [ app_init ] --START--
INFO: Run Behavior\BuildLiteBehavior [ RunTime:0.000000s ]
INFO: [ app_init ] --END-- [ RunTime:0.000000s ]
INFO: [ app_begin ] --START--
INFO: Run Behavior\ReadHtmlCacheBehavior [ RunTime:0.001000s ]
INFO: [ app_begin ] --END-- [ RunTime:0.001000s ]
SQL: SHOW COLUMNS FROM `lr_wechat_config` [ RunTime:0.0080s ]
SQL: SELECT * FROM `lr_wechat_config` WHERE `id` = 1 LIMIT 1   [ RunTime:0.0010s ]
SQL: SELECT * FROM `lr_wechat_config` WHERE `id` = 1 LIMIT 1   [ RunTime:0.0010s ]
NOTIC: [8] Undefined variable: admin_id E:\www\tour\Application\Zyly\Controller\PersonController.class.php 第 32 行.
SQL: SELECT * FROM `lr_wechat_config` WHERE `id` = 1 LIMIT 1   [ RunTime:0.0010s ]
SQL: SHOW COLUMNS FROM `lr_user` [ RunTime:0.0080s ]
SQL: SELECT * FROM `lr_user` WHERE `id` = 3 LIMIT 1   [ RunTime:0.0020s ]
SQL: SELECT COUNT(*) AS tp_count FROM `lr_user` WHERE `top_id` = 3 LIMIT 1   [ RunTime:0.0010s ]
SQL: SHOW COLUMNS FROM `lr_glide` [ RunTime:0.0060s ]
SQL: SELECT * FROM `lr_glide` WHERE `uid` = 3 AND `act_price` >= 0  [ RunTime:0.0020s ]
SQL: SHOW COLUMNS FROM `lr_order` [ RunTime:0.0050s ]
SQL: SELECT `uid`,`order_sn`,`status`,`pay_time`,`price_h`,`product_num` FROM `lr_order` WHERE `id` = 38 LIMIT 1   [ RunTime:0.0010s ]
SQL: SELECT `uname` FROM `lr_user` WHERE `id` = 2 LIMIT 1   [ RunTime:0.0010s ]
SQL: SHOW COLUMNS FROM `lr_product` [ RunTime:0.0050s ]
SQL: SELECT `name`,`photo_x`,`maid_one`,`maid_two`,`maid_three` FROM `lr_product` WHERE `id` = 269 LIMIT 1   [ RunTime:0.0010s ]
SQL: SELECT * FROM `lr_user` WHERE `id` = 2 LIMIT 1   [ RunTime:0.0010s ]
SQL: SELECT * FROM `lr_user` WHERE `id` = 3 LIMIT 1   [ RunTime:0.0010s ]
SQL: SELECT `uid`,`order_sn`,`status`,`pay_time`,`price_h`,`product_num` FROM `lr_order` WHERE `id` = 38 LIMIT 1   [ RunTime:0.0010s ]
SQL: SELECT `uname` FROM `lr_user` WHERE `id` = 2 LIMIT 1   [ RunTime:0.0010s ]
SQL: SELECT `name`,`photo_x`,`maid_one`,`maid_two`,`maid_three` FROM `lr_product` WHERE `id` = 268 LIMIT 1   [ RunTime:0.0010s ]
SQL: SELECT * FROM `lr_user` WHERE `id` = 2 LIMIT 1   [ RunTime:0.0010s ]
SQL: SELECT * FROM `lr_user` WHERE `id` = 3 LIMIT 1   [ RunTime:0.0020s ]
SQL: SELECT `uid`,`order_sn`,`status`,`pay_time`,`price_h`,`product_num` FROM `lr_order` WHERE `id` = 38 LIMIT 1   [ RunTime:0.0010s ]
SQL: SELECT `uname` FROM `lr_user` WHERE `id` = 2 LIMIT 1   [ RunTime:0.0010s ]
SQL: SELECT `name`,`photo_x`,`maid_one`,`maid_two`,`maid_three` FROM `lr_product` WHERE `id` = 269 LIMIT 1   [ RunTime:0.0010s ]
SQL: SELECT * FROM `lr_user` WHERE `id` = 2 LIMIT 1   [ RunTime:0.0010s ]
SQL: SELECT * FROM `lr_user` WHERE `id` = 3 LIMIT 1   [ RunTime:0.0020s ]
SQL: SELECT `uid`,`order_sn`,`status`,`pay_time`,`price_h`,`product_num` FROM `lr_order` WHERE `id` = 42 LIMIT 1   [ RunTime:0.0010s ]
SQL: SELECT `uname` FROM `lr_user` WHERE `id` = 1 LIMIT 1   [ RunTime:0.0000s ]
SQL: SELECT `name`,`photo_x`,`maid_one`,`maid_two`,`maid_three` FROM `lr_product` WHERE `id` = 290 LIMIT 1   [ RunTime:0.0000s ]
SQL: SELECT * FROM `lr_user` WHERE `id` = 1 LIMIT 1   [ RunTime:0.0020s ]
SQL: SELECT * FROM `lr_user` WHERE `id` = 2 LIMIT 1   [ RunTime:0.0010s ]
SQL: SELECT * FROM `lr_user` WHERE `id` = 3 LIMIT 1   [ RunTime:0.0020s ]
SQL: SELECT `uid`,`order_sn`,`status`,`pay_time`,`price_h`,`product_num` FROM `lr_order` WHERE `id` = 42 LIMIT 1   [ RunTime:0.0010s ]
SQL: SELECT `uname` FROM `lr_user` WHERE `id` = 1 LIMIT 1   [ RunTime:0.0010s ]
SQL: SELECT `name`,`photo_x`,`maid_one`,`maid_two`,`maid_three` FROM `lr_product` WHERE `id` = 290 LIMIT 1   [ RunTime:0.0010s ]
SQL: SELECT * FROM `lr_user` WHERE `id` = 1 LIMIT 1   [ RunTime:0.0010s ]
SQL: SELECT * FROM `lr_user` WHERE `id` = 2 LIMIT 1   [ RunTime:0.0020s ]
SQL: SELECT * FROM `lr_user` WHERE `id` = 3 LIMIT 1   [ RunTime:0.0010s ]
SQL: SELECT `uid`,`order_sn`,`status`,`pay_time`,`price_h`,`product_num` FROM `lr_order` WHERE `id` = 42 LIMIT 1   [ RunTime:0.0010s ]
SQL: SELECT `uname` FROM `lr_user` WHERE `id` = 1 LIMIT 1   [ RunTime:0.0000s ]
SQL: SELECT `name`,`photo_x`,`maid_one`,`maid_two`,`maid_three` FROM `lr_product` WHERE `id` = 290 LIMIT 1   [ RunTime:0.0010s ]
SQL: SELECT * FROM `lr_user` WHERE `id` = 1 LIMIT 1   [ RunTime:0.0010s ]
SQL: SELECT * FROM `lr_user` WHERE `id` = 2 LIMIT 1   [ RunTime:0.0010s ]
SQL: SELECT * FROM `lr_user` WHERE `id` = 3 LIMIT 1   [ RunTime:0.0020s ]
SQL: SELECT `uid`,`order_sn`,`status`,`pay_time`,`price_h`,`product_num` FROM `lr_order` WHERE `id` = 42 LIMIT 1   [ RunTime:0.0010s ]
SQL: SELECT `uname` FROM `lr_user` WHERE `id` = 1 LIMIT 1   [ RunTime:0.0010s ]
SQL: SELECT `name`,`photo_x`,`maid_one`,`maid_two`,`maid_three` FROM `lr_product` WHERE `id` = 281 LIMIT 1   [ RunTime:0.0010s ]
SQL: SELECT * FROM `lr_user` WHERE `id` = 1 LIMIT 1   [ RunTime:0.0010s ]
SQL: SELECT * FROM `lr_user` WHERE `id` = 2 LIMIT 1   [ RunTime:0.0010s ]
SQL: SELECT * FROM `lr_user` WHERE `id` = 3 LIMIT 1   [ RunTime:0.0010s ]
SQL: SELECT `uid`,`order_sn`,`status`,`pay_time`,`price_h`,`product_num` FROM `lr_order` WHERE `id` = 40 LIMIT 1   [ RunTime:0.0010s ]
SQL: SELECT `uname` FROM `lr_user` WHERE `id` = 1 LIMIT 1   [ RunTime:0.0010s ]
SQL: SELECT `name`,`photo_x`,`maid_one`,`maid_two`,`maid_three` FROM `lr_product` WHERE `id` = 281 LIMIT 1   [ RunTime:0.0010s ]
SQL: SELECT * FROM `lr_user` WHERE `id` = 1 LIMIT 1   [ RunTime:0.0010s ]
SQL: SELECT * FROM `lr_user` WHERE `id` = 2 LIMIT 1   [ RunTime:0.0020s ]
SQL: SELECT * FROM `lr_user` WHERE `id` = 3 LIMIT 1   [ RunTime:0.0010s ]
INFO: [ view_parse ] --START--
INFO: [ template_filter ] --START--
INFO: Run Behavior\ContentReplaceBehavior [ RunTime:0.000000s ]
INFO: [ template_filter ] --END-- [ RunTime:0.000000s ]
INFO: Run Behavior\ParseTemplateBehavior [ RunTime:0.007000s ]
INFO: [ view_parse ] --END-- [ RunTime:0.007000s ]
INFO: [ view_filter ] --START--
INFO: Run Behavior\WriteHtmlCacheBehavior [ RunTime:0.001000s ]
INFO: [ view_filter ] --END-- [ RunTime:0.001000s ]
INFO: [ app_end ] --START--
INFO: Run Behavior\ShowPageTraceBehavior [ RunTime:0.000000s ]
INFO: [ app_end ] --END-- [ RunTime:0.000000s ]

[ 2018-11-06T14:49:15+08:00 ] 127.0.0.1 /index.php/Zyly/Person/rewardDetail.html
NOTIC: [8] Use of undefined constant SHOW_PAGE_TRACE - assumed 'SHOW_PAGE_TRACE' E:\www\tour\Application\Common\Conf\debug.php 第 4 行.
INFO: [ app_init ] --START--
INFO: Run Behavior\BuildLiteBehavior [ RunTime:0.000000s ]
INFO: [ app_init ] --END-- [ RunTime:0.000000s ]
INFO: [ app_begin ] --START--
INFO: Run Behavior\ReadHtmlCacheBehavior [ RunTime:0.001000s ]
INFO: [ app_begin ] --END-- [ RunTime:0.001000s ]
SQL: SHOW COLUMNS FROM `lr_wechat_config` [ RunTime:0.0080s ]
SQL: SELECT * FROM `lr_wechat_config` WHERE `id` = 1 LIMIT 1   [ RunTime:0.0010s ]
SQL: SELECT * FROM `lr_wechat_config` WHERE `id` = 1 LIMIT 1   [ RunTime:0.0010s ]
NOTIC: [8] Undefined variable: admin_id E:\www\tour\Application\Zyly\Controller\PersonController.class.php 第 32 行.
SQL: SELECT * FROM `lr_wechat_config` WHERE `id` = 1 LIMIT 1   [ RunTime:0.0020s ]
SQL: SHOW COLUMNS FROM `lr_user` [ RunTime:0.0090s ]
SQL: SELECT * FROM `lr_user` WHERE `id` = 3 LIMIT 1   [ RunTime:0.0010s ]
SQL: SELECT COUNT(*) AS tp_count FROM `lr_user` WHERE `top_id` = 3 LIMIT 1   [ RunTime:0.0000s ]
SQL: SHOW COLUMNS FROM `lr_glide` [ RunTime:0.0090s ]
SQL: SELECT * FROM `lr_glide` WHERE `uid` = 3 AND `act_price` >= 0  [ RunTime:0.0010s ]
SQL: SHOW COLUMNS FROM `lr_order` [ RunTime:0.0070s ]
SQL: SELECT `uid`,`order_sn`,`status`,`pay_time`,`price_h`,`product_num` FROM `lr_order` WHERE `id` = 38 LIMIT 1   [ RunTime:0.0000s ]
SQL: SELECT `uname` FROM `lr_user` WHERE `id` = 2 LIMIT 1   [ RunTime:0.0010s ]
SQL: SHOW COLUMNS FROM `lr_product` [ RunTime:0.0050s ]
SQL: SELECT `name`,`photo_x`,`maid_one`,`maid_two`,`maid_three` FROM `lr_product` WHERE `id` = 269 LIMIT 1   [ RunTime:0.0010s ]
SQL: SELECT * FROM `lr_user` WHERE `id` = 2 LIMIT 1   [ RunTime:0.0010s ]
SQL: SELECT * FROM `lr_user` WHERE `id` = 3 LIMIT 1   [ RunTime:0.0010s ]
SQL: SELECT `uid`,`order_sn`,`status`,`pay_time`,`price_h`,`product_num` FROM `lr_order` WHERE `id` = 38 LIMIT 1   [ RunTime:0.0020s ]
SQL: SELECT `uname` FROM `lr_user` WHERE `id` = 2 LIMIT 1   [ RunTime:0.0000s ]
SQL: SELECT `name`,`photo_x`,`maid_one`,`maid_two`,`maid_three` FROM `lr_product` WHERE `id` = 268 LIMIT 1   [ RunTime:0.0010s ]
SQL: SELECT * FROM `lr_user` WHERE `id` = 2 LIMIT 1   [ RunTime:0.0020s ]
SQL: SELECT * FROM `lr_user` WHERE `id` = 3 LIMIT 1   [ RunTime:0.0010s ]
SQL: SELECT `uid`,`order_sn`,`status`,`pay_time`,`price_h`,`product_num` FROM `lr_order` WHERE `id` = 38 LIMIT 1   [ RunTime:0.0010s ]
SQL: SELECT `uname` FROM `lr_user` WHERE `id` = 2 LIMIT 1   [ RunTime:0.0010s ]
SQL: SELECT `name`,`photo_x`,`maid_one`,`maid_two`,`maid_three` FROM `lr_product` WHERE `id` = 269 LIMIT 1   [ RunTime:0.0010s ]
SQL: SELECT * FROM `lr_user` WHERE `id` = 2 LIMIT 1   [ RunTime:0.0010s ]
SQL: SELECT * FROM `lr_user` WHERE `id` = 3 LIMIT 1   [ RunTime:0.0020s ]
SQL: SELECT `uid`,`order_sn`,`status`,`pay_time`,`price_h`,`product_num` FROM `lr_order` WHERE `id` = 42 LIMIT 1   [ RunTime:0.0010s ]
SQL: SELECT `uname` FROM `lr_user` WHERE `id` = 1 LIMIT 1   [ RunTime:0.0010s ]
SQL: SELECT `name`,`photo_x`,`maid_one`,`maid_two`,`maid_three` FROM `lr_product` WHERE `id` = 290 LIMIT 1   [ RunTime:0.0010s ]
SQL: SELECT * FROM `lr_user` WHERE `id` = 1 LIMIT 1   [ RunTime:0.0010s ]
SQL: SELECT * FROM `lr_user` WHERE `id` = 2 LIMIT 1   [ RunTime:0.0020s ]
SQL: SELECT * FROM `lr_user` WHERE `id` = 3 LIMIT 1   [ RunTime:0.0010s ]
SQL: SELECT `uid`,`order_sn`,`status`,`pay_time`,`price_h`,`product_num` FROM `lr_order` WHERE `id` = 42 LIMIT 1   [ RunTime:0.0000s ]
SQL: SELECT `uname` FROM `lr_user` WHERE `id` = 1 LIMIT 1   [ RunTime:0.0000s ]
SQL: SELECT `name`,`photo_x`,`maid_one`,`maid_two`,`maid_three` FROM `lr_product` WHERE `id` = 290 LIMIT 1   [ RunTime:0.0010s ]
SQL: SELECT * FROM `lr_user` WHERE `id` = 1 LIMIT 1   [ RunTime:0.0010s ]
SQL: SELECT * FROM `lr_user` WHERE `id` = 2 LIMIT 1   [ RunTime:0.0010s ]
SQL: SELECT * FROM `lr_user` WHERE `id` = 3 LIMIT 1   [ RunTime:0.0020s ]
SQL: SELECT `uid`,`order_sn`,`status`,`pay_time`,`price_h`,`product_num` FROM `lr_order` WHERE `id` = 42 LIMIT 1   [ RunTime:0.0010s ]
SQL: SELECT `uname` FROM `lr_user` WHERE `id` = 1 LIMIT 1   [ RunTime:0.0010s ]
SQL: SELECT `name`,`photo_x`,`maid_one`,`maid_two`,`maid_three` FROM `lr_product` WHERE `id` = 290 LIMIT 1   [ RunTime:0.0010s ]
SQL: SELECT * FROM `lr_user` WHERE `id` = 1 LIMIT 1   [ RunTime:0.0010s ]
SQL: SELECT * FROM `lr_user` WHERE `id` = 2 LIMIT 1   [ RunTime:0.0010s ]
SQL: SELECT * FROM `lr_user` WHERE `id` = 3 LIMIT 1   [ RunTime:0.0010s ]
SQL: SELECT `uid`,`order_sn`,`status`,`pay_time`,`price_h`,`product_num` FROM `lr_order` WHERE `id` = 42 LIMIT 1   [ RunTime:0.0010s ]
SQL: SELECT `uname` FROM `lr_user` WHERE `id` = 1 LIMIT 1   [ RunTime:0.0010s ]
SQL: SELECT `name`,`photo_x`,`maid_one`,`maid_two`,`maid_three` FROM `lr_product` WHERE `id` = 281 LIMIT 1   [ RunTime:0.0010s ]
SQL: SELECT * FROM `lr_user` WHERE `id` = 1 LIMIT 1   [ RunTime:0.0010s ]
SQL: SELECT * FROM `lr_user` WHERE `id` = 2 LIMIT 1   [ RunTime:0.0020s ]
SQL: SELECT * FROM `lr_user` WHERE `id` = 3 LIMIT 1   [ RunTime:0.0010s ]
SQL: SELECT `uid`,`order_sn`,`status`,`pay_time`,`price_h`,`product_num` FROM `lr_order` WHERE `id` = 40 LIMIT 1   [ RunTime:0.0010s ]
SQL: SELECT `uname` FROM `lr_user` WHERE `id` = 1 LIMIT 1   [ RunTime:0.0010s ]
SQL: SELECT `name`,`photo_x`,`maid_one`,`maid_two`,`maid_three` FROM `lr_product` WHERE `id` = 281 LIMIT 1   [ RunTime:0.0010s ]
SQL: SELECT * FROM `lr_user` WHERE `id` = 1 LIMIT 1   [ RunTime:0.0010s ]
SQL: SELECT * FROM `lr_user` WHERE `id` = 2 LIMIT 1   [ RunTime:0.0020s ]
SQL: SELECT * FROM `lr_user` WHERE `id` = 3 LIMIT 1   [ RunTime:0.0020s ]
INFO: [ view_parse ] --START--
INFO: [ template_filter ] --START--
INFO: Run Behavior\ContentReplaceBehavior [ RunTime:0.000000s ]
INFO: [ template_filter ] --END-- [ RunTime:0.000000s ]
INFO: Run Behavior\ParseTemplateBehavior [ RunTime:0.012000s ]
INFO: [ view_parse ] --END-- [ RunTime:0.012000s ]
INFO: [ view_filter ] --START--
INFO: Run Behavior\WriteHtmlCacheBehavior [ RunTime:0.000000s ]
INFO: [ view_filter ] --END-- [ RunTime:0.000000s ]
INFO: [ app_end ] --START--
INFO: Run Behavior\ShowPageTraceBehavior [ RunTime:0.001000s ]
INFO: [ app_end ] --END-- [ RunTime:0.001000s ]

[ 2018-11-06T15:03:24+08:00 ] 127.0.0.1 /index.php/Zyly/Person/rewardDetail.html
NOTIC: [8] Use of undefined constant SHOW_PAGE_TRACE - assumed 'SHOW_PAGE_TRACE' E:\www\tour\Application\Common\Conf\debug.php 第 4 行.
INFO: [ app_init ] --START--
INFO: Run Behavior\BuildLiteBehavior [ RunTime:0.000000s ]
INFO: [ app_init ] --END-- [ RunTime:0.000000s ]
INFO: [ app_begin ] --START--
INFO: Run Behavior\ReadHtmlCacheBehavior [ RunTime:0.001000s ]
INFO: [ app_begin ] --END-- [ RunTime:0.001000s ]
SQL: SHOW COLUMNS FROM `lr_wechat_config` [ RunTime:0.0080s ]
SQL: SELECT * FROM `lr_wechat_config` WHERE `id` = 1 LIMIT 1   [ RunTime:0.0010s ]
SQL: SELECT * FROM `lr_wechat_config` WHERE `id` = 1 LIMIT 1   [ RunTime:0.0010s ]
NOTIC: [8] Undefined variable: admin_id E:\www\tour\Application\Zyly\Controller\PersonController.class.php 第 32 行.
SQL: SELECT * FROM `lr_wechat_config` WHERE `id` = 1 LIMIT 1   [ RunTime:0.0010s ]
SQL: SHOW COLUMNS FROM `lr_user` [ RunTime:0.0090s ]
SQL: SELECT * FROM `lr_user` WHERE `id` = 3 LIMIT 1   [ RunTime:0.0010s ]
SQL: SELECT COUNT(*) AS tp_count FROM `lr_user` WHERE `top_id` = 3 LIMIT 1   [ RunTime:0.0020s ]
SQL: SHOW COLUMNS FROM `lr_glide` [ RunTime:0.0080s ]
SQL: SELECT * FROM `lr_glide` WHERE `uid` = 3 AND `act_price` >= 0  [ RunTime:0.0020s ]
SQL: SHOW COLUMNS FROM `lr_order` [ RunTime:0.0070s ]
SQL: SELECT `uid`,`order_sn`,`status`,`pay_time`,`price_h`,`product_num` FROM `lr_order` WHERE `id` = 38 LIMIT 1   [ RunTime:0.0010s ]
SQL: SELECT `uname` FROM `lr_user` WHERE `id` = 2 LIMIT 1   [ RunTime:0.0000s ]
SQL: SHOW COLUMNS FROM `lr_product` [ RunTime:0.0050s ]
SQL: SELECT `name`,`photo_x`,`maid_one`,`maid_two`,`maid_three` FROM `lr_product` WHERE `id` = 269 LIMIT 1   [ RunTime:0.0010s ]
NOTIC: [8] Undefined index: top_id E:\www\tour\Application\Zyly\Controller\PersonController.class.php 第 239 行.
SQL: SELECT * FROM `lr_user` WHERE `id` = null LIMIT 1   [ RunTime:0.0010s ]
SQL: SELECT `uid`,`order_sn`,`status`,`pay_time`,`price_h`,`product_num` FROM `lr_order` WHERE `id` = 38 LIMIT 1   [ RunTime:0.0010s ]
SQL: SELECT `uname` FROM `lr_user` WHERE `id` = 2 LIMIT 1   [ RunTime:0.0010s ]
SQL: SELECT `name`,`photo_x`,`maid_one`,`maid_two`,`maid_three` FROM `lr_product` WHERE `id` = 268 LIMIT 1   [ RunTime:0.0010s ]
NOTIC: [8] Undefined index: top_id E:\www\tour\Application\Zyly\Controller\PersonController.class.php 第 239 行.
SQL: SELECT * FROM `lr_user` WHERE `id` = null LIMIT 1   [ RunTime:0.0010s ]
SQL: SELECT `uid`,`order_sn`,`status`,`pay_time`,`price_h`,`product_num` FROM `lr_order` WHERE `id` = 38 LIMIT 1   [ RunTime:0.0010s ]
SQL: SELECT `uname` FROM `lr_user` WHERE `id` = 2 LIMIT 1   [ RunTime:0.0000s ]
SQL: SELECT `name`,`photo_x`,`maid_one`,`maid_two`,`maid_three` FROM `lr_product` WHERE `id` = 269 LIMIT 1   [ RunTime:0.0010s ]
NOTIC: [8] Undefined index: top_id E:\www\tour\Application\Zyly\Controller\PersonController.class.php 第 239 行.
SQL: SELECT * FROM `lr_user` WHERE `id` = null LIMIT 1   [ RunTime:0.0010s ]
SQL: SELECT `uid`,`order_sn`,`status`,`pay_time`,`price_h`,`product_num` FROM `lr_order` WHERE `id` = 42 LIMIT 1   [ RunTime:0.0010s ]
SQL: SELECT `uname` FROM `lr_user` WHERE `id` = 1 LIMIT 1   [ RunTime:0.0010s ]
SQL: SELECT `name`,`photo_x`,`maid_one`,`maid_two`,`maid_three` FROM `lr_product` WHERE `id` = 290 LIMIT 1   [ RunTime:0.0010s ]
NOTIC: [8] Undefined index: top_id E:\www\tour\Application\Zyly\Controller\PersonController.class.php 第 239 行.
SQL: SELECT * FROM `lr_user` WHERE `id` = null LIMIT 1   [ RunTime:0.0010s ]
SQL: SELECT `uid`,`order_sn`,`status`,`pay_time`,`price_h`,`product_num` FROM `lr_order` WHERE `id` = 42 LIMIT 1   [ RunTime:0.0020s ]
SQL: SELECT `uname` FROM `lr_user` WHERE `id` = 1 LIMIT 1   [ RunTime:0.0000s ]
SQL: SELECT `name`,`photo_x`,`maid_one`,`maid_two`,`maid_three` FROM `lr_product` WHERE `id` = 290 LIMIT 1   [ RunTime:0.0010s ]
NOTIC: [8] Undefined index: top_id E:\www\tour\Application\Zyly\Controller\PersonController.class.php 第 239 行.
SQL: SELECT * FROM `lr_user` WHERE `id` = null LIMIT 1   [ RunTime:0.0010s ]
SQL: SELECT `uid`,`order_sn`,`status`,`pay_time`,`price_h`,`product_num` FROM `lr_order` WHERE `id` = 42 LIMIT 1   [ RunTime:0.0010s ]
SQL: SELECT `uname` FROM `lr_user` WHERE `id` = 1 LIMIT 1   [ RunTime:0.0000s ]
SQL: SELECT `name`,`photo_x`,`maid_one`,`maid_two`,`maid_three` FROM `lr_product` WHERE `id` = 290 LIMIT 1   [ RunTime:0.0010s ]
NOTIC: [8] Undefined index: top_id E:\www\tour\Application\Zyly\Controller\PersonController.class.php 第 239 行.
SQL: SELECT * FROM `lr_user` WHERE `id` = null LIMIT 1   [ RunTime:0.0020s ]
SQL: SELECT `uid`,`order_sn`,`status`,`pay_time`,`price_h`,`product_num` FROM `lr_order` WHERE `id` = 42 LIMIT 1   [ RunTime:0.0010s ]
SQL: SELECT `uname` FROM `lr_user` WHERE `id` = 1 LIMIT 1   [ RunTime:0.0010s ]
SQL: SELECT `name`,`photo_x`,`maid_one`,`maid_two`,`maid_three` FROM `lr_product` WHERE `id` = 281 LIMIT 1   [ RunTime:0.0010s ]
NOTIC: [8] Undefined index: top_id E:\www\tour\Application\Zyly\Controller\PersonController.class.php 第 239 行.
SQL: SELECT * FROM `lr_user` WHERE `id` = null LIMIT 1   [ RunTime:0.0010s ]
SQL: SELECT `uid`,`order_sn`,`status`,`pay_time`,`price_h`,`product_num` FROM `lr_order` WHERE `id` = 40 LIMIT 1   [ RunTime:0.0010s ]
SQL: SELECT `uname` FROM `lr_user` WHERE `id` = 1 LIMIT 1   [ RunTime:0.0010s ]
SQL: SELECT `name`,`photo_x`,`maid_one`,`maid_two`,`maid_three` FROM `lr_product` WHERE `id` = 281 LIMIT 1   [ RunTime:0.0010s ]
NOTIC: [8] Undefined index: top_id E:\www\tour\Application\Zyly\Controller\PersonController.class.php 第 239 行.
SQL: SELECT * FROM `lr_user` WHERE `id` = null LIMIT 1   [ RunTime:0.0010s ]
INFO: [ view_parse ] --START--
INFO: [ template_filter ] --START--
INFO: Run Behavior\ContentReplaceBehavior [ RunTime:0.000000s ]
INFO: [ template_filter ] --END-- [ RunTime:0.000000s ]
INFO: Run Behavior\ParseTemplateBehavior [ RunTime:0.012001s ]
INFO: [ view_parse ] --END-- [ RunTime:0.012001s ]
INFO: [ view_filter ] --START--
INFO: Run Behavior\WriteHtmlCacheBehavior [ RunTime:0.000000s ]
INFO: [ view_filter ] --END-- [ RunTime:0.000000s ]
INFO: [ app_end ] --START--
INFO: Run Behavior\ShowPageTraceBehavior [ RunTime:0.001000s ]
INFO: [ app_end ] --END-- [ RunTime:0.001000s ]

[ 2018-11-06T15:03:52+08:00 ] 127.0.0.1 /index.php/Zyly/Person/rewardDetail.html
NOTIC: [8] Use of undefined constant SHOW_PAGE_TRACE - assumed 'SHOW_PAGE_TRACE' E:\www\tour\Application\Common\Conf\debug.php 第 4 行.
INFO: [ app_init ] --START--
INFO: Run Behavior\BuildLiteBehavior [ RunTime:0.000000s ]
INFO: [ app_init ] --END-- [ RunTime:0.000000s ]
INFO: [ app_begin ] --START--
INFO: Run Behavior\ReadHtmlCacheBehavior [ RunTime:0.000000s ]
INFO: [ app_begin ] --END-- [ RunTime:0.000000s ]
SQL: SHOW COLUMNS FROM `lr_wechat_config` [ RunTime:0.0080s ]
SQL: SELECT * FROM `lr_wechat_config` WHERE `id` = 1 LIMIT 1   [ RunTime:0.0010s ]
SQL: SELECT * FROM `lr_wechat_config` WHERE `id` = 1 LIMIT 1   [ RunTime:0.0020s ]
NOTIC: [8] Undefined variable: admin_id E:\www\tour\Application\Zyly\Controller\PersonController.class.php 第 32 行.
SQL: SELECT * FROM `lr_wechat_config` WHERE `id` = 1 LIMIT 1   [ RunTime:0.0010s ]
SQL: SHOW COLUMNS FROM `lr_user` [ RunTime:0.0090s ]
SQL: SELECT * FROM `lr_user` WHERE `id` = 3 LIMIT 1   [ RunTime:0.0020s ]
SQL: SELECT COUNT(*) AS tp_count FROM `lr_user` WHERE `top_id` = 3 LIMIT 1   [ RunTime:0.0010s ]
SQL: SHOW COLUMNS FROM `lr_glide` [ RunTime:0.0070s ]
SQL: SELECT * FROM `lr_glide` WHERE `uid` = 3 AND `act_price` >= 0  [ RunTime:0.0010s ]
SQL: SHOW COLUMNS FROM `lr_order` [ RunTime:0.0080s ]
SQL: SELECT `uid`,`order_sn`,`status`,`pay_time`,`price_h`,`product_num` FROM `lr_order` WHERE `id` = 38 LIMIT 1   [ RunTime:0.0000s ]
SQL: SELECT `uname` FROM `lr_user` WHERE `id` = 2 LIMIT 1   [ RunTime:0.0010s ]

[ 2018-11-06T15:04:24+08:00 ] 127.0.0.1 /index.php/Zyly/Person/rewardDetail.html
NOTIC: [8] Use of undefined constant SHOW_PAGE_TRACE - assumed 'SHOW_PAGE_TRACE' E:\www\tour\Application\Common\Conf\debug.php 第 4 行.
INFO: [ app_init ] --START--
INFO: Run Behavior\BuildLiteBehavior [ RunTime:0.000000s ]
INFO: [ app_init ] --END-- [ RunTime:0.000000s ]
INFO: [ app_begin ] --START--
INFO: Run Behavior\ReadHtmlCacheBehavior [ RunTime:0.000000s ]
INFO: [ app_begin ] --END-- [ RunTime:0.000000s ]
SQL: SHOW COLUMNS FROM `lr_wechat_config` [ RunTime:0.0080s ]
SQL: SELECT * FROM `lr_wechat_config` WHERE `id` = 1 LIMIT 1   [ RunTime:0.0010s ]
SQL: SELECT * FROM `lr_wechat_config` WHERE `id` = 1 LIMIT 1   [ RunTime:0.0010s ]
NOTIC: [8] Undefined variable: admin_id E:\www\tour\Application\Zyly\Controller\PersonController.class.php 第 32 行.
SQL: SELECT * FROM `lr_wechat_config` WHERE `id` = 1 LIMIT 1   [ RunTime:0.0010s ]
SQL: SHOW COLUMNS FROM `lr_user` [ RunTime:0.0070s ]
SQL: SELECT * FROM `lr_user` WHERE `id` = 3 LIMIT 1   [ RunTime:0.0020s ]
SQL: SELECT COUNT(*) AS tp_count FROM `lr_user` WHERE `top_id` = 3 LIMIT 1   [ RunTime:0.0010s ]
SQL: SHOW COLUMNS FROM `lr_glide` [ RunTime:0.0060s ]
SQL: SELECT * FROM `lr_glide` WHERE `uid` = 3 AND `act_price` >= 0  [ RunTime:0.0020s ]
SQL: SHOW COLUMNS FROM `lr_order` [ RunTime:0.0070s ]
SQL: SELECT `uid`,`order_sn`,`status`,`pay_time`,`price_h`,`product_num` FROM `lr_order` WHERE `id` = 38 LIMIT 1   [ RunTime:0.0010s ]
SQL: SELECT `uname`,`top_id` FROM `lr_user` WHERE `id` = 2 LIMIT 1   [ RunTime:0.0000s ]
SQL: SHOW COLUMNS FROM `lr_product` [ RunTime:0.0050s ]
SQL: SELECT `name`,`photo_x`,`maid_one`,`maid_two`,`maid_three` FROM `lr_product` WHERE `id` = 269 LIMIT 1   [ RunTime:0.0000s ]
SQL: SELECT * FROM `lr_user` WHERE `id` = 3 LIMIT 1   [ RunTime:0.0020s ]
SQL: SELECT `uid`,`order_sn`,`status`,`pay_time`,`price_h`,`product_num` FROM `lr_order` WHERE `id` = 38 LIMIT 1   [ RunTime:0.0010s ]
SQL: SELECT `uname`,`top_id` FROM `lr_user` WHERE `id` = 2 LIMIT 1   [ RunTime:0.0000s ]
SQL: SELECT `name`,`photo_x`,`maid_one`,`maid_two`,`maid_three` FROM `lr_product` WHERE `id` = 268 LIMIT 1   [ RunTime:0.0010s ]
SQL: SELECT * FROM `lr_user` WHERE `id` = 3 LIMIT 1   [ RunTime:0.0020s ]
SQL: SELECT `uid`,`order_sn`,`status`,`pay_time`,`price_h`,`product_num` FROM `lr_order` WHERE `id` = 38 LIMIT 1   [ RunTime:0.0010s ]
SQL: SELECT `uname`,`top_id` FROM `lr_user` WHERE `id` = 2 LIMIT 1   [ RunTime:0.0000s ]
SQL: SELECT `name`,`photo_x`,`maid_one`,`maid_two`,`maid_three` FROM `lr_product` WHERE `id` = 269 LIMIT 1   [ RunTime:0.0010s ]
SQL: SELECT * FROM `lr_user` WHERE `id` = 3 LIMIT 1   [ RunTime:0.0010s ]
SQL: SELECT `uid`,`order_sn`,`status`,`pay_time`,`price_h`,`product_num` FROM `lr_order` WHERE `id` = 42 LIMIT 1   [ RunTime:0.0000s ]
SQL: SELECT `uname`,`top_id` FROM `lr_user` WHERE `id` = 1 LIMIT 1   [ RunTime:0.0000s ]
SQL: SELECT `name`,`photo_x`,`maid_one`,`maid_two`,`maid_three` FROM `lr_product` WHERE `id` = 290 LIMIT 1   [ RunTime:0.0010s ]
SQL: SELECT * FROM `lr_user` WHERE `id` = 2 LIMIT 1   [ RunTime:0.0010s ]
SQL: SELECT * FROM `lr_user` WHERE `id` = 3 LIMIT 1   [ RunTime:0.0020s ]
SQL: SELECT `uid`,`order_sn`,`status`,`pay_time`,`price_h`,`product_num` FROM `lr_order` WHERE `id` = 42 LIMIT 1   [ RunTime:0.0010s ]
SQL: SELECT `uname`,`top_id` FROM `lr_user` WHERE `id` = 1 LIMIT 1   [ RunTime:0.0010s ]
SQL: SELECT `name`,`photo_x`,`maid_one`,`maid_two`,`maid_three` FROM `lr_product` WHERE `id` = 290 LIMIT 1   [ RunTime:0.0010s ]
SQL: SELECT * FROM `lr_user` WHERE `id` = 2 LIMIT 1   [ RunTime:0.0010s ]
SQL: SELECT * FROM `lr_user` WHERE `id` = 3 LIMIT 1   [ RunTime:0.0010s ]
SQL: SELECT `uid`,`order_sn`,`status`,`pay_time`,`price_h`,`product_num` FROM `lr_order` WHERE `id` = 42 LIMIT 1   [ RunTime:0.0010s ]
SQL: SELECT `uname`,`top_id` FROM `lr_user` WHERE `id` = 1 LIMIT 1   [ RunTime:0.0000s ]
SQL: SELECT `name`,`photo_x`,`maid_one`,`maid_two`,`maid_three` FROM `lr_product` WHERE `id` = 290 LIMIT 1   [ RunTime:0.0010s ]
SQL: SELECT * FROM `lr_user` WHERE `id` = 2 LIMIT 1   [ RunTime:0.0010s ]
SQL: SELECT * FROM `lr_user` WHERE `id` = 3 LIMIT 1   [ RunTime:0.0010s ]
SQL: SELECT `uid`,`order_sn`,`status`,`pay_time`,`price_h`,`product_num` FROM `lr_order` WHERE `id` = 42 LIMIT 1   [ RunTime:0.0010s ]
SQL: SELECT `uname`,`top_id` FROM `lr_user` WHERE `id` = 1 LIMIT 1   [ RunTime:0.0010s ]
SQL: SELECT `name`,`photo_x`,`maid_one`,`maid_two`,`maid_three` FROM `lr_product` WHERE `id` = 281 LIMIT 1   [ RunTime:0.0010s ]
SQL: SELECT * FROM `lr_user` WHERE `id` = 2 LIMIT 1   [ RunTime:0.0010s ]
SQL: SELECT * FROM `lr_user` WHERE `id` = 3 LIMIT 1   [ RunTime:0.0010s ]
SQL: SELECT `uid`,`order_sn`,`status`,`pay_time`,`price_h`,`product_num` FROM `lr_order` WHERE `id` = 40 LIMIT 1   [ RunTime:0.0010s ]
SQL: SELECT `uname`,`top_id` FROM `lr_user` WHERE `id` = 1 LIMIT 1   [ RunTime:0.0000s ]
SQL: SELECT `name`,`photo_x`,`maid_one`,`maid_two`,`maid_three` FROM `lr_product` WHERE `id` = 281 LIMIT 1   [ RunTime:0.0010s ]
SQL: SELECT * FROM `lr_user` WHERE `id` = 2 LIMIT 1   [ RunTime:0.0010s ]
SQL: SELECT * FROM `lr_user` WHERE `id` = 3 LIMIT 1   [ RunTime:0.0020s ]
INFO: [ view_parse ] --START--
INFO: [ template_filter ] --START--
INFO: Run Behavior\ContentReplaceBehavior [ RunTime:0.000000s ]
INFO: [ template_filter ] --END-- [ RunTime:0.000000s ]
INFO: Run Behavior\ParseTemplateBehavior [ RunTime:0.006001s ]
INFO: [ view_parse ] --END-- [ RunTime:0.006001s ]
INFO: [ view_filter ] --START--
INFO: Run Behavior\WriteHtmlCacheBehavior [ RunTime:0.000000s ]
INFO: [ view_filter ] --END-- [ RunTime:0.000000s ]
INFO: [ app_end ] --START--
INFO: Run Behavior\ShowPageTraceBehavior [ RunTime:0.000000s ]
INFO: [ app_end ] --END-- [ RunTime:0.000000s ]

[ 2018-11-06T15:08:12+08:00 ] 127.0.0.1 /index.php/Zyly/Person/rewardDetail.html
NOTIC: [8] Use of undefined constant SHOW_PAGE_TRACE - assumed 'SHOW_PAGE_TRACE' E:\www\tour\Application\Common\Conf\debug.php 第 4 行.
INFO: [ app_init ] --START--
INFO: Run Behavior\BuildLiteBehavior [ RunTime:0.000000s ]
INFO: [ app_init ] --END-- [ RunTime:0.000000s ]
INFO: [ app_begin ] --START--
INFO: Run Behavior\ReadHtmlCacheBehavior [ RunTime:0.001000s ]
INFO: [ app_begin ] --END-- [ RunTime:0.001000s ]
SQL: SHOW COLUMNS FROM `lr_wechat_config` [ RunTime:0.0080s ]
SQL: SELECT * FROM `lr_wechat_config` WHERE `id` = 1 LIMIT 1   [ RunTime:0.0020s ]
SQL: SELECT * FROM `lr_wechat_config` WHERE `id` = 1 LIMIT 1   [ RunTime:0.0010s ]
NOTIC: [8] Undefined variable: admin_id E:\www\tour\Application\Zyly\Controller\PersonController.class.php 第 32 行.
SQL: SELECT * FROM `lr_wechat_config` WHERE `id` = 1 LIMIT 1   [ RunTime:0.0010s ]
SQL: SHOW COLUMNS FROM `lr_user` [ RunTime:0.0090s ]
SQL: SELECT * FROM `lr_user` WHERE `id` = 3 LIMIT 1   [ RunTime:0.0020s ]
SQL: SELECT COUNT(*) AS tp_count FROM `lr_user` WHERE `top_id` = 3 LIMIT 1   [ RunTime:0.0010s ]
SQL: SHOW COLUMNS FROM `lr_glide` [ RunTime:0.0070s ]
SQL: SELECT * FROM `lr_glide` WHERE `uid` = 3 AND `act_price` >= 0  [ RunTime:0.0020s ]
SQL: SHOW COLUMNS FROM `lr_order` [ RunTime:0.0080s ]
SQL: SELECT `uid`,`order_sn`,`status`,`pay_time`,`price_h`,`product_num` FROM `lr_order` WHERE `id` = 38 LIMIT 1   [ RunTime:0.0000s ]
SQL: SELECT `uname`,`top_id` FROM `lr_user` WHERE `id` = 2 LIMIT 1   [ RunTime:0.0010s ]

[ 2018-11-06T15:09:10+08:00 ] 127.0.0.1 /index.php/Zyly/Person/rewardDetail.html
NOTIC: [8] Use of undefined constant SHOW_PAGE_TRACE - assumed 'SHOW_PAGE_TRACE' E:\www\tour\Application\Common\Conf\debug.php 第 4 行.
INFO: [ app_init ] --START--
INFO: Run Behavior\BuildLiteBehavior [ RunTime:0.000000s ]
INFO: [ app_init ] --END-- [ RunTime:0.000000s ]
INFO: [ app_begin ] --START--
INFO: Run Behavior\ReadHtmlCacheBehavior [ RunTime:0.001000s ]
INFO: [ app_begin ] --END-- [ RunTime:0.001000s ]
SQL: SHOW COLUMNS FROM `lr_wechat_config` [ RunTime:0.0080s ]
SQL: SELECT * FROM `lr_wechat_config` WHERE `id` = 1 LIMIT 1   [ RunTime:0.0010s ]
SQL: SELECT * FROM `lr_wechat_config` WHERE `id` = 1 LIMIT 1   [ RunTime:0.0010s ]
NOTIC: [8] Undefined variable: admin_id E:\www\tour\Application\Zyly\Controller\PersonController.class.php 第 32 行.
SQL: SELECT * FROM `lr_wechat_config` WHERE `id` = 1 LIMIT 1   [ RunTime:0.0010s ]
SQL: SHOW COLUMNS FROM `lr_user` [ RunTime:0.0090s ]
SQL: SELECT * FROM `lr_user` WHERE `id` = 3 LIMIT 1   [ RunTime:0.0010s ]
SQL: SELECT COUNT(*) AS tp_count FROM `lr_user` WHERE `top_id` = 3 LIMIT 1   [ RunTime:0.0010s ]
SQL: SHOW COLUMNS FROM `lr_glide` [ RunTime:0.0080s ]
SQL: SELECT * FROM `lr_glide` WHERE `uid` = 3 AND `act_price` >= 0  [ RunTime:0.0020s ]
SQL: SHOW COLUMNS FROM `lr_order` [ RunTime:0.0050s ]
SQL: SELECT `uid`,`order_sn`,`status`,`pay_time`,`price_h`,`product_num` FROM `lr_order` WHERE `id` = 38 LIMIT 1   [ RunTime:0.0000s ]
SQL: SELECT `uname`,`top_id` FROM `lr_user` WHERE `id` = 2 LIMIT 1   [ RunTime:0.0010s ]

[ 2018-11-06T15:44:10+08:00 ] 127.0.0.1 /index.php/Zyly/Person/rewardDetail.html
NOTIC: [8] Use of undefined constant SHOW_PAGE_TRACE - assumed 'SHOW_PAGE_TRACE' E:\www\tour\Application\Common\Conf\debug.php 第 4 行.
INFO: [ app_init ] --START--
INFO: Run Behavior\BuildLiteBehavior [ RunTime:0.000000s ]
INFO: [ app_init ] --END-- [ RunTime:0.000000s ]
INFO: [ app_begin ] --START--
INFO: Run Behavior\ReadHtmlCacheBehavior [ RunTime:0.000000s ]
INFO: [ app_begin ] --END-- [ RunTime:0.000000s ]
SQL: SHOW COLUMNS FROM `lr_wechat_config` [ RunTime:0.0090s ]
SQL: SELECT * FROM `lr_wechat_config` WHERE `id` = 1 LIMIT 1   [ RunTime:0.0010s ]
SQL: SELECT * FROM `lr_wechat_config` WHERE `id` = 1 LIMIT 1   [ RunTime:0.0000s ]
NOTIC: [8] Undefined variable: admin_id E:\www\tour\Application\Zyly\Controller\PersonController.class.php 第 32 行.
SQL: SELECT * FROM `lr_wechat_config` WHERE `id` = 1 LIMIT 1   [ RunTime:0.0010s ]
SQL: SHOW COLUMNS FROM `lr_user` [ RunTime:0.0100s ]
SQL: SELECT * FROM `lr_user` WHERE `id` = 3 LIMIT 1   [ RunTime:0.0010s ]
SQL: SELECT COUNT(*) AS tp_count FROM `lr_user` WHERE `top_id` = 3 LIMIT 1   [ RunTime:0.0000s ]
SQL: SHOW COLUMNS FROM `lr_glide` [ RunTime:0.0080s ]
SQL: SELECT * FROM `lr_glide` WHERE `uid` = 3 AND `act_price` >= 0  [ RunTime:0.0020s ]
SQL: SHOW COLUMNS FROM `lr_order` [ RunTime:0.0090s ]
SQL: SELECT `uid`,`order_sn`,`status`,`pay_time`,`price_h`,`product_num` FROM `lr_order` WHERE `id` = 38 LIMIT 1   [ RunTime:0.0010s ]
SQL: SELECT `uname`,`top_id` FROM `lr_user` WHERE `id` = 2 LIMIT 1   [ RunTime:0.0010s ]
SQL: SHOW COLUMNS FROM `lr_product` [ RunTime:0.0100s ]
SQL: SELECT `name`,`photo_x`,`maid_one`,`maid_two`,`maid_three` FROM `lr_product` WHERE `id` = 269 LIMIT 1   [ RunTime:0.0020s ]
SQL: SELECT * FROM `lr_user` WHERE `id` = 3 LIMIT 1   [ RunTime:0.0020s ]
SQL: SELECT `uid`,`order_sn`,`status`,`pay_time`,`price_h`,`product_num` FROM `lr_order` WHERE `id` = 38 LIMIT 1   [ RunTime:0.0010s ]
SQL: SELECT `uname`,`top_id` FROM `lr_user` WHERE `id` = 2 LIMIT 1   [ RunTime:0.0010s ]
SQL: SELECT `name`,`photo_x`,`maid_one`,`maid_two`,`maid_three` FROM `lr_product` WHERE `id` = 268 LIMIT 1   [ RunTime:0.0010s ]
SQL: SELECT * FROM `lr_user` WHERE `id` = 3 LIMIT 1   [ RunTime:0.0020s ]
SQL: SELECT `uid`,`order_sn`,`status`,`pay_time`,`price_h`,`product_num` FROM `lr_order` WHERE `id` = 38 LIMIT 1   [ RunTime:0.0010s ]
SQL: SELECT `uname`,`top_id` FROM `lr_user` WHERE `id` = 2 LIMIT 1   [ RunTime:0.0010s ]
SQL: SELECT `name`,`photo_x`,`maid_one`,`maid_two`,`maid_three` FROM `lr_product` WHERE `id` = 269 LIMIT 1   [ RunTime:0.0010s ]
SQL: SELECT * FROM `lr_user` WHERE `id` = 3 LIMIT 1   [ RunTime:0.0010s ]
SQL: SELECT `uid`,`order_sn`,`status`,`pay_time`,`price_h`,`product_num` FROM `lr_order` WHERE `id` = 42 LIMIT 1   [ RunTime:0.0010s ]
SQL: SELECT `uname`,`top_id` FROM `lr_user` WHERE `id` = 1 LIMIT 1   [ RunTime:0.0010s ]
SQL: SELECT `name`,`photo_x`,`maid_one`,`maid_two`,`maid_three` FROM `lr_product` WHERE `id` = 290 LIMIT 1   [ RunTime:0.0010s ]
SQL: SELECT * FROM `lr_user` WHERE `id` = 2 LIMIT 1   [ RunTime:0.0010s ]
SQL: SELECT * FROM `lr_user` WHERE `id` = 3 LIMIT 1   [ RunTime:0.0020s ]
SQL: SELECT `uid`,`order_sn`,`status`,`pay_time`,`price_h`,`product_num` FROM `lr_order` WHERE `id` = 42 LIMIT 1   [ RunTime:0.0010s ]
SQL: SELECT `uname`,`top_id` FROM `lr_user` WHERE `id` = 1 LIMIT 1   [ RunTime:0.0010s ]
SQL: SELECT `name`,`photo_x`,`maid_one`,`maid_two`,`maid_three` FROM `lr_product` WHERE `id` = 290 LIMIT 1   [ RunTime:0.0000s ]
SQL: SELECT * FROM `lr_user` WHERE `id` = 2 LIMIT 1   [ RunTime:0.0020s ]
SQL: SELECT * FROM `lr_user` WHERE `id` = 3 LIMIT 1   [ RunTime:0.0010s ]
SQL: SELECT `uid`,`order_sn`,`status`,`pay_time`,`price_h`,`product_num` FROM `lr_order` WHERE `id` = 42 LIMIT 1   [ RunTime:0.0020s ]
SQL: SELECT `uname`,`top_id` FROM `lr_user` WHERE `id` = 1 LIMIT 1   [ RunTime:0.0000s ]
SQL: SELECT `name`,`photo_x`,`maid_one`,`maid_two`,`maid_three` FROM `lr_product` WHERE `id` = 290 LIMIT 1   [ RunTime:0.0010s ]
SQL: SELECT * FROM `lr_user` WHERE `id` = 2 LIMIT 1   [ RunTime:0.0010s ]
SQL: SELECT * FROM `lr_user` WHERE `id` = 3 LIMIT 1   [ RunTime:0.0020s ]
SQL: SELECT `uid`,`order_sn`,`status`,`pay_time`,`price_h`,`product_num` FROM `lr_order` WHERE `id` = 42 LIMIT 1   [ RunTime:0.0010s ]
SQL: SELECT `uname`,`top_id` FROM `lr_user` WHERE `id` = 1 LIMIT 1   [ RunTime:0.0010s ]
SQL: SELECT `name`,`photo_x`,`maid_one`,`maid_two`,`maid_three` FROM `lr_product` WHERE `id` = 281 LIMIT 1   [ RunTime:0.0010s ]
SQL: SELECT * FROM `lr_user` WHERE `id` = 2 LIMIT 1   [ RunTime:0.0010s ]
SQL: SELECT * FROM `lr_user` WHERE `id` = 3 LIMIT 1   [ RunTime:0.0020s ]
SQL: SELECT `uid`,`order_sn`,`status`,`pay_time`,`price_h`,`product_num` FROM `lr_order` WHERE `id` = 40 LIMIT 1   [ RunTime:0.0010s ]
SQL: SELECT `uname`,`top_id` FROM `lr_user` WHERE `id` = 1 LIMIT 1   [ RunTime:0.0010s ]
SQL: SELECT `name`,`photo_x`,`maid_one`,`maid_two`,`maid_three` FROM `lr_product` WHERE `id` = 281 LIMIT 1   [ RunTime:0.0010s ]
SQL: SELECT * FROM `lr_user` WHERE `id` = 2 LIMIT 1   [ RunTime:0.0010s ]
SQL: SELECT * FROM `lr_user` WHERE `id` = 3 LIMIT 1   [ RunTime:0.0020s ]
INFO: [ view_parse ] --START--
INFO: [ template_filter ] --START--
INFO: Run Behavior\ContentReplaceBehavior [ RunTime:0.000000s ]
INFO: [ template_filter ] --END-- [ RunTime:0.000000s ]
INFO: Run Behavior\ParseTemplateBehavior [ RunTime:0.012000s ]
INFO: [ view_parse ] --END-- [ RunTime:0.012000s ]
INFO: [ view_filter ] --START--
INFO: Run Behavior\WriteHtmlCacheBehavior [ RunTime:0.000000s ]
INFO: [ view_filter ] --END-- [ RunTime:0.000000s ]
INFO: [ app_end ] --START--
INFO: Run Behavior\ShowPageTraceBehavior [ RunTime:0.001001s ]
INFO: [ app_end ] --END-- [ RunTime:0.001001s ]

[ 2018-11-06T16:29:20+08:00 ] 127.0.0.1 /index.php/Zyly/Person/rewardDetail.html
NOTIC: [8] Use of undefined constant SHOW_PAGE_TRACE - assumed 'SHOW_PAGE_TRACE' E:\www\tour\Application\Common\Conf\debug.php 第 4 行.
INFO: [ app_init ] --START--
INFO: Run Behavior\BuildLiteBehavior [ RunTime:0.000000s ]
INFO: [ app_init ] --END-- [ RunTime:0.000000s ]
INFO: [ app_begin ] --START--
INFO: Run Behavior\ReadHtmlCacheBehavior [ RunTime:0.001000s ]
INFO: [ app_begin ] --END-- [ RunTime:0.001000s ]
SQL: SHOW COLUMNS FROM `lr_wechat_config` [ RunTime:0.0040s ]
SQL: SELECT * FROM `lr_wechat_config` WHERE `id` = 1 LIMIT 1   [ RunTime:0.0010s ]
SQL: SELECT * FROM `lr_wechat_config` WHERE `id` = 1 LIMIT 1   [ RunTime:0.0000s ]
NOTIC: [8] Undefined variable: admin_id E:\www\tour\Application\Zyly\Controller\PersonController.class.php 第 32 行.
SQL: SELECT * FROM `lr_wechat_config` WHERE `id` = 1 LIMIT 1   [ RunTime:0.0010s ]
SQL: SHOW COLUMNS FROM `lr_user` [ RunTime:0.0040s ]
SQL: SELECT * FROM `lr_user` WHERE `id` = 3 LIMIT 1   [ RunTime:0.0010s ]
SQL: SELECT COUNT(*) AS tp_count FROM `lr_user` WHERE `top_id` = 3 LIMIT 1   [ RunTime:0.0020s ]
SQL: SHOW COLUMNS FROM `lr_glide` [ RunTime:0.0030s ]
SQL: SELECT * FROM `lr_glide` WHERE `uid` = 3 AND `act_price` >= 0  [ RunTime:0.0010s ]
SQL: SHOW COLUMNS FROM `lr_order` [ RunTime:0.0110s ]
SQL: SELECT `uid`,`order_sn`,`status`,`pay_time`,`price_h`,`product_num` FROM `lr_order` WHERE `id` = 38 LIMIT 1   [ RunTime:0.0090s ]
SQL: SELECT `uname`,`top_id` FROM `lr_user` WHERE `id` = 2 LIMIT 1   [ RunTime:0.0010s ]
SQL: SHOW COLUMNS FROM `lr_product` [ RunTime:0.0220s ]
SQL: SELECT `name`,`photo_x`,`maid_one`,`maid_two`,`maid_three` FROM `lr_product` WHERE `id` = 269 LIMIT 1   [ RunTime:0.0010s ]
SQL: SELECT * FROM `lr_user` WHERE `id` = 3 LIMIT 1   [ RunTime:0.0010s ]
SQL: SELECT `uid`,`order_sn`,`status`,`pay_time`,`price_h`,`product_num` FROM `lr_order` WHERE `id` = 38 LIMIT 1   [ RunTime:0.0010s ]
SQL: SELECT `uname`,`top_id` FROM `lr_user` WHERE `id` = 2 LIMIT 1   [ RunTime:0.0010s ]
SQL: SELECT `name`,`photo_x`,`maid_one`,`maid_two`,`maid_three` FROM `lr_product` WHERE `id` = 268 LIMIT 1   [ RunTime:0.0000s ]
SQL: SELECT * FROM `lr_user` WHERE `id` = 3 LIMIT 1   [ RunTime:0.0020s ]
SQL: SELECT `uid`,`order_sn`,`status`,`pay_time`,`price_h`,`product_num` FROM `lr_order` WHERE `id` = 38 LIMIT 1   [ RunTime:0.0010s ]
SQL: SELECT `uname`,`top_id` FROM `lr_user` WHERE `id` = 2 LIMIT 1   [ RunTime:0.0000s ]
SQL: SELECT `name`,`photo_x`,`maid_one`,`maid_two`,`maid_three` FROM `lr_product` WHERE `id` = 269 LIMIT 1   [ RunTime:0.0010s ]
SQL: SELECT * FROM `lr_user` WHERE `id` = 3 LIMIT 1   [ RunTime:0.0010s ]
SQL: SELECT `uid`,`order_sn`,`status`,`pay_time`,`price_h`,`product_num` FROM `lr_order` WHERE `id` = 42 LIMIT 1   [ RunTime:0.0010s ]
SQL: SELECT `uname`,`top_id` FROM `lr_user` WHERE `id` = 1 LIMIT 1   [ RunTime:0.0010s ]
SQL: SELECT `name`,`photo_x`,`maid_one`,`maid_two`,`maid_three` FROM `lr_product` WHERE `id` = 290 LIMIT 1   [ RunTime:0.0010s ]
SQL: SELECT * FROM `lr_user` WHERE `id` = 2 LIMIT 1   [ RunTime:0.0010s ]
SQL: SELECT * FROM `lr_user` WHERE `id` = 3 LIMIT 1   [ RunTime:0.0020s ]
SQL: SELECT `uid`,`order_sn`,`status`,`pay_time`,`price_h`,`product_num` FROM `lr_order` WHERE `id` = 42 LIMIT 1   [ RunTime:0.0010s ]
SQL: SELECT `uname`,`top_id` FROM `lr_user` WHERE `id` = 1 LIMIT 1   [ RunTime:0.0000s ]
SQL: SELECT `name`,`photo_x`,`maid_one`,`maid_two`,`maid_three` FROM `lr_product` WHERE `id` = 290 LIMIT 1   [ RunTime:0.0010s ]
SQL: SELECT * FROM `lr_user` WHERE `id` = 2 LIMIT 1   [ RunTime:0.0010s ]
SQL: SELECT * FROM `lr_user` WHERE `id` = 3 LIMIT 1   [ RunTime:0.0010s ]
SQL: SELECT `uid`,`order_sn`,`status`,`pay_time`,`price_h`,`product_num` FROM `lr_order` WHERE `id` = 42 LIMIT 1   [ RunTime:0.0010s ]
SQL: SELECT `uname`,`top_id` FROM `lr_user` WHERE `id` = 1 LIMIT 1   [ RunTime:0.0020s ]
SQL: SELECT `name`,`photo_x`,`maid_one`,`maid_two`,`maid_three` FROM `lr_product` WHERE `id` = 290 LIMIT 1   [ RunTime:0.0000s ]
SQL: SELECT * FROM `lr_user` WHERE `id` = 2 LIMIT 1   [ RunTime:0.0020s ]
SQL: SELECT * FROM `lr_user` WHERE `id` = 3 LIMIT 1   [ RunTime:0.0010s ]
SQL: SELECT `uid`,`order_sn`,`status`,`pay_time`,`price_h`,`product_num` FROM `lr_order` WHERE `id` = 42 LIMIT 1   [ RunTime:0.0020s ]
SQL: SELECT `uname`,`top_id` FROM `lr_user` WHERE `id` = 1 LIMIT 1   [ RunTime:0.0010s ]
SQL: SELECT `name`,`photo_x`,`maid_one`,`maid_two`,`maid_three` FROM `lr_product` WHERE `id` = 281 LIMIT 1   [ RunTime:0.0120s ]
SQL: SELECT * FROM `lr_user` WHERE `id` = 2 LIMIT 1   [ RunTime:0.0030s ]
SQL: SELECT * FROM `lr_user` WHERE `id` = 3 LIMIT 1   [ RunTime:0.0010s ]
SQL: SELECT `uid`,`order_sn`,`status`,`pay_time`,`price_h`,`product_num` FROM `lr_order` WHERE `id` = 40 LIMIT 1   [ RunTime:0.0010s ]
SQL: SELECT `uname`,`top_id` FROM `lr_user` WHERE `id` = 1 LIMIT 1   [ RunTime:0.0010s ]
SQL: SELECT `name`,`photo_x`,`maid_one`,`maid_two`,`maid_three` FROM `lr_product` WHERE `id` = 281 LIMIT 1   [ RunTime:0.0010s ]
SQL: SELECT * FROM `lr_user` WHERE `id` = 2 LIMIT 1   [ RunTime:0.0020s ]
SQL: SELECT * FROM `lr_user` WHERE `id` = 3 LIMIT 1   [ RunTime:0.0010s ]
INFO: [ view_parse ] --START--
INFO: [ template_filter ] --START--
INFO: Run Behavior\ContentReplaceBehavior [ RunTime:0.000000s ]
INFO: [ template_filter ] --END-- [ RunTime:0.000000s ]
INFO: Run Behavior\ParseTemplateBehavior [ RunTime:0.006000s ]
INFO: [ view_parse ] --END-- [ RunTime:0.006000s ]
INFO: [ view_filter ] --START--
INFO: Run Behavior\WriteHtmlCacheBehavior [ RunTime:0.000000s ]
INFO: [ view_filter ] --END-- [ RunTime:0.000000s ]
INFO: [ app_end ] --START--
INFO: Run Behavior\ShowPageTraceBehavior [ RunTime:0.000000s ]
INFO: [ app_end ] --END-- [ RunTime:0.000000s ]

[ 2018-11-06T16:29:22+08:00 ] 127.0.0.1 /index.php/Zyly/person/person
NOTIC: [8] Use of undefined constant SHOW_PAGE_TRACE - assumed 'SHOW_PAGE_TRACE' E:\www\tour\Application\Common\Conf\debug.php 第 4 行.
INFO: [ app_init ] --START--
INFO: Run Behavior\BuildLiteBehavior [ RunTime:0.000000s ]
INFO: [ app_init ] --END-- [ RunTime:0.000000s ]
INFO: [ app_begin ] --START--
INFO: Run Behavior\ReadHtmlCacheBehavior [ RunTime:0.000000s ]
INFO: [ app_begin ] --END-- [ RunTime:0.000000s ]
SQL: SHOW COLUMNS FROM `lr_wechat_config` [ RunTime:0.0030s ]
SQL: SELECT * FROM `lr_wechat_config` WHERE `id` = 1 LIMIT 1   [ RunTime:0.0010s ]
SQL: SELECT * FROM `lr_wechat_config` WHERE `id` = 1 LIMIT 1   [ RunTime:0.0010s ]
NOTIC: [8] Undefined variable: admin_id E:\www\tour\Application\Zyly\Controller\PersonController.class.php 第 32 行.
SQL: SHOW COLUMNS FROM `lr_user` [ RunTime:0.0040s ]
SQL: SELECT * FROM `lr_user` WHERE `id` = 3 LIMIT 1   [ RunTime:0.0010s ]
SQL: SELECT COUNT(*) AS tp_count FROM `lr_user` WHERE `top_id` = 3 LIMIT 1   [ RunTime:0.0020s ]
SQL: SELECT * FROM `lr_wechat_config` WHERE `id` = 1 LIMIT 1   [ RunTime:0.0020s ]
SQL: SHOW COLUMNS FROM `lr_order` [ RunTime:0.0030s ]
SQL: SELECT * FROM `lr_order` WHERE `uid` = 3  [ RunTime:0.0170s ]
SQL: SHOW COLUMNS FROM `lr_glide` [ RunTime:0.0030s ]
SQL: SELECT * FROM `lr_glide` WHERE `uid` = 3 AND `act_price` > 0  [ RunTime:0.0010s ]
SQL: SHOW COLUMNS FROM `lr_product` [ RunTime:0.0030s ]
SQL: SELECT `id`,`name`,`intro`,`photo_x`,`sort`,`shiyong`,`price` FROM `lr_product` WHERE `del` = 0 ORDER BY sort desc LIMIT 1   [ RunTime:0.0100s ]
NOTIC: [8] Undefined index: access_token E:\www\tour\Application\Zyly\Model\IndexModel.class.php 第 623 行.
NOTIC: [2] unlink(./Application/Runtime/Temp/access_tokena0435375b666ac71aca0e45ef0012d41.php): No such file or directory E:\www\tour\ThinkPHP\Library\Think\Cache\Driver\File.class.php 第 157 行.
NOTIC: [8] Undefined index: access_token E:\www\tour\Application\Zyly\Model\IndexModel.class.php 第 625 行.
NOTIC: [2] unlink(./Application/Runtime/Temp/access_tokena0435375b666ac71aca0e45ef0012d41.php): No such file or directory E:\www\tour\ThinkPHP\Library\Think\Cache\Driver\File.class.php 第 157 行.
NOTIC: [8] Undefined index: access_token E:\www\tour\Application\Zyly\Model\IndexModel.class.php 第 623 行.
NOTIC: [2] unlink(./Application/Runtime/Temp/access_tokena0435375b666ac71aca0e45ef0012d41.php): No such file or directory E:\www\tour\ThinkPHP\Library\Think\Cache\Driver\File.class.php 第 157 行.
NOTIC: [8] Undefined index: access_token E:\www\tour\Application\Zyly\Model\IndexModel.class.php 第 625 行.
NOTIC: [8] Undefined index: ticket E:\www\tour\Application\Zyly\Model\IndexModel.class.php 第 560 行.
NOTIC: [2] unlink(./Application/Runtime/Temp/access_tokena0435375b666ac71aca0e45ef0012d41.php): No such file or directory E:\www\tour\ThinkPHP\Library\Think\Cache\Driver\File.class.php 第 157 行.
NOTIC: [8] Undefined index: access_token E:\www\tour\Application\Zyly\Model\IndexModel.class.php 第 623 行.
NOTIC: [2] unlink(./Application/Runtime/Temp/access_tokena0435375b666ac71aca0e45ef0012d41.php): No such file or directory E:\www\tour\ThinkPHP\Library\Think\Cache\Driver\File.class.php 第 157 行.
NOTIC: [8] Undefined index: access_token E:\www\tour\Application\Zyly\Model\IndexModel.class.php 第 625 行.
NOTIC: [2] unlink(./Application/Runtime/Temp/access_tokena0435375b666ac71aca0e45ef0012d41.php): No such file or directory E:\www\tour\ThinkPHP\Library\Think\Cache\Driver\File.class.php 第 157 行.
NOTIC: [8] Undefined index: access_token E:\www\tour\Application\Zyly\Model\IndexModel.class.php 第 623 行.
NOTIC: [2] unlink(./Application/Runtime/Temp/access_tokena0435375b666ac71aca0e45ef0012d41.php): No such file or directory E:\www\tour\ThinkPHP\Library\Think\Cache\Driver\File.class.php 第 157 行.
NOTIC: [8] Undefined index: access_token E:\www\tour\Application\Zyly\Model\IndexModel.class.php 第 625 行.
NOTIC: [8] Undefined index: ticket E:\www\tour\Application\Zyly\Model\IndexModel.class.php 第 560 行.
INFO: [ view_parse ] --START--
INFO: [ template_filter ] --START--
INFO: Run Behavior\ContentReplaceBehavior [ RunTime:0.000000s ]
INFO: [ template_filter ] --END-- [ RunTime:0.000000s ]
INFO: Run Behavior\ParseTemplateBehavior [ RunTime:0.041002s ]
INFO: [ view_parse ] --END-- [ RunTime:0.041002s ]
INFO: [ view_filter ] --START--
INFO: Run Behavior\WriteHtmlCacheBehavior [ RunTime:0.001000s ]
INFO: [ view_filter ] --END-- [ RunTime:0.001000s ]
INFO: [ app_end ] --START--
INFO: Run Behavior\ShowPageTraceBehavior [ RunTime:0.001000s ]
INFO: [ app_end ] --END-- [ RunTime:0.001000s ]

