[ 2019-07-03T22:55:34+08:00 ] 127.0.0.1 /
NOTIC: [8] Use of undefined constant SHOW_PAGE_TRACE - assumed 'SHOW_PAGE_TRACE' D:\www\newmmx\Application\Common\Conf\debug.php 第 4 行.
INFO: [ app_init ] --START--
INFO: Run Behavior\BuildLiteBehavior [ RunTime:0.000010s ]
INFO: [ app_init ] --END-- [ RunTime:0.000070s ]
INFO: [ app_begin ] --START--
INFO: Run Behavior\ReadHtmlCacheBehavior [ RunTime:0.000718s ]
INFO: [ app_begin ] --END-- [ RunTime:0.000742s ]
SQL: SHOW COLUMNS FROM `lr_wechat_config` [ RunTime:0.0069s ]
SQL: SELECT * FROM `lr_wechat_config` WHERE `id` = 1 LIMIT 1   [ RunTime:0.0005s ]
SQL: SELECT * FROM `lr_wechat_config` WHERE `id` = 1 LIMIT 1   [ RunTime:0.0003s ]
NOTIC: [8] Undefined variable: admin_id D:\www\newmmx\Application\Zyly\Controller\GoodsController.class.php 第 34 行.
NOTIC: [8] Undefined offset: 1 D:\www\newmmx\Application\Zyly\Controller\GoodsController.class.php 第 41 行.
NOTIC: [2] session_destroy(): Trying to destroy uninitialized session D:\www\newmmx\Application\Zyly\Controller\GoodsController.class.php 第 50 行.
SQL: SHOW COLUMNS FROM `lr_user` [ RunTime:0.0070s ]
SQL: SELECT * FROM `lr_user` WHERE `openid` = 'onxczwQ5E9v3roDmJnifD-SNigqg' LIMIT 1   [ RunTime:0.0007s ]
SQL: SELECT * FROM `lr_user` WHERE `id` = 1 LIMIT 1   [ RunTime:0.0003s ]
SQL: SHOW COLUMNS FROM `lr_product` [ RunTime:0.0056s ]
SQL: SELECT `id`,`name`,`intro`,`photo_x`,`sort`,`shiyong`,`price` FROM `lr_product` WHERE `del` = 0 ORDER BY price asc  [ RunTime:0.0023s ]
SQL: SHOW COLUMNS FROM `lr_guanggao` [ RunTime:0.0076s ]
SQL: SELECT * FROM `lr_guanggao`  [ RunTime:0.0003s ]
SQL: SHOW COLUMNS FROM `lr_notice` [ RunTime:0.0052s ]
SQL: SELECT * FROM `lr_notice` WHERE `is_nav` = 1  [ RunTime:0.0003s ]
NOTIC: [2] file_get_contents(): Unable to find the wrapper &quot;https&quot; - did you forget to enable it when you configured PHP? D:\www\newmmx\Application\Zyly\Model\IndexModel.class.php 第 625 行.
NOTIC: [2] file_get_contents(https://api.weixin.qq.com/cgi-bin/token?grant_type=client_credential&amp;appid=wx3bd4a797938d1440&amp;secret=a4f8338196f873f3b5ea3185ebcf6463): failed to open stream: No such file or directory D:\www\newmmx\Application\Zyly\Model\IndexModel.class.php 第 625 行.
NOTIC: [2] unlink(./Application/Runtime/Temp/access_tokena0435375b666ac71aca0e45ef0012d41.php): No such file or directory D:\www\newmmx\ThinkPHP\Library\Think\Cache\Driver\File.class.php 第 157 行.
NOTIC: [2] unlink(./Application/Runtime/Temp/access_tokena0435375b666ac71aca0e45ef0012d41.php): No such file or directory D:\www\newmmx\ThinkPHP\Library\Think\Cache\Driver\File.class.php 第 157 行.
NOTIC: [2] file_get_contents(): Unable to find the wrapper &quot;https&quot; - did you forget to enable it when you configured PHP? D:\www\newmmx\Application\Zyly\Model\IndexModel.class.php 第 625 行.
NOTIC: [2] file_get_contents(https://api.weixin.qq.com/cgi-bin/token?grant_type=client_credential&amp;appid=wx3bd4a797938d1440&amp;secret=a4f8338196f873f3b5ea3185ebcf6463): failed to open stream: No such file or directory D:\www\newmmx\Application\Zyly\Model\IndexModel.class.php 第 625 行.
NOTIC: [2] unlink(./Application/Runtime/Temp/access_tokena0435375b666ac71aca0e45ef0012d41.php): No such file or directory D:\www\newmmx\ThinkPHP\Library\Think\Cache\Driver\File.class.php 第 157 行.
NOTIC: [8] Undefined index: ticket D:\www\newmmx\Application\Zyly\Model\IndexModel.class.php 第 563 行.
NOTIC: [2] unlink(./Application/Runtime/Temp/access_tokena0435375b666ac71aca0e45ef0012d41.php): No such file or directory D:\www\newmmx\ThinkPHP\Library\Think\Cache\Driver\File.class.php 第 157 行.
NOTIC: [2] file_get_contents(): Unable to find the wrapper &quot;https&quot; - did you forget to enable it when you configured PHP? D:\www\newmmx\Application\Zyly\Model\IndexModel.class.php 第 625 行.
NOTIC: [2] file_get_contents(https://api.weixin.qq.com/cgi-bin/token?grant_type=client_credential&amp;appid=wx3bd4a797938d1440&amp;secret=a4f8338196f873f3b5ea3185ebcf6463): failed to open stream: No such file or directory D:\www\newmmx\Application\Zyly\Model\IndexModel.class.php 第 625 行.
NOTIC: [2] unlink(./Application/Runtime/Temp/access_tokena0435375b666ac71aca0e45ef0012d41.php): No such file or directory D:\www\newmmx\ThinkPHP\Library\Think\Cache\Driver\File.class.php 第 157 行.
NOTIC: [2] unlink(./Application/Runtime/Temp/access_tokena0435375b666ac71aca0e45ef0012d41.php): No such file or directory D:\www\newmmx\ThinkPHP\Library\Think\Cache\Driver\File.class.php 第 157 行.
NOTIC: [2] file_get_contents(): Unable to find the wrapper &quot;https&quot; - did you forget to enable it when you configured PHP? D:\www\newmmx\Application\Zyly\Model\IndexModel.class.php 第 625 行.
NOTIC: [2] file_get_contents(https://api.weixin.qq.com/cgi-bin/token?grant_type=client_credential&amp;appid=wx3bd4a797938d1440&amp;secret=a4f8338196f873f3b5ea3185ebcf6463): failed to open stream: No such file or directory D:\www\newmmx\Application\Zyly\Model\IndexModel.class.php 第 625 行.
NOTIC: [2] unlink(./Application/Runtime/Temp/access_tokena0435375b666ac71aca0e45ef0012d41.php): No such file or directory D:\www\newmmx\ThinkPHP\Library\Think\Cache\Driver\File.class.php 第 157 行.
NOTIC: [8] Undefined index: ticket D:\www\newmmx\Application\Zyly\Model\IndexModel.class.php 第 563 行.
INFO: [ view_parse ] --START--
INFO: [ template_filter ] --START--
INFO: Run Behavior\ContentReplaceBehavior [ RunTime:0.000134s ]
INFO: [ template_filter ] --END-- [ RunTime:0.000175s ]
INFO: Run Behavior\ParseTemplateBehavior [ RunTime:0.019932s ]
INFO: [ view_parse ] --END-- [ RunTime:0.019990s ]
INFO: [ view_filter ] --START--
INFO: Run Behavior\WriteHtmlCacheBehavior [ RunTime:0.000735s ]
INFO: [ view_filter ] --END-- [ RunTime:0.000767s ]
INFO: [ app_end ] --START--
INFO: Run Behavior\ShowPageTraceBehavior [ RunTime:0.001202s ]
INFO: [ app_end ] --END-- [ RunTime:0.001238s ]

[ 2019-07-03T23:47:49+08:00 ] 127.0.0.1 /index.php/Zyly/Goods/detail.html?goods_id=298&shop_type=1
NOTIC: [8] Use of undefined constant SHOW_PAGE_TRACE - assumed 'SHOW_PAGE_TRACE' D:\www\newmmx\Application\Common\Conf\debug.php 第 4 行.
INFO: [ app_init ] --START--
INFO: Run Behavior\BuildLiteBehavior [ RunTime:0.000005s ]
INFO: [ app_init ] --END-- [ RunTime:0.000024s ]
INFO: [ app_begin ] --START--
INFO: Run Behavior\ReadHtmlCacheBehavior [ RunTime:0.000315s ]
INFO: [ app_begin ] --END-- [ RunTime:0.000337s ]
SQL: SHOW COLUMNS FROM `lr_wechat_config` [ RunTime:0.0092s ]
SQL: SELECT * FROM `lr_wechat_config` WHERE `id` = 1 LIMIT 1   [ RunTime:0.0006s ]
SQL: SELECT * FROM `lr_wechat_config` WHERE `id` = 1 LIMIT 1   [ RunTime:0.0004s ]
NOTIC: [8] Undefined variable: admin_id D:\www\newmmx\Application\Zyly\Controller\GoodsController.class.php 第 34 行.
NOTIC: [8] Undefined offset: 1 D:\www\newmmx\Application\Zyly\Controller\GoodsController.class.php 第 41 行.
NOTIC: [2] session_destroy(): Trying to destroy uninitialized session D:\www\newmmx\Application\Zyly\Controller\GoodsController.class.php 第 50 行.
SQL: SHOW COLUMNS FROM `lr_user` [ RunTime:0.0102s ]
SQL: SELECT * FROM `lr_user` WHERE `openid` = 'onxczwQ5E9v3roDmJnifD-SNigqg' LIMIT 1   [ RunTime:0.0003s ]
SQL: SELECT * FROM `lr_user` WHERE `id` = 1 LIMIT 1   [ RunTime:0.0003s ]
NOTIC: [8] Undefined offset: 1 D:\www\newmmx\Application\Zyly\Controller\GoodsController.class.php 第 156 行.
SQL: SHOW COLUMNS FROM `lr_product` [ RunTime:0.0115s ]
SQL: SELECT `id`,`name`,`intro`,`photo_x`,`photo_d`,`sort`,`shiyong`,`price`,`photo_string`,`content` FROM `lr_product` WHERE `id` = 298 ORDER BY sort desc LIMIT 1   [ RunTime:0.0003s ]
SQL: SELECT a.name,b.concent,b.addtime,c.uname,c.photo FROM lr_product a LEFT JOIN lr_product_dp b on a.id=b.pid LEFT JOIN lr_user c on b.uid=c.id  WHERE a.id = '298'  [ RunTime:0.0010s ]
SQL: SHOW COLUMNS FROM `lr_product_dp` [ RunTime:0.0098s ]
SQL: SELECT COUNT(*) AS tp_count FROM `lr_product_dp` WHERE `pid` = 298 LIMIT 1   [ RunTime:0.0003s ]
NOTIC: [2] file_get_contents(): Unable to find the wrapper &quot;https&quot; - did you forget to enable it when you configured PHP? D:\www\newmmx\Application\Zyly\Model\IndexModel.class.php 第 625 行.
NOTIC: [2] file_get_contents(https://api.weixin.qq.com/cgi-bin/token?grant_type=client_credential&amp;appid=wx3bd4a797938d1440&amp;secret=a4f8338196f873f3b5ea3185ebcf6463): failed to open stream: No such file or directory D:\www\newmmx\Application\Zyly\Model\IndexModel.class.php 第 625 行.
NOTIC: [2] unlink(./Application/Runtime/Temp/access_tokena0435375b666ac71aca0e45ef0012d41.php): No such file or directory D:\www\newmmx\ThinkPHP\Library\Think\Cache\Driver\File.class.php 第 157 行.
NOTIC: [2] unlink(./Application/Runtime/Temp/access_tokena0435375b666ac71aca0e45ef0012d41.php): No such file or directory D:\www\newmmx\ThinkPHP\Library\Think\Cache\Driver\File.class.php 第 157 行.
NOTIC: [2] file_get_contents(): Unable to find the wrapper &quot;https&quot; - did you forget to enable it when you configured PHP? D:\www\newmmx\Application\Zyly\Model\IndexModel.class.php 第 625 行.
NOTIC: [2] file_get_contents(https://api.weixin.qq.com/cgi-bin/token?grant_type=client_credential&amp;appid=wx3bd4a797938d1440&amp;secret=a4f8338196f873f3b5ea3185ebcf6463): failed to open stream: No such file or directory D:\www\newmmx\Application\Zyly\Model\IndexModel.class.php 第 625 行.
NOTIC: [2] unlink(./Application/Runtime/Temp/access_tokena0435375b666ac71aca0e45ef0012d41.php): No such file or directory D:\www\newmmx\ThinkPHP\Library\Think\Cache\Driver\File.class.php 第 157 行.
NOTIC: [8] Undefined index: ticket D:\www\newmmx\Application\Zyly\Model\IndexModel.class.php 第 563 行.
NOTIC: [2] unlink(./Application/Runtime/Temp/access_tokena0435375b666ac71aca0e45ef0012d41.php): No such file or directory D:\www\newmmx\ThinkPHP\Library\Think\Cache\Driver\File.class.php 第 157 行.
NOTIC: [2] file_get_contents(): Unable to find the wrapper &quot;https&quot; - did you forget to enable it when you configured PHP? D:\www\newmmx\Application\Zyly\Model\IndexModel.class.php 第 625 行.
NOTIC: [2] file_get_contents(https://api.weixin.qq.com/cgi-bin/token?grant_type=client_credential&amp;appid=wx3bd4a797938d1440&amp;secret=a4f8338196f873f3b5ea3185ebcf6463): failed to open stream: No such file or directory D:\www\newmmx\Application\Zyly\Model\IndexModel.class.php 第 625 行.
NOTIC: [2] unlink(./Application/Runtime/Temp/access_tokena0435375b666ac71aca0e45ef0012d41.php): No such file or directory D:\www\newmmx\ThinkPHP\Library\Think\Cache\Driver\File.class.php 第 157 行.
NOTIC: [2] unlink(./Application/Runtime/Temp/access_tokena0435375b666ac71aca0e45ef0012d41.php): No such file or directory D:\www\newmmx\ThinkPHP\Library\Think\Cache\Driver\File.class.php 第 157 行.
NOTIC: [2] file_get_contents(): Unable to find the wrapper &quot;https&quot; - did you forget to enable it when you configured PHP? D:\www\newmmx\Application\Zyly\Model\IndexModel.class.php 第 625 行.
NOTIC: [2] file_get_contents(https://api.weixin.qq.com/cgi-bin/token?grant_type=client_credential&amp;appid=wx3bd4a797938d1440&amp;secret=a4f8338196f873f3b5ea3185ebcf6463): failed to open stream: No such file or directory D:\www\newmmx\Application\Zyly\Model\IndexModel.class.php 第 625 行.
NOTIC: [2] unlink(./Application/Runtime/Temp/access_tokena0435375b666ac71aca0e45ef0012d41.php): No such file or directory D:\www\newmmx\ThinkPHP\Library\Think\Cache\Driver\File.class.php 第 157 行.
NOTIC: [8] Undefined index: ticket D:\www\newmmx\Application\Zyly\Model\IndexModel.class.php 第 563 行.
INFO: [ view_parse ] --START--
INFO: [ template_filter ] --START--
INFO: Run Behavior\ContentReplaceBehavior [ RunTime:0.000073s ]
INFO: [ template_filter ] --END-- [ RunTime:0.000097s ]
INFO: Run Behavior\ParseTemplateBehavior [ RunTime:0.006119s ]
INFO: [ view_parse ] --END-- [ RunTime:0.006146s ]
INFO: [ view_filter ] --START--
INFO: Run Behavior\WriteHtmlCacheBehavior [ RunTime:0.000251s ]
INFO: [ view_filter ] --END-- [ RunTime:0.000267s ]
INFO: [ app_end ] --START--
INFO: Run Behavior\ShowPageTraceBehavior [ RunTime:0.000357s ]
INFO: [ app_end ] --END-- [ RunTime:0.000376s ]

[ 2019-07-03T23:48:17+08:00 ] 127.0.0.1 /index.php/Zyly/Goods/detail.html?goods_id=298&shop_type=1
NOTIC: [8] Use of undefined constant SHOW_PAGE_TRACE - assumed 'SHOW_PAGE_TRACE' D:\www\newmmx\Application\Common\Conf\debug.php 第 4 行.
INFO: [ app_init ] --START--
INFO: Run Behavior\BuildLiteBehavior [ RunTime:0.000007s ]
INFO: [ app_init ] --END-- [ RunTime:0.000031s ]
INFO: [ app_begin ] --START--
INFO: Run Behavior\ReadHtmlCacheBehavior [ RunTime:0.000388s ]
INFO: [ app_begin ] --END-- [ RunTime:0.000421s ]
SQL: SHOW COLUMNS FROM `lr_wechat_config` [ RunTime:0.0183s ]
SQL: SELECT * FROM `lr_wechat_config` WHERE `id` = 1 LIMIT 1   [ RunTime:0.0004s ]
SQL: SELECT * FROM `lr_wechat_config` WHERE `id` = 1 LIMIT 1   [ RunTime:0.0003s ]
NOTIC: [8] Undefined variable: admin_id D:\www\newmmx\Application\Zyly\Controller\GoodsController.class.php 第 34 行.
NOTIC: [8] Undefined offset: 1 D:\www\newmmx\Application\Zyly\Controller\GoodsController.class.php 第 41 行.
NOTIC: [2] session_destroy(): Trying to destroy uninitialized session D:\www\newmmx\Application\Zyly\Controller\GoodsController.class.php 第 50 行.
SQL: SHOW COLUMNS FROM `lr_user` [ RunTime:0.0118s ]
SQL: SELECT * FROM `lr_user` WHERE `openid` = 'onxczwQ5E9v3roDmJnifD-SNigqg' LIMIT 1   [ RunTime:0.0003s ]
SQL: SELECT * FROM `lr_user` WHERE `id` = 1 LIMIT 1   [ RunTime:0.0003s ]
NOTIC: [8] Undefined offset: 1 D:\www\newmmx\Application\Zyly\Controller\GoodsController.class.php 第 156 行.
SQL: SHOW COLUMNS FROM `lr_product` [ RunTime:0.0098s ]
SQL: SELECT `id`,`name`,`intro`,`photo_x`,`photo_d`,`sort`,`shiyong`,`price`,`photo_string`,`content` FROM `lr_product` WHERE `id` = 298 ORDER BY sort desc LIMIT 1   [ RunTime:0.0003s ]
SQL: SELECT a.name,b.concent,b.addtime,c.uname,c.photo FROM lr_product a LEFT JOIN lr_product_dp b on a.id=b.pid LEFT JOIN lr_user c on b.uid=c.id  WHERE a.id = '298'  [ RunTime:0.0002s ]
SQL: SHOW COLUMNS FROM `lr_product_dp` [ RunTime:0.0085s ]
SQL: SELECT COUNT(*) AS tp_count FROM `lr_product_dp` WHERE `pid` = 298 LIMIT 1   [ RunTime:0.0003s ]
NOTIC: [2] file_get_contents(): Unable to find the wrapper &quot;https&quot; - did you forget to enable it when you configured PHP? D:\www\newmmx\Application\Zyly\Model\IndexModel.class.php 第 625 行.
NOTIC: [2] file_get_contents(https://api.weixin.qq.com/cgi-bin/token?grant_type=client_credential&amp;appid=wx3bd4a797938d1440&amp;secret=a4f8338196f873f3b5ea3185ebcf6463): failed to open stream: No such file or directory D:\www\newmmx\Application\Zyly\Model\IndexModel.class.php 第 625 行.
NOTIC: [2] unlink(./Application/Runtime/Temp/access_tokena0435375b666ac71aca0e45ef0012d41.php): No such file or directory D:\www\newmmx\ThinkPHP\Library\Think\Cache\Driver\File.class.php 第 157 行.
NOTIC: [2] unlink(./Application/Runtime/Temp/access_tokena0435375b666ac71aca0e45ef0012d41.php): No such file or directory D:\www\newmmx\ThinkPHP\Library\Think\Cache\Driver\File.class.php 第 157 行.
NOTIC: [2] file_get_contents(): Unable to find the wrapper &quot;https&quot; - did you forget to enable it when you configured PHP? D:\www\newmmx\Application\Zyly\Model\IndexModel.class.php 第 625 行.
NOTIC: [2] file_get_contents(https://api.weixin.qq.com/cgi-bin/token?grant_type=client_credential&amp;appid=wx3bd4a797938d1440&amp;secret=a4f8338196f873f3b5ea3185ebcf6463): failed to open stream: No such file or directory D:\www\newmmx\Application\Zyly\Model\IndexModel.class.php 第 625 行.
NOTIC: [2] unlink(./Application/Runtime/Temp/access_tokena0435375b666ac71aca0e45ef0012d41.php): No such file or directory D:\www\newmmx\ThinkPHP\Library\Think\Cache\Driver\File.class.php 第 157 行.
NOTIC: [8] Undefined index: ticket D:\www\newmmx\Application\Zyly\Model\IndexModel.class.php 第 563 行.
NOTIC: [2] unlink(./Application/Runtime/Temp/access_tokena0435375b666ac71aca0e45ef0012d41.php): No such file or directory D:\www\newmmx\ThinkPHP\Library\Think\Cache\Driver\File.class.php 第 157 行.
NOTIC: [2] file_get_contents(): Unable to find the wrapper &quot;https&quot; - did you forget to enable it when you configured PHP? D:\www\newmmx\Application\Zyly\Model\IndexModel.class.php 第 625 行.
NOTIC: [2] file_get_contents(https://api.weixin.qq.com/cgi-bin/token?grant_type=client_credential&amp;appid=wx3bd4a797938d1440&amp;secret=a4f8338196f873f3b5ea3185ebcf6463): failed to open stream: No such file or directory D:\www\newmmx\Application\Zyly\Model\IndexModel.class.php 第 625 行.
NOTIC: [2] unlink(./Application/Runtime/Temp/access_tokena0435375b666ac71aca0e45ef0012d41.php): No such file or directory D:\www\newmmx\ThinkPHP\Library\Think\Cache\Driver\File.class.php 第 157 行.
NOTIC: [2] unlink(./Application/Runtime/Temp/access_tokena0435375b666ac71aca0e45ef0012d41.php): No such file or directory D:\www\newmmx\ThinkPHP\Library\Think\Cache\Driver\File.class.php 第 157 行.
NOTIC: [2] file_get_contents(): Unable to find the wrapper &quot;https&quot; - did you forget to enable it when you configured PHP? D:\www\newmmx\Application\Zyly\Model\IndexModel.class.php 第 625 行.
NOTIC: [2] file_get_contents(https://api.weixin.qq.com/cgi-bin/token?grant_type=client_credential&amp;appid=wx3bd4a797938d1440&amp;secret=a4f8338196f873f3b5ea3185ebcf6463): failed to open stream: No such file or directory D:\www\newmmx\Application\Zyly\Model\IndexModel.class.php 第 625 行.
NOTIC: [2] unlink(./Application/Runtime/Temp/access_tokena0435375b666ac71aca0e45ef0012d41.php): No such file or directory D:\www\newmmx\ThinkPHP\Library\Think\Cache\Driver\File.class.php 第 157 行.
NOTIC: [8] Undefined index: ticket D:\www\newmmx\Application\Zyly\Model\IndexModel.class.php 第 563 行.
INFO: [ view_parse ] --START--
INFO: [ template_filter ] --START--
INFO: Run Behavior\ContentReplaceBehavior [ RunTime:0.000074s ]
INFO: [ template_filter ] --END-- [ RunTime:0.000098s ]
INFO: Run Behavior\ParseTemplateBehavior [ RunTime:0.005762s ]
INFO: [ view_parse ] --END-- [ RunTime:0.005789s ]
INFO: [ view_filter ] --START--
INFO: Run Behavior\WriteHtmlCacheBehavior [ RunTime:0.000223s ]
INFO: [ view_filter ] --END-- [ RunTime:0.000239s ]
INFO: [ app_end ] --START--
INFO: Run Behavior\ShowPageTraceBehavior [ RunTime:0.000347s ]
INFO: [ app_end ] --END-- [ RunTime:0.000363s ]

[ 2019-07-03T23:48:19+08:00 ] 127.0.0.1 /index.php/Zyly/Goods/writeOrder.html?goods_id=298&buy_num=1&shop_type=1
NOTIC: [8] Use of undefined constant SHOW_PAGE_TRACE - assumed 'SHOW_PAGE_TRACE' D:\www\newmmx\Application\Common\Conf\debug.php 第 4 行.
INFO: [ app_init ] --START--
INFO: Run Behavior\BuildLiteBehavior [ RunTime:0.000006s ]
INFO: [ app_init ] --END-- [ RunTime:0.000028s ]
INFO: [ app_begin ] --START--
INFO: Run Behavior\ReadHtmlCacheBehavior [ RunTime:0.000391s ]
INFO: [ app_begin ] --END-- [ RunTime:0.000426s ]
SQL: SHOW COLUMNS FROM `lr_wechat_config` [ RunTime:0.0088s ]
SQL: SELECT * FROM `lr_wechat_config` WHERE `id` = 1 LIMIT 1   [ RunTime:0.0003s ]
SQL: SELECT * FROM `lr_wechat_config` WHERE `id` = 1 LIMIT 1   [ RunTime:0.0003s ]
NOTIC: [8] Undefined variable: admin_id D:\www\newmmx\Application\Zyly\Controller\GoodsController.class.php 第 34 行.
NOTIC: [8] Undefined offset: 1 D:\www\newmmx\Application\Zyly\Controller\GoodsController.class.php 第 41 行.
NOTIC: [2] session_destroy(): Trying to destroy uninitialized session D:\www\newmmx\Application\Zyly\Controller\GoodsController.class.php 第 50 行.
SQL: SHOW COLUMNS FROM `lr_user` [ RunTime:0.0090s ]
SQL: SELECT * FROM `lr_user` WHERE `openid` = 'onxczwQ5E9v3roDmJnifD-SNigqg' LIMIT 1   [ RunTime:0.0003s ]

[ 2019-07-03T23:49:01+08:00 ] 127.0.0.1 /index.php/Zyly/Goods/writeOrder.html?goods_id=298&buy_num=1&shop_type=1
NOTIC: [8] Use of undefined constant SHOW_PAGE_TRACE - assumed 'SHOW_PAGE_TRACE' D:\www\newmmx\Application\Common\Conf\debug.php 第 4 行.
INFO: [ app_init ] --START--
INFO: Run Behavior\BuildLiteBehavior [ RunTime:0.000009s ]
INFO: [ app_init ] --END-- [ RunTime:0.000055s ]
INFO: [ app_begin ] --START--
INFO: Run Behavior\ReadHtmlCacheBehavior [ RunTime:0.000371s ]
INFO: [ app_begin ] --END-- [ RunTime:0.000392s ]
SQL: SHOW COLUMNS FROM `lr_wechat_config` [ RunTime:0.0086s ]
SQL: SELECT * FROM `lr_wechat_config` WHERE `id` = 1 LIMIT 1   [ RunTime:0.0003s ]
SQL: SELECT * FROM `lr_wechat_config` WHERE `id` = 1 LIMIT 1   [ RunTime:0.0004s ]
NOTIC: [8] Undefined variable: admin_id D:\www\newmmx\Application\Zyly\Controller\GoodsController.class.php 第 34 行.
NOTIC: [8] Undefined offset: 1 D:\www\newmmx\Application\Zyly\Controller\GoodsController.class.php 第 41 行.
NOTIC: [2] session_destroy(): Trying to destroy uninitialized session D:\www\newmmx\Application\Zyly\Controller\GoodsController.class.php 第 50 行.
SQL: SHOW COLUMNS FROM `lr_user` [ RunTime:0.0089s ]
SQL: SELECT * FROM `lr_user` WHERE `openid` = 'onxczwQ5E9v3roDmJnifD-SNigqg' LIMIT 1   [ RunTime:0.0003s ]

[ 2019-07-03T23:49:02+08:00 ] 127.0.0.1 /index.php/Zyly/Goods/writeOrder.html?goods_id=298&buy_num=1&shop_type=1
NOTIC: [8] Use of undefined constant SHOW_PAGE_TRACE - assumed 'SHOW_PAGE_TRACE' D:\www\newmmx\Application\Common\Conf\debug.php 第 4 行.
INFO: [ app_init ] --START--
INFO: Run Behavior\BuildLiteBehavior [ RunTime:0.000005s ]
INFO: [ app_init ] --END-- [ RunTime:0.000025s ]
INFO: [ app_begin ] --START--
INFO: Run Behavior\ReadHtmlCacheBehavior [ RunTime:0.000317s ]
INFO: [ app_begin ] --END-- [ RunTime:0.000338s ]
SQL: SHOW COLUMNS FROM `lr_wechat_config` [ RunTime:0.0230s ]
SQL: SELECT * FROM `lr_wechat_config` WHERE `id` = 1 LIMIT 1   [ RunTime:0.0003s ]
SQL: SELECT * FROM `lr_wechat_config` WHERE `id` = 1 LIMIT 1   [ RunTime:0.0003s ]
NOTIC: [8] Undefined variable: admin_id D:\www\newmmx\Application\Zyly\Controller\GoodsController.class.php 第 34 行.
NOTIC: [8] Undefined offset: 1 D:\www\newmmx\Application\Zyly\Controller\GoodsController.class.php 第 41 行.
NOTIC: [2] session_destroy(): Trying to destroy uninitialized session D:\www\newmmx\Application\Zyly\Controller\GoodsController.class.php 第 50 行.
SQL: SHOW COLUMNS FROM `lr_user` [ RunTime:0.0085s ]
SQL: SELECT * FROM `lr_user` WHERE `openid` = 'onxczwQ5E9v3roDmJnifD-SNigqg' LIMIT 1   [ RunTime:0.0003s ]

[ 2019-07-03T23:49:02+08:00 ] 127.0.0.1 /index.php/Zyly/Goods/writeOrder.html?goods_id=298&buy_num=1&shop_type=1
NOTIC: [8] Use of undefined constant SHOW_PAGE_TRACE - assumed 'SHOW_PAGE_TRACE' D:\www\newmmx\Application\Common\Conf\debug.php 第 4 行.
INFO: [ app_init ] --START--
INFO: Run Behavior\BuildLiteBehavior [ RunTime:0.000006s ]
INFO: [ app_init ] --END-- [ RunTime:0.000029s ]
INFO: [ app_begin ] --START--
INFO: Run Behavior\ReadHtmlCacheBehavior [ RunTime:0.000339s ]
INFO: [ app_begin ] --END-- [ RunTime:0.000365s ]
SQL: SHOW COLUMNS FROM `lr_wechat_config` [ RunTime:0.0084s ]
SQL: SELECT * FROM `lr_wechat_config` WHERE `id` = 1 LIMIT 1   [ RunTime:0.0003s ]
SQL: SELECT * FROM `lr_wechat_config` WHERE `id` = 1 LIMIT 1   [ RunTime:0.0004s ]
NOTIC: [8] Undefined variable: admin_id D:\www\newmmx\Application\Zyly\Controller\GoodsController.class.php 第 34 行.
NOTIC: [8] Undefined offset: 1 D:\www\newmmx\Application\Zyly\Controller\GoodsController.class.php 第 41 行.
NOTIC: [2] session_destroy(): Trying to destroy uninitialized session D:\www\newmmx\Application\Zyly\Controller\GoodsController.class.php 第 50 行.
SQL: SHOW COLUMNS FROM `lr_user` [ RunTime:0.0211s ]
SQL: SELECT * FROM `lr_user` WHERE `openid` = 'onxczwQ5E9v3roDmJnifD-SNigqg' LIMIT 1   [ RunTime:0.0003s ]

[ 2019-07-03T23:49:03+08:00 ] 127.0.0.1 /index.php/Zyly/Goods/writeOrder.html?goods_id=298&buy_num=1&shop_type=1
NOTIC: [8] Use of undefined constant SHOW_PAGE_TRACE - assumed 'SHOW_PAGE_TRACE' D:\www\newmmx\Application\Common\Conf\debug.php 第 4 行.
INFO: [ app_init ] --START--
INFO: Run Behavior\BuildLiteBehavior [ RunTime:0.000006s ]
INFO: [ app_init ] --END-- [ RunTime:0.000025s ]
INFO: [ app_begin ] --START--
INFO: Run Behavior\ReadHtmlCacheBehavior [ RunTime:0.000324s ]
INFO: [ app_begin ] --END-- [ RunTime:0.000344s ]
SQL: SHOW COLUMNS FROM `lr_wechat_config` [ RunTime:0.0086s ]
SQL: SELECT * FROM `lr_wechat_config` WHERE `id` = 1 LIMIT 1   [ RunTime:0.0004s ]
SQL: SELECT * FROM `lr_wechat_config` WHERE `id` = 1 LIMIT 1   [ RunTime:0.0004s ]
NOTIC: [8] Undefined variable: admin_id D:\www\newmmx\Application\Zyly\Controller\GoodsController.class.php 第 34 行.
NOTIC: [8] Undefined offset: 1 D:\www\newmmx\Application\Zyly\Controller\GoodsController.class.php 第 41 行.
NOTIC: [2] session_destroy(): Trying to destroy uninitialized session D:\www\newmmx\Application\Zyly\Controller\GoodsController.class.php 第 50 行.
SQL: SHOW COLUMNS FROM `lr_user` [ RunTime:0.0086s ]
SQL: SELECT * FROM `lr_user` WHERE `openid` = 'onxczwQ5E9v3roDmJnifD-SNigqg' LIMIT 1   [ RunTime:0.0003s ]

[ 2019-07-03T23:49:03+08:00 ] 127.0.0.1 /index.php/Zyly/Goods/writeOrder.html?goods_id=298&buy_num=1&shop_type=1
NOTIC: [8] Use of undefined constant SHOW_PAGE_TRACE - assumed 'SHOW_PAGE_TRACE' D:\www\newmmx\Application\Common\Conf\debug.php 第 4 行.
INFO: [ app_init ] --START--
INFO: Run Behavior\BuildLiteBehavior [ RunTime:0.000005s ]
INFO: [ app_init ] --END-- [ RunTime:0.000027s ]
INFO: [ app_begin ] --START--
INFO: Run Behavior\ReadHtmlCacheBehavior [ RunTime:0.000317s ]
INFO: [ app_begin ] --END-- [ RunTime:0.000338s ]
SQL: SHOW COLUMNS FROM `lr_wechat_config` [ RunTime:0.0091s ]
SQL: SELECT * FROM `lr_wechat_config` WHERE `id` = 1 LIMIT 1   [ RunTime:0.0003s ]
SQL: SELECT * FROM `lr_wechat_config` WHERE `id` = 1 LIMIT 1   [ RunTime:0.0003s ]
NOTIC: [8] Undefined variable: admin_id D:\www\newmmx\Application\Zyly\Controller\GoodsController.class.php 第 34 行.
NOTIC: [8] Undefined offset: 1 D:\www\newmmx\Application\Zyly\Controller\GoodsController.class.php 第 41 行.
NOTIC: [2] session_destroy(): Trying to destroy uninitialized session D:\www\newmmx\Application\Zyly\Controller\GoodsController.class.php 第 50 行.
SQL: SHOW COLUMNS FROM `lr_user` [ RunTime:0.0091s ]
SQL: SELECT * FROM `lr_user` WHERE `openid` = 'onxczwQ5E9v3roDmJnifD-SNigqg' LIMIT 1   [ RunTime:0.0004s ]

[ 2019-07-03T23:49:03+08:00 ] 127.0.0.1 /index.php/Zyly/Goods/writeOrder.html?goods_id=298&buy_num=1&shop_type=1
NOTIC: [8] Use of undefined constant SHOW_PAGE_TRACE - assumed 'SHOW_PAGE_TRACE' D:\www\newmmx\Application\Common\Conf\debug.php 第 4 行.
INFO: [ app_init ] --START--
INFO: Run Behavior\BuildLiteBehavior [ RunTime:0.000006s ]
INFO: [ app_init ] --END-- [ RunTime:0.000026s ]
INFO: [ app_begin ] --START--
INFO: Run Behavior\ReadHtmlCacheBehavior [ RunTime:0.000345s ]
INFO: [ app_begin ] --END-- [ RunTime:0.000370s ]
SQL: SHOW COLUMNS FROM `lr_wechat_config` [ RunTime:0.0084s ]
SQL: SELECT * FROM `lr_wechat_config` WHERE `id` = 1 LIMIT 1   [ RunTime:0.0003s ]
SQL: SELECT * FROM `lr_wechat_config` WHERE `id` = 1 LIMIT 1   [ RunTime:0.0003s ]
NOTIC: [8] Undefined variable: admin_id D:\www\newmmx\Application\Zyly\Controller\GoodsController.class.php 第 34 行.
NOTIC: [8] Undefined offset: 1 D:\www\newmmx\Application\Zyly\Controller\GoodsController.class.php 第 41 行.
NOTIC: [2] session_destroy(): Trying to destroy uninitialized session D:\www\newmmx\Application\Zyly\Controller\GoodsController.class.php 第 50 行.
SQL: SHOW COLUMNS FROM `lr_user` [ RunTime:0.0129s ]
SQL: SELECT * FROM `lr_user` WHERE `openid` = 'onxczwQ5E9v3roDmJnifD-SNigqg' LIMIT 1   [ RunTime:0.0004s ]

[ 2019-07-03T23:49:05+08:00 ] 127.0.0.1 /index.php/Zyly/Goods/writeOrder.html?goods_id=298&buy_num=1&shop_type=1
NOTIC: [8] Use of undefined constant SHOW_PAGE_TRACE - assumed 'SHOW_PAGE_TRACE' D:\www\newmmx\Application\Common\Conf\debug.php 第 4 行.
INFO: [ app_init ] --START--
INFO: Run Behavior\BuildLiteBehavior [ RunTime:0.000006s ]
INFO: [ app_init ] --END-- [ RunTime:0.000027s ]
INFO: [ app_begin ] --START--
INFO: Run Behavior\ReadHtmlCacheBehavior [ RunTime:0.000327s ]
INFO: [ app_begin ] --END-- [ RunTime:0.000351s ]
SQL: SHOW COLUMNS FROM `lr_wechat_config` [ RunTime:0.0094s ]
SQL: SELECT * FROM `lr_wechat_config` WHERE `id` = 1 LIMIT 1   [ RunTime:0.0003s ]
SQL: SELECT * FROM `lr_wechat_config` WHERE `id` = 1 LIMIT 1   [ RunTime:0.0003s ]
NOTIC: [8] Undefined variable: admin_id D:\www\newmmx\Application\Zyly\Controller\GoodsController.class.php 第 34 行.
NOTIC: [8] Undefined offset: 1 D:\www\newmmx\Application\Zyly\Controller\GoodsController.class.php 第 41 行.
NOTIC: [2] session_destroy(): Trying to destroy uninitialized session D:\www\newmmx\Application\Zyly\Controller\GoodsController.class.php 第 50 行.
SQL: SHOW COLUMNS FROM `lr_user` [ RunTime:0.0088s ]
SQL: SELECT * FROM `lr_user` WHERE `openid` = 'onxczwQ5E9v3roDmJnifD-SNigqg' LIMIT 1   [ RunTime:0.0003s ]

[ 2019-07-03T23:49:05+08:00 ] 127.0.0.1 /index.php/Zyly/Goods/writeOrder.html?goods_id=298&buy_num=1&shop_type=1
NOTIC: [8] Use of undefined constant SHOW_PAGE_TRACE - assumed 'SHOW_PAGE_TRACE' D:\www\newmmx\Application\Common\Conf\debug.php 第 4 行.
INFO: [ app_init ] --START--
INFO: Run Behavior\BuildLiteBehavior [ RunTime:0.000005s ]
INFO: [ app_init ] --END-- [ RunTime:0.000026s ]
INFO: [ app_begin ] --START--
INFO: Run Behavior\ReadHtmlCacheBehavior [ RunTime:0.000321s ]
INFO: [ app_begin ] --END-- [ RunTime:0.000342s ]
SQL: SHOW COLUMNS FROM `lr_wechat_config` [ RunTime:0.0090s ]
SQL: SELECT * FROM `lr_wechat_config` WHERE `id` = 1 LIMIT 1   [ RunTime:0.0004s ]
SQL: SELECT * FROM `lr_wechat_config` WHERE `id` = 1 LIMIT 1   [ RunTime:0.0004s ]
NOTIC: [8] Undefined variable: admin_id D:\www\newmmx\Application\Zyly\Controller\GoodsController.class.php 第 34 行.
NOTIC: [8] Undefined offset: 1 D:\www\newmmx\Application\Zyly\Controller\GoodsController.class.php 第 41 行.
NOTIC: [2] session_destroy(): Trying to destroy uninitialized session D:\www\newmmx\Application\Zyly\Controller\GoodsController.class.php 第 50 行.
SQL: SHOW COLUMNS FROM `lr_user` [ RunTime:0.0169s ]
SQL: SELECT * FROM `lr_user` WHERE `openid` = 'onxczwQ5E9v3roDmJnifD-SNigqg' LIMIT 1   [ RunTime:0.0003s ]

[ 2019-07-03T23:49:06+08:00 ] 127.0.0.1 /index.php/Zyly/Goods/writeOrder.html?goods_id=298&buy_num=1&shop_type=1
NOTIC: [8] Use of undefined constant SHOW_PAGE_TRACE - assumed 'SHOW_PAGE_TRACE' D:\www\newmmx\Application\Common\Conf\debug.php 第 4 行.
INFO: [ app_init ] --START--
INFO: Run Behavior\BuildLiteBehavior [ RunTime:0.000006s ]
INFO: [ app_init ] --END-- [ RunTime:0.000025s ]
INFO: [ app_begin ] --START--
INFO: Run Behavior\ReadHtmlCacheBehavior [ RunTime:0.000319s ]
INFO: [ app_begin ] --END-- [ RunTime:0.000340s ]
SQL: SHOW COLUMNS FROM `lr_wechat_config` [ RunTime:0.0090s ]
SQL: SELECT * FROM `lr_wechat_config` WHERE `id` = 1 LIMIT 1   [ RunTime:0.0003s ]
SQL: SELECT * FROM `lr_wechat_config` WHERE `id` = 1 LIMIT 1   [ RunTime:0.0004s ]
NOTIC: [8] Undefined variable: admin_id D:\www\newmmx\Application\Zyly\Controller\GoodsController.class.php 第 34 行.
NOTIC: [8] Undefined offset: 1 D:\www\newmmx\Application\Zyly\Controller\GoodsController.class.php 第 41 行.
NOTIC: [2] session_destroy(): Trying to destroy uninitialized session D:\www\newmmx\Application\Zyly\Controller\GoodsController.class.php 第 50 行.
SQL: SHOW COLUMNS FROM `lr_user` [ RunTime:0.0087s ]
SQL: SELECT * FROM `lr_user` WHERE `openid` = 'onxczwQ5E9v3roDmJnifD-SNigqg' LIMIT 1   [ RunTime:0.0003s ]

[ 2019-07-03T23:49:08+08:00 ] 127.0.0.1 /index.php/Zyly/Goods/writeOrder.html?goods_id=298&buy_num=1&shop_type=1
NOTIC: [8] Use of undefined constant SHOW_PAGE_TRACE - assumed 'SHOW_PAGE_TRACE' D:\www\newmmx\Application\Common\Conf\debug.php 第 4 行.
INFO: [ app_init ] --START--
INFO: Run Behavior\BuildLiteBehavior [ RunTime:0.000007s ]
INFO: [ app_init ] --END-- [ RunTime:0.000030s ]
INFO: [ app_begin ] --START--
INFO: Run Behavior\ReadHtmlCacheBehavior [ RunTime:0.000408s ]
INFO: [ app_begin ] --END-- [ RunTime:0.000436s ]
SQL: SHOW COLUMNS FROM `lr_wechat_config` [ RunTime:0.0111s ]
SQL: SELECT * FROM `lr_wechat_config` WHERE `id` = 1 LIMIT 1   [ RunTime:0.0005s ]
SQL: SELECT * FROM `lr_wechat_config` WHERE `id` = 1 LIMIT 1   [ RunTime:0.0004s ]
NOTIC: [8] Undefined variable: admin_id D:\www\newmmx\Application\Zyly\Controller\GoodsController.class.php 第 34 行.
NOTIC: [8] Undefined offset: 1 D:\www\newmmx\Application\Zyly\Controller\GoodsController.class.php 第 41 行.
NOTIC: [2] session_destroy(): Trying to destroy uninitialized session D:\www\newmmx\Application\Zyly\Controller\GoodsController.class.php 第 50 行.
SQL: SHOW COLUMNS FROM `lr_user` [ RunTime:0.0087s ]
SQL: SELECT * FROM `lr_user` WHERE `openid` = 'onxczwQ5E9v3roDmJnifD-SNigqg' LIMIT 1   [ RunTime:0.0003s ]

[ 2019-07-03T23:49:35+08:00 ] 127.0.0.1 /index.php/Zyly/Goods/writeOrder.html?goods_id=298&buy_num=1&shop_type=1
NOTIC: [8] Use of undefined constant SHOW_PAGE_TRACE - assumed 'SHOW_PAGE_TRACE' D:\www\newmmx\Application\Common\Conf\debug.php 第 4 行.
INFO: [ app_init ] --START--
INFO: Run Behavior\BuildLiteBehavior [ RunTime:0.000005s ]
INFO: [ app_init ] --END-- [ RunTime:0.000024s ]
INFO: [ app_begin ] --START--
INFO: Run Behavior\ReadHtmlCacheBehavior [ RunTime:0.000475s ]
INFO: [ app_begin ] --END-- [ RunTime:0.000517s ]
SQL: SHOW COLUMNS FROM `lr_wechat_config` [ RunTime:0.0082s ]
SQL: SELECT * FROM `lr_wechat_config` WHERE `id` = 1 LIMIT 1   [ RunTime:0.0004s ]
SQL: SELECT * FROM `lr_wechat_config` WHERE `id` = 1 LIMIT 1   [ RunTime:0.0003s ]
NOTIC: [8] Undefined variable: admin_id D:\www\newmmx\Application\Zyly\Controller\GoodsController.class.php 第 34 行.
NOTIC: [8] Undefined offset: 1 D:\www\newmmx\Application\Zyly\Controller\GoodsController.class.php 第 41 行.
NOTIC: [2] session_destroy(): Trying to destroy uninitialized session D:\www\newmmx\Application\Zyly\Controller\GoodsController.class.php 第 50 行.
SQL: SHOW COLUMNS FROM `lr_user` [ RunTime:0.0087s ]
SQL: SELECT * FROM `lr_user` WHERE `openid` = 'onxczwQ5E9v3roDmJnifD-SNigqg' LIMIT 1   [ RunTime:0.0003s ]

[ 2019-07-03T23:49:37+08:00 ] 127.0.0.1 /index.php/Zyly/Goods/writeOrder.html?goods_id=298&buy_num=1&shop_type=1
NOTIC: [8] Use of undefined constant SHOW_PAGE_TRACE - assumed 'SHOW_PAGE_TRACE' D:\www\newmmx\Application\Common\Conf\debug.php 第 4 行.
INFO: [ app_init ] --START--
INFO: Run Behavior\BuildLiteBehavior [ RunTime:0.000006s ]
INFO: [ app_init ] --END-- [ RunTime:0.000029s ]
INFO: [ app_begin ] --START--
INFO: Run Behavior\ReadHtmlCacheBehavior [ RunTime:0.000503s ]
INFO: [ app_begin ] --END-- [ RunTime:0.000540s ]
SQL: SHOW COLUMNS FROM `lr_wechat_config` [ RunTime:0.0100s ]
SQL: SELECT * FROM `lr_wechat_config` WHERE `id` = 1 LIMIT 1   [ RunTime:0.0003s ]
SQL: SELECT * FROM `lr_wechat_config` WHERE `id` = 1 LIMIT 1   [ RunTime:0.0004s ]
NOTIC: [8] Undefined variable: admin_id D:\www\newmmx\Application\Zyly\Controller\GoodsController.class.php 第 34 行.
NOTIC: [8] Undefined offset: 1 D:\www\newmmx\Application\Zyly\Controller\GoodsController.class.php 第 41 行.
NOTIC: [2] session_destroy(): Trying to destroy uninitialized session D:\www\newmmx\Application\Zyly\Controller\GoodsController.class.php 第 50 行.
SQL: SHOW COLUMNS FROM `lr_user` [ RunTime:0.0093s ]
SQL: SELECT * FROM `lr_user` WHERE `openid` = 'onxczwQ5E9v3roDmJnifD-SNigqg' LIMIT 1   [ RunTime:0.0004s ]

[ 2019-07-03T23:49:37+08:00 ] 127.0.0.1 /index.php/Zyly/Goods/writeOrder.html?goods_id=298&buy_num=1&shop_type=1
NOTIC: [8] Use of undefined constant SHOW_PAGE_TRACE - assumed 'SHOW_PAGE_TRACE' D:\www\newmmx\Application\Common\Conf\debug.php 第 4 行.
INFO: [ app_init ] --START--
INFO: Run Behavior\BuildLiteBehavior [ RunTime:0.000006s ]
INFO: [ app_init ] --END-- [ RunTime:0.000031s ]
INFO: [ app_begin ] --START--
INFO: Run Behavior\ReadHtmlCacheBehavior [ RunTime:0.000403s ]
INFO: [ app_begin ] --END-- [ RunTime:0.000440s ]
SQL: SHOW COLUMNS FROM `lr_wechat_config` [ RunTime:0.0117s ]
SQL: SELECT * FROM `lr_wechat_config` WHERE `id` = 1 LIMIT 1   [ RunTime:0.0004s ]
SQL: SELECT * FROM `lr_wechat_config` WHERE `id` = 1 LIMIT 1   [ RunTime:0.0003s ]
NOTIC: [8] Undefined variable: admin_id D:\www\newmmx\Application\Zyly\Controller\GoodsController.class.php 第 34 行.
NOTIC: [8] Undefined offset: 1 D:\www\newmmx\Application\Zyly\Controller\GoodsController.class.php 第 41 行.
NOTIC: [2] session_destroy(): Trying to destroy uninitialized session D:\www\newmmx\Application\Zyly\Controller\GoodsController.class.php 第 50 行.
SQL: SHOW COLUMNS FROM `lr_user` [ RunTime:0.0142s ]
SQL: SELECT * FROM `lr_user` WHERE `openid` = 'onxczwQ5E9v3roDmJnifD-SNigqg' LIMIT 1   [ RunTime:0.0004s ]

[ 2019-07-03T23:49:38+08:00 ] 127.0.0.1 /index.php/Zyly/Goods/writeOrder.html?goods_id=298&buy_num=1&shop_type=1
NOTIC: [8] Use of undefined constant SHOW_PAGE_TRACE - assumed 'SHOW_PAGE_TRACE' D:\www\newmmx\Application\Common\Conf\debug.php 第 4 行.
INFO: [ app_init ] --START--
INFO: Run Behavior\BuildLiteBehavior [ RunTime:0.000005s ]
INFO: [ app_init ] --END-- [ RunTime:0.000023s ]
INFO: [ app_begin ] --START--
INFO: Run Behavior\ReadHtmlCacheBehavior [ RunTime:0.000322s ]
INFO: [ app_begin ] --END-- [ RunTime:0.000346s ]
SQL: SHOW COLUMNS FROM `lr_wechat_config` [ RunTime:0.0091s ]
SQL: SELECT * FROM `lr_wechat_config` WHERE `id` = 1 LIMIT 1   [ RunTime:0.0004s ]
SQL: SELECT * FROM `lr_wechat_config` WHERE `id` = 1 LIMIT 1   [ RunTime:0.0003s ]
NOTIC: [8] Undefined variable: admin_id D:\www\newmmx\Application\Zyly\Controller\GoodsController.class.php 第 34 行.
NOTIC: [8] Undefined offset: 1 D:\www\newmmx\Application\Zyly\Controller\GoodsController.class.php 第 41 行.
NOTIC: [2] session_destroy(): Trying to destroy uninitialized session D:\www\newmmx\Application\Zyly\Controller\GoodsController.class.php 第 50 行.
SQL: SHOW COLUMNS FROM `lr_user` [ RunTime:0.0085s ]
SQL: SELECT * FROM `lr_user` WHERE `openid` = 'onxczwQ5E9v3roDmJnifD-SNigqg' LIMIT 1   [ RunTime:0.0004s ]

[ 2019-07-03T23:49:38+08:00 ] 127.0.0.1 /index.php/Zyly/Goods/writeOrder.html?goods_id=298&buy_num=1&shop_type=1
NOTIC: [8] Use of undefined constant SHOW_PAGE_TRACE - assumed 'SHOW_PAGE_TRACE' D:\www\newmmx\Application\Common\Conf\debug.php 第 4 行.
INFO: [ app_init ] --START--
INFO: Run Behavior\BuildLiteBehavior [ RunTime:0.000006s ]
INFO: [ app_init ] --END-- [ RunTime:0.000026s ]
INFO: [ app_begin ] --START--
INFO: Run Behavior\ReadHtmlCacheBehavior [ RunTime:0.000369s ]
INFO: [ app_begin ] --END-- [ RunTime:0.000401s ]
SQL: SHOW COLUMNS FROM `lr_wechat_config` [ RunTime:0.0082s ]
SQL: SELECT * FROM `lr_wechat_config` WHERE `id` = 1 LIMIT 1   [ RunTime:0.0003s ]
SQL: SELECT * FROM `lr_wechat_config` WHERE `id` = 1 LIMIT 1   [ RunTime:0.0004s ]
NOTIC: [8] Undefined variable: admin_id D:\www\newmmx\Application\Zyly\Controller\GoodsController.class.php 第 34 行.
NOTIC: [8] Undefined offset: 1 D:\www\newmmx\Application\Zyly\Controller\GoodsController.class.php 第 41 行.
NOTIC: [2] session_destroy(): Trying to destroy uninitialized session D:\www\newmmx\Application\Zyly\Controller\GoodsController.class.php 第 50 行.
SQL: SHOW COLUMNS FROM `lr_user` [ RunTime:0.0088s ]
SQL: SELECT * FROM `lr_user` WHERE `openid` = 'onxczwQ5E9v3roDmJnifD-SNigqg' LIMIT 1   [ RunTime:0.0003s ]

[ 2019-07-03T23:49:38+08:00 ] 127.0.0.1 /index.php/Zyly/Goods/writeOrder.html?goods_id=298&buy_num=1&shop_type=1
NOTIC: [8] Use of undefined constant SHOW_PAGE_TRACE - assumed 'SHOW_PAGE_TRACE' D:\www\newmmx\Application\Common\Conf\debug.php 第 4 行.
INFO: [ app_init ] --START--
INFO: Run Behavior\BuildLiteBehavior [ RunTime:0.000005s ]
INFO: [ app_init ] --END-- [ RunTime:0.000025s ]
INFO: [ app_begin ] --START--
INFO: Run Behavior\ReadHtmlCacheBehavior [ RunTime:0.000311s ]
INFO: [ app_begin ] --END-- [ RunTime:0.000332s ]
SQL: SHOW COLUMNS FROM `lr_wechat_config` [ RunTime:0.0115s ]
SQL: SELECT * FROM `lr_wechat_config` WHERE `id` = 1 LIMIT 1   [ RunTime:0.0003s ]
SQL: SELECT * FROM `lr_wechat_config` WHERE `id` = 1 LIMIT 1   [ RunTime:0.0003s ]
NOTIC: [8] Undefined variable: admin_id D:\www\newmmx\Application\Zyly\Controller\GoodsController.class.php 第 34 行.
NOTIC: [8] Undefined offset: 1 D:\www\newmmx\Application\Zyly\Controller\GoodsController.class.php 第 41 行.
NOTIC: [2] session_destroy(): Trying to destroy uninitialized session D:\www\newmmx\Application\Zyly\Controller\GoodsController.class.php 第 50 行.
SQL: SHOW COLUMNS FROM `lr_user` [ RunTime:0.0167s ]
SQL: SELECT * FROM `lr_user` WHERE `openid` = 'onxczwQ5E9v3roDmJnifD-SNigqg' LIMIT 1   [ RunTime:0.0005s ]

[ 2019-07-03T23:49:48+08:00 ] 127.0.0.1 /index.php/Zyly/Goods/writeOrder.html?goods_id=298&buy_num=1&shop_type=1
NOTIC: [8] Use of undefined constant SHOW_PAGE_TRACE - assumed 'SHOW_PAGE_TRACE' D:\www\newmmx\Application\Common\Conf\debug.php 第 4 行.
INFO: [ app_init ] --START--
INFO: Run Behavior\BuildLiteBehavior [ RunTime:0.000005s ]
INFO: [ app_init ] --END-- [ RunTime:0.000026s ]
INFO: [ app_begin ] --START--
INFO: Run Behavior\ReadHtmlCacheBehavior [ RunTime:0.000406s ]
INFO: [ app_begin ] --END-- [ RunTime:0.000436s ]
SQL: SHOW COLUMNS FROM `lr_wechat_config` [ RunTime:0.0102s ]
SQL: SELECT * FROM `lr_wechat_config` WHERE `id` = 1 LIMIT 1   [ RunTime:0.0004s ]
SQL: SELECT * FROM `lr_wechat_config` WHERE `id` = 1 LIMIT 1   [ RunTime:0.0003s ]
NOTIC: [8] Undefined variable: admin_id D:\www\newmmx\Application\Zyly\Controller\GoodsController.class.php 第 34 行.
NOTIC: [8] Undefined offset: 1 D:\www\newmmx\Application\Zyly\Controller\GoodsController.class.php 第 41 行.
NOTIC: [2] session_destroy(): Trying to destroy uninitialized session D:\www\newmmx\Application\Zyly\Controller\GoodsController.class.php 第 50 行.
SQL: SHOW COLUMNS FROM `lr_user` [ RunTime:0.0092s ]
SQL: SELECT * FROM `lr_user` WHERE `openid` = 'onxczwQ5E9v3roDmJnifD-SNigqg' LIMIT 1   [ RunTime:0.0003s ]

[ 2019-07-03T23:50:00+08:00 ] 127.0.0.1 /index.php/Zyly/Goods/writeOrder.html?goods_id=298&buy_num=1&shop_type=1
NOTIC: [8] Use of undefined constant SHOW_PAGE_TRACE - assumed 'SHOW_PAGE_TRACE' D:\www\newmmx\Application\Common\Conf\debug.php 第 4 行.
INFO: [ app_init ] --START--
INFO: Run Behavior\BuildLiteBehavior [ RunTime:0.000005s ]
INFO: [ app_init ] --END-- [ RunTime:0.000024s ]
INFO: [ app_begin ] --START--
INFO: Run Behavior\ReadHtmlCacheBehavior [ RunTime:0.000336s ]
INFO: [ app_begin ] --END-- [ RunTime:0.000361s ]
SQL: SHOW COLUMNS FROM `lr_wechat_config` [ RunTime:0.0086s ]
SQL: SELECT * FROM `lr_wechat_config` WHERE `id` = 1 LIMIT 1   [ RunTime:0.0003s ]
SQL: SELECT * FROM `lr_wechat_config` WHERE `id` = 1 LIMIT 1   [ RunTime:0.0004s ]
NOTIC: [8] Undefined variable: admin_id D:\www\newmmx\Application\Zyly\Controller\GoodsController.class.php 第 34 行.
NOTIC: [8] Undefined offset: 1 D:\www\newmmx\Application\Zyly\Controller\GoodsController.class.php 第 41 行.
NOTIC: [2] session_destroy(): Trying to destroy uninitialized session D:\www\newmmx\Application\Zyly\Controller\GoodsController.class.php 第 50 行.
SQL: SHOW COLUMNS FROM `lr_user` [ RunTime:0.0086s ]
SQL: SELECT * FROM `lr_user` WHERE `openid` = 'onxczwQ5E9v3roDmJnifD-SNigqg' LIMIT 1   [ RunTime:0.0003s ]

[ 2019-07-03T23:51:22+08:00 ] 127.0.0.1 /index.php/Zyly/Goods/writeOrder.html?goods_id=298&buy_num=1&shop_type=1
NOTIC: [8] Use of undefined constant SHOW_PAGE_TRACE - assumed 'SHOW_PAGE_TRACE' D:\www\newmmx\Application\Common\Conf\debug.php 第 4 行.
INFO: [ app_init ] --START--
INFO: Run Behavior\BuildLiteBehavior [ RunTime:0.000007s ]
INFO: [ app_init ] --END-- [ RunTime:0.000033s ]
INFO: [ app_begin ] --START--
INFO: Run Behavior\ReadHtmlCacheBehavior [ RunTime:0.000444s ]
INFO: [ app_begin ] --END-- [ RunTime:0.000476s ]
SQL: SHOW COLUMNS FROM `lr_wechat_config` [ RunTime:0.0162s ]
SQL: SELECT * FROM `lr_wechat_config` WHERE `id` = 1 LIMIT 1   [ RunTime:0.0004s ]
SQL: SELECT * FROM `lr_wechat_config` WHERE `id` = 1 LIMIT 1   [ RunTime:0.0003s ]
NOTIC: [8] Undefined variable: admin_id D:\www\newmmx\Application\Zyly\Controller\GoodsController.class.php 第 34 行.
NOTIC: [8] Undefined offset: 1 D:\www\newmmx\Application\Zyly\Controller\GoodsController.class.php 第 41 行.
NOTIC: [2] session_destroy(): Trying to destroy uninitialized session D:\www\newmmx\Application\Zyly\Controller\GoodsController.class.php 第 50 行.
SQL: SHOW COLUMNS FROM `lr_user` [ RunTime:0.0094s ]
SQL: SELECT * FROM `lr_user` WHERE `openid` = 'onxczwQ5E9v3roDmJnifD-SNigqg' LIMIT 1   [ RunTime:0.0003s ]
SQL: SELECT * FROM `lr_wechat_config` WHERE `id` = 1 LIMIT 1   [ RunTime:0.0003s ]

[ 2019-07-03T23:51:29+08:00 ] 127.0.0.1 /index.php/Zyly/Goods/writeOrder.html?goods_id=298&buy_num=1&shop_type=1
NOTIC: [8] Use of undefined constant SHOW_PAGE_TRACE - assumed 'SHOW_PAGE_TRACE' D:\www\newmmx\Application\Common\Conf\debug.php 第 4 行.
INFO: [ app_init ] --START--
INFO: Run Behavior\BuildLiteBehavior [ RunTime:0.000005s ]
INFO: [ app_init ] --END-- [ RunTime:0.000024s ]
INFO: [ app_begin ] --START--
INFO: Run Behavior\ReadHtmlCacheBehavior [ RunTime:0.000318s ]
INFO: [ app_begin ] --END-- [ RunTime:0.000339s ]
SQL: SHOW COLUMNS FROM `lr_wechat_config` [ RunTime:0.0086s ]
SQL: SELECT * FROM `lr_wechat_config` WHERE `id` = 1 LIMIT 1   [ RunTime:0.0003s ]
SQL: SELECT * FROM `lr_wechat_config` WHERE `id` = 1 LIMIT 1   [ RunTime:0.0003s ]
NOTIC: [8] Undefined variable: admin_id D:\www\newmmx\Application\Zyly\Controller\GoodsController.class.php 第 34 行.
NOTIC: [8] Undefined offset: 1 D:\www\newmmx\Application\Zyly\Controller\GoodsController.class.php 第 41 行.
NOTIC: [2] session_destroy(): Trying to destroy uninitialized session D:\www\newmmx\Application\Zyly\Controller\GoodsController.class.php 第 50 行.
SQL: SHOW COLUMNS FROM `lr_user` [ RunTime:0.0098s ]
SQL: SELECT * FROM `lr_user` WHERE `openid` = 'onxczwQ5E9v3roDmJnifD-SNigqg' LIMIT 1   [ RunTime:0.0003s ]
SQL: SELECT * FROM `lr_wechat_config` WHERE `id` = 1 LIMIT 1   [ RunTime:0.0003s ]
SQL: SELECT * FROM `lr_user` WHERE `id` = 3 LIMIT 1   [ RunTime:0.0003s ]
SQL: SHOW COLUMNS FROM `lr_order` [ RunTime:0.0093s ]
SQL: SELECT * FROM `lr_order` WHERE `id` = 46 LIMIT 1   [ RunTime:0.0004s ]
SQL: SHOW COLUMNS FROM `lr_product` [ RunTime:0.0090s ]
SQL: SELECT * FROM `lr_product` WHERE `id` = 298 LIMIT 1   [ RunTime:0.0004s ]
SQL: SHOW COLUMNS FROM `lr_address` [ RunTime:0.0089s ]
SQL: SELECT * FROM `lr_address` WHERE `id` = 35 LIMIT 1   [ RunTime:0.0009s ]

[ 2019-07-03T23:55:53+08:00 ] 127.0.0.1 /index.php/Zyly/Goods/writeOrder.html?goods_id=298&buy_num=1&shop_type=1
NOTIC: [8] Use of undefined constant SHOW_PAGE_TRACE - assumed 'SHOW_PAGE_TRACE' D:\www\newmmx\Application\Common\Conf\debug.php 第 4 行.
INFO: [ app_init ] --START--
INFO: Run Behavior\BuildLiteBehavior [ RunTime:0.000006s ]
INFO: [ app_init ] --END-- [ RunTime:0.000030s ]
INFO: [ app_begin ] --START--
INFO: Run Behavior\ReadHtmlCacheBehavior [ RunTime:0.000439s ]
INFO: [ app_begin ] --END-- [ RunTime:0.000471s ]
SQL: SHOW COLUMNS FROM `lr_wechat_config` [ RunTime:0.0107s ]
SQL: SELECT * FROM `lr_wechat_config` WHERE `id` = 1 LIMIT 1   [ RunTime:0.0004s ]
SQL: SELECT * FROM `lr_wechat_config` WHERE `id` = 1 LIMIT 1   [ RunTime:0.0004s ]
NOTIC: [8] Undefined variable: admin_id D:\www\newmmx\Application\Zyly\Controller\GoodsController.class.php 第 34 行.
NOTIC: [8] Undefined offset: 1 D:\www\newmmx\Application\Zyly\Controller\GoodsController.class.php 第 41 行.
NOTIC: [2] session_destroy(): Trying to destroy uninitialized session D:\www\newmmx\Application\Zyly\Controller\GoodsController.class.php 第 50 行.
SQL: SHOW COLUMNS FROM `lr_user` [ RunTime:0.0158s ]
SQL: SELECT * FROM `lr_user` WHERE `openid` = 'onxczwQ5E9v3roDmJnifD-SNigqg' LIMIT 1   [ RunTime:0.0004s ]
SQL: SELECT * FROM `lr_wechat_config` WHERE `id` = 1 LIMIT 1   [ RunTime:0.0003s ]
SQL: SELECT * FROM `lr_user` WHERE `id` = 3 LIMIT 1   [ RunTime:0.0003s ]
SQL: SHOW COLUMNS FROM `lr_order` [ RunTime:0.0095s ]
SQL: SELECT * FROM `lr_order` WHERE `id` = 46 LIMIT 1   [ RunTime:0.0003s ]
SQL: SHOW COLUMNS FROM `lr_product` [ RunTime:0.0090s ]
SQL: SELECT * FROM `lr_product` WHERE `id` = 298 LIMIT 1   [ RunTime:0.0003s ]
SQL: SHOW COLUMNS FROM `lr_address` [ RunTime:0.0100s ]
SQL: SELECT * FROM `lr_address` WHERE `id` = 35 LIMIT 1   [ RunTime:0.0003s ]

