[ 2019-07-08T23:36:41+08:00 ] 127.0.0.1 /
NOTIC: [8] Use of undefined constant SHOW_PAGE_TRACE - assumed 'SHOW_PAGE_TRACE' D:\www\newmmx\Application\Common\Conf\debug.php 第 4 行.
INFO: [ app_init ] --START--
INFO: Run Behavior\BuildLiteBehavior [ RunTime:0.000013s ]
INFO: [ app_init ] --END-- [ RunTime:0.000086s ]
INFO: [ app_begin ] --START--
INFO: Run Behavior\ReadHtmlCacheBehavior [ RunTime:0.000602s ]
INFO: [ app_begin ] --END-- [ RunTime:0.000627s ]
SQL: SHOW COLUMNS FROM `lr_wechat_config` [ RunTime:0.0064s ]
SQL: SELECT * FROM `lr_wechat_config` WHERE `id` = 1 LIMIT 1   [ RunTime:0.0004s ]
SQL: SELECT * FROM `lr_wechat_config` WHERE `id` = 1 LIMIT 1   [ RunTime:0.0003s ]
NOTIC: [8] Undefined variable: admin_id D:\www\newmmx\Application\Zyly\Controller\GoodsController.class.php 第 34 行.
NOTIC: [8] Undefined offset: 1 D:\www\newmmx\Application\Zyly\Controller\GoodsController.class.php 第 41 行.
NOTIC: [2] session_destroy(): Trying to destroy uninitialized session D:\www\newmmx\Application\Zyly\Controller\GoodsController.class.php 第 50 行.
SQL: SHOW COLUMNS FROM `lr_user` [ RunTime:0.0098s ]
SQL: SELECT * FROM `lr_user` WHERE `openid` = 'onxczwQ5E9v3roDmJnifD-SNigqg' LIMIT 1   [ RunTime:0.0038s ]
SQL: SELECT * FROM `lr_user` WHERE `id` = 3 LIMIT 1   [ RunTime:0.0004s ]
SQL: SHOW COLUMNS FROM `lr_product` [ RunTime:0.0147s ]
SQL: SELECT * FROM `lr_product` WHERE `del` = 0 ORDER BY price asc  [ RunTime:0.0009s ]
SQL: SHOW COLUMNS FROM `lr_guanggao` [ RunTime:0.0094s ]
SQL: SELECT * FROM `lr_guanggao`  [ RunTime:0.0003s ]
SQL: SHOW COLUMNS FROM `lr_notice` [ RunTime:0.0067s ]
SQL: SELECT * FROM `lr_notice` WHERE `is_nav` = 1  [ RunTime:0.0002s ]
NOTIC: [2] file_get_contents(): Unable to find the wrapper &quot;https&quot; - did you forget to enable it when you configured PHP? D:\www\newmmx\Application\Zyly\Model\IndexModel.class.php 第 625 行.
NOTIC: [2] file_get_contents(https://api.weixin.qq.com/cgi-bin/token?grant_type=client_credential&amp;appid=wx3bd4a797938d1440&amp;secret=a4f8338196f873f3b5ea3185ebcf6463): failed to open stream: No such file or directory D:\www\newmmx\Application\Zyly\Model\IndexModel.class.php 第 625 行.
NOTIC: [2] unlink(./Application/Runtime/Temp/access_tokena0435375b666ac71aca0e45ef0012d41.php): No such file or directory D:\www\newmmx\ThinkPHP\Library\Think\Cache\Driver\File.class.php 第 157 行.
NOTIC: [2] unlink(./Application/Runtime/Temp/access_tokena0435375b666ac71aca0e45ef0012d41.php): No such file or directory D:\www\newmmx\ThinkPHP\Library\Think\Cache\Driver\File.class.php 第 157 行.
NOTIC: [2] file_get_contents(): Unable to find the wrapper &quot;https&quot; - did you forget to enable it when you configured PHP? D:\www\newmmx\Application\Zyly\Model\IndexModel.class.php 第 625 行.
NOTIC: [2] file_get_contents(https://api.weixin.qq.com/cgi-bin/token?grant_type=client_credential&amp;appid=wx3bd4a797938d1440&amp;secret=a4f8338196f873f3b5ea3185ebcf6463): failed to open stream: No such file or directory D:\www\newmmx\Application\Zyly\Model\IndexModel.class.php 第 625 行.
NOTIC: [2] unlink(./Application/Runtime/Temp/access_tokena0435375b666ac71aca0e45ef0012d41.php): No such file or directory D:\www\newmmx\ThinkPHP\Library\Think\Cache\Driver\File.class.php 第 157 行.
NOTIC: [8] Undefined index: ticket D:\www\newmmx\Application\Zyly\Model\IndexModel.class.php 第 563 行.
NOTIC: [2] unlink(./Application/Runtime/Temp/access_tokena0435375b666ac71aca0e45ef0012d41.php): No such file or directory D:\www\newmmx\ThinkPHP\Library\Think\Cache\Driver\File.class.php 第 157 行.
NOTIC: [2] file_get_contents(): Unable to find the wrapper &quot;https&quot; - did you forget to enable it when you configured PHP? D:\www\newmmx\Application\Zyly\Model\IndexModel.class.php 第 625 行.
NOTIC: [2] file_get_contents(https://api.weixin.qq.com/cgi-bin/token?grant_type=client_credential&amp;appid=wx3bd4a797938d1440&amp;secret=a4f8338196f873f3b5ea3185ebcf6463): failed to open stream: No such file or directory D:\www\newmmx\Application\Zyly\Model\IndexModel.class.php 第 625 行.
NOTIC: [2] unlink(./Application/Runtime/Temp/access_tokena0435375b666ac71aca0e45ef0012d41.php): No such file or directory D:\www\newmmx\ThinkPHP\Library\Think\Cache\Driver\File.class.php 第 157 行.
NOTIC: [2] unlink(./Application/Runtime/Temp/access_tokena0435375b666ac71aca0e45ef0012d41.php): No such file or directory D:\www\newmmx\ThinkPHP\Library\Think\Cache\Driver\File.class.php 第 157 行.
NOTIC: [2] file_get_contents(): Unable to find the wrapper &quot;https&quot; - did you forget to enable it when you configured PHP? D:\www\newmmx\Application\Zyly\Model\IndexModel.class.php 第 625 行.
NOTIC: [2] file_get_contents(https://api.weixin.qq.com/cgi-bin/token?grant_type=client_credential&amp;appid=wx3bd4a797938d1440&amp;secret=a4f8338196f873f3b5ea3185ebcf6463): failed to open stream: No such file or directory D:\www\newmmx\Application\Zyly\Model\IndexModel.class.php 第 625 行.
NOTIC: [2] unlink(./Application/Runtime/Temp/access_tokena0435375b666ac71aca0e45ef0012d41.php): No such file or directory D:\www\newmmx\ThinkPHP\Library\Think\Cache\Driver\File.class.php 第 157 行.
NOTIC: [8] Undefined index: ticket D:\www\newmmx\Application\Zyly\Model\IndexModel.class.php 第 563 行.
INFO: [ view_parse ] --START--
INFO: [ template_filter ] --START--
INFO: Run Behavior\ContentReplaceBehavior [ RunTime:0.000090s ]
INFO: [ template_filter ] --END-- [ RunTime:0.000116s ]
INFO: Run Behavior\ParseTemplateBehavior [ RunTime:0.009311s ]
INFO: [ view_parse ] --END-- [ RunTime:0.009340s ]
INFO: [ view_filter ] --START--
INFO: Run Behavior\WriteHtmlCacheBehavior [ RunTime:0.000637s ]
INFO: [ view_filter ] --END-- [ RunTime:0.000657s ]
INFO: [ app_end ] --START--
INFO: Run Behavior\ShowPageTraceBehavior [ RunTime:0.000875s ]
INFO: [ app_end ] --END-- [ RunTime:0.000897s ]

[ 2019-07-08T23:36:46+08:00 ] 127.0.0.1 /index.php/Zyly/person/person
NOTIC: [8] Use of undefined constant SHOW_PAGE_TRACE - assumed 'SHOW_PAGE_TRACE' D:\www\newmmx\Application\Common\Conf\debug.php 第 4 行.
INFO: [ app_init ] --START--
INFO: Run Behavior\BuildLiteBehavior [ RunTime:0.000005s ]
INFO: [ app_init ] --END-- [ RunTime:0.000025s ]
INFO: [ app_begin ] --START--
INFO: Run Behavior\ReadHtmlCacheBehavior [ RunTime:0.000319s ]
INFO: [ app_begin ] --END-- [ RunTime:0.000341s ]
SQL: SHOW COLUMNS FROM `lr_wechat_config` [ RunTime:0.0042s ]
SQL: SELECT * FROM `lr_wechat_config` WHERE `id` = 1 LIMIT 1   [ RunTime:0.0004s ]
SQL: SELECT * FROM `lr_wechat_config` WHERE `id` = 1 LIMIT 1   [ RunTime:0.0003s ]
NOTIC: [8] Undefined variable: admin_id D:\www\newmmx\Application\Zyly\Controller\PersonController.class.php 第 32 行.
SQL: SHOW COLUMNS FROM `lr_user` [ RunTime:0.0041s ]
SQL: SELECT * FROM `lr_user` WHERE `id` = 3 LIMIT 1   [ RunTime:0.0003s ]
SQL: SELECT COUNT(*) AS tp_count FROM `lr_user` WHERE `top_id` = 3 LIMIT 1   [ RunTime:0.0003s ]
SQL: SELECT * FROM `lr_wechat_config` WHERE `id` = 1 LIMIT 1   [ RunTime:0.0002s ]
SQL: SHOW COLUMNS FROM `lr_order` [ RunTime:0.0075s ]
SQL: SELECT * FROM `lr_order` WHERE `uid` = 3  [ RunTime:0.0008s ]
SQL: SHOW COLUMNS FROM `lr_glide` [ RunTime:0.0051s ]
SQL: SELECT * FROM `lr_glide` WHERE `uid` = 3 AND `act_price` > 0  [ RunTime:0.0005s ]
SQL: SHOW COLUMNS FROM `lr_product` [ RunTime:0.0038s ]
SQL: SELECT `id`,`name`,`intro`,`photo_x`,`sort`,`shiyong`,`price` FROM `lr_product` WHERE `del` = 0 ORDER BY sort desc LIMIT 1   [ RunTime:0.0003s ]
NOTIC: [2] file_get_contents(): Unable to find the wrapper &quot;https&quot; - did you forget to enable it when you configured PHP? D:\www\newmmx\Application\Zyly\Model\IndexModel.class.php 第 625 行.
NOTIC: [2] file_get_contents(https://api.weixin.qq.com/cgi-bin/token?grant_type=client_credential&amp;appid=wx3bd4a797938d1440&amp;secret=a4f8338196f873f3b5ea3185ebcf6463): failed to open stream: No such file or directory D:\www\newmmx\Application\Zyly\Model\IndexModel.class.php 第 625 行.
NOTIC: [2] unlink(./Application/Runtime/Temp/access_tokena0435375b666ac71aca0e45ef0012d41.php): No such file or directory D:\www\newmmx\ThinkPHP\Library\Think\Cache\Driver\File.class.php 第 157 行.
NOTIC: [2] unlink(./Application/Runtime/Temp/access_tokena0435375b666ac71aca0e45ef0012d41.php): No such file or directory D:\www\newmmx\ThinkPHP\Library\Think\Cache\Driver\File.class.php 第 157 行.
NOTIC: [2] file_get_contents(): Unable to find the wrapper &quot;https&quot; - did you forget to enable it when you configured PHP? D:\www\newmmx\Application\Zyly\Model\IndexModel.class.php 第 625 行.
NOTIC: [2] file_get_contents(https://api.weixin.qq.com/cgi-bin/token?grant_type=client_credential&amp;appid=wx3bd4a797938d1440&amp;secret=a4f8338196f873f3b5ea3185ebcf6463): failed to open stream: No such file or directory D:\www\newmmx\Application\Zyly\Model\IndexModel.class.php 第 625 行.
NOTIC: [2] unlink(./Application/Runtime/Temp/access_tokena0435375b666ac71aca0e45ef0012d41.php): No such file or directory D:\www\newmmx\ThinkPHP\Library\Think\Cache\Driver\File.class.php 第 157 行.
NOTIC: [8] Undefined index: ticket D:\www\newmmx\Application\Zyly\Model\IndexModel.class.php 第 563 行.
NOTIC: [2] unlink(./Application/Runtime/Temp/access_tokena0435375b666ac71aca0e45ef0012d41.php): No such file or directory D:\www\newmmx\ThinkPHP\Library\Think\Cache\Driver\File.class.php 第 157 行.
NOTIC: [2] file_get_contents(): Unable to find the wrapper &quot;https&quot; - did you forget to enable it when you configured PHP? D:\www\newmmx\Application\Zyly\Model\IndexModel.class.php 第 625 行.
NOTIC: [2] file_get_contents(https://api.weixin.qq.com/cgi-bin/token?grant_type=client_credential&amp;appid=wx3bd4a797938d1440&amp;secret=a4f8338196f873f3b5ea3185ebcf6463): failed to open stream: No such file or directory D:\www\newmmx\Application\Zyly\Model\IndexModel.class.php 第 625 行.
NOTIC: [2] unlink(./Application/Runtime/Temp/access_tokena0435375b666ac71aca0e45ef0012d41.php): No such file or directory D:\www\newmmx\ThinkPHP\Library\Think\Cache\Driver\File.class.php 第 157 行.
NOTIC: [2] unlink(./Application/Runtime/Temp/access_tokena0435375b666ac71aca0e45ef0012d41.php): No such file or directory D:\www\newmmx\ThinkPHP\Library\Think\Cache\Driver\File.class.php 第 157 行.
NOTIC: [2] file_get_contents(): Unable to find the wrapper &quot;https&quot; - did you forget to enable it when you configured PHP? D:\www\newmmx\Application\Zyly\Model\IndexModel.class.php 第 625 行.
NOTIC: [2] file_get_contents(https://api.weixin.qq.com/cgi-bin/token?grant_type=client_credential&amp;appid=wx3bd4a797938d1440&amp;secret=a4f8338196f873f3b5ea3185ebcf6463): failed to open stream: No such file or directory D:\www\newmmx\Application\Zyly\Model\IndexModel.class.php 第 625 行.
NOTIC: [2] unlink(./Application/Runtime/Temp/access_tokena0435375b666ac71aca0e45ef0012d41.php): No such file or directory D:\www\newmmx\ThinkPHP\Library\Think\Cache\Driver\File.class.php 第 157 行.
NOTIC: [8] Undefined index: ticket D:\www\newmmx\Application\Zyly\Model\IndexModel.class.php 第 563 行.
NOTIC: [8] Undefined variable: users D:\www\newmmx\Application\Zyly\Controller\PersonController.class.php 第 110 行.
INFO: [ view_parse ] --START--
INFO: [ template_filter ] --START--
INFO: Run Behavior\ContentReplaceBehavior [ RunTime:0.000080s ]
INFO: [ template_filter ] --END-- [ RunTime:0.000104s ]
INFO: Run Behavior\ParseTemplateBehavior [ RunTime:0.005360s ]
INFO: [ view_parse ] --END-- [ RunTime:0.005384s ]
INFO: [ view_filter ] --START--
INFO: Run Behavior\WriteHtmlCacheBehavior [ RunTime:0.000211s ]
INFO: [ view_filter ] --END-- [ RunTime:0.000226s ]
INFO: [ app_end ] --START--
INFO: Run Behavior\ShowPageTraceBehavior [ RunTime:0.000337s ]
INFO: [ app_end ] --END-- [ RunTime:0.000354s ]

[ 2019-07-08T23:36:47+08:00 ] 127.0.0.1 /index.php/Zyly/Person/order.html?status=1
NOTIC: [8] Use of undefined constant SHOW_PAGE_TRACE - assumed 'SHOW_PAGE_TRACE' D:\www\newmmx\Application\Common\Conf\debug.php 第 4 行.
INFO: [ app_init ] --START--
INFO: Run Behavior\BuildLiteBehavior [ RunTime:0.000006s ]
INFO: [ app_init ] --END-- [ RunTime:0.000029s ]
INFO: [ app_begin ] --START--
INFO: Run Behavior\ReadHtmlCacheBehavior [ RunTime:0.000326s ]
INFO: [ app_begin ] --END-- [ RunTime:0.000355s ]
SQL: SHOW COLUMNS FROM `lr_wechat_config` [ RunTime:0.0037s ]
SQL: SELECT * FROM `lr_wechat_config` WHERE `id` = 1 LIMIT 1   [ RunTime:0.0003s ]
SQL: SELECT * FROM `lr_wechat_config` WHERE `id` = 1 LIMIT 1   [ RunTime:0.0004s ]
NOTIC: [8] Undefined variable: admin_id D:\www\newmmx\Application\Zyly\Controller\PersonController.class.php 第 32 行.
SQL: SHOW COLUMNS FROM `lr_user` [ RunTime:0.0037s ]
SQL: SELECT * FROM `lr_user` WHERE `id` = 3 LIMIT 1   [ RunTime:0.0003s ]
SQL: SHOW COLUMNS FROM `lr_order` [ RunTime:0.0040s ]
SQL: SELECT a.*,b.pid,b.name,b.photo_x,b.num FROM lr_order a LEFT JOIN lr_order_product b  on a.id = b.order_id  WHERE a.uid = '3' ORDER BY a.addtime desc  [ RunTime:0.0032s ]
INFO: [ view_parse ] --START--
INFO: [ template_filter ] --START--
INFO: Run Behavior\ContentReplaceBehavior [ RunTime:0.000076s ]
INFO: [ template_filter ] --END-- [ RunTime:0.000115s ]
INFO: Run Behavior\ParseTemplateBehavior [ RunTime:0.014107s ]
INFO: [ view_parse ] --END-- [ RunTime:0.014167s ]
INFO: [ view_filter ] --START--
INFO: Run Behavior\WriteHtmlCacheBehavior [ RunTime:0.000362s ]
INFO: [ view_filter ] --END-- [ RunTime:0.000390s ]
INFO: [ app_end ] --START--
INFO: Run Behavior\ShowPageTraceBehavior [ RunTime:0.000749s ]
INFO: [ app_end ] --END-- [ RunTime:0.000795s ]

[ 2019-07-08T23:36:48+08:00 ] 127.0.0.1 /index.php/Zyly/Person/order.html?status=10
NOTIC: [8] Use of undefined constant SHOW_PAGE_TRACE - assumed 'SHOW_PAGE_TRACE' D:\www\newmmx\Application\Common\Conf\debug.php 第 4 行.
INFO: [ app_init ] --START--
INFO: Run Behavior\BuildLiteBehavior [ RunTime:0.000006s ]
INFO: [ app_init ] --END-- [ RunTime:0.000025s ]
INFO: [ app_begin ] --START--
INFO: Run Behavior\ReadHtmlCacheBehavior [ RunTime:0.000313s ]
INFO: [ app_begin ] --END-- [ RunTime:0.000333s ]
SQL: SHOW COLUMNS FROM `lr_wechat_config` [ RunTime:0.0038s ]
SQL: SELECT * FROM `lr_wechat_config` WHERE `id` = 1 LIMIT 1   [ RunTime:0.0003s ]
SQL: SELECT * FROM `lr_wechat_config` WHERE `id` = 1 LIMIT 1   [ RunTime:0.0003s ]
NOTIC: [8] Undefined variable: admin_id D:\www\newmmx\Application\Zyly\Controller\PersonController.class.php 第 32 行.
SQL: SHOW COLUMNS FROM `lr_user` [ RunTime:0.0042s ]
SQL: SELECT * FROM `lr_user` WHERE `id` = 3 LIMIT 1   [ RunTime:0.0003s ]
SQL: SHOW COLUMNS FROM `lr_order` [ RunTime:0.0036s ]
SQL: SELECT a.*,b.pid,b.name,b.photo_x,b.num FROM lr_order a LEFT JOIN lr_order_product b  on a.id = b.order_id  WHERE a.uid = '3' AND a.status = '10' ORDER BY a.addtime desc  [ RunTime:0.0008s ]
INFO: [ view_parse ] --START--
INFO: [ template_filter ] --START--
INFO: Run Behavior\ContentReplaceBehavior [ RunTime:0.000043s ]
INFO: [ template_filter ] --END-- [ RunTime:0.000063s ]
INFO: Run Behavior\ParseTemplateBehavior [ RunTime:0.003810s ]
INFO: [ view_parse ] --END-- [ RunTime:0.003854s ]
INFO: [ view_filter ] --START--
INFO: Run Behavior\WriteHtmlCacheBehavior [ RunTime:0.000198s ]
INFO: [ view_filter ] --END-- [ RunTime:0.000214s ]
INFO: [ app_end ] --START--
INFO: Run Behavior\ShowPageTraceBehavior [ RunTime:0.000350s ]
INFO: [ app_end ] --END-- [ RunTime:0.000374s ]

[ 2019-07-08T23:36:49+08:00 ] 127.0.0.1 /index.php/Zyly/Person/order.html?status=20
NOTIC: [8] Use of undefined constant SHOW_PAGE_TRACE - assumed 'SHOW_PAGE_TRACE' D:\www\newmmx\Application\Common\Conf\debug.php 第 4 行.
INFO: [ app_init ] --START--
INFO: Run Behavior\BuildLiteBehavior [ RunTime:0.000005s ]
INFO: [ app_init ] --END-- [ RunTime:0.000025s ]
INFO: [ app_begin ] --START--
INFO: Run Behavior\ReadHtmlCacheBehavior [ RunTime:0.000301s ]
INFO: [ app_begin ] --END-- [ RunTime:0.000321s ]
SQL: SHOW COLUMNS FROM `lr_wechat_config` [ RunTime:0.0040s ]
SQL: SELECT * FROM `lr_wechat_config` WHERE `id` = 1 LIMIT 1   [ RunTime:0.0004s ]
SQL: SELECT * FROM `lr_wechat_config` WHERE `id` = 1 LIMIT 1   [ RunTime:0.0003s ]
NOTIC: [8] Undefined variable: admin_id D:\www\newmmx\Application\Zyly\Controller\PersonController.class.php 第 32 行.
SQL: SHOW COLUMNS FROM `lr_user` [ RunTime:0.0039s ]
SQL: SELECT * FROM `lr_user` WHERE `id` = 3 LIMIT 1   [ RunTime:0.0003s ]
SQL: SHOW COLUMNS FROM `lr_order` [ RunTime:0.0037s ]
SQL: SELECT a.*,b.pid,b.name,b.photo_x,b.num FROM lr_order a LEFT JOIN lr_order_product b  on a.id = b.order_id  WHERE a.uid = '3' AND a.status = '20' ORDER BY a.addtime desc  [ RunTime:0.0004s ]
INFO: [ view_parse ] --START--
INFO: [ template_filter ] --START--
INFO: Run Behavior\ContentReplaceBehavior [ RunTime:0.000043s ]
INFO: [ template_filter ] --END-- [ RunTime:0.000065s ]
INFO: Run Behavior\ParseTemplateBehavior [ RunTime:0.003911s ]
INFO: [ view_parse ] --END-- [ RunTime:0.003935s ]
INFO: [ view_filter ] --START--
INFO: Run Behavior\WriteHtmlCacheBehavior [ RunTime:0.010152s ]
INFO: [ view_filter ] --END-- [ RunTime:0.010181s ]
INFO: [ app_end ] --START--
INFO: Run Behavior\ShowPageTraceBehavior [ RunTime:0.000451s ]
INFO: [ app_end ] --END-- [ RunTime:0.000468s ]

[ 2019-07-08T23:36:49+08:00 ] 127.0.0.1 /index.php/Zyly/Person/order.html?status=1
NOTIC: [8] Use of undefined constant SHOW_PAGE_TRACE - assumed 'SHOW_PAGE_TRACE' D:\www\newmmx\Application\Common\Conf\debug.php 第 4 行.
INFO: [ app_init ] --START--
INFO: Run Behavior\BuildLiteBehavior [ RunTime:0.000005s ]
INFO: [ app_init ] --END-- [ RunTime:0.000024s ]
INFO: [ app_begin ] --START--
INFO: Run Behavior\ReadHtmlCacheBehavior [ RunTime:0.000320s ]
INFO: [ app_begin ] --END-- [ RunTime:0.000345s ]
SQL: SHOW COLUMNS FROM `lr_wechat_config` [ RunTime:0.0037s ]
SQL: SELECT * FROM `lr_wechat_config` WHERE `id` = 1 LIMIT 1   [ RunTime:0.0003s ]
SQL: SELECT * FROM `lr_wechat_config` WHERE `id` = 1 LIMIT 1   [ RunTime:0.0002s ]
NOTIC: [8] Undefined variable: admin_id D:\www\newmmx\Application\Zyly\Controller\PersonController.class.php 第 32 行.
SQL: SHOW COLUMNS FROM `lr_user` [ RunTime:0.0040s ]
SQL: SELECT * FROM `lr_user` WHERE `id` = 3 LIMIT 1   [ RunTime:0.0003s ]
SQL: SHOW COLUMNS FROM `lr_order` [ RunTime:0.0038s ]
SQL: SELECT a.*,b.pid,b.name,b.photo_x,b.num FROM lr_order a LEFT JOIN lr_order_product b  on a.id = b.order_id  WHERE a.uid = '3' ORDER BY a.addtime desc  [ RunTime:0.0008s ]
INFO: [ view_parse ] --START--
INFO: [ template_filter ] --START--
INFO: Run Behavior\ContentReplaceBehavior [ RunTime:0.000043s ]
INFO: [ template_filter ] --END-- [ RunTime:0.000064s ]
INFO: Run Behavior\ParseTemplateBehavior [ RunTime:0.003903s ]
INFO: [ view_parse ] --END-- [ RunTime:0.003925s ]
INFO: [ view_filter ] --START--
INFO: Run Behavior\WriteHtmlCacheBehavior [ RunTime:0.000208s ]
INFO: [ view_filter ] --END-- [ RunTime:0.000224s ]
INFO: [ app_end ] --START--
INFO: Run Behavior\ShowPageTraceBehavior [ RunTime:0.000372s ]
INFO: [ app_end ] --END-- [ RunTime:0.000396s ]

