[ 2019-01-14T11:40:20+08:00 ] 127.0.0.1 /index.php/Zyly/Goods
NOTIC: [8] Use of undefined constant SHOW_PAGE_TRACE - assumed 'SHOW_PAGE_TRACE' E:\www\tour\Application\Common\Conf\debug.php 第 4 行.
INFO: [ app_init ] --START--
INFO: Run Behavior\BuildLiteBehavior [ RunTime:0.000000s ]
INFO: [ app_init ] --END-- [ RunTime:0.000000s ]
INFO: [ app_begin ] --START--
INFO: Run Behavior\ReadHtmlCacheBehavior [ RunTime:0.000000s ]
INFO: [ app_begin ] --END-- [ RunTime:0.000000s ]
SQL: SHOW COLUMNS FROM `lr_wechat_config` [ RunTime:0.0560s ]
SQL: SELECT * FROM `lr_wechat_config` WHERE `id` = 1 LIMIT 1   [ RunTime:0.0000s ]
SQL: SELECT * FROM `lr_wechat_config` WHERE `id` = 1 LIMIT 1   [ RunTime:0.0010s ]
NOTIC: [8] Undefined variable: admin_id E:\www\tour\Application\Zyly\Controller\GoodsController.class.php 第 34 行.
NOTIC: [8] Undefined offset: 1 E:\www\tour\Application\Zyly\Controller\GoodsController.class.php 第 41 行.
NOTIC: [2] session_destroy(): Trying to destroy uninitialized session E:\www\tour\Application\Zyly\Controller\GoodsController.class.php 第 50 行.
SQL: SHOW COLUMNS FROM `lr_user` [ RunTime:0.0190s ]
SQL: SELECT * FROM `lr_user` WHERE `openid` = 'onxczwQ5E9v3roDmJnifD-SNigqg' LIMIT 1   [ RunTime:0.0000s ]
SQL: SELECT * FROM `lr_user` WHERE `id` = 1 LIMIT 1   [ RunTime:0.0010s ]
SQL: SHOW COLUMNS FROM `lr_product` [ RunTime:0.0100s ]
SQL: SELECT `id`,`name`,`intro`,`photo_x`,`sort`,`shiyong`,`price` FROM `lr_product` WHERE `del` = 0 AND `shop_type` = 1 ORDER BY price asc  [ RunTime:0.0170s ]
SQL: SHOW COLUMNS FROM `lr_guanggao` [ RunTime:0.0130s ]
SQL: SELECT * FROM `lr_guanggao`  [ RunTime:0.0010s ]
SQL: SHOW COLUMNS FROM `lr_notice` [ RunTime:0.0140s ]
SQL: SELECT * FROM `lr_notice` WHERE `is_nav` = 1  [ RunTime:0.0000s ]
NOTIC: [8] Undefined index: access_token E:\www\tour\Application\Zyly\Model\IndexModel.class.php 第 627 行.
NOTIC: [2] unlink(./Application/Runtime/Temp/access_tokena0435375b666ac71aca0e45ef0012d41.php): No such file or directory E:\www\tour\ThinkPHP\Library\Think\Cache\Driver\File.class.php 第 157 行.
NOTIC: [8] Undefined index: access_token E:\www\tour\Application\Zyly\Model\IndexModel.class.php 第 629 行.
NOTIC: [2] unlink(./Application/Runtime/Temp/access_tokena0435375b666ac71aca0e45ef0012d41.php): No such file or directory E:\www\tour\ThinkPHP\Library\Think\Cache\Driver\File.class.php 第 157 行.
NOTIC: [8] Undefined index: access_token E:\www\tour\Application\Zyly\Model\IndexModel.class.php 第 627 行.
NOTIC: [2] unlink(./Application/Runtime/Temp/access_tokena0435375b666ac71aca0e45ef0012d41.php): No such file or directory E:\www\tour\ThinkPHP\Library\Think\Cache\Driver\File.class.php 第 157 行.
NOTIC: [8] Undefined index: access_token E:\www\tour\Application\Zyly\Model\IndexModel.class.php 第 629 行.
NOTIC: [8] Undefined index: ticket E:\www\tour\Application\Zyly\Model\IndexModel.class.php 第 563 行.
NOTIC: [2] unlink(./Application/Runtime/Temp/access_tokena0435375b666ac71aca0e45ef0012d41.php): No such file or directory E:\www\tour\ThinkPHP\Library\Think\Cache\Driver\File.class.php 第 157 行.
NOTIC: [8] Undefined index: access_token E:\www\tour\Application\Zyly\Model\IndexModel.class.php 第 627 行.
NOTIC: [2] unlink(./Application/Runtime/Temp/access_tokena0435375b666ac71aca0e45ef0012d41.php): No such file or directory E:\www\tour\ThinkPHP\Library\Think\Cache\Driver\File.class.php 第 157 行.
NOTIC: [8] Undefined index: access_token E:\www\tour\Application\Zyly\Model\IndexModel.class.php 第 629 行.
NOTIC: [2] unlink(./Application/Runtime/Temp/access_tokena0435375b666ac71aca0e45ef0012d41.php): No such file or directory E:\www\tour\ThinkPHP\Library\Think\Cache\Driver\File.class.php 第 157 行.
NOTIC: [8] Undefined index: access_token E:\www\tour\Application\Zyly\Model\IndexModel.class.php 第 627 行.
NOTIC: [2] unlink(./Application/Runtime/Temp/access_tokena0435375b666ac71aca0e45ef0012d41.php): No such file or directory E:\www\tour\ThinkPHP\Library\Think\Cache\Driver\File.class.php 第 157 行.
NOTIC: [8] Undefined index: access_token E:\www\tour\Application\Zyly\Model\IndexModel.class.php 第 629 行.
NOTIC: [8] Undefined index: ticket E:\www\tour\Application\Zyly\Model\IndexModel.class.php 第 563 行.
INFO: [ view_parse ] --START--
INFO: [ template_filter ] --START--
INFO: Run Behavior\ContentReplaceBehavior [ RunTime:0.000000s ]
INFO: [ template_filter ] --END-- [ RunTime:0.000000s ]
INFO: Run Behavior\ParseTemplateBehavior [ RunTime:0.094005s ]
INFO: [ view_parse ] --END-- [ RunTime:0.094005s ]
INFO: [ view_filter ] --START--
INFO: Run Behavior\WriteHtmlCacheBehavior [ RunTime:0.000000s ]
INFO: [ view_filter ] --END-- [ RunTime:0.000000s ]
INFO: [ app_end ] --START--
INFO: Run Behavior\ShowPageTraceBehavior [ RunTime:0.001000s ]
INFO: [ app_end ] --END-- [ RunTime:0.001000s ]

[ 2019-01-14T11:40:30+08:00 ] 127.0.0.1 /index.php/Zyly/Goods/detail.html?goods_id=279&shop_type=1
NOTIC: [8] Use of undefined constant SHOW_PAGE_TRACE - assumed 'SHOW_PAGE_TRACE' E:\www\tour\Application\Common\Conf\debug.php 第 4 行.
INFO: [ app_init ] --START--
INFO: Run Behavior\BuildLiteBehavior [ RunTime:0.000000s ]
INFO: [ app_init ] --END-- [ RunTime:0.000000s ]
INFO: [ app_begin ] --START--
INFO: Run Behavior\ReadHtmlCacheBehavior [ RunTime:0.001000s ]
INFO: [ app_begin ] --END-- [ RunTime:0.001000s ]
SQL: SHOW COLUMNS FROM `lr_wechat_config` [ RunTime:0.0040s ]
SQL: SELECT * FROM `lr_wechat_config` WHERE `id` = 1 LIMIT 1   [ RunTime:0.0000s ]
SQL: SELECT * FROM `lr_wechat_config` WHERE `id` = 1 LIMIT 1   [ RunTime:0.0010s ]
NOTIC: [8] Undefined variable: admin_id E:\www\tour\Application\Zyly\Controller\GoodsController.class.php 第 34 行.
NOTIC: [8] Undefined offset: 1 E:\www\tour\Application\Zyly\Controller\GoodsController.class.php 第 41 行.
NOTIC: [2] session_destroy(): Trying to destroy uninitialized session E:\www\tour\Application\Zyly\Controller\GoodsController.class.php 第 50 行.
SQL: SHOW COLUMNS FROM `lr_user` [ RunTime:0.0050s ]
SQL: SELECT * FROM `lr_user` WHERE `openid` = 'onxczwQ5E9v3roDmJnifD-SNigqg' LIMIT 1   [ RunTime:0.0010s ]
SQL: SELECT * FROM `lr_user` WHERE `id` = 1 LIMIT 1   [ RunTime:0.0010s ]
NOTIC: [8] Undefined offset: 1 E:\www\tour\Application\Zyly\Controller\GoodsController.class.php 第 156 行.
SQL: SHOW COLUMNS FROM `lr_product` [ RunTime:0.0050s ]
SQL: SELECT `id`,`name`,`intro`,`photo_x`,`photo_d`,`sort`,`shiyong`,`price`,`photo_string`,`content` FROM `lr_product` WHERE `id` = 279 ORDER BY sort desc LIMIT 1   [ RunTime:0.0010s ]
SQL: SELECT a.name,b.concent,b.addtime,c.uname,c.photo FROM lr_product a LEFT JOIN lr_product_dp b on a.id=b.pid LEFT JOIN lr_user c on b.uid=c.id  WHERE a.id = '279'  [ RunTime:0.0250s ]
SQL: SHOW COLUMNS FROM `lr_product_dp` [ RunTime:0.0050s ]
SQL: SELECT COUNT(*) AS tp_count FROM `lr_product_dp` WHERE `pid` = 279 LIMIT 1   [ RunTime:0.0010s ]
NOTIC: [8] Undefined index: access_token E:\www\tour\Application\Zyly\Model\IndexModel.class.php 第 627 行.
NOTIC: [2] unlink(./Application/Runtime/Temp/access_tokena0435375b666ac71aca0e45ef0012d41.php): No such file or directory E:\www\tour\ThinkPHP\Library\Think\Cache\Driver\File.class.php 第 157 行.
NOTIC: [8] Undefined index: access_token E:\www\tour\Application\Zyly\Model\IndexModel.class.php 第 629 行.
NOTIC: [2] unlink(./Application/Runtime/Temp/access_tokena0435375b666ac71aca0e45ef0012d41.php): No such file or directory E:\www\tour\ThinkPHP\Library\Think\Cache\Driver\File.class.php 第 157 行.
NOTIC: [8] Undefined index: access_token E:\www\tour\Application\Zyly\Model\IndexModel.class.php 第 627 行.
NOTIC: [2] unlink(./Application/Runtime/Temp/access_tokena0435375b666ac71aca0e45ef0012d41.php): No such file or directory E:\www\tour\ThinkPHP\Library\Think\Cache\Driver\File.class.php 第 157 行.
NOTIC: [8] Undefined index: access_token E:\www\tour\Application\Zyly\Model\IndexModel.class.php 第 629 行.
NOTIC: [8] Undefined index: ticket E:\www\tour\Application\Zyly\Model\IndexModel.class.php 第 563 行.
NOTIC: [2] unlink(./Application/Runtime/Temp/access_tokena0435375b666ac71aca0e45ef0012d41.php): No such file or directory E:\www\tour\ThinkPHP\Library\Think\Cache\Driver\File.class.php 第 157 行.
NOTIC: [8] Undefined index: access_token E:\www\tour\Application\Zyly\Model\IndexModel.class.php 第 627 行.
NOTIC: [2] unlink(./Application/Runtime/Temp/access_tokena0435375b666ac71aca0e45ef0012d41.php): No such file or directory E:\www\tour\ThinkPHP\Library\Think\Cache\Driver\File.class.php 第 157 行.
NOTIC: [8] Undefined index: access_token E:\www\tour\Application\Zyly\Model\IndexModel.class.php 第 629 行.
NOTIC: [2] unlink(./Application/Runtime/Temp/access_tokena0435375b666ac71aca0e45ef0012d41.php): No such file or directory E:\www\tour\ThinkPHP\Library\Think\Cache\Driver\File.class.php 第 157 行.
NOTIC: [8] Undefined index: access_token E:\www\tour\Application\Zyly\Model\IndexModel.class.php 第 627 行.
NOTIC: [2] unlink(./Application/Runtime/Temp/access_tokena0435375b666ac71aca0e45ef0012d41.php): No such file or directory E:\www\tour\ThinkPHP\Library\Think\Cache\Driver\File.class.php 第 157 行.
NOTIC: [8] Undefined index: access_token E:\www\tour\Application\Zyly\Model\IndexModel.class.php 第 629 行.
NOTIC: [8] Undefined index: ticket E:\www\tour\Application\Zyly\Model\IndexModel.class.php 第 563 行.
INFO: [ view_parse ] --START--
INFO: [ template_filter ] --START--
INFO: Run Behavior\ContentReplaceBehavior [ RunTime:0.001000s ]
INFO: [ template_filter ] --END-- [ RunTime:0.001000s ]
INFO: Run Behavior\ParseTemplateBehavior [ RunTime:0.051003s ]
INFO: [ view_parse ] --END-- [ RunTime:0.051003s ]
INFO: [ view_filter ] --START--
INFO: Run Behavior\WriteHtmlCacheBehavior [ RunTime:0.001000s ]
INFO: [ view_filter ] --END-- [ RunTime:0.001000s ]
INFO: [ app_end ] --START--
INFO: Run Behavior\ShowPageTraceBehavior [ RunTime:0.001000s ]
INFO: [ app_end ] --END-- [ RunTime:0.004000s ]

[ 2019-01-14T11:40:32+08:00 ] 127.0.0.1 /index.php/Zyly/Goods/writeOrder.html?goods_id=279&buy_num=1&shop_type=1
NOTIC: [8] Use of undefined constant SHOW_PAGE_TRACE - assumed 'SHOW_PAGE_TRACE' E:\www\tour\Application\Common\Conf\debug.php 第 4 行.
INFO: [ app_init ] --START--
INFO: Run Behavior\BuildLiteBehavior [ RunTime:0.000000s ]
INFO: [ app_init ] --END-- [ RunTime:0.000000s ]
INFO: [ app_begin ] --START--
INFO: Run Behavior\ReadHtmlCacheBehavior [ RunTime:0.000000s ]
INFO: [ app_begin ] --END-- [ RunTime:0.000000s ]
SQL: SHOW COLUMNS FROM `lr_wechat_config` [ RunTime:0.0040s ]
SQL: SELECT * FROM `lr_wechat_config` WHERE `id` = 1 LIMIT 1   [ RunTime:0.0010s ]
SQL: SELECT * FROM `lr_wechat_config` WHERE `id` = 1 LIMIT 1   [ RunTime:0.0010s ]
NOTIC: [8] Undefined variable: admin_id E:\www\tour\Application\Zyly\Controller\GoodsController.class.php 第 34 行.
NOTIC: [8] Undefined offset: 1 E:\www\tour\Application\Zyly\Controller\GoodsController.class.php 第 41 行.
NOTIC: [2] session_destroy(): Trying to destroy uninitialized session E:\www\tour\Application\Zyly\Controller\GoodsController.class.php 第 50 行.
SQL: SHOW COLUMNS FROM `lr_user` [ RunTime:0.0050s ]
SQL: SELECT * FROM `lr_user` WHERE `openid` = 'onxczwQ5E9v3roDmJnifD-SNigqg' LIMIT 1   [ RunTime:0.0010s ]
SQL: SHOW COLUMNS FROM `lr_user` [ RunTime:0.0040s ]
SQL: SELECT * FROM `lr_user` WHERE `id` = 1 LIMIT 1   [ RunTime:0.0010s ]
SQL: SHOW COLUMNS FROM `lr_product` [ RunTime:0.0040s ]
SQL: SELECT `id`,`name`,`photo_x`,`price` FROM `lr_product` WHERE `id` = 279 LIMIT 1   [ RunTime:0.0010s ]
SQL: SHOW COLUMNS FROM `lr_address` [ RunTime:0.0040s ]
SQL: SELECT * FROM `lr_address` WHERE `uid` = 1 AND `is_default` = 1 LIMIT 1   [ RunTime:0.0010s ]
SQL: SELECT * FROM `lr_wechat_config` WHERE `id` = 1 LIMIT 1   [ RunTime:0.0010s ]
SQL: SELECT * FROM `lr_user` WHERE `id` = 1 LIMIT 1   [ RunTime:0.0000s ]
SQL: SHOW COLUMNS FROM `lr_order` [ RunTime:0.0230s ]
SQL: SELECT * FROM `lr_order` WHERE `id` = 42 LIMIT 1   [ RunTime:0.0070s ]
SQL: SELECT * FROM `lr_product` WHERE `id` = 290 LIMIT 1   [ RunTime:0.0000s ]
SQL: SHOW COLUMNS FROM `lr_address` [ RunTime:0.0040s ]
SQL: SELECT * FROM `lr_address` WHERE `id` = 27 LIMIT 1   [ RunTime:0.0000s ]
SQL: SHOW COLUMNS FROM `lr_glide` [ RunTime:0.0190s ]
SQL: INSERT INTO `lr_glide` (`uid`,`addtime`,`est_price`,`act_price`,`explain`,`order_id`,`goods_id`) VALUES ('1','2019-01-14 11:40:32','-6000','-6000','消费6000.00','42','290') [ RunTime:0.0510s ]
SQL: SELECT * FROM `lr_user` WHERE `id` = 1 LIMIT 1   [ RunTime:0.0010s ]
SQL: SHOW COLUMNS FROM `lr_level` [ RunTime:0.0110s ]
SQL: SELECT * FROM `lr_level`  [ RunTime:0.0000s ]
SQL: SELECT SUM(price_h) AS tp_sum FROM `lr_order` WHERE `addtime` BETWEEN 1542253232 AND 1547437232 AND `uid` = 1 LIMIT 1   [ RunTime:0.0000s ]
NOTIC: [8] Undefined variable: res E:\www\tour\Application\Zyly\Model\GoodsModel.class.php 第 364 行.
SQL: SHOW COLUMNS FROM `lr_shop_type` [ RunTime:0.0140s ]
SQL: SELECT * FROM `lr_shop_type` WHERE `id` = 1 LIMIT 1   [ RunTime:0.0000s ]
SQL: SELECT * FROM `lr_user` WHERE `id` = 2 LIMIT 1   [ RunTime:0.0010s ]
SQL: SELECT * FROM `lr_user` WHERE `id` = 2 LIMIT 1   [ RunTime:0.0000s ]
SQL: SELECT * FROM `lr_level` WHERE `id` = 1 LIMIT 1   [ RunTime:0.0000s ]
SQL: SELECT * FROM `lr_user` WHERE `id` = 2 LIMIT 1   [ RunTime:0.0010s ]
SQL: INSERT INTO `lr_glide` (`explain`,`uid`,`addtime`,`est_price`,`act_price`,`order_id`,`goods_id`) VALUES ('下级消费返佣568.10','2','2019-01-14 11:40:32','1710','568.1','42','290') [ RunTime:0.0340s ]
SQL: SHOW COLUMNS FROM `lr_integral_record` [ RunTime:0.0230s ]
SQL: INSERT INTO `lr_integral_record` (`user_id`,`price`,`explain`,`addtime`) VALUES ('2','9000','下级消费返积分9000.00','2019-01-14 11:40:32') [ RunTime:0.0160s ]
SQL: SELECT * FROM `lr_user` WHERE `id` = 2 LIMIT 1   [ RunTime:0.0010s ]
SQL: UPDATE `lr_user` SET `total_score`='19500',`do_score`='19500' WHERE `id` = 2 [ RunTime:0.0000s ]
SQL: UPDATE `lr_user` SET `week_commission`='1421.2',`can_withdraw`='1421.2',`total`='1421.2' WHERE `id` = 2 [ RunTime:0.0010s ]
SQL: SELECT * FROM `lr_user` WHERE `id` = 3 LIMIT 1   [ RunTime:0.0000s ]
SQL: SELECT * FROM `lr_user` WHERE `id` = 3 LIMIT 1   [ RunTime:0.0010s ]
SQL: SELECT * FROM `lr_level` WHERE `id` = 2 LIMIT 1   [ RunTime:0.0000s ]
SQL: SELECT * FROM `lr_user` WHERE `id` = 3 LIMIT 1   [ RunTime:0.0010s ]
SQL: INSERT INTO `lr_glide` (`explain`,`uid`,`addtime`,`est_price`,`act_price`,`order_id`,`goods_id`) VALUES ('下级消费返佣950.00','3','2019-01-14 11:40:32','1140','950','42','290') [ RunTime:0.1140s ]
SQL: INSERT INTO `lr_integral_record` (`user_id`,`price`,`explain`,`addtime`) VALUES ('3','6000','下级消费返积分6000.00','2019-01-14 11:40:32') [ RunTime:0.0000s ]
SQL: SELECT * FROM `lr_user` WHERE `id` = 3 LIMIT 1   [ RunTime:0.0000s ]
SQL: UPDATE `lr_user` SET `total_score`='13500',`do_score`='13500' WHERE `id` = 3 [ RunTime:0.0010s ]
SQL: UPDATE `lr_user` SET `week_commission`='2185',`can_withdraw`='2185',`total`='2185' WHERE `id` = 3 [ RunTime:0.0010s ]
SQL: SELECT * FROM `lr_user` WHERE `id` = null LIMIT 1   [ RunTime:0.0000s ]
SQL: SELECT * FROM `lr_user` WHERE `is_daili` = 2 AND `daili_type` = 3 AND `area_id` = 1962 AND `area` = '荔湾区' LIMIT 1   [ RunTime:0.0010s ]
SQL: SELECT * FROM `lr_user` WHERE `is_daili` = 2 AND `daili_type` = 2 AND `city_id` = 1961 AND `city` = '广州市' LIMIT 1   [ RunTime:0.0010s ]
SQL: SELECT * FROM `lr_user` WHERE `is_daili` = 2 AND `daili_type` = 1 AND `state_id` = 1960 AND `state` = '广东' LIMIT 1   [ RunTime:0.0010s ]

[ 2019-01-14T11:41:04+08:00 ] 127.0.0.1 /index.php/Zyly/Goods/writeOrder.html?goods_id=279&buy_num=1&shop_type=1
NOTIC: [8] Use of undefined constant SHOW_PAGE_TRACE - assumed 'SHOW_PAGE_TRACE' E:\www\tour\Application\Common\Conf\debug.php 第 4 行.
INFO: [ app_init ] --START--
INFO: Run Behavior\BuildLiteBehavior [ RunTime:0.000000s ]
INFO: [ app_init ] --END-- [ RunTime:0.000000s ]
INFO: [ app_begin ] --START--
INFO: Run Behavior\ReadHtmlCacheBehavior [ RunTime:0.000000s ]
INFO: [ app_begin ] --END-- [ RunTime:0.000000s ]
SQL: SHOW COLUMNS FROM `lr_wechat_config` [ RunTime:0.0050s ]
SQL: SELECT * FROM `lr_wechat_config` WHERE `id` = 1 LIMIT 1   [ RunTime:0.0000s ]
SQL: SELECT * FROM `lr_wechat_config` WHERE `id` = 1 LIMIT 1   [ RunTime:0.0000s ]
NOTIC: [8] Undefined variable: admin_id E:\www\tour\Application\Zyly\Controller\GoodsController.class.php 第 34 行.
NOTIC: [8] Undefined offset: 1 E:\www\tour\Application\Zyly\Controller\GoodsController.class.php 第 41 行.
NOTIC: [2] session_destroy(): Trying to destroy uninitialized session E:\www\tour\Application\Zyly\Controller\GoodsController.class.php 第 50 行.
SQL: SHOW COLUMNS FROM `lr_user` [ RunTime:0.0040s ]
SQL: SELECT * FROM `lr_user` WHERE `openid` = 'onxczwQ5E9v3roDmJnifD-SNigqg' LIMIT 1   [ RunTime:0.0000s ]
SQL: SHOW COLUMNS FROM `lr_user` [ RunTime:0.0050s ]
SQL: SELECT * FROM `lr_user` WHERE `id` = 1 LIMIT 1   [ RunTime:0.0000s ]
SQL: SHOW COLUMNS FROM `lr_product` [ RunTime:0.0040s ]
SQL: SELECT `id`,`name`,`photo_x`,`price` FROM `lr_product` WHERE `id` = 279 LIMIT 1   [ RunTime:0.0000s ]
SQL: SHOW COLUMNS FROM `lr_address` [ RunTime:0.0040s ]
SQL: SELECT * FROM `lr_address` WHERE `uid` = 1 AND `is_default` = 1 LIMIT 1   [ RunTime:0.0000s ]
INFO: [ view_parse ] --START--
INFO: [ template_filter ] --START--
INFO: Run Behavior\ContentReplaceBehavior [ RunTime:0.000000s ]
INFO: [ template_filter ] --END-- [ RunTime:0.000000s ]
NOTIC: [8] Undefined index: name E:\www\tour\Application\Runtime\Cache\Zyly\ef4b14f71bc8c73bec77c45dc7f2b599.php 第 20 行.
NOTIC: [8] Undefined index: tel E:\www\tour\Application\Runtime\Cache\Zyly\ef4b14f71bc8c73bec77c45dc7f2b599.php 第 21 行.
NOTIC: [8] Undefined index: address_xq E:\www\tour\Application\Runtime\Cache\Zyly\ef4b14f71bc8c73bec77c45dc7f2b599.php 第 25 行.
NOTIC: [8] Undefined index: address E:\www\tour\Application\Runtime\Cache\Zyly\ef4b14f71bc8c73bec77c45dc7f2b599.php 第 28 行.
INFO: Run Behavior\ParseTemplateBehavior [ RunTime:0.065004s ]
INFO: [ view_parse ] --END-- [ RunTime:0.066004s ]
INFO: [ view_filter ] --START--
INFO: Run Behavior\WriteHtmlCacheBehavior [ RunTime:0.000000s ]
INFO: [ view_filter ] --END-- [ RunTime:0.000000s ]
INFO: [ app_end ] --START--
INFO: Run Behavior\ShowPageTraceBehavior [ RunTime:0.001000s ]
INFO: [ app_end ] --END-- [ RunTime:0.001000s ]

[ 2019-01-14T11:41:06+08:00 ] 127.0.0.1 /index.php/Zyly/Address/selectConsignee.html?uid=1&goods_id=279&buy_num=1&shop_type=1
NOTIC: [8] Use of undefined constant SHOW_PAGE_TRACE - assumed 'SHOW_PAGE_TRACE' E:\www\tour\Application\Common\Conf\debug.php 第 4 行.
INFO: [ app_init ] --START--
INFO: Run Behavior\BuildLiteBehavior [ RunTime:0.000000s ]
INFO: [ app_init ] --END-- [ RunTime:0.000000s ]
INFO: [ app_begin ] --START--
INFO: Run Behavior\ReadHtmlCacheBehavior [ RunTime:0.001000s ]
INFO: [ app_begin ] --END-- [ RunTime:0.001000s ]
SQL: SHOW COLUMNS FROM `lr_wechat_config` [ RunTime:0.0050s ]
SQL: SELECT * FROM `lr_wechat_config` WHERE `id` = 1 LIMIT 1   [ RunTime:0.0000s ]
SQL: SELECT * FROM `lr_wechat_config` WHERE `id` = 1 LIMIT 1   [ RunTime:0.0010s ]
NOTIC: [8] Undefined variable: admin_id E:\www\tour\Application\Zyly\Controller\AddressController.class.php 第 32 行.
SQL: SHOW COLUMNS FROM `lr_address` [ RunTime:0.0050s ]
SQL: SELECT * FROM `lr_address` WHERE `uid` = 1 ORDER BY is_default desc  [ RunTime:0.0010s ]
INFO: [ view_parse ] --START--
INFO: [ template_filter ] --START--
INFO: Run Behavior\ContentReplaceBehavior [ RunTime:0.001000s ]
INFO: [ template_filter ] --END-- [ RunTime:0.001000s ]
INFO: Run Behavior\ParseTemplateBehavior [ RunTime:0.012000s ]
INFO: [ view_parse ] --END-- [ RunTime:0.012000s ]
INFO: [ view_filter ] --START--
INFO: Run Behavior\WriteHtmlCacheBehavior [ RunTime:0.000000s ]
INFO: [ view_filter ] --END-- [ RunTime:0.000000s ]
INFO: [ app_end ] --START--
INFO: Run Behavior\ShowPageTraceBehavior [ RunTime:0.000000s ]
INFO: [ app_end ] --END-- [ RunTime:0.000000s ]

[ 2019-01-14T11:41:07+08:00 ] 127.0.0.1 /index.php/Zyly/Address/edit_address.html?id=27&type=1&goods_id=279&buy_num=1&shop_type=1
NOTIC: [8] Use of undefined constant SHOW_PAGE_TRACE - assumed 'SHOW_PAGE_TRACE' E:\www\tour\Application\Common\Conf\debug.php 第 4 行.
INFO: [ app_init ] --START--
INFO: Run Behavior\BuildLiteBehavior [ RunTime:0.000000s ]
INFO: [ app_init ] --END-- [ RunTime:0.000000s ]
INFO: [ app_begin ] --START--
INFO: Run Behavior\ReadHtmlCacheBehavior [ RunTime:0.001000s ]
INFO: [ app_begin ] --END-- [ RunTime:0.001000s ]
SQL: SHOW COLUMNS FROM `lr_wechat_config` [ RunTime:0.0040s ]
SQL: SELECT * FROM `lr_wechat_config` WHERE `id` = 1 LIMIT 1   [ RunTime:0.0020s ]
SQL: SELECT * FROM `lr_wechat_config` WHERE `id` = 1 LIMIT 1   [ RunTime:0.0010s ]
NOTIC: [8] Undefined variable: admin_id E:\www\tour\Application\Zyly\Controller\AddressController.class.php 第 32 行.
SQL: SHOW COLUMNS FROM `lr_user` [ RunTime:0.0040s ]
SQL: SELECT * FROM `lr_user` WHERE `id` = 1 LIMIT 1   [ RunTime:0.0000s ]
SQL: SHOW COLUMNS FROM `lr_address` [ RunTime:0.0040s ]
SQL: SELECT * FROM `lr_address` WHERE `id` = 27 LIMIT 1   [ RunTime:0.0010s ]
SQL: SHOW COLUMNS FROM `lr_province` [ RunTime:0.0280s ]
SQL: SELECT * FROM `lr_province` WHERE `level` = 1  [ RunTime:0.0120s ]
INFO: [ view_parse ] --START--
INFO: [ template_filter ] --START--
INFO: Run Behavior\ContentReplaceBehavior [ RunTime:0.000000s ]
INFO: [ template_filter ] --END-- [ RunTime:0.000000s ]
INFO: Run Behavior\ParseTemplateBehavior [ RunTime:0.016001s ]
INFO: [ view_parse ] --END-- [ RunTime:0.016001s ]
INFO: [ view_filter ] --START--
INFO: Run Behavior\WriteHtmlCacheBehavior [ RunTime:0.000000s ]
INFO: [ view_filter ] --END-- [ RunTime:0.000000s ]
INFO: [ app_end ] --START--
INFO: Run Behavior\ShowPageTraceBehavior [ RunTime:0.000000s ]
INFO: [ app_end ] --END-- [ RunTime:0.000000s ]

[ 2019-01-14T11:41:19+08:00 ] 127.0.0.1 /index.php/Zyly/Address/selectConsignee.html?uid=1&goods_id=279&buy_num=1&shop_type=1
NOTIC: [8] Use of undefined constant SHOW_PAGE_TRACE - assumed 'SHOW_PAGE_TRACE' E:\www\tour\Application\Common\Conf\debug.php 第 4 行.
INFO: [ app_init ] --START--
INFO: Run Behavior\BuildLiteBehavior [ RunTime:0.000000s ]
INFO: [ app_init ] --END-- [ RunTime:0.000000s ]
INFO: [ app_begin ] --START--
INFO: Run Behavior\ReadHtmlCacheBehavior [ RunTime:0.000000s ]
INFO: [ app_begin ] --END-- [ RunTime:0.000000s ]
SQL: SHOW COLUMNS FROM `lr_wechat_config` [ RunTime:0.0050s ]
SQL: SELECT * FROM `lr_wechat_config` WHERE `id` = 1 LIMIT 1   [ RunTime:0.0010s ]
SQL: SELECT * FROM `lr_wechat_config` WHERE `id` = 1 LIMIT 1   [ RunTime:0.0010s ]
NOTIC: [8] Undefined variable: admin_id E:\www\tour\Application\Zyly\Controller\AddressController.class.php 第 32 行.
SQL: SHOW COLUMNS FROM `lr_address` [ RunTime:0.0050s ]
SQL: SELECT * FROM `lr_address` WHERE `uid` = 1 ORDER BY is_default desc  [ RunTime:0.0010s ]
INFO: [ view_parse ] --START--
INFO: [ template_filter ] --START--
INFO: Run Behavior\ContentReplaceBehavior [ RunTime:0.000000s ]
INFO: [ template_filter ] --END-- [ RunTime:0.000000s ]
INFO: Run Behavior\ParseTemplateBehavior [ RunTime:0.006001s ]
INFO: [ view_parse ] --END-- [ RunTime:0.006001s ]
INFO: [ view_filter ] --START--
INFO: Run Behavior\WriteHtmlCacheBehavior [ RunTime:0.000000s ]
INFO: [ view_filter ] --END-- [ RunTime:0.000000s ]
INFO: [ app_end ] --START--
INFO: Run Behavior\ShowPageTraceBehavior [ RunTime:0.001000s ]
INFO: [ app_end ] --END-- [ RunTime:0.001000s ]

[ 2019-01-14T11:41:20+08:00 ] 127.0.0.1 /index.php/Zyly/Address/selectConsignee.html?uid=1&goods_id=279&buy_num=1&shop_type=1
NOTIC: [8] Use of undefined constant SHOW_PAGE_TRACE - assumed 'SHOW_PAGE_TRACE' E:\www\tour\Application\Common\Conf\debug.php 第 4 行.
INFO: [ app_init ] --START--
INFO: Run Behavior\BuildLiteBehavior [ RunTime:0.000000s ]
INFO: [ app_init ] --END-- [ RunTime:0.000000s ]
INFO: [ app_begin ] --START--
INFO: Run Behavior\ReadHtmlCacheBehavior [ RunTime:0.000000s ]
INFO: [ app_begin ] --END-- [ RunTime:0.000000s ]
SQL: SHOW COLUMNS FROM `lr_wechat_config` [ RunTime:0.0050s ]
SQL: SELECT * FROM `lr_wechat_config` WHERE `id` = 1 LIMIT 1   [ RunTime:0.0000s ]
SQL: SELECT * FROM `lr_wechat_config` WHERE `id` = 1 LIMIT 1   [ RunTime:0.0010s ]
NOTIC: [8] Undefined variable: admin_id E:\www\tour\Application\Zyly\Controller\AddressController.class.php 第 32 行.
SQL: SHOW COLUMNS FROM `lr_address` [ RunTime:0.0060s ]
SQL: SELECT * FROM `lr_address` WHERE `uid` = 1 ORDER BY is_default desc  [ RunTime:0.0010s ]
INFO: [ view_parse ] --START--
INFO: [ template_filter ] --START--
INFO: Run Behavior\ContentReplaceBehavior [ RunTime:0.000000s ]
INFO: [ template_filter ] --END-- [ RunTime:0.000000s ]
INFO: Run Behavior\ParseTemplateBehavior [ RunTime:0.005000s ]
INFO: [ view_parse ] --END-- [ RunTime:0.005000s ]
INFO: [ view_filter ] --START--
INFO: Run Behavior\WriteHtmlCacheBehavior [ RunTime:0.000000s ]
INFO: [ view_filter ] --END-- [ RunTime:0.000000s ]
INFO: [ app_end ] --START--
INFO: Run Behavior\ShowPageTraceBehavior [ RunTime:0.001000s ]
INFO: [ app_end ] --END-- [ RunTime:0.001000s ]

[ 2019-01-14T11:41:21+08:00 ] 127.0.0.1 /index.php/Zyly/Address/edit_address.html?id=28&type=1&goods_id=279&buy_num=1&shop_type=1
NOTIC: [8] Use of undefined constant SHOW_PAGE_TRACE - assumed 'SHOW_PAGE_TRACE' E:\www\tour\Application\Common\Conf\debug.php 第 4 行.
INFO: [ app_init ] --START--
INFO: Run Behavior\BuildLiteBehavior [ RunTime:0.000000s ]
INFO: [ app_init ] --END-- [ RunTime:0.000000s ]
INFO: [ app_begin ] --START--
INFO: Run Behavior\ReadHtmlCacheBehavior [ RunTime:0.001000s ]
INFO: [ app_begin ] --END-- [ RunTime:0.001000s ]
SQL: SHOW COLUMNS FROM `lr_wechat_config` [ RunTime:0.0040s ]
SQL: SELECT * FROM `lr_wechat_config` WHERE `id` = 1 LIMIT 1   [ RunTime:0.0000s ]
SQL: SELECT * FROM `lr_wechat_config` WHERE `id` = 1 LIMIT 1   [ RunTime:0.0000s ]
NOTIC: [8] Undefined variable: admin_id E:\www\tour\Application\Zyly\Controller\AddressController.class.php 第 32 行.
SQL: SHOW COLUMNS FROM `lr_user` [ RunTime:0.0040s ]
SQL: SELECT * FROM `lr_user` WHERE `id` = 1 LIMIT 1   [ RunTime:0.0010s ]
SQL: SHOW COLUMNS FROM `lr_address` [ RunTime:0.0040s ]
SQL: SELECT * FROM `lr_address` WHERE `id` = 28 LIMIT 1   [ RunTime:0.0000s ]
SQL: SHOW COLUMNS FROM `lr_province` [ RunTime:0.0050s ]
SQL: SELECT * FROM `lr_province` WHERE `level` = 1  [ RunTime:0.0020s ]
INFO: [ view_parse ] --START--
INFO: [ template_filter ] --START--
INFO: Run Behavior\ContentReplaceBehavior [ RunTime:0.000000s ]
INFO: [ template_filter ] --END-- [ RunTime:0.000000s ]
INFO: Run Behavior\ParseTemplateBehavior [ RunTime:0.005001s ]
INFO: [ view_parse ] --END-- [ RunTime:0.005001s ]
INFO: [ view_filter ] --START--
INFO: Run Behavior\WriteHtmlCacheBehavior [ RunTime:0.000000s ]
INFO: [ view_filter ] --END-- [ RunTime:0.000000s ]
INFO: [ app_end ] --START--
INFO: Run Behavior\ShowPageTraceBehavior [ RunTime:0.001000s ]
INFO: [ app_end ] --END-- [ RunTime:0.001000s ]

[ 2019-01-14T11:41:22+08:00 ] 127.0.0.1 /index.php/Zyly/Address/selectConsignee.html?uid=1&goods_id=279&buy_num=1&shop_type=1
NOTIC: [8] Use of undefined constant SHOW_PAGE_TRACE - assumed 'SHOW_PAGE_TRACE' E:\www\tour\Application\Common\Conf\debug.php 第 4 行.
INFO: [ app_init ] --START--
INFO: Run Behavior\BuildLiteBehavior [ RunTime:0.000000s ]
INFO: [ app_init ] --END-- [ RunTime:0.000000s ]
INFO: [ app_begin ] --START--
INFO: Run Behavior\ReadHtmlCacheBehavior [ RunTime:0.000000s ]
INFO: [ app_begin ] --END-- [ RunTime:0.000000s ]
SQL: SHOW COLUMNS FROM `lr_wechat_config` [ RunTime:0.0050s ]
SQL: SELECT * FROM `lr_wechat_config` WHERE `id` = 1 LIMIT 1   [ RunTime:0.0000s ]
SQL: SELECT * FROM `lr_wechat_config` WHERE `id` = 1 LIMIT 1   [ RunTime:0.0000s ]
NOTIC: [8] Undefined variable: admin_id E:\www\tour\Application\Zyly\Controller\AddressController.class.php 第 32 行.
SQL: SHOW COLUMNS FROM `lr_address` [ RunTime:0.0060s ]
SQL: SELECT * FROM `lr_address` WHERE `uid` = 1 ORDER BY is_default desc  [ RunTime:0.0010s ]
INFO: [ view_parse ] --START--
INFO: [ template_filter ] --START--
INFO: Run Behavior\ContentReplaceBehavior [ RunTime:0.000000s ]
INFO: [ template_filter ] --END-- [ RunTime:0.000000s ]
INFO: Run Behavior\ParseTemplateBehavior [ RunTime:0.004000s ]
INFO: [ view_parse ] --END-- [ RunTime:0.004000s ]
INFO: [ view_filter ] --START--
INFO: Run Behavior\WriteHtmlCacheBehavior [ RunTime:0.000000s ]
INFO: [ view_filter ] --END-- [ RunTime:0.000000s ]
INFO: [ app_end ] --START--
INFO: Run Behavior\ShowPageTraceBehavior [ RunTime:0.001000s ]
INFO: [ app_end ] --END-- [ RunTime:0.001000s ]

[ 2019-01-14T11:41:24+08:00 ] 127.0.0.1 /index.php/Zyly/Address/edit_address.html?id=30&type=1&goods_id=279&buy_num=1&shop_type=1
NOTIC: [8] Use of undefined constant SHOW_PAGE_TRACE - assumed 'SHOW_PAGE_TRACE' E:\www\tour\Application\Common\Conf\debug.php 第 4 行.
INFO: [ app_init ] --START--
INFO: Run Behavior\BuildLiteBehavior [ RunTime:0.000000s ]
INFO: [ app_init ] --END-- [ RunTime:0.000000s ]
INFO: [ app_begin ] --START--
INFO: Run Behavior\ReadHtmlCacheBehavior [ RunTime:0.001000s ]
INFO: [ app_begin ] --END-- [ RunTime:0.001000s ]
SQL: SHOW COLUMNS FROM `lr_wechat_config` [ RunTime:0.0040s ]
SQL: SELECT * FROM `lr_wechat_config` WHERE `id` = 1 LIMIT 1   [ RunTime:0.0010s ]
SQL: SELECT * FROM `lr_wechat_config` WHERE `id` = 1 LIMIT 1   [ RunTime:0.0010s ]
NOTIC: [8] Undefined variable: admin_id E:\www\tour\Application\Zyly\Controller\AddressController.class.php 第 32 行.
SQL: SHOW COLUMNS FROM `lr_user` [ RunTime:0.0040s ]
SQL: SELECT * FROM `lr_user` WHERE `id` = 1 LIMIT 1   [ RunTime:0.0010s ]
SQL: SHOW COLUMNS FROM `lr_address` [ RunTime:0.0040s ]
SQL: SELECT * FROM `lr_address` WHERE `id` = 30 LIMIT 1   [ RunTime:0.0000s ]
SQL: SHOW COLUMNS FROM `lr_province` [ RunTime:0.0040s ]
SQL: SELECT * FROM `lr_province` WHERE `level` = 1  [ RunTime:0.0030s ]
INFO: [ view_parse ] --START--
INFO: [ template_filter ] --START--
INFO: Run Behavior\ContentReplaceBehavior [ RunTime:0.000000s ]
INFO: [ template_filter ] --END-- [ RunTime:0.000000s ]
INFO: Run Behavior\ParseTemplateBehavior [ RunTime:0.005000s ]
INFO: [ view_parse ] --END-- [ RunTime:0.005000s ]
INFO: [ view_filter ] --START--
INFO: Run Behavior\WriteHtmlCacheBehavior [ RunTime:0.000000s ]
INFO: [ view_filter ] --END-- [ RunTime:0.000000s ]
INFO: [ app_end ] --START--
INFO: Run Behavior\ShowPageTraceBehavior [ RunTime:0.001000s ]
INFO: [ app_end ] --END-- [ RunTime:0.001000s ]

[ 2019-01-14T11:41:26+08:00 ] 127.0.0.1 /index.php/Zyly/Address/selectConsignee.html?uid=1&goods_id=279&buy_num=1&shop_type=1
NOTIC: [8] Use of undefined constant SHOW_PAGE_TRACE - assumed 'SHOW_PAGE_TRACE' E:\www\tour\Application\Common\Conf\debug.php 第 4 行.
INFO: [ app_init ] --START--
INFO: Run Behavior\BuildLiteBehavior [ RunTime:0.000000s ]
INFO: [ app_init ] --END-- [ RunTime:0.000000s ]
INFO: [ app_begin ] --START--
INFO: Run Behavior\ReadHtmlCacheBehavior [ RunTime:0.001000s ]
INFO: [ app_begin ] --END-- [ RunTime:0.001000s ]
SQL: SHOW COLUMNS FROM `lr_wechat_config` [ RunTime:0.0040s ]
SQL: SELECT * FROM `lr_wechat_config` WHERE `id` = 1 LIMIT 1   [ RunTime:0.0010s ]
SQL: SELECT * FROM `lr_wechat_config` WHERE `id` = 1 LIMIT 1   [ RunTime:0.0010s ]
NOTIC: [8] Undefined variable: admin_id E:\www\tour\Application\Zyly\Controller\AddressController.class.php 第 32 行.
SQL: SHOW COLUMNS FROM `lr_address` [ RunTime:0.0050s ]
SQL: SELECT * FROM `lr_address` WHERE `uid` = 1 ORDER BY is_default desc  [ RunTime:0.0010s ]
INFO: [ view_parse ] --START--
INFO: [ template_filter ] --START--
INFO: Run Behavior\ContentReplaceBehavior [ RunTime:0.000000s ]
INFO: [ template_filter ] --END-- [ RunTime:0.001001s ]
INFO: Run Behavior\ParseTemplateBehavior [ RunTime:0.006001s ]
INFO: [ view_parse ] --END-- [ RunTime:0.006001s ]
INFO: [ view_filter ] --START--
INFO: Run Behavior\WriteHtmlCacheBehavior [ RunTime:0.000000s ]
INFO: [ view_filter ] --END-- [ RunTime:0.000000s ]
INFO: [ app_end ] --START--
INFO: Run Behavior\ShowPageTraceBehavior [ RunTime:0.000000s ]
INFO: [ app_end ] --END-- [ RunTime:0.000000s ]

[ 2019-01-14T11:41:27+08:00 ] 127.0.0.1 /index.php/Zyly/Address/edit_address.html?id=32&type=1&goods_id=279&buy_num=1&shop_type=1
NOTIC: [8] Use of undefined constant SHOW_PAGE_TRACE - assumed 'SHOW_PAGE_TRACE' E:\www\tour\Application\Common\Conf\debug.php 第 4 行.
INFO: [ app_init ] --START--
INFO: Run Behavior\BuildLiteBehavior [ RunTime:0.000000s ]
INFO: [ app_init ] --END-- [ RunTime:0.000000s ]
INFO: [ app_begin ] --START--
INFO: Run Behavior\ReadHtmlCacheBehavior [ RunTime:0.001000s ]
INFO: [ app_begin ] --END-- [ RunTime:0.001000s ]
SQL: SHOW COLUMNS FROM `lr_wechat_config` [ RunTime:0.0040s ]
SQL: SELECT * FROM `lr_wechat_config` WHERE `id` = 1 LIMIT 1   [ RunTime:0.0010s ]
SQL: SELECT * FROM `lr_wechat_config` WHERE `id` = 1 LIMIT 1   [ RunTime:0.0010s ]
NOTIC: [8] Undefined variable: admin_id E:\www\tour\Application\Zyly\Controller\AddressController.class.php 第 32 行.
SQL: SHOW COLUMNS FROM `lr_user` [ RunTime:0.0040s ]
SQL: SELECT * FROM `lr_user` WHERE `id` = 1 LIMIT 1   [ RunTime:0.0000s ]
SQL: SHOW COLUMNS FROM `lr_address` [ RunTime:0.0040s ]
SQL: SELECT * FROM `lr_address` WHERE `id` = 32 LIMIT 1   [ RunTime:0.0010s ]
SQL: SHOW COLUMNS FROM `lr_province` [ RunTime:0.0040s ]
SQL: SELECT * FROM `lr_province` WHERE `level` = 1  [ RunTime:0.0030s ]
INFO: [ view_parse ] --START--
INFO: [ template_filter ] --START--
INFO: Run Behavior\ContentReplaceBehavior [ RunTime:0.000000s ]
INFO: [ template_filter ] --END-- [ RunTime:0.000000s ]
INFO: Run Behavior\ParseTemplateBehavior [ RunTime:0.005000s ]
INFO: [ view_parse ] --END-- [ RunTime:0.005000s ]
INFO: [ view_filter ] --START--
INFO: Run Behavior\WriteHtmlCacheBehavior [ RunTime:0.000000s ]
INFO: [ view_filter ] --END-- [ RunTime:0.000000s ]
INFO: [ app_end ] --START--
INFO: Run Behavior\ShowPageTraceBehavior [ RunTime:0.000000s ]
INFO: [ app_end ] --END-- [ RunTime:0.000000s ]

[ 2019-01-14T11:41:30+08:00 ] 127.0.0.1 /index.php/Zyly/Map/getChildren.html
NOTIC: [8] Use of undefined constant SHOW_PAGE_TRACE - assumed 'SHOW_PAGE_TRACE' E:\www\tour\Application\Common\Conf\debug.php 第 4 行.
INFO: [ app_init ] --START--
INFO: Run Behavior\BuildLiteBehavior [ RunTime:0.000000s ]
INFO: [ app_init ] --END-- [ RunTime:0.000000s ]
INFO: [ app_begin ] --START--
INFO: Run Behavior\ReadHtmlCacheBehavior [ RunTime:0.001001s ]
INFO: [ app_begin ] --END-- [ RunTime:0.001001s ]
SQL: SHOW COLUMNS FROM `lr_wechat_config` [ RunTime:0.0040s ]
SQL: SELECT * FROM `lr_wechat_config` WHERE `id` = 1 LIMIT 1   [ RunTime:0.0000s ]
SQL: SHOW COLUMNS FROM `lr_province` [ RunTime:0.0040s ]
SQL: SELECT `id`,`name` FROM `lr_province` WHERE `parentId` = 1960  [ RunTime:0.0350s ]

[ 2019-01-14T11:41:37+08:00 ] 127.0.0.1 /index.php/Zyly/Map/getChildren.html
NOTIC: [8] Use of undefined constant SHOW_PAGE_TRACE - assumed 'SHOW_PAGE_TRACE' E:\www\tour\Application\Common\Conf\debug.php 第 4 行.
INFO: [ app_init ] --START--
INFO: Run Behavior\BuildLiteBehavior [ RunTime:0.000000s ]
INFO: [ app_init ] --END-- [ RunTime:0.000000s ]
INFO: [ app_begin ] --START--
INFO: Run Behavior\ReadHtmlCacheBehavior [ RunTime:0.000000s ]
INFO: [ app_begin ] --END-- [ RunTime:0.000000s ]
SQL: SHOW COLUMNS FROM `lr_wechat_config` [ RunTime:0.0040s ]
SQL: SELECT * FROM `lr_wechat_config` WHERE `id` = 1 LIMIT 1   [ RunTime:0.0010s ]
SQL: SHOW COLUMNS FROM `lr_province` [ RunTime:0.0040s ]
SQL: SELECT `id`,`name` FROM `lr_province` WHERE `parentId` = 2003  [ RunTime:0.0010s ]

[ 2019-01-14T11:44:16+08:00 ] 127.0.0.1 /index.php/Zyly/Map/getChildren.html
NOTIC: [8] Use of undefined constant SHOW_PAGE_TRACE - assumed 'SHOW_PAGE_TRACE' E:\www\tour\Application\Common\Conf\debug.php 第 4 行.
INFO: [ app_init ] --START--
INFO: Run Behavior\BuildLiteBehavior [ RunTime:0.000000s ]
INFO: [ app_init ] --END-- [ RunTime:0.000000s ]
INFO: [ app_begin ] --START--
INFO: Run Behavior\ReadHtmlCacheBehavior [ RunTime:0.001000s ]
INFO: [ app_begin ] --END-- [ RunTime:0.001000s ]
SQL: SHOW COLUMNS FROM `lr_wechat_config` [ RunTime:0.0040s ]
SQL: SELECT * FROM `lr_wechat_config` WHERE `id` = 1 LIMIT 1   [ RunTime:0.0000s ]
SQL: SHOW COLUMNS FROM `lr_province` [ RunTime:0.0040s ]
SQL: SELECT `id`,`name` FROM `lr_province` WHERE `parentId` = 2063  [ RunTime:0.0000s ]

[ 2019-01-14T11:47:03+08:00 ] 127.0.0.1 /index.php/Zyly/Map/getChildren.html
NOTIC: [8] Use of undefined constant SHOW_PAGE_TRACE - assumed 'SHOW_PAGE_TRACE' E:\www\tour\Application\Common\Conf\debug.php 第 4 行.
INFO: [ app_init ] --START--
INFO: Run Behavior\BuildLiteBehavior [ RunTime:0.000000s ]
INFO: [ app_init ] --END-- [ RunTime:0.000000s ]
INFO: [ app_begin ] --START--
INFO: Run Behavior\ReadHtmlCacheBehavior [ RunTime:0.001000s ]
INFO: [ app_begin ] --END-- [ RunTime:0.001000s ]
SQL: SHOW COLUMNS FROM `lr_wechat_config` [ RunTime:0.0050s ]
SQL: SELECT * FROM `lr_wechat_config` WHERE `id` = 1 LIMIT 1   [ RunTime:0.0010s ]
SQL: SHOW COLUMNS FROM `lr_province` [ RunTime:0.0040s ]
SQL: SELECT `id`,`name` FROM `lr_province` WHERE `parentId` = 1961  [ RunTime:0.0000s ]

[ 2019-01-14T11:47:47+08:00 ] 127.0.0.1 /index.php/Zyly/Map/getChildren.html
NOTIC: [8] Use of undefined constant SHOW_PAGE_TRACE - assumed 'SHOW_PAGE_TRACE' E:\www\tour\Application\Common\Conf\debug.php 第 4 行.
INFO: [ app_init ] --START--
INFO: Run Behavior\BuildLiteBehavior [ RunTime:0.000000s ]
INFO: [ app_init ] --END-- [ RunTime:0.000000s ]
INFO: [ app_begin ] --START--
INFO: Run Behavior\ReadHtmlCacheBehavior [ RunTime:0.001000s ]
INFO: [ app_begin ] --END-- [ RunTime:0.001000s ]
SQL: SHOW COLUMNS FROM `lr_wechat_config` [ RunTime:0.0040s ]
SQL: SELECT * FROM `lr_wechat_config` WHERE `id` = 1 LIMIT 1   [ RunTime:0.0010s ]
SQL: SHOW COLUMNS FROM `lr_province` [ RunTime:0.0040s ]
SQL: SELECT `id`,`name` FROM `lr_province` WHERE `parentId` = 2003  [ RunTime:0.0010s ]

[ 2019-01-14T11:49:22+08:00 ] 127.0.0.1 /index.php/Zyly/Map/getChildren.html
NOTIC: [8] Use of undefined constant SHOW_PAGE_TRACE - assumed 'SHOW_PAGE_TRACE' E:\www\tour\Application\Common\Conf\debug.php 第 4 行.
INFO: [ app_init ] --START--
INFO: Run Behavior\BuildLiteBehavior [ RunTime:0.000000s ]
INFO: [ app_init ] --END-- [ RunTime:0.000000s ]
INFO: [ app_begin ] --START--
INFO: Run Behavior\ReadHtmlCacheBehavior [ RunTime:0.001000s ]
INFO: [ app_begin ] --END-- [ RunTime:0.001000s ]
SQL: SHOW COLUMNS FROM `lr_wechat_config` [ RunTime:0.0040s ]
SQL: SELECT * FROM `lr_wechat_config` WHERE `id` = 1 LIMIT 1   [ RunTime:0.0010s ]
SQL: SHOW COLUMNS FROM `lr_province` [ RunTime:0.0040s ]
SQL: SELECT `id`,`name` FROM `lr_province` WHERE `parentId` = 1961  [ RunTime:0.0010s ]

[ 2019-01-14T11:50:26+08:00 ] 127.0.0.1 /index.php/Zyly/Map/getChildren.html
NOTIC: [8] Use of undefined constant SHOW_PAGE_TRACE - assumed 'SHOW_PAGE_TRACE' E:\www\tour\Application\Common\Conf\debug.php 第 4 行.
INFO: [ app_init ] --START--
INFO: Run Behavior\BuildLiteBehavior [ RunTime:0.000000s ]
INFO: [ app_init ] --END-- [ RunTime:0.000000s ]
INFO: [ app_begin ] --START--
INFO: Run Behavior\ReadHtmlCacheBehavior [ RunTime:0.001001s ]
INFO: [ app_begin ] --END-- [ RunTime:0.001001s ]
SQL: SHOW COLUMNS FROM `lr_wechat_config` [ RunTime:0.0040s ]
SQL: SELECT * FROM `lr_wechat_config` WHERE `id` = 1 LIMIT 1   [ RunTime:0.0010s ]
SQL: SHOW COLUMNS FROM `lr_province` [ RunTime:0.0050s ]
SQL: SELECT `id`,`name` FROM `lr_province` WHERE `parentId` = 940  [ RunTime:0.0000s ]

[ 2019-01-14T11:50:29+08:00 ] 127.0.0.1 /index.php/Zyly/Map/getChildren.html
NOTIC: [8] Use of undefined constant SHOW_PAGE_TRACE - assumed 'SHOW_PAGE_TRACE' E:\www\tour\Application\Common\Conf\debug.php 第 4 行.
INFO: [ app_init ] --START--
INFO: Run Behavior\BuildLiteBehavior [ RunTime:0.000000s ]
INFO: [ app_init ] --END-- [ RunTime:0.000000s ]
INFO: [ app_begin ] --START--
INFO: Run Behavior\ReadHtmlCacheBehavior [ RunTime:0.000000s ]
INFO: [ app_begin ] --END-- [ RunTime:0.000000s ]
SQL: SHOW COLUMNS FROM `lr_wechat_config` [ RunTime:0.0040s ]
SQL: SELECT * FROM `lr_wechat_config` WHERE `id` = 1 LIMIT 1   [ RunTime:0.0000s ]
SQL: SHOW COLUMNS FROM `lr_province` [ RunTime:0.0040s ]
SQL: SELECT `id`,`name` FROM `lr_province` WHERE `parentId` = 1000  [ RunTime:0.0010s ]

[ 2019-01-14T11:52:04+08:00 ] 127.0.0.1 /index.php/Zyly/Map/getChildren.html
NOTIC: [8] Use of undefined constant SHOW_PAGE_TRACE - assumed 'SHOW_PAGE_TRACE' E:\www\tour\Application\Common\Conf\debug.php 第 4 行.
INFO: [ app_init ] --START--
INFO: Run Behavior\BuildLiteBehavior [ RunTime:0.000000s ]
INFO: [ app_init ] --END-- [ RunTime:0.000000s ]
INFO: [ app_begin ] --START--
INFO: Run Behavior\ReadHtmlCacheBehavior [ RunTime:0.001000s ]
INFO: [ app_begin ] --END-- [ RunTime:0.001000s ]
SQL: SHOW COLUMNS FROM `lr_wechat_config` [ RunTime:0.0050s ]
SQL: SELECT * FROM `lr_wechat_config` WHERE `id` = 1 LIMIT 1   [ RunTime:0.0000s ]
SQL: SHOW COLUMNS FROM `lr_province` [ RunTime:0.0040s ]
SQL: SELECT `id`,`name` FROM `lr_province` WHERE `parentId` = 470  [ RunTime:0.0180s ]

[ 2019-01-14T11:52:06+08:00 ] 127.0.0.1 /index.php/Zyly/Map/getChildren.html
NOTIC: [8] Use of undefined constant SHOW_PAGE_TRACE - assumed 'SHOW_PAGE_TRACE' E:\www\tour\Application\Common\Conf\debug.php 第 4 行.
INFO: [ app_init ] --START--
INFO: Run Behavior\BuildLiteBehavior [ RunTime:0.000000s ]
INFO: [ app_init ] --END-- [ RunTime:0.000000s ]
INFO: [ app_begin ] --START--
INFO: Run Behavior\ReadHtmlCacheBehavior [ RunTime:0.000000s ]
INFO: [ app_begin ] --END-- [ RunTime:0.001000s ]
SQL: SHOW COLUMNS FROM `lr_wechat_config` [ RunTime:0.0050s ]
SQL: SELECT * FROM `lr_wechat_config` WHERE `id` = 1 LIMIT 1   [ RunTime:0.0000s ]
SQL: SHOW COLUMNS FROM `lr_province` [ RunTime:0.0040s ]
SQL: SELECT `id`,`name` FROM `lr_province` WHERE `parentId` = 471  [ RunTime:0.0000s ]

[ 2019-01-14T11:52:36+08:00 ] 127.0.0.1 /index.php/Zyly/Map/getChildren.html
NOTIC: [8] Use of undefined constant SHOW_PAGE_TRACE - assumed 'SHOW_PAGE_TRACE' E:\www\tour\Application\Common\Conf\debug.php 第 4 行.
INFO: [ app_init ] --START--
INFO: Run Behavior\BuildLiteBehavior [ RunTime:0.000000s ]
INFO: [ app_init ] --END-- [ RunTime:0.000000s ]
INFO: [ app_begin ] --START--
INFO: Run Behavior\ReadHtmlCacheBehavior [ RunTime:0.000000s ]
INFO: [ app_begin ] --END-- [ RunTime:0.000000s ]
SQL: SHOW COLUMNS FROM `lr_wechat_config` [ RunTime:0.0050s ]
SQL: SELECT * FROM `lr_wechat_config` WHERE `id` = 1 LIMIT 1   [ RunTime:0.0010s ]
SQL: SHOW COLUMNS FROM `lr_province` [ RunTime:0.0040s ]
SQL: SELECT `id`,`name` FROM `lr_province` WHERE `parentId` = 485  [ RunTime:0.0000s ]

[ 2019-01-14T11:52:39+08:00 ] 127.0.0.1 /index.php/Zyly/Map/getChildren.html
NOTIC: [8] Use of undefined constant SHOW_PAGE_TRACE - assumed 'SHOW_PAGE_TRACE' E:\www\tour\Application\Common\Conf\debug.php 第 4 行.
INFO: [ app_init ] --START--
INFO: Run Behavior\BuildLiteBehavior [ RunTime:0.000000s ]
INFO: [ app_init ] --END-- [ RunTime:0.000000s ]
INFO: [ app_begin ] --START--
INFO: Run Behavior\ReadHtmlCacheBehavior [ RunTime:0.000000s ]
INFO: [ app_begin ] --END-- [ RunTime:0.000000s ]
SQL: SHOW COLUMNS FROM `lr_wechat_config` [ RunTime:0.0050s ]
SQL: SELECT * FROM `lr_wechat_config` WHERE `id` = 1 LIMIT 1   [ RunTime:0.0010s ]
SQL: SHOW COLUMNS FROM `lr_province` [ RunTime:0.0040s ]
SQL: SELECT `id`,`name` FROM `lr_province` WHERE `parentId` = 471  [ RunTime:0.0010s ]

[ 2019-01-14T11:53:08+08:00 ] 127.0.0.1 /index.php/Zyly/Map/getChildren.html
NOTIC: [8] Use of undefined constant SHOW_PAGE_TRACE - assumed 'SHOW_PAGE_TRACE' E:\www\tour\Application\Common\Conf\debug.php 第 4 行.
INFO: [ app_init ] --START--
INFO: Run Behavior\BuildLiteBehavior [ RunTime:0.000000s ]
INFO: [ app_init ] --END-- [ RunTime:0.000000s ]
INFO: [ app_begin ] --START--
INFO: Run Behavior\ReadHtmlCacheBehavior [ RunTime:0.000000s ]
INFO: [ app_begin ] --END-- [ RunTime:0.000000s ]
SQL: SHOW COLUMNS FROM `lr_wechat_config` [ RunTime:0.0050s ]
SQL: SELECT * FROM `lr_wechat_config` WHERE `id` = 1 LIMIT 1   [ RunTime:0.0010s ]
SQL: SHOW COLUMNS FROM `lr_province` [ RunTime:0.0040s ]
SQL: SELECT `id`,`name` FROM `lr_province` WHERE `parentId` = 2283  [ RunTime:0.0130s ]

[ 2019-01-14T11:53:13+08:00 ] 127.0.0.1 /index.php/Zyly/Map/getChildren.html
NOTIC: [8] Use of undefined constant SHOW_PAGE_TRACE - assumed 'SHOW_PAGE_TRACE' E:\www\tour\Application\Common\Conf\debug.php 第 4 行.
INFO: [ app_init ] --START--
INFO: Run Behavior\BuildLiteBehavior [ RunTime:0.000000s ]
INFO: [ app_init ] --END-- [ RunTime:0.000000s ]
INFO: [ app_begin ] --START--
INFO: Run Behavior\ReadHtmlCacheBehavior [ RunTime:0.001000s ]
INFO: [ app_begin ] --END-- [ RunTime:0.001000s ]
SQL: SHOW COLUMNS FROM `lr_wechat_config` [ RunTime:0.0040s ]
SQL: SELECT * FROM `lr_wechat_config` WHERE `id` = 1 LIMIT 1   [ RunTime:0.0000s ]
SQL: SHOW COLUMNS FROM `lr_province` [ RunTime:0.0050s ]
SQL: SELECT `id`,`name` FROM `lr_province` WHERE `parentId` = 1823  [ RunTime:0.0010s ]

[ 2019-01-14T11:53:16+08:00 ] 127.0.0.1 /index.php/Zyly/Map/getChildren.html
NOTIC: [8] Use of undefined constant SHOW_PAGE_TRACE - assumed 'SHOW_PAGE_TRACE' E:\www\tour\Application\Common\Conf\debug.php 第 4 行.
INFO: [ app_init ] --START--
INFO: Run Behavior\BuildLiteBehavior [ RunTime:0.000000s ]
INFO: [ app_init ] --END-- [ RunTime:0.000000s ]
INFO: [ app_begin ] --START--
INFO: Run Behavior\ReadHtmlCacheBehavior [ RunTime:0.000000s ]
INFO: [ app_begin ] --END-- [ RunTime:0.000000s ]
SQL: SHOW COLUMNS FROM `lr_wechat_config` [ RunTime:0.0040s ]
SQL: SELECT * FROM `lr_wechat_config` WHERE `id` = 1 LIMIT 1   [ RunTime:0.0000s ]
SQL: SHOW COLUMNS FROM `lr_province` [ RunTime:0.0030s ]
SQL: SELECT `id`,`name` FROM `lr_province` WHERE `parentId` = 1920  [ RunTime:0.0000s ]

[ 2019-01-14T15:28:51+08:00 ] 127.0.0.1 /index.php/Zyly/Address/selectConsignee.html?uid=1&goods_id=279&buy_num=1&shop_type=1
NOTIC: [8] Use of undefined constant SHOW_PAGE_TRACE - assumed 'SHOW_PAGE_TRACE' E:\www\tour\Application\Common\Conf\debug.php 第 4 行.
INFO: [ app_init ] --START--
INFO: Run Behavior\BuildLiteBehavior [ RunTime:0.000000s ]
INFO: [ app_init ] --END-- [ RunTime:0.000000s ]
INFO: [ app_begin ] --START--
INFO: Run Behavior\ReadHtmlCacheBehavior [ RunTime:0.009001s ]
INFO: [ app_begin ] --END-- [ RunTime:0.009001s ]
SQL: SHOW COLUMNS FROM `lr_wechat_config` [ RunTime:0.0040s ]
SQL: SELECT * FROM `lr_wechat_config` WHERE `id` = 1 LIMIT 1   [ RunTime:0.0000s ]
SQL: SELECT * FROM `lr_wechat_config` WHERE `id` = 1 LIMIT 1   [ RunTime:0.0010s ]
NOTIC: [8] Undefined variable: admin_id E:\www\tour\Application\Zyly\Controller\AddressController.class.php 第 32 行.
SQL: SHOW COLUMNS FROM `lr_address` [ RunTime:0.0320s ]
SQL: SELECT * FROM `lr_address` WHERE `uid` = 1 ORDER BY is_default desc  [ RunTime:0.0060s ]
INFO: [ view_parse ] --START--
INFO: [ template_filter ] --START--
INFO: Run Behavior\ContentReplaceBehavior [ RunTime:0.000000s ]
INFO: [ template_filter ] --END-- [ RunTime:0.000000s ]
INFO: Run Behavior\ParseTemplateBehavior [ RunTime:0.086005s ]
INFO: [ view_parse ] --END-- [ RunTime:0.086005s ]
INFO: [ view_filter ] --START--
INFO: Run Behavior\WriteHtmlCacheBehavior [ RunTime:0.009001s ]
INFO: [ view_filter ] --END-- [ RunTime:0.009001s ]
INFO: [ app_end ] --START--
INFO: Run Behavior\ShowPageTraceBehavior [ RunTime:0.007000s ]
INFO: [ app_end ] --END-- [ RunTime:0.007000s ]

[ 2019-01-14T15:28:52+08:00 ] 127.0.0.1 /index.php/Zyly/Goods/writeOrder.html?goods_id=279&buy_num=1&shop_type=1
NOTIC: [8] Use of undefined constant SHOW_PAGE_TRACE - assumed 'SHOW_PAGE_TRACE' E:\www\tour\Application\Common\Conf\debug.php 第 4 行.
INFO: [ app_init ] --START--
INFO: Run Behavior\BuildLiteBehavior [ RunTime:0.000000s ]
INFO: [ app_init ] --END-- [ RunTime:0.000000s ]
INFO: [ app_begin ] --START--
INFO: Run Behavior\ReadHtmlCacheBehavior [ RunTime:0.000000s ]
INFO: [ app_begin ] --END-- [ RunTime:0.000000s ]
SQL: SHOW COLUMNS FROM `lr_wechat_config` [ RunTime:0.0070s ]
SQL: SELECT * FROM `lr_wechat_config` WHERE `id` = 1 LIMIT 1   [ RunTime:0.0360s ]
SQL: SELECT * FROM `lr_wechat_config` WHERE `id` = 1 LIMIT 1   [ RunTime:0.0010s ]
NOTIC: [8] Undefined variable: admin_id E:\www\tour\Application\Zyly\Controller\GoodsController.class.php 第 34 行.
NOTIC: [8] Undefined offset: 1 E:\www\tour\Application\Zyly\Controller\GoodsController.class.php 第 41 行.
NOTIC: [2] session_destroy(): Trying to destroy uninitialized session E:\www\tour\Application\Zyly\Controller\GoodsController.class.php 第 50 行.
SQL: SHOW COLUMNS FROM `lr_user` [ RunTime:0.0290s ]
SQL: SELECT * FROM `lr_user` WHERE `openid` = 'onxczwQ5E9v3roDmJnifD-SNigqg' LIMIT 1   [ RunTime:0.0010s ]
SQL: SHOW COLUMNS FROM `lr_user` [ RunTime:0.0040s ]
SQL: SELECT * FROM `lr_user` WHERE `id` = 1 LIMIT 1   [ RunTime:0.0010s ]
SQL: SHOW COLUMNS FROM `lr_product` [ RunTime:0.0280s ]
SQL: SELECT `id`,`name`,`photo_x`,`price` FROM `lr_product` WHERE `id` = 279 LIMIT 1   [ RunTime:0.0090s ]
SQL: SHOW COLUMNS FROM `lr_address` [ RunTime:0.0050s ]
SQL: SELECT * FROM `lr_address` WHERE `uid` = 1 AND `is_default` = 1 LIMIT 1   [ RunTime:0.0010s ]
INFO: [ view_parse ] --START--
INFO: [ template_filter ] --START--
INFO: Run Behavior\ContentReplaceBehavior [ RunTime:0.000000s ]
INFO: [ template_filter ] --END-- [ RunTime:0.000000s ]
NOTIC: [8] Undefined index: name E:\www\tour\Application\Runtime\Cache\Zyly\ef4b14f71bc8c73bec77c45dc7f2b599.php 第 20 行.
NOTIC: [8] Undefined index: tel E:\www\tour\Application\Runtime\Cache\Zyly\ef4b14f71bc8c73bec77c45dc7f2b599.php 第 21 行.
NOTIC: [8] Undefined index: address_xq E:\www\tour\Application\Runtime\Cache\Zyly\ef4b14f71bc8c73bec77c45dc7f2b599.php 第 25 行.
NOTIC: [8] Undefined index: address E:\www\tour\Application\Runtime\Cache\Zyly\ef4b14f71bc8c73bec77c45dc7f2b599.php 第 28 行.
INFO: Run Behavior\ParseTemplateBehavior [ RunTime:0.008000s ]
INFO: [ view_parse ] --END-- [ RunTime:0.008000s ]
INFO: [ view_filter ] --START--
INFO: Run Behavior\WriteHtmlCacheBehavior [ RunTime:0.000000s ]
INFO: [ view_filter ] --END-- [ RunTime:0.000000s ]
INFO: [ app_end ] --START--
INFO: Run Behavior\ShowPageTraceBehavior [ RunTime:0.000000s ]
INFO: [ app_end ] --END-- [ RunTime:0.000000s ]

[ 2019-01-14T15:28:55+08:00 ] 127.0.0.1 /index.php/Zyly/Goods/detail.html?goods_id=279&shop_type=1
NOTIC: [8] Use of undefined constant SHOW_PAGE_TRACE - assumed 'SHOW_PAGE_TRACE' E:\www\tour\Application\Common\Conf\debug.php 第 4 行.
INFO: [ app_init ] --START--
INFO: Run Behavior\BuildLiteBehavior [ RunTime:0.000000s ]
INFO: [ app_init ] --END-- [ RunTime:0.000000s ]
INFO: [ app_begin ] --START--
INFO: Run Behavior\ReadHtmlCacheBehavior [ RunTime:0.001000s ]
INFO: [ app_begin ] --END-- [ RunTime:0.001000s ]
SQL: SHOW COLUMNS FROM `lr_wechat_config` [ RunTime:0.0060s ]
SQL: SELECT * FROM `lr_wechat_config` WHERE `id` = 1 LIMIT 1   [ RunTime:0.0010s ]
SQL: SELECT * FROM `lr_wechat_config` WHERE `id` = 1 LIMIT 1   [ RunTime:0.0010s ]
NOTIC: [8] Undefined variable: admin_id E:\www\tour\Application\Zyly\Controller\GoodsController.class.php 第 34 行.
NOTIC: [8] Undefined offset: 1 E:\www\tour\Application\Zyly\Controller\GoodsController.class.php 第 41 行.
NOTIC: [2] session_destroy(): Trying to destroy uninitialized session E:\www\tour\Application\Zyly\Controller\GoodsController.class.php 第 50 行.
SQL: SHOW COLUMNS FROM `lr_user` [ RunTime:0.0070s ]
SQL: SELECT * FROM `lr_user` WHERE `openid` = 'onxczwQ5E9v3roDmJnifD-SNigqg' LIMIT 1   [ RunTime:0.0010s ]
SQL: SELECT * FROM `lr_user` WHERE `id` = 1 LIMIT 1   [ RunTime:0.0010s ]
NOTIC: [8] Undefined offset: 1 E:\www\tour\Application\Zyly\Controller\GoodsController.class.php 第 156 行.
SQL: SHOW COLUMNS FROM `lr_product` [ RunTime:0.0070s ]
SQL: SELECT `id`,`name`,`intro`,`photo_x`,`photo_d`,`sort`,`shiyong`,`price`,`photo_string`,`content` FROM `lr_product` WHERE `id` = 279 ORDER BY sort desc LIMIT 1   [ RunTime:0.0010s ]
SQL: SELECT a.name,b.concent,b.addtime,c.uname,c.photo FROM lr_product a LEFT JOIN lr_product_dp b on a.id=b.pid LEFT JOIN lr_user c on b.uid=c.id  WHERE a.id = '279'  [ RunTime:0.0140s ]
SQL: SHOW COLUMNS FROM `lr_product_dp` [ RunTime:0.0060s ]
SQL: SELECT COUNT(*) AS tp_count FROM `lr_product_dp` WHERE `pid` = 279 LIMIT 1   [ RunTime:0.0010s ]
NOTIC: [8] Undefined index: access_token E:\www\tour\Application\Zyly\Model\IndexModel.class.php 第 627 行.
NOTIC: [2] unlink(./Application/Runtime/Temp/access_tokena0435375b666ac71aca0e45ef0012d41.php): No such file or directory E:\www\tour\ThinkPHP\Library\Think\Cache\Driver\File.class.php 第 157 行.
NOTIC: [8] Undefined index: access_token E:\www\tour\Application\Zyly\Model\IndexModel.class.php 第 629 行.
NOTIC: [2] unlink(./Application/Runtime/Temp/access_tokena0435375b666ac71aca0e45ef0012d41.php): No such file or directory E:\www\tour\ThinkPHP\Library\Think\Cache\Driver\File.class.php 第 157 行.
NOTIC: [8] Undefined index: access_token E:\www\tour\Application\Zyly\Model\IndexModel.class.php 第 627 行.
NOTIC: [2] unlink(./Application/Runtime/Temp/access_tokena0435375b666ac71aca0e45ef0012d41.php): No such file or directory E:\www\tour\ThinkPHP\Library\Think\Cache\Driver\File.class.php 第 157 行.
NOTIC: [8] Undefined index: access_token E:\www\tour\Application\Zyly\Model\IndexModel.class.php 第 629 行.
NOTIC: [8] Undefined index: ticket E:\www\tour\Application\Zyly\Model\IndexModel.class.php 第 563 行.
NOTIC: [2] unlink(./Application/Runtime/Temp/access_tokena0435375b666ac71aca0e45ef0012d41.php): No such file or directory E:\www\tour\ThinkPHP\Library\Think\Cache\Driver\File.class.php 第 157 行.
NOTIC: [8] Undefined index: access_token E:\www\tour\Application\Zyly\Model\IndexModel.class.php 第 627 行.
NOTIC: [2] unlink(./Application/Runtime/Temp/access_tokena0435375b666ac71aca0e45ef0012d41.php): No such file or directory E:\www\tour\ThinkPHP\Library\Think\Cache\Driver\File.class.php 第 157 行.
NOTIC: [8] Undefined index: access_token E:\www\tour\Application\Zyly\Model\IndexModel.class.php 第 629 行.
NOTIC: [2] unlink(./Application/Runtime/Temp/access_tokena0435375b666ac71aca0e45ef0012d41.php): No such file or directory E:\www\tour\ThinkPHP\Library\Think\Cache\Driver\File.class.php 第 157 行.
NOTIC: [8] Undefined index: access_token E:\www\tour\Application\Zyly\Model\IndexModel.class.php 第 627 行.
NOTIC: [2] unlink(./Application/Runtime/Temp/access_tokena0435375b666ac71aca0e45ef0012d41.php): No such file or directory E:\www\tour\ThinkPHP\Library\Think\Cache\Driver\File.class.php 第 157 行.
NOTIC: [8] Undefined index: access_token E:\www\tour\Application\Zyly\Model\IndexModel.class.php 第 629 行.
NOTIC: [8] Undefined index: ticket E:\www\tour\Application\Zyly\Model\IndexModel.class.php 第 563 行.
INFO: [ view_parse ] --START--
INFO: [ template_filter ] --START--
INFO: Run Behavior\ContentReplaceBehavior [ RunTime:0.000000s ]
INFO: [ template_filter ] --END-- [ RunTime:0.000000s ]
INFO: Run Behavior\ParseTemplateBehavior [ RunTime:0.065004s ]
INFO: [ view_parse ] --END-- [ RunTime:0.065004s ]
INFO: [ view_filter ] --START--
INFO: Run Behavior\WriteHtmlCacheBehavior [ RunTime:0.000000s ]
INFO: [ view_filter ] --END-- [ RunTime:0.000000s ]
INFO: [ app_end ] --START--
INFO: Run Behavior\ShowPageTraceBehavior [ RunTime:0.001000s ]
INFO: [ app_end ] --END-- [ RunTime:0.001000s ]

[ 2019-01-14T15:29:03+08:00 ] 127.0.0.1 /index.php/Zyly/Goods
NOTIC: [8] Use of undefined constant SHOW_PAGE_TRACE - assumed 'SHOW_PAGE_TRACE' E:\www\tour\Application\Common\Conf\debug.php 第 4 行.
INFO: [ app_init ] --START--
INFO: Run Behavior\BuildLiteBehavior [ RunTime:0.000000s ]
INFO: [ app_init ] --END-- [ RunTime:0.001000s ]
INFO: [ app_begin ] --START--
INFO: Run Behavior\ReadHtmlCacheBehavior [ RunTime:0.001000s ]
INFO: [ app_begin ] --END-- [ RunTime:0.001000s ]
SQL: SHOW COLUMNS FROM `lr_wechat_config` [ RunTime:0.0040s ]
SQL: SELECT * FROM `lr_wechat_config` WHERE `id` = 1 LIMIT 1   [ RunTime:0.0010s ]
SQL: SELECT * FROM `lr_wechat_config` WHERE `id` = 1 LIMIT 1   [ RunTime:0.0010s ]
NOTIC: [8] Undefined variable: admin_id E:\www\tour\Application\Zyly\Controller\GoodsController.class.php 第 34 行.
NOTIC: [8] Undefined offset: 1 E:\www\tour\Application\Zyly\Controller\GoodsController.class.php 第 41 行.
NOTIC: [2] session_destroy(): Trying to destroy uninitialized session E:\www\tour\Application\Zyly\Controller\GoodsController.class.php 第 50 行.
SQL: SHOW COLUMNS FROM `lr_user` [ RunTime:0.0060s ]
SQL: SELECT * FROM `lr_user` WHERE `openid` = 'onxczwQ5E9v3roDmJnifD-SNigqg' LIMIT 1   [ RunTime:0.0010s ]
SQL: SELECT * FROM `lr_user` WHERE `id` = 1 LIMIT 1   [ RunTime:0.0010s ]
SQL: SHOW COLUMNS FROM `lr_product` [ RunTime:0.0070s ]
SQL: SELECT `id`,`name`,`intro`,`photo_x`,`sort`,`shiyong`,`price` FROM `lr_product` WHERE `del` = 0 AND `shop_type` = 1 ORDER BY price asc  [ RunTime:0.0090s ]
SQL: SHOW COLUMNS FROM `lr_guanggao` [ RunTime:0.0210s ]
SQL: SELECT * FROM `lr_guanggao`  [ RunTime:0.0000s ]
SQL: SHOW COLUMNS FROM `lr_notice` [ RunTime:0.0150s ]
SQL: SELECT * FROM `lr_notice` WHERE `is_nav` = 1  [ RunTime:0.0010s ]
NOTIC: [8] Undefined index: access_token E:\www\tour\Application\Zyly\Model\IndexModel.class.php 第 627 行.
NOTIC: [2] unlink(./Application/Runtime/Temp/access_tokena0435375b666ac71aca0e45ef0012d41.php): No such file or directory E:\www\tour\ThinkPHP\Library\Think\Cache\Driver\File.class.php 第 157 行.
NOTIC: [8] Undefined index: access_token E:\www\tour\Application\Zyly\Model\IndexModel.class.php 第 629 行.
NOTIC: [2] unlink(./Application/Runtime/Temp/access_tokena0435375b666ac71aca0e45ef0012d41.php): No such file or directory E:\www\tour\ThinkPHP\Library\Think\Cache\Driver\File.class.php 第 157 行.
NOTIC: [8] Undefined index: access_token E:\www\tour\Application\Zyly\Model\IndexModel.class.php 第 627 行.
NOTIC: [2] unlink(./Application/Runtime/Temp/access_tokena0435375b666ac71aca0e45ef0012d41.php): No such file or directory E:\www\tour\ThinkPHP\Library\Think\Cache\Driver\File.class.php 第 157 行.
NOTIC: [8] Undefined index: access_token E:\www\tour\Application\Zyly\Model\IndexModel.class.php 第 629 行.
NOTIC: [8] Undefined index: ticket E:\www\tour\Application\Zyly\Model\IndexModel.class.php 第 563 行.
NOTIC: [2] unlink(./Application/Runtime/Temp/access_tokena0435375b666ac71aca0e45ef0012d41.php): No such file or directory E:\www\tour\ThinkPHP\Library\Think\Cache\Driver\File.class.php 第 157 行.
NOTIC: [8] Undefined index: access_token E:\www\tour\Application\Zyly\Model\IndexModel.class.php 第 627 行.
NOTIC: [2] unlink(./Application/Runtime/Temp/access_tokena0435375b666ac71aca0e45ef0012d41.php): No such file or directory E:\www\tour\ThinkPHP\Library\Think\Cache\Driver\File.class.php 第 157 行.
NOTIC: [8] Undefined index: access_token E:\www\tour\Application\Zyly\Model\IndexModel.class.php 第 629 行.
NOTIC: [2] unlink(./Application/Runtime/Temp/access_tokena0435375b666ac71aca0e45ef0012d41.php): No such file or directory E:\www\tour\ThinkPHP\Library\Think\Cache\Driver\File.class.php 第 157 行.
NOTIC: [8] Undefined index: access_token E:\www\tour\Application\Zyly\Model\IndexModel.class.php 第 627 行.
NOTIC: [2] unlink(./Application/Runtime/Temp/access_tokena0435375b666ac71aca0e45ef0012d41.php): No such file or directory E:\www\tour\ThinkPHP\Library\Think\Cache\Driver\File.class.php 第 157 行.
NOTIC: [8] Undefined index: access_token E:\www\tour\Application\Zyly\Model\IndexModel.class.php 第 629 行.
NOTIC: [8] Undefined index: ticket E:\www\tour\Application\Zyly\Model\IndexModel.class.php 第 563 行.
INFO: [ view_parse ] --START--
INFO: [ template_filter ] --START--
INFO: Run Behavior\ContentReplaceBehavior [ RunTime:0.000000s ]
INFO: [ template_filter ] --END-- [ RunTime:0.000000s ]
INFO: Run Behavior\ParseTemplateBehavior [ RunTime:0.034001s ]
INFO: [ view_parse ] --END-- [ RunTime:0.034001s ]
INFO: [ view_filter ] --START--
INFO: Run Behavior\WriteHtmlCacheBehavior [ RunTime:0.000000s ]
INFO: [ view_filter ] --END-- [ RunTime:0.000000s ]
INFO: [ app_end ] --START--
INFO: Run Behavior\ShowPageTraceBehavior [ RunTime:0.001001s ]
INFO: [ app_end ] --END-- [ RunTime:0.001001s ]

[ 2019-01-14T15:29:05+08:00 ] 127.0.0.1 /index.php/Zyly/person/person
NOTIC: [8] Use of undefined constant SHOW_PAGE_TRACE - assumed 'SHOW_PAGE_TRACE' E:\www\tour\Application\Common\Conf\debug.php 第 4 行.
INFO: [ app_init ] --START--
INFO: Run Behavior\BuildLiteBehavior [ RunTime:0.000000s ]
INFO: [ app_init ] --END-- [ RunTime:0.000000s ]
INFO: [ app_begin ] --START--
INFO: Run Behavior\ReadHtmlCacheBehavior [ RunTime:0.000000s ]
INFO: [ app_begin ] --END-- [ RunTime:0.000000s ]
SQL: SHOW COLUMNS FROM `lr_wechat_config` [ RunTime:0.0040s ]
SQL: SELECT * FROM `lr_wechat_config` WHERE `id` = 1 LIMIT 1   [ RunTime:0.0010s ]
SQL: SELECT * FROM `lr_wechat_config` WHERE `id` = 1 LIMIT 1   [ RunTime:0.0010s ]
NOTIC: [8] Undefined variable: admin_id E:\www\tour\Application\Zyly\Controller\PersonController.class.php 第 32 行.
SQL: SHOW COLUMNS FROM `lr_user` [ RunTime:0.0050s ]
SQL: SELECT * FROM `lr_user` WHERE `id` = 1 LIMIT 1   [ RunTime:0.0000s ]
SQL: SELECT COUNT(*) AS tp_count FROM `lr_user` WHERE `top_id` = 1 LIMIT 1   [ RunTime:0.0000s ]
SQL: SELECT * FROM `lr_wechat_config` WHERE `id` = 1 LIMIT 1   [ RunTime:0.0000s ]
SQL: SHOW COLUMNS FROM `lr_order` [ RunTime:0.0050s ]
SQL: SELECT * FROM `lr_order` WHERE `uid` = 1  [ RunTime:0.0140s ]
SQL: SHOW COLUMNS FROM `lr_glide` [ RunTime:0.0050s ]
SQL: SELECT * FROM `lr_glide` WHERE `uid` = 1 AND `act_price` > 0  [ RunTime:0.0010s ]
SQL: SHOW COLUMNS FROM `lr_product` [ RunTime:0.0040s ]
SQL: SELECT `id`,`name`,`intro`,`photo_x`,`sort`,`shiyong`,`price` FROM `lr_product` WHERE `del` = 0 ORDER BY sort desc LIMIT 1   [ RunTime:0.0010s ]
NOTIC: [8] Undefined index: access_token E:\www\tour\Application\Zyly\Model\IndexModel.class.php 第 627 行.
NOTIC: [2] unlink(./Application/Runtime/Temp/access_tokena0435375b666ac71aca0e45ef0012d41.php): No such file or directory E:\www\tour\ThinkPHP\Library\Think\Cache\Driver\File.class.php 第 157 行.
NOTIC: [8] Undefined index: access_token E:\www\tour\Application\Zyly\Model\IndexModel.class.php 第 629 行.
NOTIC: [2] unlink(./Application/Runtime/Temp/access_tokena0435375b666ac71aca0e45ef0012d41.php): No such file or directory E:\www\tour\ThinkPHP\Library\Think\Cache\Driver\File.class.php 第 157 行.
NOTIC: [8] Undefined index: access_token E:\www\tour\Application\Zyly\Model\IndexModel.class.php 第 627 行.
NOTIC: [2] unlink(./Application/Runtime/Temp/access_tokena0435375b666ac71aca0e45ef0012d41.php): No such file or directory E:\www\tour\ThinkPHP\Library\Think\Cache\Driver\File.class.php 第 157 行.
NOTIC: [8] Undefined index: access_token E:\www\tour\Application\Zyly\Model\IndexModel.class.php 第 629 行.
NOTIC: [8] Undefined index: ticket E:\www\tour\Application\Zyly\Model\IndexModel.class.php 第 563 行.
NOTIC: [2] unlink(./Application/Runtime/Temp/access_tokena0435375b666ac71aca0e45ef0012d41.php): No such file or directory E:\www\tour\ThinkPHP\Library\Think\Cache\Driver\File.class.php 第 157 行.
NOTIC: [8] Undefined index: access_token E:\www\tour\Application\Zyly\Model\IndexModel.class.php 第 627 行.
NOTIC: [2] unlink(./Application/Runtime/Temp/access_tokena0435375b666ac71aca0e45ef0012d41.php): No such file or directory E:\www\tour\ThinkPHP\Library\Think\Cache\Driver\File.class.php 第 157 行.
NOTIC: [8] Undefined index: access_token E:\www\tour\Application\Zyly\Model\IndexModel.class.php 第 629 行.
NOTIC: [2] unlink(./Application/Runtime/Temp/access_tokena0435375b666ac71aca0e45ef0012d41.php): No such file or directory E:\www\tour\ThinkPHP\Library\Think\Cache\Driver\File.class.php 第 157 行.
NOTIC: [8] Undefined index: access_token E:\www\tour\Application\Zyly\Model\IndexModel.class.php 第 627 行.
NOTIC: [2] unlink(./Application/Runtime/Temp/access_tokena0435375b666ac71aca0e45ef0012d41.php): No such file or directory E:\www\tour\ThinkPHP\Library\Think\Cache\Driver\File.class.php 第 157 行.
NOTIC: [8] Undefined index: access_token E:\www\tour\Application\Zyly\Model\IndexModel.class.php 第 629 行.
NOTIC: [8] Undefined index: ticket E:\www\tour\Application\Zyly\Model\IndexModel.class.php 第 563 行.
NOTIC: [8] Undefined variable: users E:\www\tour\Application\Zyly\Controller\PersonController.class.php 第 110 行.
INFO: [ view_parse ] --START--
INFO: [ template_filter ] --START--
INFO: Run Behavior\ContentReplaceBehavior [ RunTime:0.000000s ]
INFO: [ template_filter ] --END-- [ RunTime:0.000000s ]
INFO: Run Behavior\ParseTemplateBehavior [ RunTime:0.030001s ]
INFO: [ view_parse ] --END-- [ RunTime:0.030001s ]
INFO: [ view_filter ] --START--
INFO: Run Behavior\WriteHtmlCacheBehavior [ RunTime:0.000000s ]
INFO: [ view_filter ] --END-- [ RunTime:0.000000s ]
INFO: [ app_end ] --START--
INFO: Run Behavior\ShowPageTraceBehavior [ RunTime:0.000000s ]
INFO: [ app_end ] --END-- [ RunTime:0.000000s ]

[ 2019-01-14T15:29:07+08:00 ] 127.0.0.1 /index.php/Zyly/Person/my_fan.html?id=1
NOTIC: [8] Use of undefined constant SHOW_PAGE_TRACE - assumed 'SHOW_PAGE_TRACE' E:\www\tour\Application\Common\Conf\debug.php 第 4 行.
INFO: [ app_init ] --START--
INFO: Run Behavior\BuildLiteBehavior [ RunTime:0.000000s ]
INFO: [ app_init ] --END-- [ RunTime:0.000000s ]
INFO: [ app_begin ] --START--
INFO: Run Behavior\ReadHtmlCacheBehavior [ RunTime:0.000000s ]
INFO: [ app_begin ] --END-- [ RunTime:0.000000s ]
SQL: SHOW COLUMNS FROM `lr_wechat_config` [ RunTime:0.0050s ]
SQL: SELECT * FROM `lr_wechat_config` WHERE `id` = 1 LIMIT 1   [ RunTime:0.0020s ]
SQL: SELECT * FROM `lr_wechat_config` WHERE `id` = 1 LIMIT 1   [ RunTime:0.0010s ]
NOTIC: [8] Undefined variable: admin_id E:\www\tour\Application\Zyly\Controller\PersonController.class.php 第 32 行.
SQL: SHOW COLUMNS FROM `lr_user` [ RunTime:0.0040s ]
SQL: SELECT * FROM `lr_user` WHERE `top_id` = 1  [ RunTime:0.0000s ]
SQL: SELECT * FROM `lr_wechat_config` WHERE `id` = 1 LIMIT 1   [ RunTime:0.0010s ]
INFO: [ view_parse ] --START--
INFO: [ template_filter ] --START--
INFO: Run Behavior\ContentReplaceBehavior [ RunTime:0.000000s ]
INFO: [ template_filter ] --END-- [ RunTime:0.000000s ]
INFO: Run Behavior\ParseTemplateBehavior [ RunTime:0.022002s ]
INFO: [ view_parse ] --END-- [ RunTime:0.022002s ]
INFO: [ view_filter ] --START--
INFO: Run Behavior\WriteHtmlCacheBehavior [ RunTime:0.000000s ]
INFO: [ view_filter ] --END-- [ RunTime:0.000000s ]
INFO: [ app_end ] --START--
INFO: Run Behavior\ShowPageTraceBehavior [ RunTime:0.000000s ]
INFO: [ app_end ] --END-- [ RunTime:0.000000s ]

[ 2019-01-14T15:29:10+08:00 ] 127.0.0.1 /index.php/Zyly/person/person
NOTIC: [8] Use of undefined constant SHOW_PAGE_TRACE - assumed 'SHOW_PAGE_TRACE' E:\www\tour\Application\Common\Conf\debug.php 第 4 行.
INFO: [ app_init ] --START--
INFO: Run Behavior\BuildLiteBehavior [ RunTime:0.000000s ]
INFO: [ app_init ] --END-- [ RunTime:0.000000s ]
INFO: [ app_begin ] --START--
INFO: Run Behavior\ReadHtmlCacheBehavior [ RunTime:0.000000s ]
INFO: [ app_begin ] --END-- [ RunTime:0.000000s ]
SQL: SHOW COLUMNS FROM `lr_wechat_config` [ RunTime:0.0050s ]
SQL: SELECT * FROM `lr_wechat_config` WHERE `id` = 1 LIMIT 1   [ RunTime:0.0010s ]
SQL: SELECT * FROM `lr_wechat_config` WHERE `id` = 1 LIMIT 1   [ RunTime:0.0010s ]
NOTIC: [8] Undefined variable: admin_id E:\www\tour\Application\Zyly\Controller\PersonController.class.php 第 32 行.
SQL: SHOW COLUMNS FROM `lr_user` [ RunTime:0.0040s ]
SQL: SELECT * FROM `lr_user` WHERE `id` = 1 LIMIT 1   [ RunTime:0.0010s ]
SQL: SELECT COUNT(*) AS tp_count FROM `lr_user` WHERE `top_id` = 1 LIMIT 1   [ RunTime:0.0000s ]
SQL: SELECT * FROM `lr_wechat_config` WHERE `id` = 1 LIMIT 1   [ RunTime:0.0010s ]
SQL: SHOW COLUMNS FROM `lr_order` [ RunTime:0.0050s ]
SQL: SELECT * FROM `lr_order` WHERE `uid` = 1  [ RunTime:0.0010s ]
SQL: SHOW COLUMNS FROM `lr_glide` [ RunTime:0.0050s ]
SQL: SELECT * FROM `lr_glide` WHERE `uid` = 1 AND `act_price` > 0  [ RunTime:0.0010s ]
SQL: SHOW COLUMNS FROM `lr_product` [ RunTime:0.0050s ]
SQL: SELECT `id`,`name`,`intro`,`photo_x`,`sort`,`shiyong`,`price` FROM `lr_product` WHERE `del` = 0 ORDER BY sort desc LIMIT 1   [ RunTime:0.0010s ]
NOTIC: [8] Undefined index: access_token E:\www\tour\Application\Zyly\Model\IndexModel.class.php 第 627 行.
NOTIC: [2] unlink(./Application/Runtime/Temp/access_tokena0435375b666ac71aca0e45ef0012d41.php): No such file or directory E:\www\tour\ThinkPHP\Library\Think\Cache\Driver\File.class.php 第 157 行.
NOTIC: [8] Undefined index: access_token E:\www\tour\Application\Zyly\Model\IndexModel.class.php 第 629 行.
NOTIC: [2] unlink(./Application/Runtime/Temp/access_tokena0435375b666ac71aca0e45ef0012d41.php): No such file or directory E:\www\tour\ThinkPHP\Library\Think\Cache\Driver\File.class.php 第 157 行.
NOTIC: [8] Undefined index: access_token E:\www\tour\Application\Zyly\Model\IndexModel.class.php 第 627 行.
NOTIC: [2] unlink(./Application/Runtime/Temp/access_tokena0435375b666ac71aca0e45ef0012d41.php): No such file or directory E:\www\tour\ThinkPHP\Library\Think\Cache\Driver\File.class.php 第 157 行.
NOTIC: [8] Undefined index: access_token E:\www\tour\Application\Zyly\Model\IndexModel.class.php 第 629 行.
NOTIC: [8] Undefined index: ticket E:\www\tour\Application\Zyly\Model\IndexModel.class.php 第 563 行.
NOTIC: [2] unlink(./Application/Runtime/Temp/access_tokena0435375b666ac71aca0e45ef0012d41.php): No such file or directory E:\www\tour\ThinkPHP\Library\Think\Cache\Driver\File.class.php 第 157 行.
NOTIC: [8] Undefined index: access_token E:\www\tour\Application\Zyly\Model\IndexModel.class.php 第 627 行.
NOTIC: [2] unlink(./Application/Runtime/Temp/access_tokena0435375b666ac71aca0e45ef0012d41.php): No such file or directory E:\www\tour\ThinkPHP\Library\Think\Cache\Driver\File.class.php 第 157 行.
NOTIC: [8] Undefined index: access_token E:\www\tour\Application\Zyly\Model\IndexModel.class.php 第 629 行.
NOTIC: [2] unlink(./Application/Runtime/Temp/access_tokena0435375b666ac71aca0e45ef0012d41.php): No such file or directory E:\www\tour\ThinkPHP\Library\Think\Cache\Driver\File.class.php 第 157 行.
NOTIC: [8] Undefined index: access_token E:\www\tour\Application\Zyly\Model\IndexModel.class.php 第 627 行.
NOTIC: [2] unlink(./Application/Runtime/Temp/access_tokena0435375b666ac71aca0e45ef0012d41.php): No such file or directory E:\www\tour\ThinkPHP\Library\Think\Cache\Driver\File.class.php 第 157 行.
NOTIC: [8] Undefined index: access_token E:\www\tour\Application\Zyly\Model\IndexModel.class.php 第 629 行.
NOTIC: [8] Undefined index: ticket E:\www\tour\Application\Zyly\Model\IndexModel.class.php 第 563 行.
NOTIC: [8] Undefined variable: users E:\www\tour\Application\Zyly\Controller\PersonController.class.php 第 110 行.
INFO: [ view_parse ] --START--
INFO: [ template_filter ] --START--
INFO: Run Behavior\ContentReplaceBehavior [ RunTime:0.000000s ]
INFO: [ template_filter ] --END-- [ RunTime:0.000000s ]
INFO: Run Behavior\ParseTemplateBehavior [ RunTime:0.007001s ]
INFO: [ view_parse ] --END-- [ RunTime:0.007001s ]
INFO: [ view_filter ] --START--
INFO: Run Behavior\WriteHtmlCacheBehavior [ RunTime:0.001000s ]
INFO: [ view_filter ] --END-- [ RunTime:0.001000s ]
INFO: [ app_end ] --START--
INFO: Run Behavior\ShowPageTraceBehavior [ RunTime:0.001000s ]
INFO: [ app_end ] --END-- [ RunTime:0.001000s ]

[ 2019-01-14T15:29:14+08:00 ] 127.0.0.1 /index.php/Zyly/Person/my_fan.html?id=1
NOTIC: [8] Use of undefined constant SHOW_PAGE_TRACE - assumed 'SHOW_PAGE_TRACE' E:\www\tour\Application\Common\Conf\debug.php 第 4 行.
INFO: [ app_init ] --START--
INFO: Run Behavior\BuildLiteBehavior [ RunTime:0.000000s ]
INFO: [ app_init ] --END-- [ RunTime:0.000000s ]
INFO: [ app_begin ] --START--
INFO: Run Behavior\ReadHtmlCacheBehavior [ RunTime:0.000000s ]
INFO: [ app_begin ] --END-- [ RunTime:0.000000s ]
SQL: SHOW COLUMNS FROM `lr_wechat_config` [ RunTime:0.0060s ]
SQL: SELECT * FROM `lr_wechat_config` WHERE `id` = 1 LIMIT 1   [ RunTime:0.0010s ]
SQL: SELECT * FROM `lr_wechat_config` WHERE `id` = 1 LIMIT 1   [ RunTime:0.0010s ]
NOTIC: [8] Undefined variable: admin_id E:\www\tour\Application\Zyly\Controller\PersonController.class.php 第 32 行.
SQL: SHOW COLUMNS FROM `lr_user` [ RunTime:0.0060s ]
SQL: SELECT * FROM `lr_user` WHERE `top_id` = 1  [ RunTime:0.0010s ]
SQL: SELECT * FROM `lr_wechat_config` WHERE `id` = 1 LIMIT 1   [ RunTime:0.0000s ]
INFO: [ view_parse ] --START--
INFO: [ template_filter ] --START--
INFO: Run Behavior\ContentReplaceBehavior [ RunTime:0.000000s ]
INFO: [ template_filter ] --END-- [ RunTime:0.000000s ]
INFO: Run Behavior\ParseTemplateBehavior [ RunTime:0.004001s ]
INFO: [ view_parse ] --END-- [ RunTime:0.004001s ]
INFO: [ view_filter ] --START--
INFO: Run Behavior\WriteHtmlCacheBehavior [ RunTime:0.000000s ]
INFO: [ view_filter ] --END-- [ RunTime:0.000000s ]
INFO: [ app_end ] --START--
INFO: Run Behavior\ShowPageTraceBehavior [ RunTime:0.001000s ]
INFO: [ app_end ] --END-- [ RunTime:0.001000s ]

[ 2019-01-14T15:29:20+08:00 ] 127.0.0.1 /index.php/Zyly/person/person
NOTIC: [8] Use of undefined constant SHOW_PAGE_TRACE - assumed 'SHOW_PAGE_TRACE' E:\www\tour\Application\Common\Conf\debug.php 第 4 行.
INFO: [ app_init ] --START--
INFO: Run Behavior\BuildLiteBehavior [ RunTime:0.000000s ]
INFO: [ app_init ] --END-- [ RunTime:0.000000s ]
INFO: [ app_begin ] --START--
INFO: Run Behavior\ReadHtmlCacheBehavior [ RunTime:0.000000s ]
INFO: [ app_begin ] --END-- [ RunTime:0.000000s ]
SQL: SHOW COLUMNS FROM `lr_wechat_config` [ RunTime:0.0060s ]
SQL: SELECT * FROM `lr_wechat_config` WHERE `id` = 1 LIMIT 1   [ RunTime:0.0010s ]
SQL: SELECT * FROM `lr_wechat_config` WHERE `id` = 1 LIMIT 1   [ RunTime:0.0000s ]
NOTIC: [8] Undefined variable: admin_id E:\www\tour\Application\Zyly\Controller\PersonController.class.php 第 32 行.
SQL: SHOW COLUMNS FROM `lr_user` [ RunTime:0.0060s ]
SQL: SELECT * FROM `lr_user` WHERE `id` = 1 LIMIT 1   [ RunTime:0.0010s ]
SQL: SELECT COUNT(*) AS tp_count FROM `lr_user` WHERE `top_id` = 1 LIMIT 1   [ RunTime:0.0010s ]
SQL: SELECT * FROM `lr_wechat_config` WHERE `id` = 1 LIMIT 1   [ RunTime:0.0000s ]
SQL: SHOW COLUMNS FROM `lr_order` [ RunTime:0.0050s ]
SQL: SELECT * FROM `lr_order` WHERE `uid` = 1  [ RunTime:0.0000s ]
SQL: SHOW COLUMNS FROM `lr_glide` [ RunTime:0.0070s ]
SQL: SELECT * FROM `lr_glide` WHERE `uid` = 1 AND `act_price` > 0  [ RunTime:0.0010s ]
SQL: SHOW COLUMNS FROM `lr_product` [ RunTime:0.0050s ]
SQL: SELECT `id`,`name`,`intro`,`photo_x`,`sort`,`shiyong`,`price` FROM `lr_product` WHERE `del` = 0 ORDER BY sort desc LIMIT 1   [ RunTime:0.0010s ]
NOTIC: [8] Undefined index: access_token E:\www\tour\Application\Zyly\Model\IndexModel.class.php 第 627 行.
NOTIC: [2] unlink(./Application/Runtime/Temp/access_tokena0435375b666ac71aca0e45ef0012d41.php): No such file or directory E:\www\tour\ThinkPHP\Library\Think\Cache\Driver\File.class.php 第 157 行.
NOTIC: [8] Undefined index: access_token E:\www\tour\Application\Zyly\Model\IndexModel.class.php 第 629 行.
NOTIC: [2] unlink(./Application/Runtime/Temp/access_tokena0435375b666ac71aca0e45ef0012d41.php): No such file or directory E:\www\tour\ThinkPHP\Library\Think\Cache\Driver\File.class.php 第 157 行.
NOTIC: [8] Undefined index: access_token E:\www\tour\Application\Zyly\Model\IndexModel.class.php 第 627 行.
NOTIC: [2] unlink(./Application/Runtime/Temp/access_tokena0435375b666ac71aca0e45ef0012d41.php): No such file or directory E:\www\tour\ThinkPHP\Library\Think\Cache\Driver\File.class.php 第 157 行.
NOTIC: [8] Undefined index: access_token E:\www\tour\Application\Zyly\Model\IndexModel.class.php 第 629 行.
NOTIC: [8] Undefined index: ticket E:\www\tour\Application\Zyly\Model\IndexModel.class.php 第 563 行.
NOTIC: [2] unlink(./Application/Runtime/Temp/access_tokena0435375b666ac71aca0e45ef0012d41.php): No such file or directory E:\www\tour\ThinkPHP\Library\Think\Cache\Driver\File.class.php 第 157 行.
NOTIC: [8] Undefined index: access_token E:\www\tour\Application\Zyly\Model\IndexModel.class.php 第 627 行.
NOTIC: [2] unlink(./Application/Runtime/Temp/access_tokena0435375b666ac71aca0e45ef0012d41.php): No such file or directory E:\www\tour\ThinkPHP\Library\Think\Cache\Driver\File.class.php 第 157 行.
NOTIC: [8] Undefined index: access_token E:\www\tour\Application\Zyly\Model\IndexModel.class.php 第 629 行.
NOTIC: [2] unlink(./Application/Runtime/Temp/access_tokena0435375b666ac71aca0e45ef0012d41.php): No such file or directory E:\www\tour\ThinkPHP\Library\Think\Cache\Driver\File.class.php 第 157 行.
NOTIC: [8] Undefined index: access_token E:\www\tour\Application\Zyly\Model\IndexModel.class.php 第 627 行.
NOTIC: [2] unlink(./Application/Runtime/Temp/access_tokena0435375b666ac71aca0e45ef0012d41.php): No such file or directory E:\www\tour\ThinkPHP\Library\Think\Cache\Driver\File.class.php 第 157 行.
NOTIC: [8] Undefined index: access_token E:\www\tour\Application\Zyly\Model\IndexModel.class.php 第 629 行.
NOTIC: [8] Undefined index: ticket E:\www\tour\Application\Zyly\Model\IndexModel.class.php 第 563 行.
NOTIC: [8] Undefined variable: users E:\www\tour\Application\Zyly\Controller\PersonController.class.php 第 110 行.
INFO: [ view_parse ] --START--
INFO: [ template_filter ] --START--
INFO: Run Behavior\ContentReplaceBehavior [ RunTime:0.000000s ]
INFO: [ template_filter ] --END-- [ RunTime:0.000000s ]
INFO: Run Behavior\ParseTemplateBehavior [ RunTime:0.015000s ]
INFO: [ view_parse ] --END-- [ RunTime:0.015000s ]
INFO: [ view_filter ] --START--
INFO: Run Behavior\WriteHtmlCacheBehavior [ RunTime:0.001001s ]
INFO: [ view_filter ] --END-- [ RunTime:0.001001s ]
INFO: [ app_end ] --START--
INFO: Run Behavior\ShowPageTraceBehavior [ RunTime:0.000000s ]
INFO: [ app_end ] --END-- [ RunTime:0.000000s ]

