[ 2018-10-30T14:33:01+08:00 ] 127.0.0.1 /index.php/admin
NOTIC: [8] Use of undefined constant SHOW_PAGE_TRACE - assumed 'SHOW_PAGE_TRACE' E:\www\tour\Application\Common\Conf\debug.php 第 4 行.
INFO: [ app_init ] --START--
INFO: Run Behavior\BuildLiteBehavior [ RunTime:0.000000s ]
INFO: [ app_init ] --END-- [ RunTime:0.000000s ]
INFO: [ app_begin ] --START--
INFO: Run Behavior\ReadHtmlCacheBehavior [ RunTime:0.001000s ]
INFO: [ app_begin ] --END-- [ RunTime:0.001000s ]

[ 2018-10-30T14:33:02+08:00 ] 127.0.0.1 /index.php/admin
NOTIC: [8] Use of undefined constant SHOW_PAGE_TRACE - assumed 'SHOW_PAGE_TRACE' E:\www\tour\Application\Common\Conf\debug.php 第 4 行.
INFO: [ app_init ] --START--
INFO: Run Behavior\BuildLiteBehavior [ RunTime:0.000000s ]
INFO: [ app_init ] --END-- [ RunTime:0.000000s ]
INFO: [ app_begin ] --START--
INFO: Run Behavior\ReadHtmlCacheBehavior [ RunTime:0.001000s ]
INFO: [ app_begin ] --END-- [ RunTime:0.001000s ]

[ 2018-10-30T14:33:02+08:00 ] 127.0.0.1 /index.php/admin
NOTIC: [8] Use of undefined constant SHOW_PAGE_TRACE - assumed 'SHOW_PAGE_TRACE' E:\www\tour\Application\Common\Conf\debug.php 第 4 行.
INFO: [ app_init ] --START--
INFO: Run Behavior\BuildLiteBehavior [ RunTime:0.000000s ]
INFO: [ app_init ] --END-- [ RunTime:0.000000s ]
INFO: [ app_begin ] --START--
INFO: Run Behavior\ReadHtmlCacheBehavior [ RunTime:0.001000s ]
INFO: [ app_begin ] --END-- [ RunTime:0.001000s ]

[ 2018-10-30T14:33:04+08:00 ] 127.0.0.1 /index.php/Admin/Login/index.html
NOTIC: [8] Use of undefined constant SHOW_PAGE_TRACE - assumed 'SHOW_PAGE_TRACE' E:\www\tour\Application\Common\Conf\debug.php 第 4 行.
INFO: [ app_init ] --START--
INFO: Run Behavior\BuildLiteBehavior [ RunTime:0.000000s ]
INFO: [ app_init ] --END-- [ RunTime:0.000000s ]
INFO: [ app_begin ] --START--
INFO: Run Behavior\ReadHtmlCacheBehavior [ RunTime:0.001000s ]
INFO: [ app_begin ] --END-- [ RunTime:0.001000s ]
SQL: SHOW COLUMNS FROM `lr_program` [ RunTime:0.0510s ]
SQL: SELECT * FROM `lr_program` LIMIT 1   [ RunTime:0.0010s ]
INFO: [ view_parse ] --START--
INFO: [ template_filter ] --START--
INFO: Run Behavior\ContentReplaceBehavior [ RunTime:0.000000s ]
INFO: [ template_filter ] --END-- [ RunTime:0.000000s ]
NOTIC: [8] Undefined variable: key E:\www\tour\Application\Runtime\Cache\Admin\32ec6c906c117a7c2bf504769276d87a.php 第 28 行.
INFO: Run Behavior\ParseTemplateBehavior [ RunTime:0.036002s ]
INFO: [ view_parse ] --END-- [ RunTime:0.036002s ]
INFO: [ view_filter ] --START--
INFO: Run Behavior\WriteHtmlCacheBehavior [ RunTime:0.000000s ]
INFO: [ view_filter ] --END-- [ RunTime:0.000000s ]
INFO: [ app_end ] --START--
INFO: Run Behavior\ShowPageTraceBehavior [ RunTime:0.001000s ]
INFO: [ app_end ] --END-- [ RunTime:0.001000s ]

[ 2018-10-30T14:33:04+08:00 ] 127.0.0.1 /index.php/Admin/Login/lib/jquery/1.9.1/jquery.min.js
NOTIC: [8] Use of undefined constant SHOW_PAGE_TRACE - assumed 'SHOW_PAGE_TRACE' E:\www\tour\Application\Common\Conf\debug.php 第 4 行.
INFO: [ app_init ] --START--
INFO: Run Behavior\BuildLiteBehavior [ RunTime:0.000000s ]
INFO: [ app_init ] --END-- [ RunTime:0.000000s ]
INFO: [ app_begin ] --START--
INFO: Run Behavior\ReadHtmlCacheBehavior [ RunTime:0.000000s ]
INFO: [ app_begin ] --END-- [ RunTime:0.000000s ]
ERR: 非法操作:lib

[ 2018-10-30T14:33:05+08:00 ] 127.0.0.1 /index.php/Admin/Login/static/h-ui/js/H-ui.min.js
NOTIC: [8] Use of undefined constant SHOW_PAGE_TRACE - assumed 'SHOW_PAGE_TRACE' E:\www\tour\Application\Common\Conf\debug.php 第 4 行.
INFO: [ app_init ] --START--
INFO: Run Behavior\BuildLiteBehavior [ RunTime:0.000000s ]
INFO: [ app_init ] --END-- [ RunTime:0.000000s ]
INFO: [ app_begin ] --START--
INFO: Run Behavior\ReadHtmlCacheBehavior [ RunTime:0.000000s ]
INFO: [ app_begin ] --END-- [ RunTime:0.000000s ]
ERR: 非法操作:static

[ 2018-10-30T14:33:09+08:00 ] 127.0.0.1 /index.php/Admin/Login/index.html?key=
NOTIC: [8] Use of undefined constant SHOW_PAGE_TRACE - assumed 'SHOW_PAGE_TRACE' E:\www\tour\Application\Common\Conf\debug.php 第 4 行.
INFO: [ app_init ] --START--
INFO: Run Behavior\BuildLiteBehavior [ RunTime:0.000000s ]
INFO: [ app_init ] --END-- [ RunTime:0.000000s ]
INFO: [ app_begin ] --START--
INFO: Run Behavior\ReadHtmlCacheBehavior [ RunTime:0.000000s ]
INFO: [ app_begin ] --END-- [ RunTime:0.000000s ]
SQL: SHOW COLUMNS FROM `lr_adminuser` [ RunTime:0.0440s ]
SQL: SELECT * FROM `lr_adminuser` WHERE ( name='admin' AND del<1 ) LIMIT 1   [ RunTime:0.0010s ]
SQL: SHOW COLUMNS FROM `lr_program` [ RunTime:0.0070s ]
SQL: SELECT * FROM `lr_program` LIMIT 1   [ RunTime:0.0010s ]
NOTIC: [8] Undefined index: shop_id E:\www\tour\Application\Admin\Controller\LoginController.class.php 第 21 行.
INFO: [ app_end ] --START--
INFO: Run Behavior\ShowPageTraceBehavior [ RunTime:0.001000s ]
INFO: [ app_end ] --END-- [ RunTime:0.001000s ]

[ 2018-10-30T14:33:10+08:00 ] 127.0.0.1 /index.php/Admin/Index/index.html
NOTIC: [8] Use of undefined constant SHOW_PAGE_TRACE - assumed 'SHOW_PAGE_TRACE' E:\www\tour\Application\Common\Conf\debug.php 第 4 行.
INFO: [ app_init ] --START--
INFO: Run Behavior\BuildLiteBehavior [ RunTime:0.000000s ]
INFO: [ app_init ] --END-- [ RunTime:0.000000s ]
INFO: [ app_begin ] --START--
INFO: Run Behavior\ReadHtmlCacheBehavior [ RunTime:0.000000s ]
INFO: [ app_begin ] --END-- [ RunTime:0.000000s ]
SQL: SHOW COLUMNS FROM `lr_web` [ RunTime:0.0330s ]
SQL: SELECT `concent` FROM `lr_web` WHERE ( id=5 ) LIMIT 1   [ RunTime:0.0010s ]
INFO: [ view_parse ] --START--
INFO: [ template_filter ] --START--
INFO: Run Behavior\ContentReplaceBehavior [ RunTime:0.000000s ]
INFO: [ template_filter ] --END-- [ RunTime:0.000000s ]
INFO: Run Behavior\ParseTemplateBehavior [ RunTime:0.051003s ]
INFO: [ view_parse ] --END-- [ RunTime:0.051003s ]
INFO: [ view_filter ] --START--
INFO: Run Behavior\WriteHtmlCacheBehavior [ RunTime:0.000000s ]
INFO: [ view_filter ] --END-- [ RunTime:0.000000s ]
INFO: [ app_end ] --START--
INFO: Run Behavior\ShowPageTraceBehavior [ RunTime:0.001000s ]
INFO: [ app_end ] --END-- [ RunTime:0.001000s ]

[ 2018-10-30T14:33:10+08:00 ] 127.0.0.1 /index.php/Admin/Page/adminindex.html
NOTIC: [8] Use of undefined constant SHOW_PAGE_TRACE - assumed 'SHOW_PAGE_TRACE' E:\www\tour\Application\Common\Conf\debug.php 第 4 行.
INFO: [ app_init ] --START--
INFO: Run Behavior\BuildLiteBehavior [ RunTime:0.000000s ]
INFO: [ app_init ] --END-- [ RunTime:0.000000s ]
INFO: [ app_begin ] --START--
INFO: Run Behavior\ReadHtmlCacheBehavior [ RunTime:0.000000s ]
INFO: [ app_begin ] --END-- [ RunTime:0.000000s ]
INFO: [ view_parse ] --START--
INFO: [ template_filter ] --START--
INFO: Run Behavior\ContentReplaceBehavior [ RunTime:0.000000s ]
INFO: [ template_filter ] --END-- [ RunTime:0.000000s ]
INFO: Run Behavior\ParseTemplateBehavior [ RunTime:0.034002s ]
INFO: [ view_parse ] --END-- [ RunTime:0.034002s ]
INFO: [ view_filter ] --START--
INFO: Run Behavior\WriteHtmlCacheBehavior [ RunTime:0.000000s ]
INFO: [ view_filter ] --END-- [ RunTime:0.000000s ]
INFO: [ app_end ] --START--
INFO: Run Behavior\ShowPageTraceBehavior [ RunTime:0.001000s ]
INFO: [ app_end ] --END-- [ RunTime:0.001000s ]

[ 2018-10-30T14:33:16+08:00 ] 127.0.0.1 /index.php/Admin/User/daili.html
NOTIC: [8] Use of undefined constant SHOW_PAGE_TRACE - assumed 'SHOW_PAGE_TRACE' E:\www\tour\Application\Common\Conf\debug.php 第 4 行.
INFO: [ app_init ] --START--
INFO: Run Behavior\BuildLiteBehavior [ RunTime:0.000000s ]
INFO: [ app_init ] --END-- [ RunTime:0.000000s ]
INFO: [ app_begin ] --START--
INFO: Run Behavior\ReadHtmlCacheBehavior [ RunTime:0.001000s ]
INFO: [ app_begin ] --END-- [ RunTime:0.001000s ]
NOTIC: [8] Undefined index: tel E:\www\tour\Application\Admin\Controller\UserController.class.php 第 162 行.
NOTIC: [8] Undefined index: name E:\www\tour\Application\Admin\Controller\UserController.class.php 第 163 行.
NOTIC: [8] Undefined index: name E:\www\tour\Application\Admin\Controller\UserController.class.php 第 165 行.
SQL: SHOW COLUMNS FROM `lr_user` [ RunTime:0.0080s ]
SQL: SELECT COUNT(*) AS tp_count FROM `lr_user` WHERE `is_daili` <> 1 LIMIT 1   [ RunTime:0.0000s ]
NOTIC: [8] Undefined index: page E:\www\tour\Application\Admin\Controller\UserController.class.php 第 181 行.
SQL: SHOW COLUMNS FROM `lr_user` [ RunTime:0.0070s ]
SQL: SELECT * FROM `lr_user` WHERE `is_daili` <> 1  [ RunTime:0.0020s ]
SQL: SHOW COLUMNS FROM `lr_level` [ RunTime:0.0380s ]
SQL: SELECT `level_name` FROM `lr_level` WHERE `id` = 2 LIMIT 1   [ RunTime:0.0010s ]
SQL: SELECT `level_name` FROM `lr_level` WHERE `id` = 1 LIMIT 1   [ RunTime:0.0010s ]
SQL: SELECT `level_name` FROM `lr_level` WHERE `id` = 3 LIMIT 1   [ RunTime:0.0010s ]
INFO: [ view_parse ] --START--
INFO: [ template_filter ] --START--
INFO: Run Behavior\ContentReplaceBehavior [ RunTime:0.000000s ]
INFO: [ template_filter ] --END-- [ RunTime:0.000000s ]
INFO: Run Behavior\ParseTemplateBehavior [ RunTime:0.008001s ]
INFO: [ view_parse ] --END-- [ RunTime:0.008001s ]
INFO: [ view_filter ] --START--
INFO: Run Behavior\WriteHtmlCacheBehavior [ RunTime:0.001000s ]
INFO: [ view_filter ] --END-- [ RunTime:0.001000s ]
INFO: [ app_end ] --START--
INFO: Run Behavior\ShowPageTraceBehavior [ RunTime:0.000000s ]
INFO: [ app_end ] --END-- [ RunTime:0.000000s ]

[ 2018-10-30T14:41:25+08:00 ] 127.0.0.1 /index.php/Admin/Index/index.html
NOTIC: [8] Use of undefined constant SHOW_PAGE_TRACE - assumed 'SHOW_PAGE_TRACE' E:\www\tour\Application\Common\Conf\debug.php 第 4 行.
INFO: [ app_init ] --START--
INFO: Run Behavior\BuildLiteBehavior [ RunTime:0.000000s ]
INFO: [ app_init ] --END-- [ RunTime:0.000000s ]
INFO: [ app_begin ] --START--
INFO: Run Behavior\ReadHtmlCacheBehavior [ RunTime:0.001000s ]
INFO: [ app_begin ] --END-- [ RunTime:0.001000s ]
SQL: SHOW COLUMNS FROM `lr_web` [ RunTime:0.0300s ]
SQL: SELECT `concent` FROM `lr_web` WHERE ( id=5 ) LIMIT 1   [ RunTime:0.0010s ]
INFO: [ view_parse ] --START--
INFO: [ template_filter ] --START--
INFO: Run Behavior\ContentReplaceBehavior [ RunTime:0.000000s ]
INFO: [ template_filter ] --END-- [ RunTime:0.000000s ]
INFO: Run Behavior\ParseTemplateBehavior [ RunTime:0.013001s ]
INFO: [ view_parse ] --END-- [ RunTime:0.013001s ]
INFO: [ view_filter ] --START--
INFO: Run Behavior\WriteHtmlCacheBehavior [ RunTime:0.000000s ]
INFO: [ view_filter ] --END-- [ RunTime:0.001000s ]
INFO: [ app_end ] --START--
INFO: Run Behavior\ShowPageTraceBehavior [ RunTime:0.000000s ]
INFO: [ app_end ] --END-- [ RunTime:0.000000s ]

[ 2018-10-30T14:41:25+08:00 ] 127.0.0.1 /index.php/Admin/Page/adminindex.html
NOTIC: [8] Use of undefined constant SHOW_PAGE_TRACE - assumed 'SHOW_PAGE_TRACE' E:\www\tour\Application\Common\Conf\debug.php 第 4 行.
INFO: [ app_init ] --START--
INFO: Run Behavior\BuildLiteBehavior [ RunTime:0.000000s ]
INFO: [ app_init ] --END-- [ RunTime:0.000000s ]
INFO: [ app_begin ] --START--
INFO: Run Behavior\ReadHtmlCacheBehavior [ RunTime:0.001000s ]
INFO: [ app_begin ] --END-- [ RunTime:0.001000s ]
INFO: [ view_parse ] --START--
INFO: [ template_filter ] --START--
INFO: Run Behavior\ContentReplaceBehavior [ RunTime:0.000000s ]
INFO: [ template_filter ] --END-- [ RunTime:0.000000s ]
INFO: Run Behavior\ParseTemplateBehavior [ RunTime:0.009001s ]
INFO: [ view_parse ] --END-- [ RunTime:0.009001s ]
INFO: [ view_filter ] --START--
INFO: Run Behavior\WriteHtmlCacheBehavior [ RunTime:0.000000s ]
INFO: [ view_filter ] --END-- [ RunTime:0.000000s ]
INFO: [ app_end ] --START--
INFO: Run Behavior\ShowPageTraceBehavior [ RunTime:0.001000s ]
INFO: [ app_end ] --END-- [ RunTime:0.001000s ]

[ 2018-10-30T14:41:28+08:00 ] 127.0.0.1 /index.php/Admin/User/daili.html
NOTIC: [8] Use of undefined constant SHOW_PAGE_TRACE - assumed 'SHOW_PAGE_TRACE' E:\www\tour\Application\Common\Conf\debug.php 第 4 行.
INFO: [ app_init ] --START--
INFO: Run Behavior\BuildLiteBehavior [ RunTime:0.000000s ]
INFO: [ app_init ] --END-- [ RunTime:0.000000s ]
INFO: [ app_begin ] --START--
INFO: Run Behavior\ReadHtmlCacheBehavior [ RunTime:0.000000s ]
INFO: [ app_begin ] --END-- [ RunTime:0.001000s ]
NOTIC: [8] Undefined index: tel E:\www\tour\Application\Admin\Controller\UserController.class.php 第 162 行.
NOTIC: [8] Undefined index: name E:\www\tour\Application\Admin\Controller\UserController.class.php 第 163 行.
NOTIC: [8] Undefined index: name E:\www\tour\Application\Admin\Controller\UserController.class.php 第 165 行.
SQL: SHOW COLUMNS FROM `lr_user` [ RunTime:0.0080s ]
SQL: SELECT COUNT(*) AS tp_count FROM `lr_user` WHERE `is_daili` <> 1 LIMIT 1   [ RunTime:0.0000s ]
NOTIC: [8] Undefined index: page E:\www\tour\Application\Admin\Controller\UserController.class.php 第 181 行.
SQL: SHOW COLUMNS FROM `lr_user` [ RunTime:0.0070s ]
SQL: SELECT * FROM `lr_user` WHERE `is_daili` <> 1  [ RunTime:0.0010s ]
SQL: SHOW COLUMNS FROM `lr_level` [ RunTime:0.0070s ]
SQL: SELECT `level_name` FROM `lr_level` WHERE `id` = 2 LIMIT 1   [ RunTime:0.0010s ]
SQL: SELECT `level_name` FROM `lr_level` WHERE `id` = 1 LIMIT 1   [ RunTime:0.0010s ]
SQL: SELECT `level_name` FROM `lr_level` WHERE `id` = 3 LIMIT 1   [ RunTime:0.0010s ]
INFO: [ view_parse ] --START--
INFO: [ template_filter ] --START--
INFO: Run Behavior\ContentReplaceBehavior [ RunTime:0.000000s ]
INFO: [ template_filter ] --END-- [ RunTime:0.000000s ]
INFO: Run Behavior\ParseTemplateBehavior [ RunTime:0.007000s ]
INFO: [ view_parse ] --END-- [ RunTime:0.007000s ]
INFO: [ view_filter ] --START--
INFO: Run Behavior\WriteHtmlCacheBehavior [ RunTime:0.000000s ]
INFO: [ view_filter ] --END-- [ RunTime:0.000000s ]
INFO: [ app_end ] --START--
INFO: Run Behavior\ShowPageTraceBehavior [ RunTime:0.000000s ]
INFO: [ app_end ] --END-- [ RunTime:0.000000s ]

[ 2018-10-30T14:41:51+08:00 ] 127.0.0.1 /index.php/Admin/Index/index.html
NOTIC: [8] Use of undefined constant SHOW_PAGE_TRACE - assumed 'SHOW_PAGE_TRACE' E:\www\tour\Application\Common\Conf\debug.php 第 4 行.
INFO: [ app_init ] --START--
INFO: Run Behavior\BuildLiteBehavior [ RunTime:0.000000s ]
INFO: [ app_init ] --END-- [ RunTime:0.000000s ]
INFO: [ app_begin ] --START--
INFO: Run Behavior\ReadHtmlCacheBehavior [ RunTime:0.001000s ]
INFO: [ app_begin ] --END-- [ RunTime:0.001000s ]
SQL: SHOW COLUMNS FROM `lr_web` [ RunTime:0.0080s ]
SQL: SELECT `concent` FROM `lr_web` WHERE ( id=5 ) LIMIT 1   [ RunTime:0.0010s ]
INFO: [ view_parse ] --START--
INFO: [ template_filter ] --START--
INFO: Run Behavior\ContentReplaceBehavior [ RunTime:0.000000s ]
INFO: [ template_filter ] --END-- [ RunTime:0.000000s ]
INFO: Run Behavior\ParseTemplateBehavior [ RunTime:0.007000s ]
INFO: [ view_parse ] --END-- [ RunTime:0.007000s ]
INFO: [ view_filter ] --START--
INFO: Run Behavior\WriteHtmlCacheBehavior [ RunTime:0.000000s ]
INFO: [ view_filter ] --END-- [ RunTime:0.000000s ]
INFO: [ app_end ] --START--
INFO: Run Behavior\ShowPageTraceBehavior [ RunTime:0.000000s ]
INFO: [ app_end ] --END-- [ RunTime:0.000000s ]

[ 2018-10-30T14:41:51+08:00 ] 127.0.0.1 /index.php/Admin/Page/adminindex.html
NOTIC: [8] Use of undefined constant SHOW_PAGE_TRACE - assumed 'SHOW_PAGE_TRACE' E:\www\tour\Application\Common\Conf\debug.php 第 4 行.
INFO: [ app_init ] --START--
INFO: Run Behavior\BuildLiteBehavior [ RunTime:0.000000s ]
INFO: [ app_init ] --END-- [ RunTime:0.000000s ]
INFO: [ app_begin ] --START--
INFO: Run Behavior\ReadHtmlCacheBehavior [ RunTime:0.000000s ]
INFO: [ app_begin ] --END-- [ RunTime:0.000000s ]
INFO: [ view_parse ] --START--
INFO: [ template_filter ] --START--
INFO: Run Behavior\ContentReplaceBehavior [ RunTime:0.000000s ]
INFO: [ template_filter ] --END-- [ RunTime:0.000000s ]
INFO: Run Behavior\ParseTemplateBehavior [ RunTime:0.006001s ]
INFO: [ view_parse ] --END-- [ RunTime:0.006001s ]
INFO: [ view_filter ] --START--
INFO: Run Behavior\WriteHtmlCacheBehavior [ RunTime:0.000000s ]
INFO: [ view_filter ] --END-- [ RunTime:0.000000s ]
INFO: [ app_end ] --START--
INFO: Run Behavior\ShowPageTraceBehavior [ RunTime:0.000000s ]
INFO: [ app_end ] --END-- [ RunTime:0.000000s ]

[ 2018-10-30T14:41:54+08:00 ] 127.0.0.1 /index.php/Admin/Adminuser/adminuser.html
NOTIC: [8] Use of undefined constant SHOW_PAGE_TRACE - assumed 'SHOW_PAGE_TRACE' E:\www\tour\Application\Common\Conf\debug.php 第 4 行.
INFO: [ app_init ] --START--
INFO: Run Behavior\BuildLiteBehavior [ RunTime:0.000000s ]
INFO: [ app_init ] --END-- [ RunTime:0.000000s ]
INFO: [ app_begin ] --START--
INFO: Run Behavior\ReadHtmlCacheBehavior [ RunTime:0.001000s ]
INFO: [ app_begin ] --END-- [ RunTime:0.001000s ]
NOTIC: [8] Undefined index: id E:\www\tour\Application\Admin\Controller\AdminuserController.class.php 第 9 行.
NOTIC: [8] Undefined index: name E:\www\tour\Application\Admin\Controller\AdminuserController.class.php 第 10 行.
NOTIC: [8] Undefined index: name E:\www\tour\Application\Admin\Controller\AdminuserController.class.php 第 12 行.
SQL: SHOW COLUMNS FROM `lr_adminuser` [ RunTime:0.0080s ]
SQL: SELECT COUNT(*) AS tp_count FROM `lr_adminuser` WHERE ( 1=1 AND del<1 ) LIMIT 1   [ RunTime:0.0010s ]
NOTIC: [8] Undefined index: page E:\www\tour\Application\Admin\Controller\AdminuserController.class.php 第 23 行.
SQL: SELECT * FROM `lr_adminuser` WHERE ( 1=1 AND del<1 ) ORDER BY id desc LIMIT 0,10   [ RunTime:0.0020s ]
INFO: [ view_parse ] --START--
INFO: [ template_filter ] --START--
INFO: Run Behavior\ContentReplaceBehavior [ RunTime:0.000000s ]
INFO: [ template_filter ] --END-- [ RunTime:0.000000s ]
NOTIC: [8] Undefined variable: tel E:\www\tour\Application\Runtime\Cache\Admin\e102fdd2f328eb01b9c3cd08227cc0f3.php 第 28 行.
INFO: Run Behavior\ParseTemplateBehavior [ RunTime:0.039002s ]
INFO: [ view_parse ] --END-- [ RunTime:0.039002s ]
INFO: [ view_filter ] --START--
INFO: Run Behavior\WriteHtmlCacheBehavior [ RunTime:0.000000s ]
INFO: [ view_filter ] --END-- [ RunTime:0.000000s ]
INFO: [ app_end ] --START--
INFO: Run Behavior\ShowPageTraceBehavior [ RunTime:0.000000s ]
INFO: [ app_end ] --END-- [ RunTime:0.000000s ]

[ 2018-10-30T14:42:01+08:00 ] 127.0.0.1 /index.php/Admin/User/daili.html
NOTIC: [8] Use of undefined constant SHOW_PAGE_TRACE - assumed 'SHOW_PAGE_TRACE' E:\www\tour\Application\Common\Conf\debug.php 第 4 行.
INFO: [ app_init ] --START--
INFO: Run Behavior\BuildLiteBehavior [ RunTime:0.000000s ]
INFO: [ app_init ] --END-- [ RunTime:0.000000s ]
INFO: [ app_begin ] --START--
INFO: Run Behavior\ReadHtmlCacheBehavior [ RunTime:0.000000s ]
INFO: [ app_begin ] --END-- [ RunTime:0.000000s ]
NOTIC: [8] Undefined index: tel E:\www\tour\Application\Admin\Controller\UserController.class.php 第 162 行.
NOTIC: [8] Undefined index: name E:\www\tour\Application\Admin\Controller\UserController.class.php 第 163 行.
NOTIC: [8] Undefined index: name E:\www\tour\Application\Admin\Controller\UserController.class.php 第 165 行.
SQL: SHOW COLUMNS FROM `lr_user` [ RunTime:0.0080s ]
SQL: SELECT COUNT(*) AS tp_count FROM `lr_user` WHERE `is_daili` <> 1 LIMIT 1   [ RunTime:0.0010s ]
NOTIC: [8] Undefined index: page E:\www\tour\Application\Admin\Controller\UserController.class.php 第 181 行.
SQL: SHOW COLUMNS FROM `lr_user` [ RunTime:0.0070s ]
SQL: SELECT * FROM `lr_user` WHERE `is_daili` <> 1  [ RunTime:0.0020s ]
SQL: SHOW COLUMNS FROM `lr_level` [ RunTime:0.0070s ]
SQL: SELECT `level_name` FROM `lr_level` WHERE `id` = 2 LIMIT 1   [ RunTime:0.0000s ]
SQL: SELECT `level_name` FROM `lr_level` WHERE `id` = 1 LIMIT 1   [ RunTime:0.0000s ]
SQL: SELECT `level_name` FROM `lr_level` WHERE `id` = 3 LIMIT 1   [ RunTime:0.0010s ]
INFO: [ view_parse ] --START--
INFO: [ template_filter ] --START--
INFO: Run Behavior\ContentReplaceBehavior [ RunTime:0.000000s ]
INFO: [ template_filter ] --END-- [ RunTime:0.000000s ]
INFO: Run Behavior\ParseTemplateBehavior [ RunTime:0.006000s ]
INFO: [ view_parse ] --END-- [ RunTime:0.006000s ]
INFO: [ view_filter ] --START--
INFO: Run Behavior\WriteHtmlCacheBehavior [ RunTime:0.000000s ]
INFO: [ view_filter ] --END-- [ RunTime:0.000000s ]
INFO: [ app_end ] --START--
INFO: Run Behavior\ShowPageTraceBehavior [ RunTime:0.001000s ]
INFO: [ app_end ] --END-- [ RunTime:0.001000s ]

[ 2018-10-30T14:42:02+08:00 ] 127.0.0.1 /index.php/Admin/User/level_list.html
NOTIC: [8] Use of undefined constant SHOW_PAGE_TRACE - assumed 'SHOW_PAGE_TRACE' E:\www\tour\Application\Common\Conf\debug.php 第 4 行.
INFO: [ app_init ] --START--
INFO: Run Behavior\BuildLiteBehavior [ RunTime:0.000000s ]
INFO: [ app_init ] --END-- [ RunTime:0.001000s ]
INFO: [ app_begin ] --START--
INFO: Run Behavior\ReadHtmlCacheBehavior [ RunTime:0.000000s ]
INFO: [ app_begin ] --END-- [ RunTime:0.000000s ]
SQL: SHOW COLUMNS FROM `lr_level` [ RunTime:0.0030s ]
SQL: SELECT * FROM `lr_level`  [ RunTime:0.0010s ]
INFO: [ view_parse ] --START--
INFO: [ template_filter ] --START--
INFO: Run Behavior\ContentReplaceBehavior [ RunTime:0.000000s ]
INFO: [ template_filter ] --END-- [ RunTime:0.000000s ]
NOTIC: [8] Undefined variable: tel E:\www\tour\Application\Runtime\Cache\Admin\e27de8a924ba28d44584ba8087cae46f.php 第 28 行.
NOTIC: [8] Undefined variable: name E:\www\tour\Application\Runtime\Cache\Admin\e27de8a924ba28d44584ba8087cae46f.php 第 28 行.
NOTIC: [8] Undefined index: name E:\www\tour\Application\Runtime\Cache\Admin\e27de8a924ba28d44584ba8087cae46f.php 第 50 行.
NOTIC: [8] Undefined index: name E:\www\tour\Application\Runtime\Cache\Admin\e27de8a924ba28d44584ba8087cae46f.php 第 50 行.
NOTIC: [8] Undefined index: name E:\www\tour\Application\Runtime\Cache\Admin\e27de8a924ba28d44584ba8087cae46f.php 第 50 行.
NOTIC: [8] Undefined variable: page_index E:\www\tour\Application\Runtime\Cache\Admin\e27de8a924ba28d44584ba8087cae46f.php 第 62 行.
INFO: Run Behavior\ParseTemplateBehavior [ RunTime:0.010000s ]
INFO: [ view_parse ] --END-- [ RunTime:0.010000s ]
INFO: [ view_filter ] --START--
INFO: Run Behavior\WriteHtmlCacheBehavior [ RunTime:0.000000s ]
INFO: [ view_filter ] --END-- [ RunTime:0.000000s ]
INFO: [ app_end ] --START--
INFO: Run Behavior\ShowPageTraceBehavior [ RunTime:0.000000s ]
INFO: [ app_end ] --END-- [ RunTime:0.000000s ]

[ 2018-10-30T14:42:04+08:00 ] 127.0.0.1 /index.php/Admin/User/daili.html
NOTIC: [8] Use of undefined constant SHOW_PAGE_TRACE - assumed 'SHOW_PAGE_TRACE' E:\www\tour\Application\Common\Conf\debug.php 第 4 行.
INFO: [ app_init ] --START--
INFO: Run Behavior\BuildLiteBehavior [ RunTime:0.000000s ]
INFO: [ app_init ] --END-- [ RunTime:0.000000s ]
INFO: [ app_begin ] --START--
INFO: Run Behavior\ReadHtmlCacheBehavior [ RunTime:0.001000s ]
INFO: [ app_begin ] --END-- [ RunTime:0.001000s ]
NOTIC: [8] Undefined index: tel E:\www\tour\Application\Admin\Controller\UserController.class.php 第 162 行.
NOTIC: [8] Undefined index: name E:\www\tour\Application\Admin\Controller\UserController.class.php 第 163 行.
NOTIC: [8] Undefined index: name E:\www\tour\Application\Admin\Controller\UserController.class.php 第 165 行.
SQL: SHOW COLUMNS FROM `lr_user` [ RunTime:0.0040s ]
SQL: SELECT COUNT(*) AS tp_count FROM `lr_user` WHERE `is_daili` <> 1 LIMIT 1   [ RunTime:0.0010s ]
NOTIC: [8] Undefined index: page E:\www\tour\Application\Admin\Controller\UserController.class.php 第 181 行.
SQL: SHOW COLUMNS FROM `lr_user` [ RunTime:0.0040s ]
SQL: SELECT * FROM `lr_user` WHERE `is_daili` <> 1  [ RunTime:0.0010s ]
SQL: SHOW COLUMNS FROM `lr_level` [ RunTime:0.0040s ]
SQL: SELECT `level_name` FROM `lr_level` WHERE `id` = 2 LIMIT 1   [ RunTime:0.0000s ]
SQL: SELECT `level_name` FROM `lr_level` WHERE `id` = 1 LIMIT 1   [ RunTime:0.0010s ]
SQL: SELECT `level_name` FROM `lr_level` WHERE `id` = 3 LIMIT 1   [ RunTime:0.0010s ]
INFO: [ view_parse ] --START--
INFO: [ template_filter ] --START--
INFO: Run Behavior\ContentReplaceBehavior [ RunTime:0.000000s ]
INFO: [ template_filter ] --END-- [ RunTime:0.000000s ]
INFO: Run Behavior\ParseTemplateBehavior [ RunTime:0.006000s ]
INFO: [ view_parse ] --END-- [ RunTime:0.006000s ]
INFO: [ view_filter ] --START--
INFO: Run Behavior\WriteHtmlCacheBehavior [ RunTime:0.000000s ]
INFO: [ view_filter ] --END-- [ RunTime:0.000000s ]
INFO: [ app_end ] --START--
INFO: Run Behavior\ShowPageTraceBehavior [ RunTime:0.000000s ]
INFO: [ app_end ] --END-- [ RunTime:0.000000s ]

[ 2018-10-30T14:42:06+08:00 ] 127.0.0.1 /index.php/Admin/User/index.html
NOTIC: [8] Use of undefined constant SHOW_PAGE_TRACE - assumed 'SHOW_PAGE_TRACE' E:\www\tour\Application\Common\Conf\debug.php 第 4 行.
INFO: [ app_init ] --START--
INFO: Run Behavior\BuildLiteBehavior [ RunTime:0.000000s ]
INFO: [ app_init ] --END-- [ RunTime:0.000000s ]
INFO: [ app_begin ] --START--
INFO: Run Behavior\ReadHtmlCacheBehavior [ RunTime:0.000000s ]
INFO: [ app_begin ] --END-- [ RunTime:0.000000s ]
NOTIC: [8] Undefined index: type E:\www\tour\Application\Admin\Controller\UserController.class.php 第 11 行.
NOTIC: [8] Undefined index: id E:\www\tour\Application\Admin\Controller\UserController.class.php 第 12 行.
NOTIC: [8] Undefined index: tel E:\www\tour\Application\Admin\Controller\UserController.class.php 第 13 行.
NOTIC: [8] Undefined index: name E:\www\tour\Application\Admin\Controller\UserController.class.php 第 14 行.
NOTIC: [8] Undefined index: name E:\www\tour\Application\Admin\Controller\UserController.class.php 第 16 行.
SQL: SHOW COLUMNS FROM `lr_user` [ RunTime:0.0050s ]
SQL: SELECT COUNT(*) AS tp_count FROM `lr_user` WHERE ( 1=1 ) LIMIT 1   [ RunTime:0.0010s ]
NOTIC: [8] Undefined index: page E:\www\tour\Application\Admin\Controller\UserController.class.php 第 26 行.
SQL: SELECT * FROM `lr_user` WHERE ( 1=1 ) ORDER BY id desc LIMIT 0,20   [ RunTime:0.0020s ]
SQL: SHOW COLUMNS FROM `lr_level` [ RunTime:0.0030s ]
SQL: SELECT `level_name` FROM `lr_level` WHERE `id` = 3 LIMIT 1   [ RunTime:0.0010s ]
SQL: SELECT `level_name` FROM `lr_level` WHERE `id` = 1 LIMIT 1   [ RunTime:0.0000s ]
SQL: SELECT `uname` FROM `lr_user` WHERE `id` = 3 LIMIT 1   [ RunTime:0.0000s ]
SQL: SELECT `level_name` FROM `lr_level` WHERE `id` = 2 LIMIT 1   [ RunTime:0.0010s ]
SQL: SELECT `uname` FROM `lr_user` WHERE `id` = 2 LIMIT 1   [ RunTime:0.0010s ]
INFO: [ view_parse ] --START--
INFO: [ template_filter ] --START--
INFO: Run Behavior\ContentReplaceBehavior [ RunTime:0.000000s ]
INFO: [ template_filter ] --END-- [ RunTime:0.000000s ]
NOTIC: [8] Undefined index: top_uname E:\www\tour\Application\Runtime\Cache\Admin\65e605872ed5d34210f5b33beb13f5a3.php 第 65 行.
INFO: Run Behavior\ParseTemplateBehavior [ RunTime:0.025002s ]
INFO: [ view_parse ] --END-- [ RunTime:0.025002s ]
INFO: [ view_filter ] --START--
INFO: Run Behavior\WriteHtmlCacheBehavior [ RunTime:0.000000s ]
INFO: [ view_filter ] --END-- [ RunTime:0.000000s ]
INFO: [ app_end ] --START--
INFO: Run Behavior\ShowPageTraceBehavior [ RunTime:0.000000s ]
INFO: [ app_end ] --END-- [ RunTime:0.000000s ]

[ 2018-10-30T14:42:08+08:00 ] 127.0.0.1 /index.php/Admin/Adminuser/add.html
NOTIC: [8] Use of undefined constant SHOW_PAGE_TRACE - assumed 'SHOW_PAGE_TRACE' E:\www\tour\Application\Common\Conf\debug.php 第 4 行.
INFO: [ app_init ] --START--
INFO: Run Behavior\BuildLiteBehavior [ RunTime:0.000000s ]
INFO: [ app_init ] --END-- [ RunTime:0.000000s ]
INFO: [ app_begin ] --START--
INFO: Run Behavior\ReadHtmlCacheBehavior [ RunTime:0.001000s ]
INFO: [ app_begin ] --END-- [ RunTime:0.001000s ]
NOTIC: [8] Undefined index: id E:\www\tour\Application\Admin\Controller\AdminuserController.class.php 第 49 行.
NOTIC: [8] Undefined index: submit E:\www\tour\Application\Admin\Controller\AdminuserController.class.php 第 50 行.
INFO: [ view_parse ] --START--
INFO: [ template_filter ] --START--
INFO: Run Behavior\ContentReplaceBehavior [ RunTime:0.000000s ]
INFO: [ template_filter ] --END-- [ RunTime:0.000000s ]
NOTIC: [2] Illegal string offset 'name' E:\www\tour\Application\Runtime\Cache\Admin\5f1eba2ca92f142394fbd68dce8c7c6a.php 第 36 行.
NOTIC: [8] Uninitialized string offset: 0 E:\www\tour\Application\Runtime\Cache\Admin\5f1eba2ca92f142394fbd68dce8c7c6a.php 第 36 行.
NOTIC: [2] Illegal string offset 'id' E:\www\tour\Application\Runtime\Cache\Admin\5f1eba2ca92f142394fbd68dce8c7c6a.php 第 50 行.
NOTIC: [8] Uninitialized string offset: 0 E:\www\tour\Application\Runtime\Cache\Admin\5f1eba2ca92f142394fbd68dce8c7c6a.php 第 50 行.
INFO: Run Behavior\ParseTemplateBehavior [ RunTime:0.030002s ]
INFO: [ view_parse ] --END-- [ RunTime:0.030002s ]
INFO: [ view_filter ] --START--
INFO: Run Behavior\WriteHtmlCacheBehavior [ RunTime:0.000000s ]
INFO: [ view_filter ] --END-- [ RunTime:0.000000s ]
INFO: [ app_end ] --START--
INFO: Run Behavior\ShowPageTraceBehavior [ RunTime:0.001000s ]
INFO: [ app_end ] --END-- [ RunTime:0.001000s ]

[ 2018-10-30T14:42:13+08:00 ] 127.0.0.1 /index.php/Admin/Adminuser/adminuser.html
NOTIC: [8] Use of undefined constant SHOW_PAGE_TRACE - assumed 'SHOW_PAGE_TRACE' E:\www\tour\Application\Common\Conf\debug.php 第 4 行.
INFO: [ app_init ] --START--
INFO: Run Behavior\BuildLiteBehavior [ RunTime:0.000000s ]
INFO: [ app_init ] --END-- [ RunTime:0.000000s ]
INFO: [ app_begin ] --START--
INFO: Run Behavior\ReadHtmlCacheBehavior [ RunTime:0.001000s ]
INFO: [ app_begin ] --END-- [ RunTime:0.001000s ]
NOTIC: [8] Undefined index: id E:\www\tour\Application\Admin\Controller\AdminuserController.class.php 第 9 行.
NOTIC: [8] Undefined index: name E:\www\tour\Application\Admin\Controller\AdminuserController.class.php 第 10 行.
NOTIC: [8] Undefined index: name E:\www\tour\Application\Admin\Controller\AdminuserController.class.php 第 12 行.
SQL: SHOW COLUMNS FROM `lr_adminuser` [ RunTime:0.0070s ]
SQL: SELECT COUNT(*) AS tp_count FROM `lr_adminuser` WHERE ( 1=1 AND del<1 ) LIMIT 1   [ RunTime:0.0010s ]
NOTIC: [8] Undefined index: page E:\www\tour\Application\Admin\Controller\AdminuserController.class.php 第 23 行.
SQL: SELECT * FROM `lr_adminuser` WHERE ( 1=1 AND del<1 ) ORDER BY id desc LIMIT 0,10   [ RunTime:0.0020s ]
INFO: [ view_parse ] --START--
INFO: [ template_filter ] --START--
INFO: Run Behavior\ContentReplaceBehavior [ RunTime:0.000000s ]
INFO: [ template_filter ] --END-- [ RunTime:0.000000s ]
NOTIC: [8] Undefined variable: tel E:\www\tour\Application\Runtime\Cache\Admin\e102fdd2f328eb01b9c3cd08227cc0f3.php 第 28 行.
INFO: Run Behavior\ParseTemplateBehavior [ RunTime:0.009001s ]
INFO: [ view_parse ] --END-- [ RunTime:0.009001s ]
INFO: [ view_filter ] --START--
INFO: Run Behavior\WriteHtmlCacheBehavior [ RunTime:0.000000s ]
INFO: [ view_filter ] --END-- [ RunTime:0.000000s ]
INFO: [ app_end ] --START--
INFO: Run Behavior\ShowPageTraceBehavior [ RunTime:0.001000s ]
INFO: [ app_end ] --END-- [ RunTime:0.001000s ]

[ 2018-10-30T14:42:13+08:00 ] 127.0.0.1 /index.php/Admin/Adminuser/add.html
NOTIC: [8] Use of undefined constant SHOW_PAGE_TRACE - assumed 'SHOW_PAGE_TRACE' E:\www\tour\Application\Common\Conf\debug.php 第 4 行.
INFO: [ app_init ] --START--
INFO: Run Behavior\BuildLiteBehavior [ RunTime:0.000000s ]
INFO: [ app_init ] --END-- [ RunTime:0.000000s ]
INFO: [ app_begin ] --START--
INFO: Run Behavior\ReadHtmlCacheBehavior [ RunTime:0.001000s ]
INFO: [ app_begin ] --END-- [ RunTime:0.001000s ]
NOTIC: [8] Undefined index: id E:\www\tour\Application\Admin\Controller\AdminuserController.class.php 第 49 行.
NOTIC: [8] Undefined index: submit E:\www\tour\Application\Admin\Controller\AdminuserController.class.php 第 50 行.
INFO: [ view_parse ] --START--
INFO: [ template_filter ] --START--
INFO: Run Behavior\ContentReplaceBehavior [ RunTime:0.000000s ]
INFO: [ template_filter ] --END-- [ RunTime:0.000000s ]
NOTIC: [2] Illegal string offset 'name' E:\www\tour\Application\Runtime\Cache\Admin\5f1eba2ca92f142394fbd68dce8c7c6a.php 第 36 行.
NOTIC: [8] Uninitialized string offset: 0 E:\www\tour\Application\Runtime\Cache\Admin\5f1eba2ca92f142394fbd68dce8c7c6a.php 第 36 行.
NOTIC: [2] Illegal string offset 'id' E:\www\tour\Application\Runtime\Cache\Admin\5f1eba2ca92f142394fbd68dce8c7c6a.php 第 50 行.
NOTIC: [8] Uninitialized string offset: 0 E:\www\tour\Application\Runtime\Cache\Admin\5f1eba2ca92f142394fbd68dce8c7c6a.php 第 50 行.
INFO: Run Behavior\ParseTemplateBehavior [ RunTime:0.004000s ]
INFO: [ view_parse ] --END-- [ RunTime:0.005000s ]
INFO: [ view_filter ] --START--
INFO: Run Behavior\WriteHtmlCacheBehavior [ RunTime:0.000000s ]
INFO: [ view_filter ] --END-- [ RunTime:0.000000s ]
INFO: [ app_end ] --START--
INFO: Run Behavior\ShowPageTraceBehavior [ RunTime:0.000000s ]
INFO: [ app_end ] --END-- [ RunTime:0.001000s ]

[ 2018-10-30T14:42:32+08:00 ] 127.0.0.1 /index.php/Admin/Adminuser/add.html
NOTIC: [8] Use of undefined constant SHOW_PAGE_TRACE - assumed 'SHOW_PAGE_TRACE' E:\www\tour\Application\Common\Conf\debug.php 第 4 行.
INFO: [ app_init ] --START--
INFO: Run Behavior\BuildLiteBehavior [ RunTime:0.000000s ]
INFO: [ app_init ] --END-- [ RunTime:0.000000s ]
INFO: [ app_begin ] --START--
INFO: Run Behavior\ReadHtmlCacheBehavior [ RunTime:0.001000s ]
INFO: [ app_begin ] --END-- [ RunTime:0.001000s ]
NOTIC: [8] Undefined index: id E:\www\tour\Application\Admin\Controller\AdminuserController.class.php 第 49 行.
NOTIC: [8] Undefined index: submit E:\www\tour\Application\Admin\Controller\AdminuserController.class.php 第 50 行.
INFO: [ view_parse ] --START--
INFO: [ template_filter ] --START--
INFO: Run Behavior\ContentReplaceBehavior [ RunTime:0.000000s ]
INFO: [ template_filter ] --END-- [ RunTime:0.000000s ]
NOTIC: [2] Illegal string offset 'name' E:\www\tour\Application\Runtime\Cache\Admin\5f1eba2ca92f142394fbd68dce8c7c6a.php 第 36 行.
NOTIC: [8] Uninitialized string offset: 0 E:\www\tour\Application\Runtime\Cache\Admin\5f1eba2ca92f142394fbd68dce8c7c6a.php 第 36 行.
NOTIC: [2] Illegal string offset 'id' E:\www\tour\Application\Runtime\Cache\Admin\5f1eba2ca92f142394fbd68dce8c7c6a.php 第 50 行.
NOTIC: [8] Uninitialized string offset: 0 E:\www\tour\Application\Runtime\Cache\Admin\5f1eba2ca92f142394fbd68dce8c7c6a.php 第 50 行.
INFO: Run Behavior\ParseTemplateBehavior [ RunTime:0.005000s ]
INFO: [ view_parse ] --END-- [ RunTime:0.005000s ]
INFO: [ view_filter ] --START--
INFO: Run Behavior\WriteHtmlCacheBehavior [ RunTime:0.001000s ]
INFO: [ view_filter ] --END-- [ RunTime:0.001000s ]
INFO: [ app_end ] --START--
INFO: Run Behavior\ShowPageTraceBehavior [ RunTime:0.001000s ]
INFO: [ app_end ] --END-- [ RunTime:0.001000s ]

[ 2018-10-30T14:42:33+08:00 ] 127.0.0.1 /index.php/Admin/Adminuser/adminuser.html
NOTIC: [8] Use of undefined constant SHOW_PAGE_TRACE - assumed 'SHOW_PAGE_TRACE' E:\www\tour\Application\Common\Conf\debug.php 第 4 行.
INFO: [ app_init ] --START--
INFO: Run Behavior\BuildLiteBehavior [ RunTime:0.000000s ]
INFO: [ app_init ] --END-- [ RunTime:0.000000s ]
INFO: [ app_begin ] --START--
INFO: Run Behavior\ReadHtmlCacheBehavior [ RunTime:0.000000s ]
INFO: [ app_begin ] --END-- [ RunTime:0.001000s ]
NOTIC: [8] Undefined index: id E:\www\tour\Application\Admin\Controller\AdminuserController.class.php 第 9 行.
NOTIC: [8] Undefined index: name E:\www\tour\Application\Admin\Controller\AdminuserController.class.php 第 10 行.
NOTIC: [8] Undefined index: name E:\www\tour\Application\Admin\Controller\AdminuserController.class.php 第 12 行.
SQL: SHOW COLUMNS FROM `lr_adminuser` [ RunTime:0.0020s ]
SQL: SELECT COUNT(*) AS tp_count FROM `lr_adminuser` WHERE ( 1=1 AND del<1 ) LIMIT 1   [ RunTime:0.0000s ]
NOTIC: [8] Undefined index: page E:\www\tour\Application\Admin\Controller\AdminuserController.class.php 第 23 行.
SQL: SELECT * FROM `lr_adminuser` WHERE ( 1=1 AND del<1 ) ORDER BY id desc LIMIT 0,10   [ RunTime:0.0010s ]
INFO: [ view_parse ] --START--
INFO: [ template_filter ] --START--
INFO: Run Behavior\ContentReplaceBehavior [ RunTime:0.000000s ]
INFO: [ template_filter ] --END-- [ RunTime:0.000000s ]
NOTIC: [8] Undefined variable: tel E:\www\tour\Application\Runtime\Cache\Admin\e102fdd2f328eb01b9c3cd08227cc0f3.php 第 28 行.
INFO: Run Behavior\ParseTemplateBehavior [ RunTime:0.007000s ]
INFO: [ view_parse ] --END-- [ RunTime:0.007000s ]
INFO: [ view_filter ] --START--
INFO: Run Behavior\WriteHtmlCacheBehavior [ RunTime:0.000000s ]
INFO: [ view_filter ] --END-- [ RunTime:0.000000s ]
INFO: [ app_end ] --START--
INFO: Run Behavior\ShowPageTraceBehavior [ RunTime:0.000000s ]
INFO: [ app_end ] --END-- [ RunTime:0.000000s ]

[ 2018-10-30T14:42:40+08:00 ] 127.0.0.1 /index.php/Admin/Adminuser/add.html?id=2
NOTIC: [8] Use of undefined constant SHOW_PAGE_TRACE - assumed 'SHOW_PAGE_TRACE' E:\www\tour\Application\Common\Conf\debug.php 第 4 行.
INFO: [ app_init ] --START--
INFO: Run Behavior\BuildLiteBehavior [ RunTime:0.000000s ]
INFO: [ app_init ] --END-- [ RunTime:0.000000s ]
INFO: [ app_begin ] --START--
INFO: Run Behavior\ReadHtmlCacheBehavior [ RunTime:0.001000s ]
INFO: [ app_begin ] --END-- [ RunTime:0.001000s ]
NOTIC: [8] Undefined index: submit E:\www\tour\Application\Admin\Controller\AdminuserController.class.php 第 50 行.
SQL: SHOW COLUMNS FROM `lr_adminuser` [ RunTime:0.0030s ]
SQL: SELECT * FROM `lr_adminuser` WHERE ( id=2 ) LIMIT 1   [ RunTime:0.0010s ]
INFO: [ view_parse ] --START--
INFO: [ template_filter ] --START--
INFO: Run Behavior\ContentReplaceBehavior [ RunTime:0.000000s ]
INFO: [ template_filter ] --END-- [ RunTime:0.000000s ]
INFO: Run Behavior\ParseTemplateBehavior [ RunTime:0.005000s ]
INFO: [ view_parse ] --END-- [ RunTime:0.005000s ]
INFO: [ view_filter ] --START--
INFO: Run Behavior\WriteHtmlCacheBehavior [ RunTime:0.000000s ]
INFO: [ view_filter ] --END-- [ RunTime:0.000000s ]
INFO: [ app_end ] --START--
INFO: Run Behavior\ShowPageTraceBehavior [ RunTime:0.001000s ]
INFO: [ app_end ] --END-- [ RunTime:0.001000s ]

[ 2018-10-30T14:47:03+08:00 ] 127.0.0.1 /index.php/Admin/Adminuser/adminuser.html
NOTIC: [8] Use of undefined constant SHOW_PAGE_TRACE - assumed 'SHOW_PAGE_TRACE' E:\www\tour\Application\Common\Conf\debug.php 第 4 行.
INFO: [ app_init ] --START--
INFO: Run Behavior\BuildLiteBehavior [ RunTime:0.000000s ]
INFO: [ app_init ] --END-- [ RunTime:0.000000s ]
INFO: [ app_begin ] --START--
INFO: Run Behavior\ReadHtmlCacheBehavior [ RunTime:0.001000s ]
INFO: [ app_begin ] --END-- [ RunTime:0.001000s ]
NOTIC: [8] Undefined index: id E:\www\tour\Application\Admin\Controller\AdminuserController.class.php 第 9 行.
NOTIC: [8] Undefined index: name E:\www\tour\Application\Admin\Controller\AdminuserController.class.php 第 10 行.
NOTIC: [8] Undefined index: name E:\www\tour\Application\Admin\Controller\AdminuserController.class.php 第 12 行.
SQL: SHOW COLUMNS FROM `lr_adminuser` [ RunTime:0.0080s ]
SQL: SELECT COUNT(*) AS tp_count FROM `lr_adminuser` WHERE ( 1=1 AND del<1 ) LIMIT 1   [ RunTime:0.0010s ]
NOTIC: [8] Undefined index: page E:\www\tour\Application\Admin\Controller\AdminuserController.class.php 第 23 行.
SQL: SELECT * FROM `lr_adminuser` WHERE ( 1=1 AND del<1 ) ORDER BY id desc LIMIT 0,10   [ RunTime:0.0010s ]
INFO: [ view_parse ] --START--
INFO: [ template_filter ] --START--
INFO: Run Behavior\ContentReplaceBehavior [ RunTime:0.000000s ]
INFO: [ template_filter ] --END-- [ RunTime:0.000000s ]
NOTIC: [8] Undefined variable: tel E:\www\tour\Application\Runtime\Cache\Admin\e102fdd2f328eb01b9c3cd08227cc0f3.php 第 28 行.
INFO: Run Behavior\ParseTemplateBehavior [ RunTime:0.006000s ]
INFO: [ view_parse ] --END-- [ RunTime:0.006000s ]
INFO: [ view_filter ] --START--
INFO: Run Behavior\WriteHtmlCacheBehavior [ RunTime:0.000000s ]
INFO: [ view_filter ] --END-- [ RunTime:0.000000s ]
INFO: [ app_end ] --START--
INFO: Run Behavior\ShowPageTraceBehavior [ RunTime:0.000000s ]
INFO: [ app_end ] --END-- [ RunTime:0.000000s ]

[ 2018-10-30T14:47:05+08:00 ] 127.0.0.1 /index.php/Admin/User/level_list.html
NOTIC: [8] Use of undefined constant SHOW_PAGE_TRACE - assumed 'SHOW_PAGE_TRACE' E:\www\tour\Application\Common\Conf\debug.php 第 4 行.
INFO: [ app_init ] --START--
INFO: Run Behavior\BuildLiteBehavior [ RunTime:0.000000s ]
INFO: [ app_init ] --END-- [ RunTime:0.000000s ]
INFO: [ app_begin ] --START--
INFO: Run Behavior\ReadHtmlCacheBehavior [ RunTime:0.000000s ]
INFO: [ app_begin ] --END-- [ RunTime:0.000000s ]
SQL: SHOW COLUMNS FROM `lr_level` [ RunTime:0.0070s ]
SQL: SELECT * FROM `lr_level`  [ RunTime:0.0010s ]
INFO: [ view_parse ] --START--
INFO: [ template_filter ] --START--
INFO: Run Behavior\ContentReplaceBehavior [ RunTime:0.000000s ]
INFO: [ template_filter ] --END-- [ RunTime:0.000000s ]
NOTIC: [8] Undefined variable: tel E:\www\tour\Application\Runtime\Cache\Admin\e27de8a924ba28d44584ba8087cae46f.php 第 28 行.
NOTIC: [8] Undefined variable: name E:\www\tour\Application\Runtime\Cache\Admin\e27de8a924ba28d44584ba8087cae46f.php 第 28 行.
NOTIC: [8] Undefined index: name E:\www\tour\Application\Runtime\Cache\Admin\e27de8a924ba28d44584ba8087cae46f.php 第 50 行.
NOTIC: [8] Undefined index: name E:\www\tour\Application\Runtime\Cache\Admin\e27de8a924ba28d44584ba8087cae46f.php 第 50 行.
NOTIC: [8] Undefined index: name E:\www\tour\Application\Runtime\Cache\Admin\e27de8a924ba28d44584ba8087cae46f.php 第 50 行.
NOTIC: [8] Undefined variable: page_index E:\www\tour\Application\Runtime\Cache\Admin\e27de8a924ba28d44584ba8087cae46f.php 第 62 行.
INFO: Run Behavior\ParseTemplateBehavior [ RunTime:0.005000s ]
INFO: [ view_parse ] --END-- [ RunTime:0.005000s ]
INFO: [ view_filter ] --START--
INFO: Run Behavior\WriteHtmlCacheBehavior [ RunTime:0.000000s ]
INFO: [ view_filter ] --END-- [ RunTime:0.001000s ]
INFO: [ app_end ] --START--
INFO: Run Behavior\ShowPageTraceBehavior [ RunTime:0.000000s ]
INFO: [ app_end ] --END-- [ RunTime:0.000000s ]

[ 2018-10-30T14:47:06+08:00 ] 127.0.0.1 /index.php/Admin/User/daili.html
NOTIC: [8] Use of undefined constant SHOW_PAGE_TRACE - assumed 'SHOW_PAGE_TRACE' E:\www\tour\Application\Common\Conf\debug.php 第 4 行.
INFO: [ app_init ] --START--
INFO: Run Behavior\BuildLiteBehavior [ RunTime:0.000000s ]
INFO: [ app_init ] --END-- [ RunTime:0.000000s ]
INFO: [ app_begin ] --START--
INFO: Run Behavior\ReadHtmlCacheBehavior [ RunTime:0.001000s ]
INFO: [ app_begin ] --END-- [ RunTime:0.001000s ]
NOTIC: [8] Undefined index: tel E:\www\tour\Application\Admin\Controller\UserController.class.php 第 162 行.
NOTIC: [8] Undefined index: name E:\www\tour\Application\Admin\Controller\UserController.class.php 第 163 行.
NOTIC: [8] Undefined index: name E:\www\tour\Application\Admin\Controller\UserController.class.php 第 165 行.
SQL: SHOW COLUMNS FROM `lr_user` [ RunTime:0.0080s ]
SQL: SELECT COUNT(*) AS tp_count FROM `lr_user` WHERE `is_daili` <> 1 LIMIT 1   [ RunTime:0.0010s ]
NOTIC: [8] Undefined index: page E:\www\tour\Application\Admin\Controller\UserController.class.php 第 181 行.
SQL: SHOW COLUMNS FROM `lr_user` [ RunTime:0.0090s ]
SQL: SELECT * FROM `lr_user` WHERE `is_daili` <> 1  [ RunTime:0.0010s ]
SQL: SHOW COLUMNS FROM `lr_level` [ RunTime:0.0060s ]
SQL: SELECT `level_name` FROM `lr_level` WHERE `id` = 2 LIMIT 1   [ RunTime:0.0000s ]
SQL: SELECT `level_name` FROM `lr_level` WHERE `id` = 1 LIMIT 1   [ RunTime:0.0010s ]
SQL: SELECT `level_name` FROM `lr_level` WHERE `id` = 3 LIMIT 1   [ RunTime:0.0010s ]
INFO: [ view_parse ] --START--
INFO: [ template_filter ] --START--
INFO: Run Behavior\ContentReplaceBehavior [ RunTime:0.000000s ]
INFO: [ template_filter ] --END-- [ RunTime:0.000000s ]
INFO: Run Behavior\ParseTemplateBehavior [ RunTime:0.006000s ]
INFO: [ view_parse ] --END-- [ RunTime:0.006000s ]
INFO: [ view_filter ] --START--
INFO: Run Behavior\WriteHtmlCacheBehavior [ RunTime:0.001000s ]
INFO: [ view_filter ] --END-- [ RunTime:0.001000s ]
INFO: [ app_end ] --START--
INFO: Run Behavior\ShowPageTraceBehavior [ RunTime:0.000000s ]
INFO: [ app_end ] --END-- [ RunTime:0.000000s ]

[ 2018-10-30T14:47:07+08:00 ] 127.0.0.1 /index.php/Admin/User/level_list.html
NOTIC: [8] Use of undefined constant SHOW_PAGE_TRACE - assumed 'SHOW_PAGE_TRACE' E:\www\tour\Application\Common\Conf\debug.php 第 4 行.
INFO: [ app_init ] --START--
INFO: Run Behavior\BuildLiteBehavior [ RunTime:0.000000s ]
INFO: [ app_init ] --END-- [ RunTime:0.000000s ]
INFO: [ app_begin ] --START--
INFO: Run Behavior\ReadHtmlCacheBehavior [ RunTime:0.000000s ]
INFO: [ app_begin ] --END-- [ RunTime:0.000000s ]
SQL: SHOW COLUMNS FROM `lr_level` [ RunTime:0.0070s ]
SQL: SELECT * FROM `lr_level`  [ RunTime:0.0010s ]
INFO: [ view_parse ] --START--
INFO: [ template_filter ] --START--
INFO: Run Behavior\ContentReplaceBehavior [ RunTime:0.000000s ]
INFO: [ template_filter ] --END-- [ RunTime:0.000000s ]
NOTIC: [8] Undefined variable: tel E:\www\tour\Application\Runtime\Cache\Admin\e27de8a924ba28d44584ba8087cae46f.php 第 28 行.
NOTIC: [8] Undefined variable: name E:\www\tour\Application\Runtime\Cache\Admin\e27de8a924ba28d44584ba8087cae46f.php 第 28 行.
NOTIC: [8] Undefined index: name E:\www\tour\Application\Runtime\Cache\Admin\e27de8a924ba28d44584ba8087cae46f.php 第 50 行.
NOTIC: [8] Undefined index: name E:\www\tour\Application\Runtime\Cache\Admin\e27de8a924ba28d44584ba8087cae46f.php 第 50 行.
NOTIC: [8] Undefined index: name E:\www\tour\Application\Runtime\Cache\Admin\e27de8a924ba28d44584ba8087cae46f.php 第 50 行.
NOTIC: [8] Undefined variable: page_index E:\www\tour\Application\Runtime\Cache\Admin\e27de8a924ba28d44584ba8087cae46f.php 第 62 行.
INFO: Run Behavior\ParseTemplateBehavior [ RunTime:0.005001s ]
INFO: [ view_parse ] --END-- [ RunTime:0.005001s ]
INFO: [ view_filter ] --START--
INFO: Run Behavior\WriteHtmlCacheBehavior [ RunTime:0.000000s ]
INFO: [ view_filter ] --END-- [ RunTime:0.000000s ]
INFO: [ app_end ] --START--
INFO: Run Behavior\ShowPageTraceBehavior [ RunTime:0.000000s ]
INFO: [ app_end ] --END-- [ RunTime:0.000000s ]

[ 2018-10-30T14:47:07+08:00 ] 127.0.0.1 /index.php/Admin/User/daili.html
NOTIC: [8] Use of undefined constant SHOW_PAGE_TRACE - assumed 'SHOW_PAGE_TRACE' E:\www\tour\Application\Common\Conf\debug.php 第 4 行.
INFO: [ app_init ] --START--
INFO: Run Behavior\BuildLiteBehavior [ RunTime:0.000000s ]
INFO: [ app_init ] --END-- [ RunTime:0.000000s ]
INFO: [ app_begin ] --START--
INFO: Run Behavior\ReadHtmlCacheBehavior [ RunTime:0.001000s ]
INFO: [ app_begin ] --END-- [ RunTime:0.001000s ]
NOTIC: [8] Undefined index: tel E:\www\tour\Application\Admin\Controller\UserController.class.php 第 162 行.
NOTIC: [8] Undefined index: name E:\www\tour\Application\Admin\Controller\UserController.class.php 第 163 行.
NOTIC: [8] Undefined index: name E:\www\tour\Application\Admin\Controller\UserController.class.php 第 165 行.
SQL: SHOW COLUMNS FROM `lr_user` [ RunTime:0.0060s ]
SQL: SELECT COUNT(*) AS tp_count FROM `lr_user` WHERE `is_daili` <> 1 LIMIT 1   [ RunTime:0.0010s ]
NOTIC: [8] Undefined index: page E:\www\tour\Application\Admin\Controller\UserController.class.php 第 181 行.
SQL: SHOW COLUMNS FROM `lr_user` [ RunTime:0.0040s ]
SQL: SELECT * FROM `lr_user` WHERE `is_daili` <> 1  [ RunTime:0.0010s ]
SQL: SHOW COLUMNS FROM `lr_level` [ RunTime:0.0040s ]
SQL: SELECT `level_name` FROM `lr_level` WHERE `id` = 2 LIMIT 1   [ RunTime:0.0000s ]
SQL: SELECT `level_name` FROM `lr_level` WHERE `id` = 1 LIMIT 1   [ RunTime:0.0010s ]
SQL: SELECT `level_name` FROM `lr_level` WHERE `id` = 3 LIMIT 1   [ RunTime:0.0010s ]
INFO: [ view_parse ] --START--
INFO: [ template_filter ] --START--
INFO: Run Behavior\ContentReplaceBehavior [ RunTime:0.000000s ]
INFO: [ template_filter ] --END-- [ RunTime:0.000000s ]
INFO: Run Behavior\ParseTemplateBehavior [ RunTime:0.006001s ]
INFO: [ view_parse ] --END-- [ RunTime:0.006001s ]
INFO: [ view_filter ] --START--
INFO: Run Behavior\WriteHtmlCacheBehavior [ RunTime:0.000000s ]
INFO: [ view_filter ] --END-- [ RunTime:0.000000s ]
INFO: [ app_end ] --START--
INFO: Run Behavior\ShowPageTraceBehavior [ RunTime:0.001000s ]
INFO: [ app_end ] --END-- [ RunTime:0.001000s ]

[ 2018-10-30T14:47:09+08:00 ] 127.0.0.1 /index.php/Admin/User/daili.html
NOTIC: [8] Use of undefined constant SHOW_PAGE_TRACE - assumed 'SHOW_PAGE_TRACE' E:\www\tour\Application\Common\Conf\debug.php 第 4 行.
INFO: [ app_init ] --START--
INFO: Run Behavior\BuildLiteBehavior [ RunTime:0.000000s ]
INFO: [ app_init ] --END-- [ RunTime:0.000000s ]
INFO: [ app_begin ] --START--
INFO: Run Behavior\ReadHtmlCacheBehavior [ RunTime:0.000000s ]
INFO: [ app_begin ] --END-- [ RunTime:0.000000s ]
NOTIC: [8] Undefined index: tel E:\www\tour\Application\Admin\Controller\UserController.class.php 第 162 行.
NOTIC: [8] Undefined index: name E:\www\tour\Application\Admin\Controller\UserController.class.php 第 163 行.
NOTIC: [8] Undefined index: name E:\www\tour\Application\Admin\Controller\UserController.class.php 第 165 行.
SQL: SHOW COLUMNS FROM `lr_user` [ RunTime:0.0070s ]
SQL: SELECT COUNT(*) AS tp_count FROM `lr_user` WHERE `is_daili` <> 1 LIMIT 1   [ RunTime:0.0000s ]
NOTIC: [8] Undefined index: page E:\www\tour\Application\Admin\Controller\UserController.class.php 第 181 行.
SQL: SHOW COLUMNS FROM `lr_user` [ RunTime:0.0050s ]
SQL: SELECT * FROM `lr_user` WHERE `is_daili` <> 1  [ RunTime:0.0010s ]
SQL: SHOW COLUMNS FROM `lr_level` [ RunTime:0.0040s ]
SQL: SELECT `level_name` FROM `lr_level` WHERE `id` = 2 LIMIT 1   [ RunTime:0.0010s ]
SQL: SELECT `level_name` FROM `lr_level` WHERE `id` = 1 LIMIT 1   [ RunTime:0.0010s ]
SQL: SELECT `level_name` FROM `lr_level` WHERE `id` = 3 LIMIT 1   [ RunTime:0.0010s ]
INFO: [ view_parse ] --START--
INFO: [ template_filter ] --START--
INFO: Run Behavior\ContentReplaceBehavior [ RunTime:0.000000s ]
INFO: [ template_filter ] --END-- [ RunTime:0.000000s ]
INFO: Run Behavior\ParseTemplateBehavior [ RunTime:0.007000s ]
INFO: [ view_parse ] --END-- [ RunTime:0.007000s ]
INFO: [ view_filter ] --START--
INFO: Run Behavior\WriteHtmlCacheBehavior [ RunTime:0.000000s ]
INFO: [ view_filter ] --END-- [ RunTime:0.000000s ]
INFO: [ app_end ] --START--
INFO: Run Behavior\ShowPageTraceBehavior [ RunTime:0.001000s ]
INFO: [ app_end ] --END-- [ RunTime:0.001000s ]

[ 2018-10-30T14:47:13+08:00 ] 127.0.0.1 /index.php/Admin/Index/index.html
NOTIC: [8] Use of undefined constant SHOW_PAGE_TRACE - assumed 'SHOW_PAGE_TRACE' E:\www\tour\Application\Common\Conf\debug.php 第 4 行.
INFO: [ app_init ] --START--
INFO: Run Behavior\BuildLiteBehavior [ RunTime:0.000000s ]
INFO: [ app_init ] --END-- [ RunTime:0.000000s ]
INFO: [ app_begin ] --START--
INFO: Run Behavior\ReadHtmlCacheBehavior [ RunTime:0.000000s ]
INFO: [ app_begin ] --END-- [ RunTime:0.000000s ]
SQL: SHOW COLUMNS FROM `lr_web` [ RunTime:0.0020s ]
SQL: SELECT `concent` FROM `lr_web` WHERE ( id=5 ) LIMIT 1   [ RunTime:0.0010s ]
INFO: [ view_parse ] --START--
INFO: [ template_filter ] --START--
INFO: Run Behavior\ContentReplaceBehavior [ RunTime:0.000000s ]
INFO: [ template_filter ] --END-- [ RunTime:0.000000s ]
INFO: Run Behavior\ParseTemplateBehavior [ RunTime:0.006000s ]
INFO: [ view_parse ] --END-- [ RunTime:0.006000s ]
INFO: [ view_filter ] --START--
INFO: Run Behavior\WriteHtmlCacheBehavior [ RunTime:0.000000s ]
INFO: [ view_filter ] --END-- [ RunTime:0.000000s ]
INFO: [ app_end ] --START--
INFO: Run Behavior\ShowPageTraceBehavior [ RunTime:0.001000s ]
INFO: [ app_end ] --END-- [ RunTime:0.001000s ]

[ 2018-10-30T14:47:13+08:00 ] 127.0.0.1 /index.php/Admin/Page/adminindex.html
NOTIC: [8] Use of undefined constant SHOW_PAGE_TRACE - assumed 'SHOW_PAGE_TRACE' E:\www\tour\Application\Common\Conf\debug.php 第 4 行.
INFO: [ app_init ] --START--
INFO: Run Behavior\BuildLiteBehavior [ RunTime:0.000000s ]
INFO: [ app_init ] --END-- [ RunTime:0.000000s ]
INFO: [ app_begin ] --START--
INFO: Run Behavior\ReadHtmlCacheBehavior [ RunTime:0.000000s ]
INFO: [ app_begin ] --END-- [ RunTime:0.000000s ]
INFO: [ view_parse ] --START--
INFO: [ template_filter ] --START--
INFO: Run Behavior\ContentReplaceBehavior [ RunTime:0.000000s ]
INFO: [ template_filter ] --END-- [ RunTime:0.000000s ]
INFO: Run Behavior\ParseTemplateBehavior [ RunTime:0.006000s ]
INFO: [ view_parse ] --END-- [ RunTime:0.006000s ]
INFO: [ view_filter ] --START--
INFO: Run Behavior\WriteHtmlCacheBehavior [ RunTime:0.000000s ]
INFO: [ view_filter ] --END-- [ RunTime:0.000000s ]
INFO: [ app_end ] --START--
INFO: Run Behavior\ShowPageTraceBehavior [ RunTime:0.000000s ]
INFO: [ app_end ] --END-- [ RunTime:0.000000s ]

[ 2018-10-30T14:47:16+08:00 ] 127.0.0.1 /index.php/Admin/User/daili.html
NOTIC: [8] Use of undefined constant SHOW_PAGE_TRACE - assumed 'SHOW_PAGE_TRACE' E:\www\tour\Application\Common\Conf\debug.php 第 4 行.
INFO: [ app_init ] --START--
INFO: Run Behavior\BuildLiteBehavior [ RunTime:0.000000s ]
INFO: [ app_init ] --END-- [ RunTime:0.000000s ]
INFO: [ app_begin ] --START--
INFO: Run Behavior\ReadHtmlCacheBehavior [ RunTime:0.000000s ]
INFO: [ app_begin ] --END-- [ RunTime:0.000000s ]
NOTIC: [8] Undefined index: tel E:\www\tour\Application\Admin\Controller\UserController.class.php 第 162 行.
NOTIC: [8] Undefined index: name E:\www\tour\Application\Admin\Controller\UserController.class.php 第 163 行.
NOTIC: [8] Undefined index: name E:\www\tour\Application\Admin\Controller\UserController.class.php 第 165 行.
SQL: SHOW COLUMNS FROM `lr_user` [ RunTime:0.0050s ]
SQL: SELECT COUNT(*) AS tp_count FROM `lr_user` WHERE `is_daili` <> 1 LIMIT 1   [ RunTime:0.0000s ]
NOTIC: [8] Undefined index: page E:\www\tour\Application\Admin\Controller\UserController.class.php 第 181 行.
SQL: SHOW COLUMNS FROM `lr_user` [ RunTime:0.0050s ]
SQL: SELECT * FROM `lr_user` WHERE `is_daili` <> 1  [ RunTime:0.0020s ]
SQL: SHOW COLUMNS FROM `lr_level` [ RunTime:0.0040s ]
SQL: SELECT `level_name` FROM `lr_level` WHERE `id` = 2 LIMIT 1   [ RunTime:0.0010s ]
SQL: SELECT `level_name` FROM `lr_level` WHERE `id` = 1 LIMIT 1   [ RunTime:0.0010s ]
SQL: SELECT `level_name` FROM `lr_level` WHERE `id` = 3 LIMIT 1   [ RunTime:0.0010s ]
INFO: [ view_parse ] --START--
INFO: [ template_filter ] --START--
INFO: Run Behavior\ContentReplaceBehavior [ RunTime:0.000000s ]
INFO: [ template_filter ] --END-- [ RunTime:0.000000s ]
INFO: Run Behavior\ParseTemplateBehavior [ RunTime:0.005000s ]
INFO: [ view_parse ] --END-- [ RunTime:0.005000s ]
INFO: [ view_filter ] --START--
INFO: Run Behavior\WriteHtmlCacheBehavior [ RunTime:0.000000s ]
INFO: [ view_filter ] --END-- [ RunTime:0.000000s ]
INFO: [ app_end ] --START--
INFO: Run Behavior\ShowPageTraceBehavior [ RunTime:0.001000s ]
INFO: [ app_end ] --END-- [ RunTime:0.001000s ]

[ 2018-10-30T14:49:04+08:00 ] 127.0.0.1 /index.php/Admin/Index/index.html
NOTIC: [8] Use of undefined constant SHOW_PAGE_TRACE - assumed 'SHOW_PAGE_TRACE' E:\www\tour\Application\Common\Conf\debug.php 第 4 行.
INFO: [ app_init ] --START--
INFO: Run Behavior\BuildLiteBehavior [ RunTime:0.000000s ]
INFO: [ app_init ] --END-- [ RunTime:0.000000s ]
INFO: [ app_begin ] --START--
INFO: Run Behavior\ReadHtmlCacheBehavior [ RunTime:0.001000s ]
INFO: [ app_begin ] --END-- [ RunTime:0.001000s ]
SQL: SHOW COLUMNS FROM `lr_web` [ RunTime:0.0070s ]
SQL: SELECT `concent` FROM `lr_web` WHERE ( id=5 ) LIMIT 1   [ RunTime:0.0000s ]
INFO: [ view_parse ] --START--
INFO: [ template_filter ] --START--
INFO: Run Behavior\ContentReplaceBehavior [ RunTime:0.000000s ]
INFO: [ template_filter ] --END-- [ RunTime:0.000000s ]
INFO: Run Behavior\ParseTemplateBehavior [ RunTime:0.010001s ]
INFO: [ view_parse ] --END-- [ RunTime:0.010001s ]
INFO: [ view_filter ] --START--
INFO: Run Behavior\WriteHtmlCacheBehavior [ RunTime:0.001000s ]
INFO: [ view_filter ] --END-- [ RunTime:0.001000s ]
INFO: [ app_end ] --START--
INFO: Run Behavior\ShowPageTraceBehavior [ RunTime:0.001000s ]
INFO: [ app_end ] --END-- [ RunTime:0.001000s ]

[ 2018-10-30T14:49:04+08:00 ] 127.0.0.1 /index.php/Admin/Page/adminindex.html
NOTIC: [8] Use of undefined constant SHOW_PAGE_TRACE - assumed 'SHOW_PAGE_TRACE' E:\www\tour\Application\Common\Conf\debug.php 第 4 行.
INFO: [ app_init ] --START--
INFO: Run Behavior\BuildLiteBehavior [ RunTime:0.000000s ]
INFO: [ app_init ] --END-- [ RunTime:0.000000s ]
INFO: [ app_begin ] --START--
INFO: Run Behavior\ReadHtmlCacheBehavior [ RunTime:0.001000s ]
INFO: [ app_begin ] --END-- [ RunTime:0.001000s ]
INFO: [ view_parse ] --START--
INFO: [ template_filter ] --START--
INFO: Run Behavior\ContentReplaceBehavior [ RunTime:0.001000s ]
INFO: [ template_filter ] --END-- [ RunTime:0.001000s ]
INFO: Run Behavior\ParseTemplateBehavior [ RunTime:0.007000s ]
INFO: [ view_parse ] --END-- [ RunTime:0.008000s ]
INFO: [ view_filter ] --START--
INFO: Run Behavior\WriteHtmlCacheBehavior [ RunTime:0.000000s ]
INFO: [ view_filter ] --END-- [ RunTime:0.000000s ]
INFO: [ app_end ] --START--
INFO: Run Behavior\ShowPageTraceBehavior [ RunTime:0.001000s ]
INFO: [ app_end ] --END-- [ RunTime:0.001000s ]

[ 2018-10-30T14:49:06+08:00 ] 127.0.0.1 /index.php/Admin/User/daili.html
NOTIC: [8] Use of undefined constant SHOW_PAGE_TRACE - assumed 'SHOW_PAGE_TRACE' E:\www\tour\Application\Common\Conf\debug.php 第 4 行.
INFO: [ app_init ] --START--
INFO: Run Behavior\BuildLiteBehavior [ RunTime:0.000000s ]
INFO: [ app_init ] --END-- [ RunTime:0.000000s ]
INFO: [ app_begin ] --START--
INFO: Run Behavior\ReadHtmlCacheBehavior [ RunTime:0.000000s ]
INFO: [ app_begin ] --END-- [ RunTime:0.000000s ]
NOTIC: [8] Undefined index: tel E:\www\tour\Application\Admin\Controller\UserController.class.php 第 162 行.
NOTIC: [8] Undefined index: name E:\www\tour\Application\Admin\Controller\UserController.class.php 第 163 行.
NOTIC: [8] Undefined index: name E:\www\tour\Application\Admin\Controller\UserController.class.php 第 165 行.
SQL: SHOW COLUMNS FROM `lr_user` [ RunTime:0.0030s ]
SQL: SELECT COUNT(*) AS tp_count FROM `lr_user` WHERE `is_daili` <> 1 LIMIT 1   [ RunTime:0.0010s ]
NOTIC: [8] Undefined index: page E:\www\tour\Application\Admin\Controller\UserController.class.php 第 181 行.
SQL: SHOW COLUMNS FROM `lr_user` [ RunTime:0.0030s ]
SQL: SELECT * FROM `lr_user` WHERE `is_daili` <> 1  [ RunTime:0.0010s ]
SQL: SHOW COLUMNS FROM `lr_level` [ RunTime:0.0030s ]
SQL: SELECT `level_name` FROM `lr_level` WHERE `id` = 2 LIMIT 1   [ RunTime:0.0000s ]
SQL: SELECT `level_name` FROM `lr_level` WHERE `id` = 1 LIMIT 1   [ RunTime:0.0010s ]
SQL: SELECT `level_name` FROM `lr_level` WHERE `id` = 3 LIMIT 1   [ RunTime:0.0010s ]
INFO: [ view_parse ] --START--
INFO: [ template_filter ] --START--
INFO: Run Behavior\ContentReplaceBehavior [ RunTime:0.000000s ]
INFO: [ template_filter ] --END-- [ RunTime:0.000000s ]
INFO: Run Behavior\ParseTemplateBehavior [ RunTime:0.007001s ]
INFO: [ view_parse ] --END-- [ RunTime:0.007001s ]
INFO: [ view_filter ] --START--
INFO: Run Behavior\WriteHtmlCacheBehavior [ RunTime:0.000000s ]
INFO: [ view_filter ] --END-- [ RunTime:0.000000s ]
INFO: [ app_end ] --START--
INFO: Run Behavior\ShowPageTraceBehavior [ RunTime:0.001000s ]
INFO: [ app_end ] --END-- [ RunTime:0.001000s ]

[ 2018-10-30T15:04:37+08:00 ] 127.0.0.1 /index.php/Admin/Index/index.html
NOTIC: [8] Use of undefined constant SHOW_PAGE_TRACE - assumed 'SHOW_PAGE_TRACE' E:\www\tour\Application\Common\Conf\debug.php 第 4 行.
INFO: [ app_init ] --START--
INFO: Run Behavior\BuildLiteBehavior [ RunTime:0.000000s ]
INFO: [ app_init ] --END-- [ RunTime:0.000000s ]
INFO: [ app_begin ] --START--
INFO: Run Behavior\ReadHtmlCacheBehavior [ RunTime:0.000000s ]
INFO: [ app_begin ] --END-- [ RunTime:0.000000s ]
SQL: SHOW COLUMNS FROM `lr_web` [ RunTime:0.0070s ]
SQL: SELECT `concent` FROM `lr_web` WHERE ( id=5 ) LIMIT 1   [ RunTime:0.0010s ]
INFO: [ view_parse ] --START--
INFO: [ template_filter ] --START--
INFO: Run Behavior\ContentReplaceBehavior [ RunTime:0.000000s ]
INFO: [ template_filter ] --END-- [ RunTime:0.000000s ]
INFO: Run Behavior\ParseTemplateBehavior [ RunTime:0.013001s ]
INFO: [ view_parse ] --END-- [ RunTime:0.013001s ]
INFO: [ view_filter ] --START--
INFO: Run Behavior\WriteHtmlCacheBehavior [ RunTime:0.001000s ]
INFO: [ view_filter ] --END-- [ RunTime:0.001000s ]
INFO: [ app_end ] --START--
INFO: Run Behavior\ShowPageTraceBehavior [ RunTime:0.000000s ]
INFO: [ app_end ] --END-- [ RunTime:0.000000s ]

[ 2018-10-30T15:04:37+08:00 ] 127.0.0.1 /index.php/Admin/Page/adminindex.html
NOTIC: [8] Use of undefined constant SHOW_PAGE_TRACE - assumed 'SHOW_PAGE_TRACE' E:\www\tour\Application\Common\Conf\debug.php 第 4 行.
INFO: [ app_init ] --START--
INFO: Run Behavior\BuildLiteBehavior [ RunTime:0.000000s ]
INFO: [ app_init ] --END-- [ RunTime:0.000000s ]
INFO: [ app_begin ] --START--
INFO: Run Behavior\ReadHtmlCacheBehavior [ RunTime:0.000000s ]
INFO: [ app_begin ] --END-- [ RunTime:0.000000s ]
INFO: [ view_parse ] --START--
INFO: [ template_filter ] --START--
INFO: Run Behavior\ContentReplaceBehavior [ RunTime:0.000000s ]
INFO: [ template_filter ] --END-- [ RunTime:0.000000s ]
INFO: Run Behavior\ParseTemplateBehavior [ RunTime:0.006001s ]
INFO: [ view_parse ] --END-- [ RunTime:0.006001s ]
INFO: [ view_filter ] --START--
INFO: Run Behavior\WriteHtmlCacheBehavior [ RunTime:0.000000s ]
INFO: [ view_filter ] --END-- [ RunTime:0.000000s ]
INFO: [ app_end ] --START--
INFO: Run Behavior\ShowPageTraceBehavior [ RunTime:0.000000s ]
INFO: [ app_end ] --END-- [ RunTime:0.000000s ]

[ 2018-10-30T15:04:41+08:00 ] 127.0.0.1 /index.php/Admin/User/daili.html
NOTIC: [8] Use of undefined constant SHOW_PAGE_TRACE - assumed 'SHOW_PAGE_TRACE' E:\www\tour\Application\Common\Conf\debug.php 第 4 行.
INFO: [ app_init ] --START--
INFO: Run Behavior\BuildLiteBehavior [ RunTime:0.000000s ]
INFO: [ app_init ] --END-- [ RunTime:0.000000s ]
INFO: [ app_begin ] --START--
INFO: Run Behavior\ReadHtmlCacheBehavior [ RunTime:0.000000s ]
INFO: [ app_begin ] --END-- [ RunTime:0.000000s ]
NOTIC: [8] Undefined index: tel E:\www\tour\Application\Admin\Controller\UserController.class.php 第 162 行.
NOTIC: [8] Undefined index: name E:\www\tour\Application\Admin\Controller\UserController.class.php 第 163 行.
NOTIC: [8] Undefined index: name E:\www\tour\Application\Admin\Controller\UserController.class.php 第 165 行.
SQL: SHOW COLUMNS FROM `lr_user` [ RunTime:0.0080s ]
SQL: SELECT COUNT(*) AS tp_count FROM `lr_user` WHERE `is_daili` <> 1 LIMIT 1   [ RunTime:0.0000s ]
NOTIC: [8] Undefined index: page E:\www\tour\Application\Admin\Controller\UserController.class.php 第 181 行.
SQL: SHOW COLUMNS FROM `lr_user` [ RunTime:0.0080s ]
SQL: SELECT * FROM `lr_user` WHERE `is_daili` <> 1  [ RunTime:0.0010s ]
SQL: SHOW COLUMNS FROM `lr_level` [ RunTime:0.0070s ]
SQL: SELECT `level_name` FROM `lr_level` WHERE `id` = 2 LIMIT 1   [ RunTime:0.0010s ]
SQL: SELECT `level_name` FROM `lr_level` WHERE `id` = 1 LIMIT 1   [ RunTime:0.0010s ]
SQL: SELECT `level_name` FROM `lr_level` WHERE `id` = 3 LIMIT 1   [ RunTime:0.0000s ]
INFO: [ view_parse ] --START--
NOTIC: [8] Undefined index: condition E:\www\tour\ThinkPHP\Library\Think\Template\TagLib\Cx.class.php 第 140 行.
INFO: [ template_filter ] --START--
INFO: Run Behavior\ContentReplaceBehavior [ RunTime:0.000000s ]
INFO: [ template_filter ] --END-- [ RunTime:0.000000s ]

[ 2018-10-30T15:04:43+08:00 ] 127.0.0.1 /index.php/Admin/User/daili.html
NOTIC: [8] Use of undefined constant SHOW_PAGE_TRACE - assumed 'SHOW_PAGE_TRACE' E:\www\tour\Application\Common\Conf\debug.php 第 4 行.
INFO: [ app_init ] --START--
INFO: Run Behavior\BuildLiteBehavior [ RunTime:0.000000s ]
INFO: [ app_init ] --END-- [ RunTime:0.000000s ]
INFO: [ app_begin ] --START--
INFO: Run Behavior\ReadHtmlCacheBehavior [ RunTime:0.000000s ]
INFO: [ app_begin ] --END-- [ RunTime:0.000000s ]
NOTIC: [8] Undefined index: tel E:\www\tour\Application\Admin\Controller\UserController.class.php 第 162 行.
NOTIC: [8] Undefined index: name E:\www\tour\Application\Admin\Controller\UserController.class.php 第 163 行.
NOTIC: [8] Undefined index: name E:\www\tour\Application\Admin\Controller\UserController.class.php 第 165 行.
SQL: SHOW COLUMNS FROM `lr_user` [ RunTime:0.0080s ]
SQL: SELECT COUNT(*) AS tp_count FROM `lr_user` WHERE `is_daili` <> 1 LIMIT 1   [ RunTime:0.0010s ]
NOTIC: [8] Undefined index: page E:\www\tour\Application\Admin\Controller\UserController.class.php 第 181 行.
SQL: SHOW COLUMNS FROM `lr_user` [ RunTime:0.0080s ]
SQL: SELECT * FROM `lr_user` WHERE `is_daili` <> 1  [ RunTime:0.0010s ]
SQL: SHOW COLUMNS FROM `lr_level` [ RunTime:0.0070s ]
SQL: SELECT `level_name` FROM `lr_level` WHERE `id` = 2 LIMIT 1   [ RunTime:0.0000s ]
SQL: SELECT `level_name` FROM `lr_level` WHERE `id` = 1 LIMIT 1   [ RunTime:0.0010s ]
SQL: SELECT `level_name` FROM `lr_level` WHERE `id` = 3 LIMIT 1   [ RunTime:0.0010s ]
INFO: [ view_parse ] --START--
NOTIC: [8] Undefined index: condition E:\www\tour\ThinkPHP\Library\Think\Template\TagLib\Cx.class.php 第 140 行.
INFO: [ template_filter ] --START--
INFO: Run Behavior\ContentReplaceBehavior [ RunTime:0.000000s ]
INFO: [ template_filter ] --END-- [ RunTime:0.000000s ]

[ 2018-10-30T15:04:44+08:00 ] 127.0.0.1 /index.php/Admin/User/daili.html
NOTIC: [8] Use of undefined constant SHOW_PAGE_TRACE - assumed 'SHOW_PAGE_TRACE' E:\www\tour\Application\Common\Conf\debug.php 第 4 行.
INFO: [ app_init ] --START--
INFO: Run Behavior\BuildLiteBehavior [ RunTime:0.000000s ]
INFO: [ app_init ] --END-- [ RunTime:0.000000s ]
INFO: [ app_begin ] --START--
INFO: Run Behavior\ReadHtmlCacheBehavior [ RunTime:0.001000s ]
INFO: [ app_begin ] --END-- [ RunTime:0.001000s ]
NOTIC: [8] Undefined index: tel E:\www\tour\Application\Admin\Controller\UserController.class.php 第 162 行.
NOTIC: [8] Undefined index: name E:\www\tour\Application\Admin\Controller\UserController.class.php 第 163 行.
NOTIC: [8] Undefined index: name E:\www\tour\Application\Admin\Controller\UserController.class.php 第 165 行.
SQL: SHOW COLUMNS FROM `lr_user` [ RunTime:0.0060s ]
SQL: SELECT COUNT(*) AS tp_count FROM `lr_user` WHERE `is_daili` <> 1 LIMIT 1   [ RunTime:0.0010s ]
NOTIC: [8] Undefined index: page E:\www\tour\Application\Admin\Controller\UserController.class.php 第 181 行.
SQL: SHOW COLUMNS FROM `lr_user` [ RunTime:0.0050s ]
SQL: SELECT * FROM `lr_user` WHERE `is_daili` <> 1  [ RunTime:0.0010s ]
SQL: SHOW COLUMNS FROM `lr_level` [ RunTime:0.0050s ]
SQL: SELECT `level_name` FROM `lr_level` WHERE `id` = 2 LIMIT 1   [ RunTime:0.0010s ]
SQL: SELECT `level_name` FROM `lr_level` WHERE `id` = 1 LIMIT 1   [ RunTime:0.0010s ]
SQL: SELECT `level_name` FROM `lr_level` WHERE `id` = 3 LIMIT 1   [ RunTime:0.0010s ]
INFO: [ view_parse ] --START--
NOTIC: [8] Undefined index: condition E:\www\tour\ThinkPHP\Library\Think\Template\TagLib\Cx.class.php 第 140 行.
INFO: [ template_filter ] --START--
INFO: Run Behavior\ContentReplaceBehavior [ RunTime:0.000000s ]
INFO: [ template_filter ] --END-- [ RunTime:0.000000s ]

[ 2018-10-30T15:04:54+08:00 ] 127.0.0.1 /index.php/Admin/User/daili.html
NOTIC: [8] Use of undefined constant SHOW_PAGE_TRACE - assumed 'SHOW_PAGE_TRACE' E:\www\tour\Application\Common\Conf\debug.php 第 4 行.
INFO: [ app_init ] --START--
INFO: Run Behavior\BuildLiteBehavior [ RunTime:0.000000s ]
INFO: [ app_init ] --END-- [ RunTime:0.000000s ]
INFO: [ app_begin ] --START--
INFO: Run Behavior\ReadHtmlCacheBehavior [ RunTime:0.000000s ]
INFO: [ app_begin ] --END-- [ RunTime:0.000000s ]
NOTIC: [8] Undefined index: tel E:\www\tour\Application\Admin\Controller\UserController.class.php 第 162 行.
NOTIC: [8] Undefined index: name E:\www\tour\Application\Admin\Controller\UserController.class.php 第 163 行.
NOTIC: [8] Undefined index: name E:\www\tour\Application\Admin\Controller\UserController.class.php 第 165 行.
SQL: SHOW COLUMNS FROM `lr_user` [ RunTime:0.0080s ]
SQL: SELECT COUNT(*) AS tp_count FROM `lr_user` WHERE `is_daili` <> 1 LIMIT 1   [ RunTime:0.0010s ]
NOTIC: [8] Undefined index: page E:\www\tour\Application\Admin\Controller\UserController.class.php 第 181 行.
SQL: SHOW COLUMNS FROM `lr_user` [ RunTime:0.0080s ]
SQL: SELECT * FROM `lr_user` WHERE `is_daili` <> 1  [ RunTime:0.0020s ]
SQL: SHOW COLUMNS FROM `lr_level` [ RunTime:0.0050s ]
SQL: SELECT `level_name` FROM `lr_level` WHERE `id` = 2 LIMIT 1   [ RunTime:0.0010s ]
SQL: SELECT `level_name` FROM `lr_level` WHERE `id` = 1 LIMIT 1   [ RunTime:0.0010s ]
SQL: SELECT `level_name` FROM `lr_level` WHERE `id` = 3 LIMIT 1   [ RunTime:0.0010s ]
INFO: [ view_parse ] --START--
INFO: [ template_filter ] --START--
INFO: Run Behavior\ContentReplaceBehavior [ RunTime:0.000000s ]
INFO: [ template_filter ] --END-- [ RunTime:0.000000s ]
INFO: Run Behavior\ParseTemplateBehavior [ RunTime:0.007000s ]
INFO: [ view_parse ] --END-- [ RunTime:0.007000s ]
INFO: [ view_filter ] --START--
INFO: Run Behavior\WriteHtmlCacheBehavior [ RunTime:0.000000s ]
INFO: [ view_filter ] --END-- [ RunTime:0.000000s ]
INFO: [ app_end ] --START--
INFO: Run Behavior\ShowPageTraceBehavior [ RunTime:0.000000s ]
INFO: [ app_end ] --END-- [ RunTime:0.000000s ]

[ 2018-10-30T15:05:16+08:00 ] 127.0.0.1 /index.php/Admin/User/daili.html
NOTIC: [8] Use of undefined constant SHOW_PAGE_TRACE - assumed 'SHOW_PAGE_TRACE' E:\www\tour\Application\Common\Conf\debug.php 第 4 行.
INFO: [ app_init ] --START--
INFO: Run Behavior\BuildLiteBehavior [ RunTime:0.000000s ]
INFO: [ app_init ] --END-- [ RunTime:0.000000s ]
INFO: [ app_begin ] --START--
INFO: Run Behavior\ReadHtmlCacheBehavior [ RunTime:0.000000s ]
INFO: [ app_begin ] --END-- [ RunTime:0.000000s ]
NOTIC: [8] Undefined index: tel E:\www\tour\Application\Admin\Controller\UserController.class.php 第 162 行.
NOTIC: [8] Undefined index: name E:\www\tour\Application\Admin\Controller\UserController.class.php 第 163 行.
NOTIC: [8] Undefined index: name E:\www\tour\Application\Admin\Controller\UserController.class.php 第 165 行.
SQL: SHOW COLUMNS FROM `lr_user` [ RunTime:0.0080s ]
SQL: SELECT COUNT(*) AS tp_count FROM `lr_user` WHERE `is_daili` <> 1 LIMIT 1   [ RunTime:0.0010s ]
NOTIC: [8] Undefined index: page E:\www\tour\Application\Admin\Controller\UserController.class.php 第 181 行.
SQL: SHOW COLUMNS FROM `lr_user` [ RunTime:0.0080s ]
SQL: SELECT * FROM `lr_user` WHERE `is_daili` <> 1  [ RunTime:0.0010s ]
SQL: SHOW COLUMNS FROM `lr_level` [ RunTime:0.0070s ]
SQL: SELECT `level_name` FROM `lr_level` WHERE `id` = 2 LIMIT 1   [ RunTime:0.0010s ]
SQL: SELECT `level_name` FROM `lr_level` WHERE `id` = 1 LIMIT 1   [ RunTime:0.0010s ]
SQL: SELECT `level_name` FROM `lr_level` WHERE `id` = 3 LIMIT 1   [ RunTime:0.0010s ]
INFO: [ view_parse ] --START--
INFO: [ template_filter ] --START--
INFO: Run Behavior\ContentReplaceBehavior [ RunTime:0.001000s ]
INFO: [ template_filter ] --END-- [ RunTime:0.001000s ]
INFO: Run Behavior\ParseTemplateBehavior [ RunTime:0.006001s ]
INFO: [ view_parse ] --END-- [ RunTime:0.006001s ]
INFO: [ view_filter ] --START--
INFO: Run Behavior\WriteHtmlCacheBehavior [ RunTime:0.001000s ]
INFO: [ view_filter ] --END-- [ RunTime:0.001000s ]
INFO: [ app_end ] --START--
INFO: Run Behavior\ShowPageTraceBehavior [ RunTime:0.000000s ]
INFO: [ app_end ] --END-- [ RunTime:0.000000s ]

[ 2018-10-30T15:09:21+08:00 ] 127.0.0.1 /index.php/Admin/User/daili.html
NOTIC: [8] Use of undefined constant SHOW_PAGE_TRACE - assumed 'SHOW_PAGE_TRACE' E:\www\tour\Application\Common\Conf\debug.php 第 4 行.
INFO: [ app_init ] --START--
INFO: Run Behavior\BuildLiteBehavior [ RunTime:0.000000s ]
INFO: [ app_init ] --END-- [ RunTime:0.000000s ]
INFO: [ app_begin ] --START--
INFO: Run Behavior\ReadHtmlCacheBehavior [ RunTime:0.001000s ]
INFO: [ app_begin ] --END-- [ RunTime:0.001000s ]
NOTIC: [8] Undefined index: tel E:\www\tour\Application\Admin\Controller\UserController.class.php 第 162 行.
NOTIC: [8] Undefined index: name E:\www\tour\Application\Admin\Controller\UserController.class.php 第 163 行.
NOTIC: [8] Undefined index: name E:\www\tour\Application\Admin\Controller\UserController.class.php 第 165 行.
SQL: SHOW COLUMNS FROM `lr_user` [ RunTime:0.0040s ]
SQL: SELECT COUNT(*) AS tp_count FROM `lr_user` WHERE `is_daili` <> 1 LIMIT 1   [ RunTime:0.0010s ]
NOTIC: [8] Undefined index: page E:\www\tour\Application\Admin\Controller\UserController.class.php 第 181 行.
SQL: SHOW COLUMNS FROM `lr_user` [ RunTime:0.0040s ]
SQL: SELECT * FROM `lr_user` WHERE `is_daili` <> 1  [ RunTime:0.0010s ]
SQL: SHOW COLUMNS FROM `lr_level` [ RunTime:0.0060s ]
SQL: SELECT `level_name` FROM `lr_level` WHERE `id` = 2 LIMIT 1   [ RunTime:0.0010s ]
SQL: SELECT `level_name` FROM `lr_level` WHERE `id` = 1 LIMIT 1   [ RunTime:0.0010s ]
SQL: SELECT `level_name` FROM `lr_level` WHERE `id` = 3 LIMIT 1   [ RunTime:0.0010s ]
INFO: [ view_parse ] --START--
INFO: [ template_filter ] --START--
INFO: Run Behavior\ContentReplaceBehavior [ RunTime:0.000000s ]
INFO: [ template_filter ] --END-- [ RunTime:0.000000s ]
INFO: Run Behavior\ParseTemplateBehavior [ RunTime:0.008000s ]
INFO: [ view_parse ] --END-- [ RunTime:0.008000s ]
INFO: [ view_filter ] --START--
INFO: Run Behavior\WriteHtmlCacheBehavior [ RunTime:0.000000s ]
INFO: [ view_filter ] --END-- [ RunTime:0.000000s ]
INFO: [ app_end ] --START--
INFO: Run Behavior\ShowPageTraceBehavior [ RunTime:0.001001s ]
INFO: [ app_end ] --END-- [ RunTime:0.001001s ]

[ 2018-10-30T16:02:17+08:00 ] 127.0.0.1 /index.php/Admin/Order/index.html
NOTIC: [8] Use of undefined constant SHOW_PAGE_TRACE - assumed 'SHOW_PAGE_TRACE' E:\www\tour\Application\Common\Conf\debug.php 第 4 行.
INFO: [ app_init ] --START--
INFO: Run Behavior\BuildLiteBehavior [ RunTime:0.000000s ]
INFO: [ app_init ] --END-- [ RunTime:0.000000s ]
INFO: [ app_begin ] --START--
INFO: Run Behavior\ReadHtmlCacheBehavior [ RunTime:0.007001s ]
INFO: [ app_begin ] --END-- [ RunTime:0.007001s ]
NOTIC: [2048] Declaration of Admin\Controller\OrderController::show() should be compatible with Think\Controller::show($content, $charset = '', $contentType = '', $prefix = '') E:\www\tour\Application\Admin\Controller\OrderController.class.php 第 4 行.
SQL: SHOW COLUMNS FROM `lr_order` [ RunTime:0.0390s ]
SQL: SHOW COLUMNS FROM `lr_order_product` [ RunTime:0.0290s ]
NOTIC: [8] Undefined index: shop_id E:\www\tour\Application\Admin\Controller\OrderController.class.php 第 32 行.
NOTIC: [8] Undefined index: pay_type E:\www\tour\Application\Admin\Controller\OrderController.class.php 第 35 行.
NOTIC: [8] Undefined index: pay_status E:\www\tour\Application\Admin\Controller\OrderController.class.php 第 36 行.
NOTIC: [8] Undefined index: start_time E:\www\tour\Application\Admin\Controller\OrderController.class.php 第 37 行.
NOTIC: [8] Undefined index: end_time E:\www\tour\Application\Admin\Controller\OrderController.class.php 第 38 行.
SQL: SELECT COUNT(*) AS tp_count FROM `lr_order` WHERE ( 1=1 AND del=0 ) LIMIT 1   [ RunTime:0.0230s ]
SQL: SELECT * FROM `lr_order` WHERE ( 1=1 AND del=0 ) ORDER BY id desc LIMIT 0,25   [ RunTime:0.0020s ]
SQL: SHOW COLUMNS FROM `lr_user` [ RunTime:0.0030s ]
SQL: SELECT `name` FROM `lr_user` WHERE ( id=1 ) LIMIT 1   [ RunTime:0.0010s ]
SQL: SELECT `name` FROM `lr_user` WHERE ( id=1 ) LIMIT 1   [ RunTime:0.0010s ]
SQL: SELECT `name` FROM `lr_user` WHERE ( id=1 ) LIMIT 1   [ RunTime:0.0000s ]
SQL: SELECT `name` FROM `lr_user` WHERE ( id=1 ) LIMIT 1   [ RunTime:0.0010s ]
SQL: SELECT `name` FROM `lr_user` WHERE ( id=2 ) LIMIT 1   [ RunTime:0.0010s ]
SQL: SELECT `name` FROM `lr_user` WHERE ( id=2 ) LIMIT 1   [ RunTime:0.0010s ]
SQL: SELECT `name` FROM `lr_user` WHERE ( id=2 ) LIMIT 1   [ RunTime:0.0000s ]
SQL: SELECT `name` FROM `lr_user` WHERE ( id=2 ) LIMIT 1   [ RunTime:0.0010s ]
SQL: SELECT `name` FROM `lr_user` WHERE ( id=2 ) LIMIT 1   [ RunTime:0.0010s ]
SQL: SELECT `name` FROM `lr_user` WHERE ( id=2 ) LIMIT 1   [ RunTime:0.0010s ]
SQL: SELECT `name` FROM `lr_user` WHERE ( id=3 ) LIMIT 1   [ RunTime:0.0000s ]
SQL: SELECT `name` FROM `lr_user` WHERE ( id=3 ) LIMIT 1   [ RunTime:0.0010s ]
SQL: SELECT `name` FROM `lr_user` WHERE ( id=3 ) LIMIT 1   [ RunTime:0.0010s ]
SQL: SELECT `name` FROM `lr_user` WHERE ( id=3 ) LIMIT 1   [ RunTime:0.0010s ]
SQL: SELECT `name` FROM `lr_user` WHERE ( id=3 ) LIMIT 1   [ RunTime:0.0000s ]
SQL: SELECT `name` FROM `lr_user` WHERE ( id=3 ) LIMIT 1   [ RunTime:0.0010s ]
SQL: SELECT `name` FROM `lr_user` WHERE ( id=3 ) LIMIT 1   [ RunTime:0.0010s ]
SQL: SELECT `name` FROM `lr_user` WHERE ( id=1 ) LIMIT 1   [ RunTime:0.0010s ]
SQL: SELECT `name` FROM `lr_user` WHERE ( id=1 ) LIMIT 1   [ RunTime:0.0000s ]
SQL: SELECT `name` FROM `lr_user` WHERE ( id=1 ) LIMIT 1   [ RunTime:0.0010s ]
SQL: SELECT `name` FROM `lr_user` WHERE ( id=1 ) LIMIT 1   [ RunTime:0.0010s ]
SQL: SELECT `name` FROM `lr_user` WHERE ( id=1 ) LIMIT 1   [ RunTime:0.0010s ]
SQL: SELECT `name` FROM `lr_user` WHERE ( id=1 ) LIMIT 1   [ RunTime:0.0010s ]
SQL: SELECT `name` FROM `lr_user` WHERE ( id=1 ) LIMIT 1   [ RunTime:0.0000s ]
SQL: SELECT `name` FROM `lr_user` WHERE ( id=1 ) LIMIT 1   [ RunTime:0.0010s ]
INFO: [ view_parse ] --START--
INFO: [ template_filter ] --START--
INFO: Run Behavior\ContentReplaceBehavior [ RunTime:0.000000s ]
INFO: [ template_filter ] --END-- [ RunTime:0.000000s ]
NOTIC: [8] Undefined variable: shop_id E:\www\tour\Application\Runtime\Cache\Admin\18bc66a7b6334412ab8e61a2539ecfbd.php 第 37 行.
NOTIC: [8] Undefined variable: pay_type E:\www\tour\Application\Runtime\Cache\Admin\18bc66a7b6334412ab8e61a2539ecfbd.php 第 49 行.
NOTIC: [8] Undefined variable: pay_type E:\www\tour\Application\Runtime\Cache\Admin\18bc66a7b6334412ab8e61a2539ecfbd.php 第 50 行.
NOTIC: [8] Undefined variable: pay_status E:\www\tour\Application\Runtime\Cache\Admin\18bc66a7b6334412ab8e61a2539ecfbd.php 第 59 行.
NOTIC: [8] Undefined variable: pay_status E:\www\tour\Application\Runtime\Cache\Admin\18bc66a7b6334412ab8e61a2539ecfbd.php 第 59 行.
NOTIC: [8] Undefined variable: pay_status E:\www\tour\Application\Runtime\Cache\Admin\18bc66a7b6334412ab8e61a2539ecfbd.php 第 59 行.
NOTIC: [8] Undefined variable: pay_status E:\www\tour\Application\Runtime\Cache\Admin\18bc66a7b6334412ab8e61a2539ecfbd.php 第 59 行.
NOTIC: [8] Undefined variable: pay_status E:\www\tour\Application\Runtime\Cache\Admin\18bc66a7b6334412ab8e61a2539ecfbd.php 第 59 行.
NOTIC: [8] Undefined variable: pay_status E:\www\tour\Application\Runtime\Cache\Admin\18bc66a7b6334412ab8e61a2539ecfbd.php 第 61 行.
NOTIC: [8] Undefined variable: pay_status E:\www\tour\Application\Runtime\Cache\Admin\18bc66a7b6334412ab8e61a2539ecfbd.php 第 62 行.
NOTIC: [8] Undefined variable: start_time E:\www\tour\Application\Runtime\Cache\Admin\18bc66a7b6334412ab8e61a2539ecfbd.php 第 68 行.
NOTIC: [8] Undefined variable: end_time E:\www\tour\Application\Runtime\Cache\Admin\18bc66a7b6334412ab8e61a2539ecfbd.php 第 69 行.
NOTIC: [8] Undefined index: name E:\www\tour\Application\Runtime\Cache\Admin\18bc66a7b6334412ab8e61a2539ecfbd.php 第 95 行.
NOTIC: [8] Undefined index: name E:\www\tour\Application\Runtime\Cache\Admin\18bc66a7b6334412ab8e61a2539ecfbd.php 第 95 行.
NOTIC: [8] Undefined index: name E:\www\tour\Application\Runtime\Cache\Admin\18bc66a7b6334412ab8e61a2539ecfbd.php 第 95 行.
NOTIC: [8] Undefined index: name E:\www\tour\Application\Runtime\Cache\Admin\18bc66a7b6334412ab8e61a2539ecfbd.php 第 95 行.
NOTIC: [8] Undefined index: name E:\www\tour\Application\Runtime\Cache\Admin\18bc66a7b6334412ab8e61a2539ecfbd.php 第 95 行.
NOTIC: [8] Undefined index: name E:\www\tour\Application\Runtime\Cache\Admin\18bc66a7b6334412ab8e61a2539ecfbd.php 第 95 行.
NOTIC: [8] Undefined index: name E:\www\tour\Application\Runtime\Cache\Admin\18bc66a7b6334412ab8e61a2539ecfbd.php 第 95 行.
NOTIC: [8] Undefined index: name E:\www\tour\Application\Runtime\Cache\Admin\18bc66a7b6334412ab8e61a2539ecfbd.php 第 95 行.
NOTIC: [8] Undefined index: name E:\www\tour\Application\Runtime\Cache\Admin\18bc66a7b6334412ab8e61a2539ecfbd.php 第 95 行.
NOTIC: [8] Undefined index: name E:\www\tour\Application\Runtime\Cache\Admin\18bc66a7b6334412ab8e61a2539ecfbd.php 第 95 行.
NOTIC: [8] Undefined index: name E:\www\tour\Application\Runtime\Cache\Admin\18bc66a7b6334412ab8e61a2539ecfbd.php 第 95 行.
NOTIC: [8] Undefined index: name E:\www\tour\Application\Runtime\Cache\Admin\18bc66a7b6334412ab8e61a2539ecfbd.php 第 95 行.
NOTIC: [8] Undefined index: name E:\www\tour\Application\Runtime\Cache\Admin\18bc66a7b6334412ab8e61a2539ecfbd.php 第 95 行.
NOTIC: [8] Undefined index: name E:\www\tour\Application\Runtime\Cache\Admin\18bc66a7b6334412ab8e61a2539ecfbd.php 第 95 行.
NOTIC: [8] Undefined index: name E:\www\tour\Application\Runtime\Cache\Admin\18bc66a7b6334412ab8e61a2539ecfbd.php 第 95 行.
NOTIC: [8] Undefined index: name E:\www\tour\Application\Runtime\Cache\Admin\18bc66a7b6334412ab8e61a2539ecfbd.php 第 95 行.
NOTIC: [8] Undefined index: name E:\www\tour\Application\Runtime\Cache\Admin\18bc66a7b6334412ab8e61a2539ecfbd.php 第 95 行.
NOTIC: [8] Undefined index: name E:\www\tour\Application\Runtime\Cache\Admin\18bc66a7b6334412ab8e61a2539ecfbd.php 第 95 行.
NOTIC: [8] Undefined index: name E:\www\tour\Application\Runtime\Cache\Admin\18bc66a7b6334412ab8e61a2539ecfbd.php 第 95 行.
NOTIC: [8] Undefined index: name E:\www\tour\Application\Runtime\Cache\Admin\18bc66a7b6334412ab8e61a2539ecfbd.php 第 95 行.
NOTIC: [8] Undefined index: name E:\www\tour\Application\Runtime\Cache\Admin\18bc66a7b6334412ab8e61a2539ecfbd.php 第 95 行.
NOTIC: [8] Undefined index: name E:\www\tour\Application\Runtime\Cache\Admin\18bc66a7b6334412ab8e61a2539ecfbd.php 第 95 行.
NOTIC: [8] Undefined index: name E:\www\tour\Application\Runtime\Cache\Admin\18bc66a7b6334412ab8e61a2539ecfbd.php 第 95 行.
NOTIC: [8] Undefined index: name E:\www\tour\Application\Runtime\Cache\Admin\18bc66a7b6334412ab8e61a2539ecfbd.php 第 95 行.
NOTIC: [8] Undefined index: name E:\www\tour\Application\Runtime\Cache\Admin\18bc66a7b6334412ab8e61a2539ecfbd.php 第 95 行.
INFO: Run Behavior\ParseTemplateBehavior [ RunTime:0.039002s ]
INFO: [ view_parse ] --END-- [ RunTime:0.039002s ]
INFO: [ view_filter ] --START--
INFO: Run Behavior\WriteHtmlCacheBehavior [ RunTime:0.042002s ]
INFO: [ view_filter ] --END-- [ RunTime:0.042002s ]
INFO: [ app_end ] --START--
INFO: Run Behavior\ShowPageTraceBehavior [ RunTime:0.009001s ]
INFO: [ app_end ] --END-- [ RunTime:0.009001s ]

[ 2018-10-30T16:02:55+08:00 ] 127.0.0.1 /index.php/Admin/Order/show.html?oid=42
NOTIC: [8] Use of undefined constant SHOW_PAGE_TRACE - assumed 'SHOW_PAGE_TRACE' E:\www\tour\Application\Common\Conf\debug.php 第 4 行.
INFO: [ app_init ] --START--
INFO: Run Behavior\BuildLiteBehavior [ RunTime:0.000000s ]
INFO: [ app_init ] --END-- [ RunTime:0.000000s ]
INFO: [ app_begin ] --START--
INFO: Run Behavior\ReadHtmlCacheBehavior [ RunTime:0.000000s ]
INFO: [ app_begin ] --END-- [ RunTime:0.000000s ]
NOTIC: [2048] Declaration of Admin\Controller\OrderController::show() should be compatible with Think\Controller::show($content, $charset = '', $contentType = '', $prefix = '') E:\www\tour\Application\Admin\Controller\OrderController.class.php 第 4 行.
SQL: SHOW COLUMNS FROM `lr_order` [ RunTime:0.0080s ]
SQL: SHOW COLUMNS FROM `lr_order_product` [ RunTime:0.0080s ]
SQL: SELECT * FROM `lr_order` WHERE ( id=42 ) LIMIT 1   [ RunTime:0.0020s ]
SQL: SELECT * FROM `lr_order_product` WHERE ( order_id=42 )  [ RunTime:0.0180s ]
NOTIC: [8] Undefined index: pro_guide E:\www\tour\Application\Admin\Controller\OrderController.class.php 第 168 行.
INFO: [ view_parse ] --START--
INFO: [ template_filter ] --START--
INFO: Run Behavior\ContentReplaceBehavior [ RunTime:0.000000s ]
INFO: [ template_filter ] --END-- [ RunTime:0.000000s ]
NOTIC: [8] Undefined variable: name E:\www\tour\Application\Runtime\Cache\Admin\955b0d225af1cdc7026163be267bc9c2.php 第 33 行.
INFO: Run Behavior\ParseTemplateBehavior [ RunTime:0.030002s ]
INFO: [ view_parse ] --END-- [ RunTime:0.030002s ]
INFO: [ view_filter ] --START--
INFO: Run Behavior\WriteHtmlCacheBehavior [ RunTime:0.000000s ]
INFO: [ view_filter ] --END-- [ RunTime:0.000000s ]
INFO: [ app_end ] --START--
INFO: Run Behavior\ShowPageTraceBehavior [ RunTime:0.000000s ]
INFO: [ app_end ] --END-- [ RunTime:0.000000s ]

