[ 2018-10-16T11:37:17+08:00 ] 127.0.0.1 /index.php/admin
NOTIC: [8] Use of undefined constant SHOW_PAGE_TRACE - assumed 'SHOW_PAGE_TRACE' E:\www\tour\Application\Common\Conf\debug.php 第 4 行.
INFO: [ app_init ] --START--
INFO: Run Behavior\BuildLiteBehavior [ RunTime:0.000000s ]
INFO: [ app_init ] --END-- [ RunTime:0.000000s ]
INFO: [ app_begin ] --START--
INFO: Run Behavior\ReadHtmlCacheBehavior [ RunTime:0.009001s ]
INFO: [ app_begin ] --END-- [ RunTime:0.009001s ]

[ 2018-10-16T11:37:18+08:00 ] 127.0.0.1 /index.php/admin/
NOTIC: [8] Use of undefined constant SHOW_PAGE_TRACE - assumed 'SHOW_PAGE_TRACE' E:\www\tour\Application\Common\Conf\debug.php 第 4 行.
INFO: [ app_init ] --START--
INFO: Run Behavior\BuildLiteBehavior [ RunTime:0.000000s ]
INFO: [ app_init ] --END-- [ RunTime:0.000000s ]
INFO: [ app_begin ] --START--
INFO: Run Behavior\ReadHtmlCacheBehavior [ RunTime:0.001000s ]
INFO: [ app_begin ] --END-- [ RunTime:0.001000s ]

[ 2018-10-16T11:37:20+08:00 ] 127.0.0.1 /index.php/Admin/Login/index.html
NOTIC: [8] Use of undefined constant SHOW_PAGE_TRACE - assumed 'SHOW_PAGE_TRACE' E:\www\tour\Application\Common\Conf\debug.php 第 4 行.
INFO: [ app_init ] --START--
INFO: Run Behavior\BuildLiteBehavior [ RunTime:0.000000s ]
INFO: [ app_init ] --END-- [ RunTime:0.000000s ]
INFO: [ app_begin ] --START--
INFO: Run Behavior\ReadHtmlCacheBehavior [ RunTime:0.000000s ]
INFO: [ app_begin ] --END-- [ RunTime:0.000000s ]
SQL: SHOW COLUMNS FROM `lr_program` [ RunTime:0.0370s ]
SQL: SELECT * FROM `lr_program` LIMIT 1   [ RunTime:0.0010s ]
INFO: [ view_parse ] --START--
INFO: [ template_filter ] --START--
INFO: Run Behavior\ContentReplaceBehavior [ RunTime:0.000000s ]
INFO: [ template_filter ] --END-- [ RunTime:0.000000s ]
NOTIC: [8] Undefined variable: key E:\www\tour\Application\Runtime\Cache\Admin\32ec6c906c117a7c2bf504769276d87a.php 第 28 行.
INFO: Run Behavior\ParseTemplateBehavior [ RunTime:0.054003s ]
INFO: [ view_parse ] --END-- [ RunTime:0.054003s ]
INFO: [ view_filter ] --START--
INFO: Run Behavior\WriteHtmlCacheBehavior [ RunTime:0.011001s ]
INFO: [ view_filter ] --END-- [ RunTime:0.011001s ]
INFO: [ app_end ] --START--
INFO: Run Behavior\ShowPageTraceBehavior [ RunTime:0.008000s ]
INFO: [ app_end ] --END-- [ RunTime:0.008000s ]

[ 2018-10-16T11:37:20+08:00 ] 127.0.0.1 /index.php/Admin/Login/static/h-ui/js/H-ui.min.js
NOTIC: [8] Use of undefined constant SHOW_PAGE_TRACE - assumed 'SHOW_PAGE_TRACE' E:\www\tour\Application\Common\Conf\debug.php 第 4 行.
INFO: [ app_init ] --START--
INFO: Run Behavior\BuildLiteBehavior [ RunTime:0.000000s ]
INFO: [ app_init ] --END-- [ RunTime:0.000000s ]
INFO: [ app_begin ] --START--
INFO: Run Behavior\ReadHtmlCacheBehavior [ RunTime:0.001000s ]
INFO: [ app_begin ] --END-- [ RunTime:0.001000s ]
ERR: 非法操作:static

[ 2018-10-16T11:37:21+08:00 ] 127.0.0.1 /index.php/Admin/Login/lib/jquery/1.9.1/jquery.min.js
NOTIC: [8] Use of undefined constant SHOW_PAGE_TRACE - assumed 'SHOW_PAGE_TRACE' E:\www\tour\Application\Common\Conf\debug.php 第 4 行.
INFO: [ app_init ] --START--
INFO: Run Behavior\BuildLiteBehavior [ RunTime:0.000000s ]
INFO: [ app_init ] --END-- [ RunTime:0.000000s ]
INFO: [ app_begin ] --START--
INFO: Run Behavior\ReadHtmlCacheBehavior [ RunTime:0.000000s ]
INFO: [ app_begin ] --END-- [ RunTime:0.000000s ]
ERR: 非法操作:lib

[ 2018-10-16T11:37:21+08:00 ] 127.0.0.1 /index.php/Admin/Login/static/h-ui/js/H-ui.min.js
NOTIC: [8] Use of undefined constant SHOW_PAGE_TRACE - assumed 'SHOW_PAGE_TRACE' E:\www\tour\Application\Common\Conf\debug.php 第 4 行.
INFO: [ app_init ] --START--
INFO: Run Behavior\BuildLiteBehavior [ RunTime:0.000000s ]
INFO: [ app_init ] --END-- [ RunTime:0.000000s ]
INFO: [ app_begin ] --START--
INFO: Run Behavior\ReadHtmlCacheBehavior [ RunTime:0.000000s ]
INFO: [ app_begin ] --END-- [ RunTime:0.000000s ]
ERR: 非法操作:static

[ 2018-10-16T11:37:22+08:00 ] 127.0.0.1 /index.php/Admin/Login/index.html?key=
NOTIC: [8] Use of undefined constant SHOW_PAGE_TRACE - assumed 'SHOW_PAGE_TRACE' E:\www\tour\Application\Common\Conf\debug.php 第 4 行.
INFO: [ app_init ] --START--
INFO: Run Behavior\BuildLiteBehavior [ RunTime:0.000000s ]
INFO: [ app_init ] --END-- [ RunTime:0.000000s ]
INFO: [ app_begin ] --START--
INFO: Run Behavior\ReadHtmlCacheBehavior [ RunTime:0.001000s ]
INFO: [ app_begin ] --END-- [ RunTime:0.001000s ]
SQL: SHOW COLUMNS FROM `lr_adminuser` [ RunTime:0.0410s ]
SQL: SELECT * FROM `lr_adminuser` WHERE ( name='admin' AND del<1 ) LIMIT 1   [ RunTime:0.0020s ]
SQL: SHOW COLUMNS FROM `lr_program` [ RunTime:0.0100s ]
SQL: SELECT * FROM `lr_program` LIMIT 1   [ RunTime:0.0010s ]
NOTIC: [8] Undefined index: shop_id E:\www\tour\Application\Admin\Controller\LoginController.class.php 第 21 行.
INFO: [ app_end ] --START--
INFO: Run Behavior\ShowPageTraceBehavior [ RunTime:0.001000s ]
INFO: [ app_end ] --END-- [ RunTime:0.001000s ]

[ 2018-10-16T11:37:24+08:00 ] 127.0.0.1 /index.php/Admin/Index/index.html
NOTIC: [8] Use of undefined constant SHOW_PAGE_TRACE - assumed 'SHOW_PAGE_TRACE' E:\www\tour\Application\Common\Conf\debug.php 第 4 行.
INFO: [ app_init ] --START--
INFO: Run Behavior\BuildLiteBehavior [ RunTime:0.000000s ]
INFO: [ app_init ] --END-- [ RunTime:0.000000s ]
INFO: [ app_begin ] --START--
INFO: Run Behavior\ReadHtmlCacheBehavior [ RunTime:0.000000s ]
INFO: [ app_begin ] --END-- [ RunTime:0.000000s ]
SQL: SHOW COLUMNS FROM `lr_web` [ RunTime:0.0250s ]
SQL: SELECT `concent` FROM `lr_web` WHERE ( id=5 ) LIMIT 1   [ RunTime:0.0010s ]
INFO: [ view_parse ] --START--
INFO: [ template_filter ] --START--
INFO: Run Behavior\ContentReplaceBehavior [ RunTime:0.000000s ]
INFO: [ template_filter ] --END-- [ RunTime:0.000000s ]
INFO: Run Behavior\ParseTemplateBehavior [ RunTime:0.158009s ]
INFO: [ view_parse ] --END-- [ RunTime:0.158009s ]
INFO: [ view_filter ] --START--
INFO: Run Behavior\WriteHtmlCacheBehavior [ RunTime:0.001000s ]
INFO: [ view_filter ] --END-- [ RunTime:0.001000s ]
INFO: [ app_end ] --START--
INFO: Run Behavior\ShowPageTraceBehavior [ RunTime:0.000000s ]
INFO: [ app_end ] --END-- [ RunTime:0.000000s ]

[ 2018-10-16T11:37:24+08:00 ] 127.0.0.1 /index.php/Admin/Page/adminindex.html
NOTIC: [8] Use of undefined constant SHOW_PAGE_TRACE - assumed 'SHOW_PAGE_TRACE' E:\www\tour\Application\Common\Conf\debug.php 第 4 行.
INFO: [ app_init ] --START--
INFO: Run Behavior\BuildLiteBehavior [ RunTime:0.000000s ]
INFO: [ app_init ] --END-- [ RunTime:0.000000s ]
INFO: [ app_begin ] --START--
INFO: Run Behavior\ReadHtmlCacheBehavior [ RunTime:0.003000s ]
INFO: [ app_begin ] --END-- [ RunTime:0.003000s ]
INFO: [ view_parse ] --START--
INFO: [ template_filter ] --START--
INFO: Run Behavior\ContentReplaceBehavior [ RunTime:0.000000s ]
INFO: [ template_filter ] --END-- [ RunTime:0.001000s ]
INFO: Run Behavior\ParseTemplateBehavior [ RunTime:0.054003s ]
INFO: [ view_parse ] --END-- [ RunTime:0.054003s ]
INFO: [ view_filter ] --START--
INFO: Run Behavior\WriteHtmlCacheBehavior [ RunTime:0.000000s ]
INFO: [ view_filter ] --END-- [ RunTime:0.000000s ]
INFO: [ app_end ] --START--
INFO: Run Behavior\ShowPageTraceBehavior [ RunTime:0.001000s ]
INFO: [ app_end ] --END-- [ RunTime:0.001000s ]

[ 2018-10-16T11:37:31+08:00 ] 127.0.0.1 /index.php/Admin/Product/add.html
NOTIC: [8] Use of undefined constant SHOW_PAGE_TRACE - assumed 'SHOW_PAGE_TRACE' E:\www\tour\Application\Common\Conf\debug.php 第 4 行.
INFO: [ app_init ] --START--
INFO: Run Behavior\BuildLiteBehavior [ RunTime:0.000000s ]
INFO: [ app_init ] --END-- [ RunTime:0.000000s ]
INFO: [ app_begin ] --START--
INFO: Run Behavior\ReadHtmlCacheBehavior [ RunTime:0.002000s ]
INFO: [ app_begin ] --END-- [ RunTime:0.002000s ]
NOTIC: [8] Undefined index: id E:\www\tour\Application\Admin\Controller\ProductController.class.php 第 66 行.
NOTIC: [8] Undefined index: page E:\www\tour\Application\Admin\Controller\ProductController.class.php 第 67 行.
NOTIC: [8] Undefined index: name E:\www\tour\Application\Admin\Controller\ProductController.class.php 第 68 行.
NOTIC: [8] Undefined index: type E:\www\tour\Application\Admin\Controller\ProductController.class.php 第 69 行.
NOTIC: [8] Undefined index: submit E:\www\tour\Application\Admin\Controller\ProductController.class.php 第 71 行.
SQL: SHOW COLUMNS FROM `lr_category` [ RunTime:0.0420s ]
SQL: SELECT `id`,`name` FROM `lr_category` WHERE ( tid=1 )  [ RunTime:0.0030s ]
NOTIC: [2] Illegal string offset 'cid' E:\www\tour\Application\Admin\Controller\ProductController.class.php 第 233 行.
NOTIC: [8] Uninitialized string offset: 0 E:\www\tour\Application\Admin\Controller\ProductController.class.php 第 233 行.
SQL: SELECT `tid` FROM `lr_category` WHERE ( id=0 ) LIMIT 1   [ RunTime:0.0000s ]
NOTIC: [8] Undefined index: photo_string E:\www\tour\Application\Admin\Controller\ProductController.class.php 第 241 行.
SQL: SHOW COLUMNS FROM `lr_brand` [ RunTime:0.0220s ]
SQL: SELECT `id`,`name` FROM `lr_brand` WHERE ( 1=1 )  [ RunTime:0.0020s ]
NOTIC: [8] Undefined variable: shop_id E:\www\tour\Application\Admin\Controller\ProductController.class.php 第 258 行.
INFO: [ view_parse ] --START--
INFO: [ template_filter ] --START--
INFO: Run Behavior\ContentReplaceBehavior [ RunTime:0.000000s ]
INFO: [ template_filter ] --END-- [ RunTime:0.000000s ]
NOTIC: [8] Undefined variable: img E:\www\tour\Application\Runtime\Cache\Admin\8b641081e7ea680aaaea87475742484f.php 第 33 行.
NOTIC: [8] Undefined variable: img E:\www\tour\Application\Runtime\Cache\Admin\8b641081e7ea680aaaea87475742484f.php 第 33 行.
NOTIC: [8] Undefined variable: img E:\www\tour\Application\Runtime\Cache\Admin\8b641081e7ea680aaaea87475742484f.php 第 33 行.
NOTIC: [2] Division by zero E:\www\tour\Application\Runtime\Cache\Admin\8b641081e7ea680aaaea87475742484f.php 第 33 行.
NOTIC: [8] Undefined index: name E:\www\tour\Application\Runtime\Cache\Admin\8b641081e7ea680aaaea87475742484f.php 第 91 行.
NOTIC: [8] Undefined index: name E:\www\tour\Application\Runtime\Cache\Admin\8b641081e7ea680aaaea87475742484f.php 第 98 行.
NOTIC: [8] Undefined index: company E:\www\tour\Application\Runtime\Cache\Admin\8b641081e7ea680aaaea87475742484f.php 第 105 行.
NOTIC: [8] Undefined index: price E:\www\tour\Application\Runtime\Cache\Admin\8b641081e7ea680aaaea87475742484f.php 第 115 行.
NOTIC: [8] Undefined index: price_yh E:\www\tour\Application\Runtime\Cache\Admin\8b641081e7ea680aaaea87475742484f.php 第 121 行.
NOTIC: [8] Undefined index: price_jf E:\www\tour\Application\Runtime\Cache\Admin\8b641081e7ea680aaaea87475742484f.php 第 127 行.
NOTIC: [8] Undefined index: pro_number E:\www\tour\Application\Runtime\Cache\Admin\8b641081e7ea680aaaea87475742484f.php 第 133 行.
NOTIC: [8] Undefined index: num E:\www\tour\Application\Runtime\Cache\Admin\8b641081e7ea680aaaea87475742484f.php 第 141 行.
NOTIC: [8] Undefined index: maid_two E:\www\tour\Application\Runtime\Cache\Admin\8b641081e7ea680aaaea87475742484f.php 第 148 行.
NOTIC: [8] Undefined index: maid_two E:\www\tour\Application\Runtime\Cache\Admin\8b641081e7ea680aaaea87475742484f.php 第 155 行.
NOTIC: [8] Undefined index: maid_three E:\www\tour\Application\Runtime\Cache\Admin\8b641081e7ea680aaaea87475742484f.php 第 162 行.
NOTIC: [8] Undefined index: photo_x E:\www\tour\Application\Runtime\Cache\Admin\8b641081e7ea680aaaea87475742484f.php 第 169 行.
NOTIC: [8] Undefined index: photo_d E:\www\tour\Application\Runtime\Cache\Admin\8b641081e7ea680aaaea87475742484f.php 第 180 行.
NOTIC: [8] Undefined variable: img_str E:\www\tour\Application\Runtime\Cache\Admin\8b641081e7ea680aaaea87475742484f.php 第 192 行.
NOTIC: [8] Undefined index: content E:\www\tour\Application\Runtime\Cache\Admin\8b641081e7ea680aaaea87475742484f.php 第 224 行.
NOTIC: [8] Undefined index: renqi E:\www\tour\Application\Runtime\Cache\Admin\8b641081e7ea680aaaea87475742484f.php 第 232 行.
NOTIC: [8] Undefined index: is_show E:\www\tour\Application\Runtime\Cache\Admin\8b641081e7ea680aaaea87475742484f.php 第 240 行.
NOTIC: [8] Undefined index: is_show E:\www\tour\Application\Runtime\Cache\Admin\8b641081e7ea680aaaea87475742484f.php 第 241 行.
NOTIC: [8] Undefined index: is_hot E:\www\tour\Application\Runtime\Cache\Admin\8b641081e7ea680aaaea87475742484f.php 第 248 行.
NOTIC: [8] Undefined index: is_hot E:\www\tour\Application\Runtime\Cache\Admin\8b641081e7ea680aaaea87475742484f.php 第 249 行.
NOTIC: [8] Undefined index: id E:\www\tour\Application\Runtime\Cache\Admin\8b641081e7ea680aaaea87475742484f.php 第 256 行.
INFO: Run Behavior\ParseTemplateBehavior [ RunTime:0.020001s ]
INFO: [ view_parse ] --END-- [ RunTime:0.021001s ]
INFO: [ view_filter ] --START--
INFO: Run Behavior\WriteHtmlCacheBehavior [ RunTime:0.000000s ]
INFO: [ view_filter ] --END-- [ RunTime:0.000000s ]
INFO: [ app_end ] --START--
INFO: Run Behavior\ShowPageTraceBehavior [ RunTime:0.000000s ]
INFO: [ app_end ] --END-- [ RunTime:0.000000s ]

[ 2018-10-16T11:50:07+08:00 ] 127.0.0.1 /index.php/Admin/Product/index.html
NOTIC: [8] Use of undefined constant SHOW_PAGE_TRACE - assumed 'SHOW_PAGE_TRACE' E:\www\tour\Application\Common\Conf\debug.php 第 4 行.
INFO: [ app_init ] --START--
INFO: Run Behavior\BuildLiteBehavior [ RunTime:0.000000s ]
INFO: [ app_init ] --END-- [ RunTime:0.000000s ]
INFO: [ app_begin ] --START--
INFO: Run Behavior\ReadHtmlCacheBehavior [ RunTime:0.000000s ]
INFO: [ app_begin ] --END-- [ RunTime:0.000000s ]
NOTIC: [8] Undefined index: id E:\www\tour\Application\Admin\Controller\ProductController.class.php 第 14 行.
NOTIC: [8] Undefined index: shop_id E:\www\tour\Application\Admin\Controller\ProductController.class.php 第 15 行.
NOTIC: [8] Undefined index: type E:\www\tour\Application\Admin\Controller\ProductController.class.php 第 18 行.
NOTIC: [8] Undefined index: tuijian E:\www\tour\Application\Admin\Controller\ProductController.class.php 第 19 行.
NOTIC: [8] Undefined index: name E:\www\tour\Application\Admin\Controller\ProductController.class.php 第 20 行.
SQL: SHOW COLUMNS FROM `lr_product` [ RunTime:0.0390s ]
SQL: SELECT COUNT(*) AS tp_count FROM `lr_product` WHERE ( 1=1 AND pro_type=1 AND del<1 ) LIMIT 1   [ RunTime:0.0070s ]
NOTIC: [8] Undefined index: page E:\www\tour\Application\Admin\Controller\ProductController.class.php 第 32 行.
SQL: SELECT * FROM `lr_product` WHERE ( 1=1 AND pro_type=1 AND del<1 ) ORDER BY addtime desc LIMIT 0,5   [ RunTime:0.0060s ]
SQL: SHOW COLUMNS FROM `lr_category` [ RunTime:0.0080s ]
SQL: SELECT `name` FROM `lr_category` WHERE ( id=0 ) LIMIT 1   [ RunTime:0.0010s ]
SQL: SHOW COLUMNS FROM `lr_brand` [ RunTime:0.0080s ]
SQL: SELECT `name` FROM `lr_brand` WHERE ( id=0 ) LIMIT 1   [ RunTime:0.0010s ]
SQL: SELECT `name` FROM `lr_category` WHERE ( id=17 ) LIMIT 1   [ RunTime:0.0020s ]
SQL: SELECT `name` FROM `lr_brand` WHERE ( id=6 ) LIMIT 1   [ RunTime:0.0020s ]
SQL: SELECT `name` FROM `lr_category` WHERE ( id=9 ) LIMIT 1   [ RunTime:0.0010s ]
SQL: SELECT `name` FROM `lr_brand` WHERE ( id=4 ) LIMIT 1   [ RunTime:0.0010s ]
SQL: SELECT `name` FROM `lr_category` WHERE ( id=15 ) LIMIT 1   [ RunTime:0.0010s ]
SQL: SELECT `name` FROM `lr_brand` WHERE ( id=7 ) LIMIT 1   [ RunTime:0.0010s ]
SQL: SELECT `name` FROM `lr_category` WHERE ( id=15 ) LIMIT 1   [ RunTime:0.0010s ]
SQL: SELECT `name` FROM `lr_brand` WHERE ( id=7 ) LIMIT 1   [ RunTime:0.0000s ]
INFO: [ view_parse ] --START--
INFO: [ template_filter ] --START--
INFO: Run Behavior\ContentReplaceBehavior [ RunTime:0.000000s ]
INFO: [ template_filter ] --END-- [ RunTime:0.000000s ]
INFO: Run Behavior\ParseTemplateBehavior [ RunTime:0.069004s ]
INFO: [ view_parse ] --END-- [ RunTime:0.069004s ]
INFO: [ view_filter ] --START--
INFO: Run Behavior\WriteHtmlCacheBehavior [ RunTime:0.000000s ]
INFO: [ view_filter ] --END-- [ RunTime:0.000000s ]
INFO: [ app_end ] --START--
INFO: Run Behavior\ShowPageTraceBehavior [ RunTime:0.001000s ]
INFO: [ app_end ] --END-- [ RunTime:0.001000s ]

[ 2018-10-16T11:56:38+08:00 ] 127.0.0.1 /index.php/Admin/Product/add.html
NOTIC: [8] Use of undefined constant SHOW_PAGE_TRACE - assumed 'SHOW_PAGE_TRACE' E:\www\tour\Application\Common\Conf\debug.php 第 4 行.
INFO: [ app_init ] --START--
INFO: Run Behavior\BuildLiteBehavior [ RunTime:0.000000s ]
INFO: [ app_init ] --END-- [ RunTime:0.000000s ]
INFO: [ app_begin ] --START--
INFO: Run Behavior\ReadHtmlCacheBehavior [ RunTime:0.000000s ]
INFO: [ app_begin ] --END-- [ RunTime:0.000000s ]
NOTIC: [8] Undefined index: id E:\www\tour\Application\Admin\Controller\ProductController.class.php 第 66 行.
NOTIC: [8] Undefined index: page E:\www\tour\Application\Admin\Controller\ProductController.class.php 第 67 行.
NOTIC: [8] Undefined index: name E:\www\tour\Application\Admin\Controller\ProductController.class.php 第 68 行.
NOTIC: [8] Undefined index: type E:\www\tour\Application\Admin\Controller\ProductController.class.php 第 69 行.
NOTIC: [8] Undefined index: submit E:\www\tour\Application\Admin\Controller\ProductController.class.php 第 71 行.
SQL: SHOW COLUMNS FROM `lr_category` [ RunTime:0.0080s ]
SQL: SELECT `id`,`name` FROM `lr_category` WHERE ( tid=1 )  [ RunTime:0.0010s ]
NOTIC: [2] Illegal string offset 'cid' E:\www\tour\Application\Admin\Controller\ProductController.class.php 第 233 行.
NOTIC: [8] Uninitialized string offset: 0 E:\www\tour\Application\Admin\Controller\ProductController.class.php 第 233 行.
SQL: SELECT `tid` FROM `lr_category` WHERE ( id=0 ) LIMIT 1   [ RunTime:0.0010s ]
NOTIC: [8] Undefined index: photo_string E:\www\tour\Application\Admin\Controller\ProductController.class.php 第 241 行.
SQL: SHOW COLUMNS FROM `lr_brand` [ RunTime:0.0080s ]
SQL: SELECT `id`,`name` FROM `lr_brand` WHERE ( 1=1 )  [ RunTime:0.0010s ]
NOTIC: [8] Undefined variable: shop_id E:\www\tour\Application\Admin\Controller\ProductController.class.php 第 258 行.
INFO: [ view_parse ] --START--
INFO: [ template_filter ] --START--
INFO: Run Behavior\ContentReplaceBehavior [ RunTime:0.000000s ]
INFO: [ template_filter ] --END-- [ RunTime:0.000000s ]
NOTIC: [8] Undefined variable: img E:\www\tour\Application\Runtime\Cache\Admin\8b641081e7ea680aaaea87475742484f.php 第 33 行.
NOTIC: [8] Undefined variable: img E:\www\tour\Application\Runtime\Cache\Admin\8b641081e7ea680aaaea87475742484f.php 第 33 行.
NOTIC: [8] Undefined variable: img E:\www\tour\Application\Runtime\Cache\Admin\8b641081e7ea680aaaea87475742484f.php 第 33 行.
NOTIC: [2] Division by zero E:\www\tour\Application\Runtime\Cache\Admin\8b641081e7ea680aaaea87475742484f.php 第 33 行.
NOTIC: [8] Undefined index: name E:\www\tour\Application\Runtime\Cache\Admin\8b641081e7ea680aaaea87475742484f.php 第 91 行.
NOTIC: [8] Undefined index: name E:\www\tour\Application\Runtime\Cache\Admin\8b641081e7ea680aaaea87475742484f.php 第 98 行.
NOTIC: [8] Undefined index: company E:\www\tour\Application\Runtime\Cache\Admin\8b641081e7ea680aaaea87475742484f.php 第 105 行.
NOTIC: [8] Undefined index: price E:\www\tour\Application\Runtime\Cache\Admin\8b641081e7ea680aaaea87475742484f.php 第 115 行.
NOTIC: [8] Undefined index: price_yh E:\www\tour\Application\Runtime\Cache\Admin\8b641081e7ea680aaaea87475742484f.php 第 121 行.
NOTIC: [8] Undefined index: price_jf E:\www\tour\Application\Runtime\Cache\Admin\8b641081e7ea680aaaea87475742484f.php 第 127 行.
NOTIC: [8] Undefined index: pro_number E:\www\tour\Application\Runtime\Cache\Admin\8b641081e7ea680aaaea87475742484f.php 第 133 行.
NOTIC: [8] Undefined index: num E:\www\tour\Application\Runtime\Cache\Admin\8b641081e7ea680aaaea87475742484f.php 第 141 行.
NOTIC: [8] Undefined index: maid_two E:\www\tour\Application\Runtime\Cache\Admin\8b641081e7ea680aaaea87475742484f.php 第 148 行.
NOTIC: [8] Undefined index: maid_two E:\www\tour\Application\Runtime\Cache\Admin\8b641081e7ea680aaaea87475742484f.php 第 155 行.
NOTIC: [8] Undefined index: maid_three E:\www\tour\Application\Runtime\Cache\Admin\8b641081e7ea680aaaea87475742484f.php 第 162 行.
NOTIC: [8] Undefined index: photo_x E:\www\tour\Application\Runtime\Cache\Admin\8b641081e7ea680aaaea87475742484f.php 第 169 行.
NOTIC: [8] Undefined index: photo_d E:\www\tour\Application\Runtime\Cache\Admin\8b641081e7ea680aaaea87475742484f.php 第 180 行.
NOTIC: [8] Undefined variable: img_str E:\www\tour\Application\Runtime\Cache\Admin\8b641081e7ea680aaaea87475742484f.php 第 192 行.
NOTIC: [8] Undefined index: content E:\www\tour\Application\Runtime\Cache\Admin\8b641081e7ea680aaaea87475742484f.php 第 224 行.
NOTIC: [8] Undefined index: renqi E:\www\tour\Application\Runtime\Cache\Admin\8b641081e7ea680aaaea87475742484f.php 第 232 行.
NOTIC: [8] Undefined index: is_show E:\www\tour\Application\Runtime\Cache\Admin\8b641081e7ea680aaaea87475742484f.php 第 240 行.
NOTIC: [8] Undefined index: is_show E:\www\tour\Application\Runtime\Cache\Admin\8b641081e7ea680aaaea87475742484f.php 第 241 行.
NOTIC: [8] Undefined index: is_hot E:\www\tour\Application\Runtime\Cache\Admin\8b641081e7ea680aaaea87475742484f.php 第 248 行.
NOTIC: [8] Undefined index: is_hot E:\www\tour\Application\Runtime\Cache\Admin\8b641081e7ea680aaaea87475742484f.php 第 249 行.
NOTIC: [8] Undefined index: id E:\www\tour\Application\Runtime\Cache\Admin\8b641081e7ea680aaaea87475742484f.php 第 256 行.
INFO: Run Behavior\ParseTemplateBehavior [ RunTime:0.041002s ]
INFO: [ view_parse ] --END-- [ RunTime:0.041002s ]
INFO: [ view_filter ] --START--
INFO: Run Behavior\WriteHtmlCacheBehavior [ RunTime:0.001000s ]
INFO: [ view_filter ] --END-- [ RunTime:0.001000s ]
INFO: [ app_end ] --START--
INFO: Run Behavior\ShowPageTraceBehavior [ RunTime:0.001000s ]
INFO: [ app_end ] --END-- [ RunTime:0.001000s ]

