[ 2018-10-17T09:03:39+08:00 ] 127.0.0.1 /index.php/admin
NOTIC: [8] Use of undefined constant SHOW_PAGE_TRACE - assumed 'SHOW_PAGE_TRACE' E:\www\tour\Application\Common\Conf\debug.php 第 4 行.
INFO: [ app_init ] --START--
INFO: Run Behavior\BuildLiteBehavior [ RunTime:0.000000s ]
INFO: [ app_init ] --END-- [ RunTime:0.000000s ]
INFO: [ app_begin ] --START--
INFO: Run Behavior\ReadHtmlCacheBehavior [ RunTime:0.000000s ]
INFO: [ app_begin ] --END-- [ RunTime:0.000000s ]

[ 2018-10-17T09:03:39+08:00 ] 127.0.0.1 /index.php/admin
NOTIC: [8] Use of undefined constant SHOW_PAGE_TRACE - assumed 'SHOW_PAGE_TRACE' E:\www\tour\Application\Common\Conf\debug.php 第 4 行.
INFO: [ app_init ] --START--
INFO: Run Behavior\BuildLiteBehavior [ RunTime:0.000000s ]
INFO: [ app_init ] --END-- [ RunTime:0.000000s ]
INFO: [ app_begin ] --START--
INFO: Run Behavior\ReadHtmlCacheBehavior [ RunTime:0.000000s ]
INFO: [ app_begin ] --END-- [ RunTime:0.000000s ]

[ 2018-10-17T09:03:41+08:00 ] 127.0.0.1 /index.php/Admin/Login/index.html
NOTIC: [8] Use of undefined constant SHOW_PAGE_TRACE - assumed 'SHOW_PAGE_TRACE' E:\www\tour\Application\Common\Conf\debug.php 第 4 行.
INFO: [ app_init ] --START--
INFO: Run Behavior\BuildLiteBehavior [ RunTime:0.000000s ]
INFO: [ app_init ] --END-- [ RunTime:0.000000s ]
INFO: [ app_begin ] --START--
INFO: Run Behavior\ReadHtmlCacheBehavior [ RunTime:0.000000s ]
INFO: [ app_begin ] --END-- [ RunTime:0.000000s ]
SQL: SHOW COLUMNS FROM `lr_program` [ RunTime:0.0160s ]
SQL: SELECT * FROM `lr_program` LIMIT 1   [ RunTime:0.0000s ]
INFO: [ view_parse ] --START--
INFO: [ template_filter ] --START--
INFO: Run Behavior\ContentReplaceBehavior [ RunTime:0.001000s ]
INFO: [ template_filter ] --END-- [ RunTime:0.001000s ]
NOTIC: [8] Undefined variable: key E:\www\tour\Application\Runtime\Cache\Admin\32ec6c906c117a7c2bf504769276d87a.php 第 28 行.
INFO: Run Behavior\ParseTemplateBehavior [ RunTime:0.012000s ]
INFO: [ view_parse ] --END-- [ RunTime:0.012000s ]
INFO: [ view_filter ] --START--
INFO: Run Behavior\WriteHtmlCacheBehavior [ RunTime:0.000000s ]
INFO: [ view_filter ] --END-- [ RunTime:0.000000s ]
INFO: [ app_end ] --START--
INFO: Run Behavior\ShowPageTraceBehavior [ RunTime:0.001001s ]
INFO: [ app_end ] --END-- [ RunTime:0.001001s ]

[ 2018-10-17T09:03:42+08:00 ] 127.0.0.1 /index.php/Admin/Login/lib/jquery/1.9.1/jquery.min.js
NOTIC: [8] Use of undefined constant SHOW_PAGE_TRACE - assumed 'SHOW_PAGE_TRACE' E:\www\tour\Application\Common\Conf\debug.php 第 4 行.
INFO: [ app_init ] --START--
INFO: Run Behavior\BuildLiteBehavior [ RunTime:0.000000s ]
INFO: [ app_init ] --END-- [ RunTime:0.000000s ]
INFO: [ app_begin ] --START--
INFO: Run Behavior\ReadHtmlCacheBehavior [ RunTime:0.000000s ]
INFO: [ app_begin ] --END-- [ RunTime:0.000000s ]
ERR: 非法操作:lib

[ 2018-10-17T09:03:43+08:00 ] 127.0.0.1 /index.php/Admin/Login/static/h-ui/js/H-ui.min.js
NOTIC: [8] Use of undefined constant SHOW_PAGE_TRACE - assumed 'SHOW_PAGE_TRACE' E:\www\tour\Application\Common\Conf\debug.php 第 4 行.
INFO: [ app_init ] --START--
INFO: Run Behavior\BuildLiteBehavior [ RunTime:0.000000s ]
INFO: [ app_init ] --END-- [ RunTime:0.000000s ]
INFO: [ app_begin ] --START--
INFO: Run Behavior\ReadHtmlCacheBehavior [ RunTime:0.000000s ]
INFO: [ app_begin ] --END-- [ RunTime:0.000000s ]
ERR: 非法操作:static

[ 2018-10-17T09:03:45+08:00 ] 127.0.0.1 /index.php/Admin/Login/index.html?key=
NOTIC: [8] Use of undefined constant SHOW_PAGE_TRACE - assumed 'SHOW_PAGE_TRACE' E:\www\tour\Application\Common\Conf\debug.php 第 4 行.
INFO: [ app_init ] --START--
INFO: Run Behavior\BuildLiteBehavior [ RunTime:0.000000s ]
INFO: [ app_init ] --END-- [ RunTime:0.000000s ]
INFO: [ app_begin ] --START--
INFO: Run Behavior\ReadHtmlCacheBehavior [ RunTime:0.000000s ]
INFO: [ app_begin ] --END-- [ RunTime:0.000000s ]
SQL: SHOW COLUMNS FROM `lr_adminuser` [ RunTime:0.0210s ]
SQL: SELECT * FROM `lr_adminuser` WHERE ( name='admin' AND del<1 ) LIMIT 1   [ RunTime:0.0010s ]
SQL: SHOW COLUMNS FROM `lr_program` [ RunTime:0.0070s ]
SQL: SELECT * FROM `lr_program` LIMIT 1   [ RunTime:0.0010s ]
NOTIC: [8] Undefined index: shop_id E:\www\tour\Application\Admin\Controller\LoginController.class.php 第 21 行.
INFO: [ app_end ] --START--
INFO: Run Behavior\ShowPageTraceBehavior [ RunTime:0.001000s ]
INFO: [ app_end ] --END-- [ RunTime:0.001000s ]

[ 2018-10-17T09:03:46+08:00 ] 127.0.0.1 /index.php/Admin/Index/index.html
NOTIC: [8] Use of undefined constant SHOW_PAGE_TRACE - assumed 'SHOW_PAGE_TRACE' E:\www\tour\Application\Common\Conf\debug.php 第 4 行.
INFO: [ app_init ] --START--
INFO: Run Behavior\BuildLiteBehavior [ RunTime:0.000000s ]
INFO: [ app_init ] --END-- [ RunTime:0.000000s ]
INFO: [ app_begin ] --START--
INFO: Run Behavior\ReadHtmlCacheBehavior [ RunTime:0.001000s ]
INFO: [ app_begin ] --END-- [ RunTime:0.001000s ]
SQL: SHOW COLUMNS FROM `lr_web` [ RunTime:0.0430s ]
SQL: SELECT `concent` FROM `lr_web` WHERE ( id=5 ) LIMIT 1   [ RunTime:0.0010s ]
INFO: [ view_parse ] --START--
INFO: [ template_filter ] --START--
INFO: Run Behavior\ContentReplaceBehavior [ RunTime:0.000000s ]
INFO: [ template_filter ] --END-- [ RunTime:0.000000s ]
INFO: Run Behavior\ParseTemplateBehavior [ RunTime:0.009001s ]
INFO: [ view_parse ] --END-- [ RunTime:0.009001s ]
INFO: [ view_filter ] --START--
INFO: Run Behavior\WriteHtmlCacheBehavior [ RunTime:0.000000s ]
INFO: [ view_filter ] --END-- [ RunTime:0.000000s ]
INFO: [ app_end ] --START--
INFO: Run Behavior\ShowPageTraceBehavior [ RunTime:0.000000s ]
INFO: [ app_end ] --END-- [ RunTime:0.000000s ]

[ 2018-10-17T09:03:46+08:00 ] 127.0.0.1 /index.php/Admin/Page/adminindex.html
NOTIC: [8] Use of undefined constant SHOW_PAGE_TRACE - assumed 'SHOW_PAGE_TRACE' E:\www\tour\Application\Common\Conf\debug.php 第 4 行.
INFO: [ app_init ] --START--
INFO: Run Behavior\BuildLiteBehavior [ RunTime:0.000000s ]
INFO: [ app_init ] --END-- [ RunTime:0.000000s ]
INFO: [ app_begin ] --START--
INFO: Run Behavior\ReadHtmlCacheBehavior [ RunTime:0.000000s ]
INFO: [ app_begin ] --END-- [ RunTime:0.000000s ]
INFO: [ view_parse ] --START--
INFO: [ template_filter ] --START--
INFO: Run Behavior\ContentReplaceBehavior [ RunTime:0.000000s ]
INFO: [ template_filter ] --END-- [ RunTime:0.000000s ]
INFO: Run Behavior\ParseTemplateBehavior [ RunTime:0.008000s ]
INFO: [ view_parse ] --END-- [ RunTime:0.008000s ]
INFO: [ view_filter ] --START--
INFO: Run Behavior\WriteHtmlCacheBehavior [ RunTime:0.000000s ]
INFO: [ view_filter ] --END-- [ RunTime:0.000000s ]
INFO: [ app_end ] --START--
INFO: Run Behavior\ShowPageTraceBehavior [ RunTime:0.001000s ]
INFO: [ app_end ] --END-- [ RunTime:0.001000s ]

[ 2018-10-17T09:03:48+08:00 ] 127.0.0.1 /index.php/Admin/Product/add.html
NOTIC: [8] Use of undefined constant SHOW_PAGE_TRACE - assumed 'SHOW_PAGE_TRACE' E:\www\tour\Application\Common\Conf\debug.php 第 4 行.
INFO: [ app_init ] --START--
INFO: Run Behavior\BuildLiteBehavior [ RunTime:0.000000s ]
INFO: [ app_init ] --END-- [ RunTime:0.000000s ]
INFO: [ app_begin ] --START--
INFO: Run Behavior\ReadHtmlCacheBehavior [ RunTime:0.000000s ]
INFO: [ app_begin ] --END-- [ RunTime:0.000000s ]
NOTIC: [8] Undefined index: id E:\www\tour\Application\Admin\Controller\ProductController.class.php 第 66 行.
NOTIC: [8] Undefined index: page E:\www\tour\Application\Admin\Controller\ProductController.class.php 第 67 行.
NOTIC: [8] Undefined index: name E:\www\tour\Application\Admin\Controller\ProductController.class.php 第 68 行.
NOTIC: [8] Undefined index: type E:\www\tour\Application\Admin\Controller\ProductController.class.php 第 69 行.
NOTIC: [8] Undefined index: submit E:\www\tour\Application\Admin\Controller\ProductController.class.php 第 71 行.
SQL: SHOW COLUMNS FROM `lr_category` [ RunTime:0.0160s ]
SQL: SELECT `id`,`name` FROM `lr_category` WHERE ( tid=1 )  [ RunTime:0.0100s ]
NOTIC: [2] Illegal string offset 'cid' E:\www\tour\Application\Admin\Controller\ProductController.class.php 第 233 行.
NOTIC: [8] Uninitialized string offset: 0 E:\www\tour\Application\Admin\Controller\ProductController.class.php 第 233 行.
SQL: SELECT `tid` FROM `lr_category` WHERE ( id=0 ) LIMIT 1   [ RunTime:0.0010s ]
NOTIC: [8] Undefined index: photo_string E:\www\tour\Application\Admin\Controller\ProductController.class.php 第 241 行.
SQL: SHOW COLUMNS FROM `lr_brand` [ RunTime:0.0150s ]
SQL: SELECT `id`,`name` FROM `lr_brand` WHERE ( 1=1 )  [ RunTime:0.0090s ]
NOTIC: [8] Undefined variable: shop_id E:\www\tour\Application\Admin\Controller\ProductController.class.php 第 258 行.
INFO: [ view_parse ] --START--
INFO: [ template_filter ] --START--
INFO: Run Behavior\ContentReplaceBehavior [ RunTime:0.000000s ]
INFO: [ template_filter ] --END-- [ RunTime:0.000000s ]
NOTIC: [8] Undefined variable: img E:\www\tour\Application\Runtime\Cache\Admin\8b641081e7ea680aaaea87475742484f.php 第 33 行.
NOTIC: [8] Undefined variable: img E:\www\tour\Application\Runtime\Cache\Admin\8b641081e7ea680aaaea87475742484f.php 第 33 行.
NOTIC: [8] Undefined variable: img E:\www\tour\Application\Runtime\Cache\Admin\8b641081e7ea680aaaea87475742484f.php 第 33 行.
NOTIC: [2] Division by zero E:\www\tour\Application\Runtime\Cache\Admin\8b641081e7ea680aaaea87475742484f.php 第 33 行.
NOTIC: [8] Undefined index: name E:\www\tour\Application\Runtime\Cache\Admin\8b641081e7ea680aaaea87475742484f.php 第 91 行.
NOTIC: [8] Undefined index: name E:\www\tour\Application\Runtime\Cache\Admin\8b641081e7ea680aaaea87475742484f.php 第 98 行.
NOTIC: [8] Undefined index: company E:\www\tour\Application\Runtime\Cache\Admin\8b641081e7ea680aaaea87475742484f.php 第 105 行.
NOTIC: [8] Undefined index: price E:\www\tour\Application\Runtime\Cache\Admin\8b641081e7ea680aaaea87475742484f.php 第 115 行.
NOTIC: [8] Undefined index: price_yh E:\www\tour\Application\Runtime\Cache\Admin\8b641081e7ea680aaaea87475742484f.php 第 121 行.
NOTIC: [8] Undefined index: price_jf E:\www\tour\Application\Runtime\Cache\Admin\8b641081e7ea680aaaea87475742484f.php 第 127 行.
NOTIC: [8] Undefined index: pro_number E:\www\tour\Application\Runtime\Cache\Admin\8b641081e7ea680aaaea87475742484f.php 第 133 行.
NOTIC: [8] Undefined index: num E:\www\tour\Application\Runtime\Cache\Admin\8b641081e7ea680aaaea87475742484f.php 第 141 行.
NOTIC: [8] Undefined index: maid_two E:\www\tour\Application\Runtime\Cache\Admin\8b641081e7ea680aaaea87475742484f.php 第 148 行.
NOTIC: [8] Undefined index: maid_two E:\www\tour\Application\Runtime\Cache\Admin\8b641081e7ea680aaaea87475742484f.php 第 155 行.
NOTIC: [8] Undefined index: maid_three E:\www\tour\Application\Runtime\Cache\Admin\8b641081e7ea680aaaea87475742484f.php 第 162 行.
NOTIC: [8] Undefined index: photo_x E:\www\tour\Application\Runtime\Cache\Admin\8b641081e7ea680aaaea87475742484f.php 第 169 行.
NOTIC: [8] Undefined index: photo_d E:\www\tour\Application\Runtime\Cache\Admin\8b641081e7ea680aaaea87475742484f.php 第 180 行.
NOTIC: [8] Undefined variable: img_str E:\www\tour\Application\Runtime\Cache\Admin\8b641081e7ea680aaaea87475742484f.php 第 192 行.
NOTIC: [8] Undefined index: content E:\www\tour\Application\Runtime\Cache\Admin\8b641081e7ea680aaaea87475742484f.php 第 224 行.
NOTIC: [8] Undefined index: renqi E:\www\tour\Application\Runtime\Cache\Admin\8b641081e7ea680aaaea87475742484f.php 第 232 行.
NOTIC: [8] Undefined index: is_show E:\www\tour\Application\Runtime\Cache\Admin\8b641081e7ea680aaaea87475742484f.php 第 240 行.
NOTIC: [8] Undefined index: is_show E:\www\tour\Application\Runtime\Cache\Admin\8b641081e7ea680aaaea87475742484f.php 第 241 行.
NOTIC: [8] Undefined index: is_hot E:\www\tour\Application\Runtime\Cache\Admin\8b641081e7ea680aaaea87475742484f.php 第 248 行.
NOTIC: [8] Undefined index: is_hot E:\www\tour\Application\Runtime\Cache\Admin\8b641081e7ea680aaaea87475742484f.php 第 249 行.
NOTIC: [8] Undefined index: id E:\www\tour\Application\Runtime\Cache\Admin\8b641081e7ea680aaaea87475742484f.php 第 256 行.
INFO: Run Behavior\ParseTemplateBehavior [ RunTime:0.007001s ]
INFO: [ view_parse ] --END-- [ RunTime:0.007001s ]
INFO: [ view_filter ] --START--
INFO: Run Behavior\WriteHtmlCacheBehavior [ RunTime:0.000000s ]
INFO: [ view_filter ] --END-- [ RunTime:0.000000s ]
INFO: [ app_end ] --START--
INFO: Run Behavior\ShowPageTraceBehavior [ RunTime:0.000000s ]
INFO: [ app_end ] --END-- [ RunTime:0.000000s ]

[ 2018-10-17T09:04:00+08:00 ] 127.0.0.1 /index.php/Admin/Product/add.html?id=0&page=0&type=&name=&shop_id=
NOTIC: [8] Use of undefined constant SHOW_PAGE_TRACE - assumed 'SHOW_PAGE_TRACE' E:\www\tour\Application\Common\Conf\debug.php 第 4 行.
INFO: [ app_init ] --START--
INFO: Run Behavior\BuildLiteBehavior [ RunTime:0.000000s ]
INFO: [ app_init ] --END-- [ RunTime:0.000000s ]
INFO: [ app_begin ] --START--
INFO: Run Behavior\ReadHtmlCacheBehavior [ RunTime:0.000000s ]
INFO: [ app_begin ] --END-- [ RunTime:0.000000s ]
NOTIC: [8] Undefined index: shop_id E:\www\tour\Application\Admin\Controller\ProductController.class.php 第 78 行.
NOTIC: [8] Undefined index: sort E:\www\tour\Application\Admin\Controller\ProductController.class.php 第 80 行.
NOTIC: [8] Undefined index: is_sale E:\www\tour\Application\Admin\Controller\ProductController.class.php 第 92 行.
SQL: SHOW COLUMNS FROM `lr_product` [ RunTime:0.0160s ]
SQL: INSERT INTO `lr_product` (`name`,`intro`,`shop_id`,`pro_number`,`sort`,`price`,`price_yh`,`price_jf`,`updatetime`,`num`,`content`,`company`,`pro_type`,`renqi`,`is_hot`,`is_show`,`is_sale`,`maid_one`,`maid_two`,`maid_three`,`shiyong`,`addtime`) VALUES ('122222','22222','0','222','0','23222','222','222','1539738240','999999','','223','1','0','0','0','0','22','22','22','1176','1539738240') [ RunTime:0.0070s ]
INFO: [ view_parse ] --START--
INFO: [ template_filter ] --START--
INFO: Run Behavior\ContentReplaceBehavior [ RunTime:0.000000s ]
INFO: [ template_filter ] --END-- [ RunTime:0.000000s ]
INFO: Run Behavior\ParseTemplateBehavior [ RunTime:0.003001s ]
INFO: [ view_parse ] --END-- [ RunTime:0.003001s ]
INFO: [ view_filter ] --START--
INFO: Run Behavior\WriteHtmlCacheBehavior [ RunTime:0.000000s ]
INFO: [ view_filter ] --END-- [ RunTime:0.000000s ]

[ 2018-10-17T09:04:01+08:00 ] 127.0.0.1 /index.php/Admin/Product/add.html
NOTIC: [8] Use of undefined constant SHOW_PAGE_TRACE - assumed 'SHOW_PAGE_TRACE' E:\www\tour\Application\Common\Conf\debug.php 第 4 行.
INFO: [ app_init ] --START--
INFO: Run Behavior\BuildLiteBehavior [ RunTime:0.000000s ]
INFO: [ app_init ] --END-- [ RunTime:0.001000s ]
INFO: [ app_begin ] --START--
INFO: Run Behavior\ReadHtmlCacheBehavior [ RunTime:0.001001s ]
INFO: [ app_begin ] --END-- [ RunTime:0.001001s ]
NOTIC: [8] Undefined index: id E:\www\tour\Application\Admin\Controller\ProductController.class.php 第 66 行.
NOTIC: [8] Undefined index: page E:\www\tour\Application\Admin\Controller\ProductController.class.php 第 67 行.
NOTIC: [8] Undefined index: name E:\www\tour\Application\Admin\Controller\ProductController.class.php 第 68 行.
NOTIC: [8] Undefined index: type E:\www\tour\Application\Admin\Controller\ProductController.class.php 第 69 行.
NOTIC: [8] Undefined index: submit E:\www\tour\Application\Admin\Controller\ProductController.class.php 第 71 行.
SQL: SHOW COLUMNS FROM `lr_category` [ RunTime:0.0070s ]
SQL: SELECT `id`,`name` FROM `lr_category` WHERE ( tid=1 )  [ RunTime:0.0010s ]
NOTIC: [2] Illegal string offset 'cid' E:\www\tour\Application\Admin\Controller\ProductController.class.php 第 233 行.
NOTIC: [8] Uninitialized string offset: 0 E:\www\tour\Application\Admin\Controller\ProductController.class.php 第 233 行.
SQL: SELECT `tid` FROM `lr_category` WHERE ( id=0 ) LIMIT 1   [ RunTime:0.0010s ]
NOTIC: [8] Undefined index: photo_string E:\www\tour\Application\Admin\Controller\ProductController.class.php 第 241 行.
SQL: SHOW COLUMNS FROM `lr_brand` [ RunTime:0.0060s ]
SQL: SELECT `id`,`name` FROM `lr_brand` WHERE ( 1=1 )  [ RunTime:0.0000s ]
NOTIC: [8] Undefined variable: shop_id E:\www\tour\Application\Admin\Controller\ProductController.class.php 第 258 行.
INFO: [ view_parse ] --START--
INFO: [ template_filter ] --START--
INFO: Run Behavior\ContentReplaceBehavior [ RunTime:0.001000s ]
INFO: [ template_filter ] --END-- [ RunTime:0.001000s ]
NOTIC: [8] Undefined variable: img E:\www\tour\Application\Runtime\Cache\Admin\8b641081e7ea680aaaea87475742484f.php 第 33 行.
NOTIC: [8] Undefined variable: img E:\www\tour\Application\Runtime\Cache\Admin\8b641081e7ea680aaaea87475742484f.php 第 33 行.
NOTIC: [8] Undefined variable: img E:\www\tour\Application\Runtime\Cache\Admin\8b641081e7ea680aaaea87475742484f.php 第 33 行.
NOTIC: [2] Division by zero E:\www\tour\Application\Runtime\Cache\Admin\8b641081e7ea680aaaea87475742484f.php 第 33 行.
NOTIC: [8] Undefined index: name E:\www\tour\Application\Runtime\Cache\Admin\8b641081e7ea680aaaea87475742484f.php 第 91 行.
NOTIC: [8] Undefined index: name E:\www\tour\Application\Runtime\Cache\Admin\8b641081e7ea680aaaea87475742484f.php 第 98 行.
NOTIC: [8] Undefined index: company E:\www\tour\Application\Runtime\Cache\Admin\8b641081e7ea680aaaea87475742484f.php 第 105 行.
NOTIC: [8] Undefined index: price E:\www\tour\Application\Runtime\Cache\Admin\8b641081e7ea680aaaea87475742484f.php 第 115 行.
NOTIC: [8] Undefined index: price_yh E:\www\tour\Application\Runtime\Cache\Admin\8b641081e7ea680aaaea87475742484f.php 第 121 行.
NOTIC: [8] Undefined index: price_jf E:\www\tour\Application\Runtime\Cache\Admin\8b641081e7ea680aaaea87475742484f.php 第 127 行.
NOTIC: [8] Undefined index: pro_number E:\www\tour\Application\Runtime\Cache\Admin\8b641081e7ea680aaaea87475742484f.php 第 133 行.
NOTIC: [8] Undefined index: num E:\www\tour\Application\Runtime\Cache\Admin\8b641081e7ea680aaaea87475742484f.php 第 141 行.
NOTIC: [8] Undefined index: maid_two E:\www\tour\Application\Runtime\Cache\Admin\8b641081e7ea680aaaea87475742484f.php 第 148 行.
NOTIC: [8] Undefined index: maid_two E:\www\tour\Application\Runtime\Cache\Admin\8b641081e7ea680aaaea87475742484f.php 第 155 行.
NOTIC: [8] Undefined index: maid_three E:\www\tour\Application\Runtime\Cache\Admin\8b641081e7ea680aaaea87475742484f.php 第 162 行.
NOTIC: [8] Undefined index: photo_x E:\www\tour\Application\Runtime\Cache\Admin\8b641081e7ea680aaaea87475742484f.php 第 169 行.
NOTIC: [8] Undefined index: photo_d E:\www\tour\Application\Runtime\Cache\Admin\8b641081e7ea680aaaea87475742484f.php 第 180 行.
NOTIC: [8] Undefined variable: img_str E:\www\tour\Application\Runtime\Cache\Admin\8b641081e7ea680aaaea87475742484f.php 第 192 行.
NOTIC: [8] Undefined index: content E:\www\tour\Application\Runtime\Cache\Admin\8b641081e7ea680aaaea87475742484f.php 第 224 行.
NOTIC: [8] Undefined index: renqi E:\www\tour\Application\Runtime\Cache\Admin\8b641081e7ea680aaaea87475742484f.php 第 232 行.
NOTIC: [8] Undefined index: is_show E:\www\tour\Application\Runtime\Cache\Admin\8b641081e7ea680aaaea87475742484f.php 第 240 行.
NOTIC: [8] Undefined index: is_show E:\www\tour\Application\Runtime\Cache\Admin\8b641081e7ea680aaaea87475742484f.php 第 241 行.
NOTIC: [8] Undefined index: is_hot E:\www\tour\Application\Runtime\Cache\Admin\8b641081e7ea680aaaea87475742484f.php 第 248 行.
NOTIC: [8] Undefined index: is_hot E:\www\tour\Application\Runtime\Cache\Admin\8b641081e7ea680aaaea87475742484f.php 第 249 行.
NOTIC: [8] Undefined index: id E:\www\tour\Application\Runtime\Cache\Admin\8b641081e7ea680aaaea87475742484f.php 第 256 行.
INFO: Run Behavior\ParseTemplateBehavior [ RunTime:0.006000s ]
INFO: [ view_parse ] --END-- [ RunTime:0.007000s ]
INFO: [ view_filter ] --START--
INFO: Run Behavior\WriteHtmlCacheBehavior [ RunTime:0.000000s ]
INFO: [ view_filter ] --END-- [ RunTime:0.000000s ]
INFO: [ app_end ] --START--
INFO: Run Behavior\ShowPageTraceBehavior [ RunTime:0.000000s ]
INFO: [ app_end ] --END-- [ RunTime:0.000000s ]

[ 2018-10-17T09:11:26+08:00 ] 127.0.0.1 /index.php/Admin/User/index.html
NOTIC: [8] Use of undefined constant SHOW_PAGE_TRACE - assumed 'SHOW_PAGE_TRACE' E:\www\tour\Application\Common\Conf\debug.php 第 4 行.
INFO: [ app_init ] --START--
INFO: Run Behavior\BuildLiteBehavior [ RunTime:0.000000s ]
INFO: [ app_init ] --END-- [ RunTime:0.000000s ]
INFO: [ app_begin ] --START--
INFO: Run Behavior\ReadHtmlCacheBehavior [ RunTime:0.001000s ]
INFO: [ app_begin ] --END-- [ RunTime:0.001000s ]
NOTIC: [8] Undefined index: type E:\www\tour\Application\Admin\Controller\UserController.class.php 第 11 行.
NOTIC: [8] Undefined index: id E:\www\tour\Application\Admin\Controller\UserController.class.php 第 12 行.
NOTIC: [8] Undefined index: tel E:\www\tour\Application\Admin\Controller\UserController.class.php 第 13 行.
NOTIC: [8] Undefined index: name E:\www\tour\Application\Admin\Controller\UserController.class.php 第 14 行.
NOTIC: [8] Undefined index: name E:\www\tour\Application\Admin\Controller\UserController.class.php 第 16 行.
SQL: SHOW COLUMNS FROM `lr_user` [ RunTime:0.0090s ]
SQL: SELECT COUNT(*) AS tp_count FROM `lr_user` WHERE ( 1=1 ) LIMIT 1   [ RunTime:0.0010s ]
NOTIC: [8] Undefined index: page E:\www\tour\Application\Admin\Controller\UserController.class.php 第 26 行.
SQL: SELECT * FROM `lr_user` WHERE ( 1=1 ) ORDER BY id desc LIMIT 0,20   [ RunTime:0.0010s ]
SQL: SHOW COLUMNS FROM `lr_level` [ RunTime:0.0070s ]
SQL: SELECT `level_name` FROM `lr_level` WHERE `id` = 3 LIMIT 1   [ RunTime:0.0010s ]
SQL: SELECT `level_name` FROM `lr_level` WHERE `id` = 1 LIMIT 1   [ RunTime:0.0000s ]
SQL: SELECT `uname` FROM `lr_user` WHERE `id` = 3 LIMIT 1   [ RunTime:0.0000s ]
SQL: SELECT `level_name` FROM `lr_level` WHERE `id` = 2 LIMIT 1   [ RunTime:0.0010s ]
SQL: SELECT `uname` FROM `lr_user` WHERE `id` = 2 LIMIT 1   [ RunTime:0.0010s ]
INFO: [ view_parse ] --START--
INFO: [ template_filter ] --START--
INFO: Run Behavior\ContentReplaceBehavior [ RunTime:0.000000s ]
INFO: [ template_filter ] --END-- [ RunTime:0.000000s ]
NOTIC: [8] Undefined index: top_uname E:\www\tour\Application\Runtime\Cache\Admin\65e605872ed5d34210f5b33beb13f5a3.php 第 63 行.
INFO: Run Behavior\ParseTemplateBehavior [ RunTime:0.040002s ]
INFO: [ view_parse ] --END-- [ RunTime:0.040002s ]
INFO: [ view_filter ] --START--
INFO: Run Behavior\WriteHtmlCacheBehavior [ RunTime:0.001000s ]
INFO: [ view_filter ] --END-- [ RunTime:0.001000s ]
INFO: [ app_end ] --START--
INFO: Run Behavior\ShowPageTraceBehavior [ RunTime:0.000000s ]
INFO: [ app_end ] --END-- [ RunTime:0.000000s ]

[ 2018-10-17T09:11:31+08:00 ] 127.0.0.1 /index.php/Admin/User/daili.html
NOTIC: [8] Use of undefined constant SHOW_PAGE_TRACE - assumed 'SHOW_PAGE_TRACE' E:\www\tour\Application\Common\Conf\debug.php 第 4 行.
INFO: [ app_init ] --START--
INFO: Run Behavior\BuildLiteBehavior [ RunTime:0.000000s ]
INFO: [ app_init ] --END-- [ RunTime:0.000000s ]
INFO: [ app_begin ] --START--
INFO: Run Behavior\ReadHtmlCacheBehavior [ RunTime:0.000000s ]
INFO: [ app_begin ] --END-- [ RunTime:0.000000s ]
SQL: SHOW COLUMNS FROM `lr_user` [ RunTime:0.0080s ]
SQL: SELECT COUNT(*) AS tp_count FROM `lr_user` WHERE `is_daili` <> 1 LIMIT 1   [ RunTime:0.0010s ]
NOTIC: [8] Undefined index: page E:\www\tour\Application\Admin\Controller\UserController.class.php 第 152 行.
SQL: SHOW COLUMNS FROM `lr_user` [ RunTime:0.0070s ]
SQL: SELECT * FROM `lr_user` WHERE `is_daili` <> 1  [ RunTime:0.0010s ]
INFO: [ view_parse ] --START--
INFO: [ template_filter ] --START--
INFO: Run Behavior\ContentReplaceBehavior [ RunTime:0.000000s ]
INFO: [ template_filter ] --END-- [ RunTime:0.001000s ]
NOTIC: [8] Undefined variable: tel E:\www\tour\Application\Runtime\Cache\Admin\7f6079e548479280cb2c86e3618533b6.php 第 28 行.
NOTIC: [8] Undefined variable: name E:\www\tour\Application\Runtime\Cache\Admin\7f6079e548479280cb2c86e3618533b6.php 第 28 行.
NOTIC: [8] Undefined variable: name E:\www\tour\Application\Runtime\Cache\Admin\7f6079e548479280cb2c86e3618533b6.php 第 37 行.
NOTIC: [8] Undefined variable: tel E:\www\tour\Application\Runtime\Cache\Admin\7f6079e548479280cb2c86e3618533b6.php 第 38 行.
INFO: Run Behavior\ParseTemplateBehavior [ RunTime:0.016001s ]
INFO: [ view_parse ] --END-- [ RunTime:0.016001s ]
INFO: [ view_filter ] --START--
INFO: Run Behavior\WriteHtmlCacheBehavior [ RunTime:0.000000s ]
INFO: [ view_filter ] --END-- [ RunTime:0.000000s ]
INFO: [ app_end ] --START--
INFO: Run Behavior\ShowPageTraceBehavior [ RunTime:0.000000s ]
INFO: [ app_end ] --END-- [ RunTime:0.001000s ]

[ 2018-10-17T09:11:33+08:00 ] 127.0.0.1 /index.php/Admin/User/level_list.html
NOTIC: [8] Use of undefined constant SHOW_PAGE_TRACE - assumed 'SHOW_PAGE_TRACE' E:\www\tour\Application\Common\Conf\debug.php 第 4 行.
INFO: [ app_init ] --START--
INFO: Run Behavior\BuildLiteBehavior [ RunTime:0.000000s ]
INFO: [ app_init ] --END-- [ RunTime:0.000000s ]
INFO: [ app_begin ] --START--
INFO: Run Behavior\ReadHtmlCacheBehavior [ RunTime:0.000000s ]
INFO: [ app_begin ] --END-- [ RunTime:0.000000s ]
SQL: SHOW COLUMNS FROM `lr_level` [ RunTime:0.0070s ]
SQL: SELECT * FROM `lr_level`  [ RunTime:0.0010s ]
INFO: [ view_parse ] --START--
INFO: [ template_filter ] --START--
INFO: Run Behavior\ContentReplaceBehavior [ RunTime:0.000000s ]
INFO: [ template_filter ] --END-- [ RunTime:0.000000s ]
NOTIC: [8] Undefined variable: tel E:\www\tour\Application\Runtime\Cache\Admin\e27de8a924ba28d44584ba8087cae46f.php 第 28 行.
NOTIC: [8] Undefined variable: name E:\www\tour\Application\Runtime\Cache\Admin\e27de8a924ba28d44584ba8087cae46f.php 第 28 行.
NOTIC: [8] Undefined index: name E:\www\tour\Application\Runtime\Cache\Admin\e27de8a924ba28d44584ba8087cae46f.php 第 50 行.
NOTIC: [8] Undefined index: name E:\www\tour\Application\Runtime\Cache\Admin\e27de8a924ba28d44584ba8087cae46f.php 第 50 行.
NOTIC: [8] Undefined index: name E:\www\tour\Application\Runtime\Cache\Admin\e27de8a924ba28d44584ba8087cae46f.php 第 50 行.
NOTIC: [8] Undefined variable: page_index E:\www\tour\Application\Runtime\Cache\Admin\e27de8a924ba28d44584ba8087cae46f.php 第 62 行.
INFO: Run Behavior\ParseTemplateBehavior [ RunTime:0.023001s ]
INFO: [ view_parse ] --END-- [ RunTime:0.023001s ]
INFO: [ view_filter ] --START--
INFO: Run Behavior\WriteHtmlCacheBehavior [ RunTime:0.000000s ]
INFO: [ view_filter ] --END-- [ RunTime:0.000000s ]
INFO: [ app_end ] --START--
INFO: Run Behavior\ShowPageTraceBehavior [ RunTime:0.000000s ]
INFO: [ app_end ] --END-- [ RunTime:0.000000s ]

[ 2018-10-17T09:11:38+08:00 ] 127.0.0.1 /index.php/Admin/User/level_edit.html?id=1
NOTIC: [8] Use of undefined constant SHOW_PAGE_TRACE - assumed 'SHOW_PAGE_TRACE' E:\www\tour\Application\Common\Conf\debug.php 第 4 行.
INFO: [ app_init ] --START--
INFO: Run Behavior\BuildLiteBehavior [ RunTime:0.000000s ]
INFO: [ app_init ] --END-- [ RunTime:0.000000s ]
INFO: [ app_begin ] --START--
INFO: Run Behavior\ReadHtmlCacheBehavior [ RunTime:0.000000s ]
INFO: [ app_begin ] --END-- [ RunTime:0.001000s ]
SQL: SHOW COLUMNS FROM `lr_level` [ RunTime:0.0070s ]
SQL: SELECT * FROM `lr_level` WHERE `id` = 1 LIMIT 1   [ RunTime:0.0010s ]
INFO: [ view_parse ] --START--
INFO: [ template_filter ] --START--
INFO: Run Behavior\ContentReplaceBehavior [ RunTime:0.000000s ]
INFO: [ template_filter ] --END-- [ RunTime:0.000000s ]
INFO: Run Behavior\ParseTemplateBehavior [ RunTime:0.011001s ]
INFO: [ view_parse ] --END-- [ RunTime:0.011001s ]
INFO: [ view_filter ] --START--
INFO: Run Behavior\WriteHtmlCacheBehavior [ RunTime:0.000000s ]
INFO: [ view_filter ] --END-- [ RunTime:0.000000s ]
INFO: [ app_end ] --START--
INFO: Run Behavior\ShowPageTraceBehavior [ RunTime:0.001000s ]
INFO: [ app_end ] --END-- [ RunTime:0.001000s ]

[ 2018-10-17T09:19:08+08:00 ] 127.0.0.1 /index.php/Admin/User/level_edit.html
NOTIC: [8] Use of undefined constant SHOW_PAGE_TRACE - assumed 'SHOW_PAGE_TRACE' E:\www\tour\Application\Common\Conf\debug.php 第 4 行.
INFO: [ app_init ] --START--
INFO: Run Behavior\BuildLiteBehavior [ RunTime:0.000000s ]
INFO: [ app_init ] --END-- [ RunTime:0.000000s ]
INFO: [ app_begin ] --START--
INFO: Run Behavior\ReadHtmlCacheBehavior [ RunTime:0.000000s ]
INFO: [ app_begin ] --END-- [ RunTime:0.000000s ]
SQL: SHOW COLUMNS FROM `lr_level` [ RunTime:0.0070s ]
SQL: UPDATE `lr_level` SET `level_name`='黄金会员',`level_price`='598',`level_max_price`='6300',`id`='1',`save_time`='2018-10-17 09:19:08' WHERE `id` = 1 [ RunTime:0.0200s ]

[ 2018-10-17T09:19:08+08:00 ] 127.0.0.1 /index.php/Admin/User/level_list.html
NOTIC: [8] Use of undefined constant SHOW_PAGE_TRACE - assumed 'SHOW_PAGE_TRACE' E:\www\tour\Application\Common\Conf\debug.php 第 4 行.
INFO: [ app_init ] --START--
INFO: Run Behavior\BuildLiteBehavior [ RunTime:0.000000s ]
INFO: [ app_init ] --END-- [ RunTime:0.000000s ]
INFO: [ app_begin ] --START--
INFO: Run Behavior\ReadHtmlCacheBehavior [ RunTime:0.000000s ]
INFO: [ app_begin ] --END-- [ RunTime:0.000000s ]
SQL: SHOW COLUMNS FROM `lr_level` [ RunTime:0.0070s ]
SQL: SELECT * FROM `lr_level`  [ RunTime:0.0010s ]
INFO: [ view_parse ] --START--
INFO: [ template_filter ] --START--
INFO: Run Behavior\ContentReplaceBehavior [ RunTime:0.000000s ]
INFO: [ template_filter ] --END-- [ RunTime:0.000000s ]
NOTIC: [8] Undefined variable: tel E:\www\tour\Application\Runtime\Cache\Admin\e27de8a924ba28d44584ba8087cae46f.php 第 28 行.
NOTIC: [8] Undefined variable: name E:\www\tour\Application\Runtime\Cache\Admin\e27de8a924ba28d44584ba8087cae46f.php 第 28 行.
NOTIC: [8] Undefined index: name E:\www\tour\Application\Runtime\Cache\Admin\e27de8a924ba28d44584ba8087cae46f.php 第 50 行.
NOTIC: [8] Undefined index: name E:\www\tour\Application\Runtime\Cache\Admin\e27de8a924ba28d44584ba8087cae46f.php 第 50 行.
NOTIC: [8] Undefined index: name E:\www\tour\Application\Runtime\Cache\Admin\e27de8a924ba28d44584ba8087cae46f.php 第 50 行.
NOTIC: [8] Undefined variable: page_index E:\www\tour\Application\Runtime\Cache\Admin\e27de8a924ba28d44584ba8087cae46f.php 第 62 行.
INFO: Run Behavior\ParseTemplateBehavior [ RunTime:0.012001s ]
INFO: [ view_parse ] --END-- [ RunTime:0.012001s ]
INFO: [ view_filter ] --START--
INFO: Run Behavior\WriteHtmlCacheBehavior [ RunTime:0.000000s ]
INFO: [ view_filter ] --END-- [ RunTime:0.000000s ]
INFO: [ app_end ] --START--
INFO: Run Behavior\ShowPageTraceBehavior [ RunTime:0.001000s ]
INFO: [ app_end ] --END-- [ RunTime:0.001000s ]

[ 2018-10-17T09:19:10+08:00 ] 127.0.0.1 /index.php/Admin/User/level_edit.html?id=2
NOTIC: [8] Use of undefined constant SHOW_PAGE_TRACE - assumed 'SHOW_PAGE_TRACE' E:\www\tour\Application\Common\Conf\debug.php 第 4 行.
INFO: [ app_init ] --START--
INFO: Run Behavior\BuildLiteBehavior [ RunTime:0.000000s ]
INFO: [ app_init ] --END-- [ RunTime:0.000000s ]
INFO: [ app_begin ] --START--
INFO: Run Behavior\ReadHtmlCacheBehavior [ RunTime:0.001000s ]
INFO: [ app_begin ] --END-- [ RunTime:0.001000s ]
SQL: SHOW COLUMNS FROM `lr_level` [ RunTime:0.0070s ]
SQL: SELECT * FROM `lr_level` WHERE `id` = 2 LIMIT 1   [ RunTime:0.0010s ]
INFO: [ view_parse ] --START--
INFO: [ template_filter ] --START--
INFO: Run Behavior\ContentReplaceBehavior [ RunTime:0.000000s ]
INFO: [ template_filter ] --END-- [ RunTime:0.000000s ]
INFO: Run Behavior\ParseTemplateBehavior [ RunTime:0.004000s ]
INFO: [ view_parse ] --END-- [ RunTime:0.004000s ]
INFO: [ view_filter ] --START--
INFO: Run Behavior\WriteHtmlCacheBehavior [ RunTime:0.001000s ]
INFO: [ view_filter ] --END-- [ RunTime:0.001000s ]
INFO: [ app_end ] --START--
INFO: Run Behavior\ShowPageTraceBehavior [ RunTime:0.000000s ]
INFO: [ app_end ] --END-- [ RunTime:0.000000s ]

[ 2018-10-17T09:19:25+08:00 ] 127.0.0.1 /index.php/Admin/User/level_edit.html
NOTIC: [8] Use of undefined constant SHOW_PAGE_TRACE - assumed 'SHOW_PAGE_TRACE' E:\www\tour\Application\Common\Conf\debug.php 第 4 行.
INFO: [ app_init ] --START--
INFO: Run Behavior\BuildLiteBehavior [ RunTime:0.000000s ]
INFO: [ app_init ] --END-- [ RunTime:0.000000s ]
INFO: [ app_begin ] --START--
INFO: Run Behavior\ReadHtmlCacheBehavior [ RunTime:0.001000s ]
INFO: [ app_begin ] --END-- [ RunTime:0.001000s ]
SQL: SHOW COLUMNS FROM `lr_level` [ RunTime:0.0070s ]
SQL: UPDATE `lr_level` SET `level_name`='白金会员',`level_price`='1688',`level_max_price`='18000',`id`='2',`save_time`='2018-10-17 09:19:25' WHERE `id` = 2 [ RunTime:0.0010s ]

[ 2018-10-17T09:19:25+08:00 ] 127.0.0.1 /index.php/Admin/User/level_list.html
NOTIC: [8] Use of undefined constant SHOW_PAGE_TRACE - assumed 'SHOW_PAGE_TRACE' E:\www\tour\Application\Common\Conf\debug.php 第 4 行.
INFO: [ app_init ] --START--
INFO: Run Behavior\BuildLiteBehavior [ RunTime:0.000000s ]
INFO: [ app_init ] --END-- [ RunTime:0.000000s ]
INFO: [ app_begin ] --START--
INFO: Run Behavior\ReadHtmlCacheBehavior [ RunTime:0.000000s ]
INFO: [ app_begin ] --END-- [ RunTime:0.000000s ]
SQL: SHOW COLUMNS FROM `lr_level` [ RunTime:0.0070s ]
SQL: SELECT * FROM `lr_level`  [ RunTime:0.0010s ]
INFO: [ view_parse ] --START--
INFO: [ template_filter ] --START--
INFO: Run Behavior\ContentReplaceBehavior [ RunTime:0.000000s ]
INFO: [ template_filter ] --END-- [ RunTime:0.000000s ]
NOTIC: [8] Undefined variable: tel E:\www\tour\Application\Runtime\Cache\Admin\e27de8a924ba28d44584ba8087cae46f.php 第 28 行.
NOTIC: [8] Undefined variable: name E:\www\tour\Application\Runtime\Cache\Admin\e27de8a924ba28d44584ba8087cae46f.php 第 28 行.
NOTIC: [8] Undefined index: name E:\www\tour\Application\Runtime\Cache\Admin\e27de8a924ba28d44584ba8087cae46f.php 第 50 行.
NOTIC: [8] Undefined index: name E:\www\tour\Application\Runtime\Cache\Admin\e27de8a924ba28d44584ba8087cae46f.php 第 50 行.
NOTIC: [8] Undefined index: name E:\www\tour\Application\Runtime\Cache\Admin\e27de8a924ba28d44584ba8087cae46f.php 第 50 行.
NOTIC: [8] Undefined variable: page_index E:\www\tour\Application\Runtime\Cache\Admin\e27de8a924ba28d44584ba8087cae46f.php 第 62 行.
INFO: Run Behavior\ParseTemplateBehavior [ RunTime:0.005000s ]
INFO: [ view_parse ] --END-- [ RunTime:0.005000s ]
INFO: [ view_filter ] --START--
INFO: Run Behavior\WriteHtmlCacheBehavior [ RunTime:0.000000s ]
INFO: [ view_filter ] --END-- [ RunTime:0.000000s ]
INFO: [ app_end ] --START--
INFO: Run Behavior\ShowPageTraceBehavior [ RunTime:0.001000s ]
INFO: [ app_end ] --END-- [ RunTime:0.001000s ]

[ 2018-10-17T09:19:28+08:00 ] 127.0.0.1 /index.php/Admin/User/level_edit.html?id=3
NOTIC: [8] Use of undefined constant SHOW_PAGE_TRACE - assumed 'SHOW_PAGE_TRACE' E:\www\tour\Application\Common\Conf\debug.php 第 4 行.
INFO: [ app_init ] --START--
INFO: Run Behavior\BuildLiteBehavior [ RunTime:0.000000s ]
INFO: [ app_init ] --END-- [ RunTime:0.000000s ]
INFO: [ app_begin ] --START--
INFO: Run Behavior\ReadHtmlCacheBehavior [ RunTime:0.001000s ]
INFO: [ app_begin ] --END-- [ RunTime:0.001000s ]
SQL: SHOW COLUMNS FROM `lr_level` [ RunTime:0.0060s ]
SQL: SELECT * FROM `lr_level` WHERE `id` = 3 LIMIT 1   [ RunTime:0.0000s ]
INFO: [ view_parse ] --START--
INFO: [ template_filter ] --START--
INFO: Run Behavior\ContentReplaceBehavior [ RunTime:0.000000s ]
INFO: [ template_filter ] --END-- [ RunTime:0.000000s ]
INFO: Run Behavior\ParseTemplateBehavior [ RunTime:0.004000s ]
INFO: [ view_parse ] --END-- [ RunTime:0.004000s ]
INFO: [ view_filter ] --START--
INFO: Run Behavior\WriteHtmlCacheBehavior [ RunTime:0.000000s ]
INFO: [ view_filter ] --END-- [ RunTime:0.000000s ]
INFO: [ app_end ] --START--
INFO: Run Behavior\ShowPageTraceBehavior [ RunTime:0.001000s ]
INFO: [ app_end ] --END-- [ RunTime:0.001000s ]

[ 2018-10-17T09:21:35+08:00 ] 127.0.0.1 /index.php/Admin/User/level_edit.html
NOTIC: [8] Use of undefined constant SHOW_PAGE_TRACE - assumed 'SHOW_PAGE_TRACE' E:\www\tour\Application\Common\Conf\debug.php 第 4 行.
INFO: [ app_init ] --START--
INFO: Run Behavior\BuildLiteBehavior [ RunTime:0.000000s ]
INFO: [ app_init ] --END-- [ RunTime:0.000000s ]
INFO: [ app_begin ] --START--
INFO: Run Behavior\ReadHtmlCacheBehavior [ RunTime:0.000000s ]
INFO: [ app_begin ] --END-- [ RunTime:0.000000s ]
SQL: SHOW COLUMNS FROM `lr_level` [ RunTime:0.0080s ]
SQL: UPDATE `lr_level` SET `level_name`='钻石会员',`level_price`='6987',`level_max_price`='30000',`id`='3',`save_time`='2018-10-17 09:21:35' WHERE `id` = 3 [ RunTime:0.0010s ]

[ 2018-10-17T09:21:35+08:00 ] 127.0.0.1 /index.php/Admin/User/level_list.html
NOTIC: [8] Use of undefined constant SHOW_PAGE_TRACE - assumed 'SHOW_PAGE_TRACE' E:\www\tour\Application\Common\Conf\debug.php 第 4 行.
INFO: [ app_init ] --START--
INFO: Run Behavior\BuildLiteBehavior [ RunTime:0.000000s ]
INFO: [ app_init ] --END-- [ RunTime:0.000000s ]
INFO: [ app_begin ] --START--
INFO: Run Behavior\ReadHtmlCacheBehavior [ RunTime:0.001000s ]
INFO: [ app_begin ] --END-- [ RunTime:0.001000s ]
SQL: SHOW COLUMNS FROM `lr_level` [ RunTime:0.0070s ]
SQL: SELECT * FROM `lr_level`  [ RunTime:0.0010s ]
INFO: [ view_parse ] --START--
INFO: [ template_filter ] --START--
INFO: Run Behavior\ContentReplaceBehavior [ RunTime:0.000000s ]
INFO: [ template_filter ] --END-- [ RunTime:0.000000s ]
NOTIC: [8] Undefined variable: tel E:\www\tour\Application\Runtime\Cache\Admin\e27de8a924ba28d44584ba8087cae46f.php 第 28 行.
NOTIC: [8] Undefined variable: name E:\www\tour\Application\Runtime\Cache\Admin\e27de8a924ba28d44584ba8087cae46f.php 第 28 行.
NOTIC: [8] Undefined index: name E:\www\tour\Application\Runtime\Cache\Admin\e27de8a924ba28d44584ba8087cae46f.php 第 50 行.
NOTIC: [8] Undefined index: name E:\www\tour\Application\Runtime\Cache\Admin\e27de8a924ba28d44584ba8087cae46f.php 第 50 行.
NOTIC: [8] Undefined index: name E:\www\tour\Application\Runtime\Cache\Admin\e27de8a924ba28d44584ba8087cae46f.php 第 50 行.
NOTIC: [8] Undefined variable: page_index E:\www\tour\Application\Runtime\Cache\Admin\e27de8a924ba28d44584ba8087cae46f.php 第 62 行.
INFO: Run Behavior\ParseTemplateBehavior [ RunTime:0.006000s ]
INFO: [ view_parse ] --END-- [ RunTime:0.006000s ]
INFO: [ view_filter ] --START--
INFO: Run Behavior\WriteHtmlCacheBehavior [ RunTime:0.000000s ]
INFO: [ view_filter ] --END-- [ RunTime:0.000000s ]
INFO: [ app_end ] --START--
INFO: Run Behavior\ShowPageTraceBehavior [ RunTime:0.000000s ]
INFO: [ app_end ] --END-- [ RunTime:0.001001s ]

