[ 2018-11-27T14:43:10+08:00 ] 127.0.0.1 /index.php/admin
NOTIC: [8] Use of undefined constant SHOW_PAGE_TRACE - assumed 'SHOW_PAGE_TRACE' E:\www\tour\Application\Common\Conf\debug.php 第 4 行.
INFO: [ app_init ] --START--
INFO: Run Behavior\BuildLiteBehavior [ RunTime:0.000000s ]
INFO: [ app_init ] --END-- [ RunTime:0.023001s ]
INFO: [ app_begin ] --START--
INFO: Run Behavior\ReadHtmlCacheBehavior [ RunTime:0.024002s ]
INFO: [ app_begin ] --END-- [ RunTime:0.024002s ]

[ 2018-11-27T14:43:12+08:00 ] 127.0.0.1 /index.php/Admin/Login/index.html
NOTIC: [8] Use of undefined constant SHOW_PAGE_TRACE - assumed 'SHOW_PAGE_TRACE' E:\www\tour\Application\Common\Conf\debug.php 第 4 行.
INFO: [ app_init ] --START--
INFO: Run Behavior\BuildLiteBehavior [ RunTime:0.000000s ]
INFO: [ app_init ] --END-- [ RunTime:0.000000s ]
INFO: [ app_begin ] --START--
INFO: Run Behavior\ReadHtmlCacheBehavior [ RunTime:0.002000s ]
INFO: [ app_begin ] --END-- [ RunTime:0.002000s ]
SQL: SHOW COLUMNS FROM `lr_program` [ RunTime:0.0220s ]
SQL: SELECT * FROM `lr_program` LIMIT 1   [ RunTime:0.0020s ]
INFO: [ view_parse ] --START--
INFO: [ template_filter ] --START--
INFO: Run Behavior\ContentReplaceBehavior [ RunTime:0.004000s ]
INFO: [ template_filter ] --END-- [ RunTime:0.004000s ]
NOTIC: [8] Undefined variable: key E:\www\tour\Application\Runtime\Cache\Admin\32ec6c906c117a7c2bf504769276d87a.php 第 28 行.
INFO: Run Behavior\ParseTemplateBehavior [ RunTime:0.139008s ]
INFO: [ view_parse ] --END-- [ RunTime:0.139008s ]
INFO: [ view_filter ] --START--
INFO: Run Behavior\WriteHtmlCacheBehavior [ RunTime:0.037002s ]
INFO: [ view_filter ] --END-- [ RunTime:0.037002s ]
INFO: [ app_end ] --START--
INFO: Run Behavior\ShowPageTraceBehavior [ RunTime:0.040003s ]
INFO: [ app_end ] --END-- [ RunTime:0.040003s ]

[ 2018-11-27T14:43:12+08:00 ] 127.0.0.1 /index.php/Admin/Login/lib/jquery/1.9.1/jquery.min.js
NOTIC: [8] Use of undefined constant SHOW_PAGE_TRACE - assumed 'SHOW_PAGE_TRACE' E:\www\tour\Application\Common\Conf\debug.php 第 4 行.
INFO: [ app_init ] --START--
INFO: Run Behavior\BuildLiteBehavior [ RunTime:0.000000s ]
INFO: [ app_init ] --END-- [ RunTime:0.000000s ]
INFO: [ app_begin ] --START--
INFO: Run Behavior\ReadHtmlCacheBehavior [ RunTime:0.000000s ]
INFO: [ app_begin ] --END-- [ RunTime:0.000000s ]
ERR: 非法操作:lib

[ 2018-11-27T14:43:12+08:00 ] 127.0.0.1 /index.php/Admin/Login/static/h-ui/js/H-ui.min.js
NOTIC: [8] Use of undefined constant SHOW_PAGE_TRACE - assumed 'SHOW_PAGE_TRACE' E:\www\tour\Application\Common\Conf\debug.php 第 4 行.
INFO: [ app_init ] --START--
INFO: Run Behavior\BuildLiteBehavior [ RunTime:0.000000s ]
INFO: [ app_init ] --END-- [ RunTime:0.000000s ]
INFO: [ app_begin ] --START--
INFO: Run Behavior\ReadHtmlCacheBehavior [ RunTime:0.000000s ]
INFO: [ app_begin ] --END-- [ RunTime:0.001000s ]
ERR: 非法操作:static

[ 2018-11-27T14:43:12+08:00 ] 127.0.0.1 /index.php/Admin/Login/static/h-ui/js/H-ui.min.js
NOTIC: [8] Use of undefined constant SHOW_PAGE_TRACE - assumed 'SHOW_PAGE_TRACE' E:\www\tour\Application\Common\Conf\debug.php 第 4 行.
INFO: [ app_init ] --START--
INFO: Run Behavior\BuildLiteBehavior [ RunTime:0.000000s ]
INFO: [ app_init ] --END-- [ RunTime:0.000000s ]
INFO: [ app_begin ] --START--
INFO: Run Behavior\ReadHtmlCacheBehavior [ RunTime:0.000000s ]
INFO: [ app_begin ] --END-- [ RunTime:0.000000s ]
ERR: 非法操作:static

[ 2018-11-27T14:43:14+08:00 ] 127.0.0.1 /index.php/Admin/Login/index.html?key=
NOTIC: [8] Use of undefined constant SHOW_PAGE_TRACE - assumed 'SHOW_PAGE_TRACE' E:\www\tour\Application\Common\Conf\debug.php 第 4 行.
INFO: [ app_init ] --START--
INFO: Run Behavior\BuildLiteBehavior [ RunTime:0.000000s ]
INFO: [ app_init ] --END-- [ RunTime:0.000000s ]
INFO: [ app_begin ] --START--
INFO: Run Behavior\ReadHtmlCacheBehavior [ RunTime:0.001000s ]
INFO: [ app_begin ] --END-- [ RunTime:0.001000s ]
SQL: SHOW COLUMNS FROM `lr_adminuser` [ RunTime:0.0310s ]
SQL: SELECT * FROM `lr_adminuser` WHERE ( name='admin' AND del<1 ) LIMIT 1   [ RunTime:0.0020s ]
SQL: SHOW COLUMNS FROM `lr_program` [ RunTime:0.0070s ]
SQL: SELECT * FROM `lr_program` LIMIT 1   [ RunTime:0.0000s ]
NOTIC: [8] Undefined index: shop_id E:\www\tour\Application\Admin\Controller\LoginController.class.php 第 21 行.
INFO: [ app_end ] --START--
INFO: Run Behavior\ShowPageTraceBehavior [ RunTime:0.000000s ]
INFO: [ app_end ] --END-- [ RunTime:0.000000s ]

[ 2018-11-27T14:43:15+08:00 ] 127.0.0.1 /index.php/Admin/Index/index.html
NOTIC: [8] Use of undefined constant SHOW_PAGE_TRACE - assumed 'SHOW_PAGE_TRACE' E:\www\tour\Application\Common\Conf\debug.php 第 4 行.
INFO: [ app_init ] --START--
INFO: Run Behavior\BuildLiteBehavior [ RunTime:0.000000s ]
INFO: [ app_init ] --END-- [ RunTime:0.000000s ]
INFO: [ app_begin ] --START--
INFO: Run Behavior\ReadHtmlCacheBehavior [ RunTime:0.001000s ]
INFO: [ app_begin ] --END-- [ RunTime:0.001000s ]
SQL: SHOW COLUMNS FROM `lr_web` [ RunTime:0.0220s ]
SQL: SELECT `concent` FROM `lr_web` WHERE ( id=5 ) LIMIT 1   [ RunTime:0.0000s ]
INFO: [ view_parse ] --START--
INFO: [ template_filter ] --START--
INFO: Run Behavior\ContentReplaceBehavior [ RunTime:0.000000s ]
INFO: [ template_filter ] --END-- [ RunTime:0.001000s ]
INFO: Run Behavior\ParseTemplateBehavior [ RunTime:0.034002s ]
INFO: [ view_parse ] --END-- [ RunTime:0.034002s ]
INFO: [ view_filter ] --START--
INFO: Run Behavior\WriteHtmlCacheBehavior [ RunTime:0.000000s ]
INFO: [ view_filter ] --END-- [ RunTime:0.000000s ]
INFO: [ app_end ] --START--
INFO: Run Behavior\ShowPageTraceBehavior [ RunTime:0.000000s ]
INFO: [ app_end ] --END-- [ RunTime:0.000000s ]

[ 2018-11-27T14:43:15+08:00 ] 127.0.0.1 /index.php/Admin/Page/adminindex.html
NOTIC: [8] Use of undefined constant SHOW_PAGE_TRACE - assumed 'SHOW_PAGE_TRACE' E:\www\tour\Application\Common\Conf\debug.php 第 4 行.
INFO: [ app_init ] --START--
INFO: Run Behavior\BuildLiteBehavior [ RunTime:0.000000s ]
INFO: [ app_init ] --END-- [ RunTime:0.000000s ]
INFO: [ app_begin ] --START--
INFO: Run Behavior\ReadHtmlCacheBehavior [ RunTime:0.001000s ]
INFO: [ app_begin ] --END-- [ RunTime:0.001000s ]
INFO: [ view_parse ] --START--
INFO: [ template_filter ] --START--
INFO: Run Behavior\ContentReplaceBehavior [ RunTime:0.001000s ]
INFO: [ template_filter ] --END-- [ RunTime:0.001000s ]
INFO: Run Behavior\ParseTemplateBehavior [ RunTime:0.026002s ]
INFO: [ view_parse ] --END-- [ RunTime:0.026002s ]
INFO: [ view_filter ] --START--
INFO: Run Behavior\WriteHtmlCacheBehavior [ RunTime:0.000000s ]
INFO: [ view_filter ] --END-- [ RunTime:0.000000s ]
INFO: [ app_end ] --START--
INFO: Run Behavior\ShowPageTraceBehavior [ RunTime:0.001000s ]
INFO: [ app_end ] --END-- [ RunTime:0.001000s ]

[ 2018-11-27T14:43:22+08:00 ] 127.0.0.1 /index.php/Admin/Order/withdraw_list.html
NOTIC: [8] Use of undefined constant SHOW_PAGE_TRACE - assumed 'SHOW_PAGE_TRACE' E:\www\tour\Application\Common\Conf\debug.php 第 4 行.
INFO: [ app_init ] --START--
INFO: Run Behavior\BuildLiteBehavior [ RunTime:0.000000s ]
INFO: [ app_init ] --END-- [ RunTime:0.000000s ]
INFO: [ app_begin ] --START--
INFO: Run Behavior\ReadHtmlCacheBehavior [ RunTime:0.000000s ]
INFO: [ app_begin ] --END-- [ RunTime:0.000000s ]
NOTIC: [2048] Declaration of Admin\Controller\OrderController::show() should be compatible with Think\Controller::show($content, $charset = '', $contentType = '', $prefix = '') E:\www\tour\Application\Admin\Controller\OrderController.class.php 第 4 行.
SQL: SHOW COLUMNS FROM `lr_order` [ RunTime:0.0340s ]
SQL: SHOW COLUMNS FROM `lr_order_product` [ RunTime:0.0260s ]
SQL: SHOW COLUMNS FROM `lr_withdraw` [ RunTime:0.0250s ]
SQL: SELECT COUNT(*) AS tp_count FROM `lr_withdraw` LIMIT 1   [ RunTime:0.0010s ]
NOTIC: [8] Undefined index: page E:\www\tour\Application\Admin\Controller\OrderController.class.php 第 365 行.
NOTIC: [8] Undefined variable: where E:\www\tour\Application\Admin\Controller\OrderController.class.php 第 370 行.
NOTIC: [8] Undefined variable: where E:\www\tour\Application\Admin\Controller\OrderController.class.php 第 372 行.
SQL: SELECT t1.*,t2.uname,t2.photo,t2.phone,t2.real_name,t2.bank_name,t2.banks FROM lr_withdraw t1 left join lr_user t2 on t1.uid = t2.id  ORDER BY t1.create_time desc LIMIT 0,20   [ RunTime:0.0500s ]

[ 2018-11-27T14:44:19+08:00 ] 127.0.0.1 /index.php/Admin/Order/withdraw_list.html
NOTIC: [8] Use of undefined constant SHOW_PAGE_TRACE - assumed 'SHOW_PAGE_TRACE' E:\www\tour\Application\Common\Conf\debug.php 第 4 行.
INFO: [ app_init ] --START--
INFO: Run Behavior\BuildLiteBehavior [ RunTime:0.000000s ]
INFO: [ app_init ] --END-- [ RunTime:0.000000s ]
INFO: [ app_begin ] --START--
INFO: Run Behavior\ReadHtmlCacheBehavior [ RunTime:0.000000s ]
INFO: [ app_begin ] --END-- [ RunTime:0.000000s ]
NOTIC: [2048] Declaration of Admin\Controller\OrderController::show() should be compatible with Think\Controller::show($content, $charset = '', $contentType = '', $prefix = '') E:\www\tour\Application\Admin\Controller\OrderController.class.php 第 4 行.
SQL: SHOW COLUMNS FROM `lr_order` [ RunTime:0.0080s ]
SQL: SHOW COLUMNS FROM `lr_order_product` [ RunTime:0.0070s ]
SQL: SHOW COLUMNS FROM `lr_withdraw` [ RunTime:0.0060s ]
SQL: SELECT COUNT(*) AS tp_count FROM `lr_withdraw` LIMIT 1   [ RunTime:0.0010s ]
NOTIC: [8] Undefined index: page E:\www\tour\Application\Admin\Controller\OrderController.class.php 第 365 行.
NOTIC: [8] Undefined variable: where E:\www\tour\Application\Admin\Controller\OrderController.class.php 第 370 行.
NOTIC: [8] Undefined variable: where E:\www\tour\Application\Admin\Controller\OrderController.class.php 第 372 行.
SQL: SELECT t1.*,t2.uname,t2.photo,t2.phone,t2.real_name,t2.bank_name,t2.banks FROM lr_withdraw t1 left join lr_user t2 on t1.uid = t2.id  ORDER BY t1.create_time desc LIMIT 0,20   [ RunTime:0.0020s ]
INFO: [ view_parse ] --START--
INFO: [ template_filter ] --START--
INFO: Run Behavior\ContentReplaceBehavior [ RunTime:0.000000s ]
INFO: [ template_filter ] --END-- [ RunTime:0.000000s ]
NOTIC: [8] Undefined index: name E:\www\tour\Application\Runtime\Cache\Admin\301c2b9f6491dc53f7db959a81fc1270.php 第 58 行.
NOTIC: [8] Undefined index: name E:\www\tour\Application\Runtime\Cache\Admin\301c2b9f6491dc53f7db959a81fc1270.php 第 58 行.
NOTIC: [8] Undefined index: name E:\www\tour\Application\Runtime\Cache\Admin\301c2b9f6491dc53f7db959a81fc1270.php 第 58 行.
NOTIC: [8] Undefined index: name E:\www\tour\Application\Runtime\Cache\Admin\301c2b9f6491dc53f7db959a81fc1270.php 第 58 行.
NOTIC: [8] Undefined index: name E:\www\tour\Application\Runtime\Cache\Admin\301c2b9f6491dc53f7db959a81fc1270.php 第 58 行.
NOTIC: [8] Undefined index: name E:\www\tour\Application\Runtime\Cache\Admin\301c2b9f6491dc53f7db959a81fc1270.php 第 58 行.
NOTIC: [8] Undefined index: name E:\www\tour\Application\Runtime\Cache\Admin\301c2b9f6491dc53f7db959a81fc1270.php 第 58 行.
NOTIC: [8] Undefined index: name E:\www\tour\Application\Runtime\Cache\Admin\301c2b9f6491dc53f7db959a81fc1270.php 第 58 行.
NOTIC: [8] Undefined index: name E:\www\tour\Application\Runtime\Cache\Admin\301c2b9f6491dc53f7db959a81fc1270.php 第 58 行.
INFO: Run Behavior\ParseTemplateBehavior [ RunTime:0.123007s ]
INFO: [ view_parse ] --END-- [ RunTime:0.123007s ]
INFO: [ view_filter ] --START--
INFO: Run Behavior\WriteHtmlCacheBehavior [ RunTime:0.000000s ]
INFO: [ view_filter ] --END-- [ RunTime:0.000000s ]
INFO: [ app_end ] --START--
INFO: Run Behavior\ShowPageTraceBehavior [ RunTime:0.000000s ]
INFO: [ app_end ] --END-- [ RunTime:0.000000s ]

[ 2018-11-27T14:45:02+08:00 ] 127.0.0.1 /index.php/Admin/Order/withdraw_list.html
NOTIC: [8] Use of undefined constant SHOW_PAGE_TRACE - assumed 'SHOW_PAGE_TRACE' E:\www\tour\Application\Common\Conf\debug.php 第 4 行.
INFO: [ app_init ] --START--
INFO: Run Behavior\BuildLiteBehavior [ RunTime:0.000000s ]
INFO: [ app_init ] --END-- [ RunTime:0.000000s ]
INFO: [ app_begin ] --START--
INFO: Run Behavior\ReadHtmlCacheBehavior [ RunTime:0.001000s ]
INFO: [ app_begin ] --END-- [ RunTime:0.001000s ]
NOTIC: [2048] Declaration of Admin\Controller\OrderController::show() should be compatible with Think\Controller::show($content, $charset = '', $contentType = '', $prefix = '') E:\www\tour\Application\Admin\Controller\OrderController.class.php 第 4 行.
SQL: SHOW COLUMNS FROM `lr_order` [ RunTime:0.0080s ]
SQL: SHOW COLUMNS FROM `lr_order_product` [ RunTime:0.0080s ]
SQL: SHOW COLUMNS FROM `lr_withdraw` [ RunTime:0.0070s ]
SQL: SELECT COUNT(*) AS tp_count FROM `lr_withdraw` LIMIT 1   [ RunTime:0.0000s ]
NOTIC: [8] Undefined index: page E:\www\tour\Application\Admin\Controller\OrderController.class.php 第 365 行.
NOTIC: [8] Undefined variable: where E:\www\tour\Application\Admin\Controller\OrderController.class.php 第 370 行.
NOTIC: [8] Undefined variable: where E:\www\tour\Application\Admin\Controller\OrderController.class.php 第 372 行.
SQL: SELECT t1.*,t2.uname,t2.photo,t2.phone,t2.real_name,t2.bank_name,t2.banks FROM lr_withdraw t1 left join lr_user t2 on t1.uid = t2.id  ORDER BY t1.create_time desc LIMIT 0,20   [ RunTime:0.0020s ]
INFO: [ view_parse ] --START--
INFO: [ template_filter ] --START--
INFO: Run Behavior\ContentReplaceBehavior [ RunTime:0.001000s ]
INFO: [ template_filter ] --END-- [ RunTime:0.001000s ]
NOTIC: [8] Undefined index: name E:\www\tour\Application\Runtime\Cache\Admin\301c2b9f6491dc53f7db959a81fc1270.php 第 58 行.
NOTIC: [8] Undefined index: name E:\www\tour\Application\Runtime\Cache\Admin\301c2b9f6491dc53f7db959a81fc1270.php 第 58 行.
NOTIC: [8] Undefined index: name E:\www\tour\Application\Runtime\Cache\Admin\301c2b9f6491dc53f7db959a81fc1270.php 第 58 行.
NOTIC: [8] Undefined index: name E:\www\tour\Application\Runtime\Cache\Admin\301c2b9f6491dc53f7db959a81fc1270.php 第 58 行.
NOTIC: [8] Undefined index: name E:\www\tour\Application\Runtime\Cache\Admin\301c2b9f6491dc53f7db959a81fc1270.php 第 58 行.
NOTIC: [8] Undefined index: name E:\www\tour\Application\Runtime\Cache\Admin\301c2b9f6491dc53f7db959a81fc1270.php 第 58 行.
NOTIC: [8] Undefined index: name E:\www\tour\Application\Runtime\Cache\Admin\301c2b9f6491dc53f7db959a81fc1270.php 第 58 行.
NOTIC: [8] Undefined index: name E:\www\tour\Application\Runtime\Cache\Admin\301c2b9f6491dc53f7db959a81fc1270.php 第 58 行.
NOTIC: [8] Undefined index: name E:\www\tour\Application\Runtime\Cache\Admin\301c2b9f6491dc53f7db959a81fc1270.php 第 58 行.
INFO: Run Behavior\ParseTemplateBehavior [ RunTime:0.009000s ]
INFO: [ view_parse ] --END-- [ RunTime:0.009000s ]
INFO: [ view_filter ] --START--
INFO: Run Behavior\WriteHtmlCacheBehavior [ RunTime:0.001000s ]
INFO: [ view_filter ] --END-- [ RunTime:0.001000s ]
INFO: [ app_end ] --START--
INFO: Run Behavior\ShowPageTraceBehavior [ RunTime:0.000000s ]
INFO: [ app_end ] --END-- [ RunTime:0.000000s ]

[ 2018-11-27T14:45:03+08:00 ] 127.0.0.1 /index.php/Admin/Order/withdraw_list.html
NOTIC: [8] Use of undefined constant SHOW_PAGE_TRACE - assumed 'SHOW_PAGE_TRACE' E:\www\tour\Application\Common\Conf\debug.php 第 4 行.
INFO: [ app_init ] --START--
INFO: Run Behavior\BuildLiteBehavior [ RunTime:0.000000s ]
INFO: [ app_init ] --END-- [ RunTime:0.000000s ]
INFO: [ app_begin ] --START--
INFO: Run Behavior\ReadHtmlCacheBehavior [ RunTime:0.000000s ]
INFO: [ app_begin ] --END-- [ RunTime:0.000000s ]
NOTIC: [2048] Declaration of Admin\Controller\OrderController::show() should be compatible with Think\Controller::show($content, $charset = '', $contentType = '', $prefix = '') E:\www\tour\Application\Admin\Controller\OrderController.class.php 第 4 行.
SQL: SHOW COLUMNS FROM `lr_order` [ RunTime:0.0080s ]
SQL: SHOW COLUMNS FROM `lr_order_product` [ RunTime:0.0080s ]
SQL: SHOW COLUMNS FROM `lr_withdraw` [ RunTime:0.0060s ]
SQL: SELECT COUNT(*) AS tp_count FROM `lr_withdraw` LIMIT 1   [ RunTime:0.0000s ]
NOTIC: [8] Undefined index: page E:\www\tour\Application\Admin\Controller\OrderController.class.php 第 365 行.
NOTIC: [8] Undefined variable: where E:\www\tour\Application\Admin\Controller\OrderController.class.php 第 370 行.
NOTIC: [8] Undefined variable: where E:\www\tour\Application\Admin\Controller\OrderController.class.php 第 372 行.
SQL: SELECT t1.*,t2.uname,t2.photo,t2.phone,t2.real_name,t2.bank_name,t2.banks FROM lr_withdraw t1 left join lr_user t2 on t1.uid = t2.id  ORDER BY t1.create_time desc LIMIT 0,20   [ RunTime:0.0010s ]
INFO: [ view_parse ] --START--
INFO: [ template_filter ] --START--
INFO: Run Behavior\ContentReplaceBehavior [ RunTime:0.000000s ]
INFO: [ template_filter ] --END-- [ RunTime:0.000000s ]
NOTIC: [8] Undefined index: name E:\www\tour\Application\Runtime\Cache\Admin\301c2b9f6491dc53f7db959a81fc1270.php 第 58 行.
NOTIC: [8] Undefined index: name E:\www\tour\Application\Runtime\Cache\Admin\301c2b9f6491dc53f7db959a81fc1270.php 第 58 行.
NOTIC: [8] Undefined index: name E:\www\tour\Application\Runtime\Cache\Admin\301c2b9f6491dc53f7db959a81fc1270.php 第 58 行.
NOTIC: [8] Undefined index: name E:\www\tour\Application\Runtime\Cache\Admin\301c2b9f6491dc53f7db959a81fc1270.php 第 58 行.
NOTIC: [8] Undefined index: name E:\www\tour\Application\Runtime\Cache\Admin\301c2b9f6491dc53f7db959a81fc1270.php 第 58 行.
NOTIC: [8] Undefined index: name E:\www\tour\Application\Runtime\Cache\Admin\301c2b9f6491dc53f7db959a81fc1270.php 第 58 行.
NOTIC: [8] Undefined index: name E:\www\tour\Application\Runtime\Cache\Admin\301c2b9f6491dc53f7db959a81fc1270.php 第 58 行.
NOTIC: [8] Undefined index: name E:\www\tour\Application\Runtime\Cache\Admin\301c2b9f6491dc53f7db959a81fc1270.php 第 58 行.
NOTIC: [8] Undefined index: name E:\www\tour\Application\Runtime\Cache\Admin\301c2b9f6491dc53f7db959a81fc1270.php 第 58 行.
INFO: Run Behavior\ParseTemplateBehavior [ RunTime:0.006000s ]
INFO: [ view_parse ] --END-- [ RunTime:0.006000s ]
INFO: [ view_filter ] --START--
INFO: Run Behavior\WriteHtmlCacheBehavior [ RunTime:0.000000s ]
INFO: [ view_filter ] --END-- [ RunTime:0.000000s ]
INFO: [ app_end ] --START--
INFO: Run Behavior\ShowPageTraceBehavior [ RunTime:0.001000s ]
INFO: [ app_end ] --END-- [ RunTime:0.001000s ]

[ 2018-11-27T14:45:05+08:00 ] 127.0.0.1 /index.php/Admin/Order/withdraw_list.html
NOTIC: [8] Use of undefined constant SHOW_PAGE_TRACE - assumed 'SHOW_PAGE_TRACE' E:\www\tour\Application\Common\Conf\debug.php 第 4 行.
INFO: [ app_init ] --START--
INFO: Run Behavior\BuildLiteBehavior [ RunTime:0.000000s ]
INFO: [ app_init ] --END-- [ RunTime:0.000000s ]
INFO: [ app_begin ] --START--
INFO: Run Behavior\ReadHtmlCacheBehavior [ RunTime:0.000000s ]
INFO: [ app_begin ] --END-- [ RunTime:0.000000s ]
NOTIC: [2048] Declaration of Admin\Controller\OrderController::show() should be compatible with Think\Controller::show($content, $charset = '', $contentType = '', $prefix = '') E:\www\tour\Application\Admin\Controller\OrderController.class.php 第 4 行.
SQL: SHOW COLUMNS FROM `lr_order` [ RunTime:0.0090s ]
SQL: SHOW COLUMNS FROM `lr_order_product` [ RunTime:0.0070s ]
SQL: SHOW COLUMNS FROM `lr_withdraw` [ RunTime:0.0070s ]
SQL: SELECT COUNT(*) AS tp_count FROM `lr_withdraw` LIMIT 1   [ RunTime:0.0010s ]
NOTIC: [8] Undefined index: page E:\www\tour\Application\Admin\Controller\OrderController.class.php 第 365 行.
NOTIC: [8] Undefined variable: where E:\www\tour\Application\Admin\Controller\OrderController.class.php 第 370 行.
NOTIC: [8] Undefined variable: where E:\www\tour\Application\Admin\Controller\OrderController.class.php 第 372 行.
SQL: SELECT t1.*,t2.uname,t2.photo,t2.phone,t2.real_name,t2.bank_name,t2.banks FROM lr_withdraw t1 left join lr_user t2 on t1.uid = t2.id  ORDER BY t1.create_time desc LIMIT 0,20   [ RunTime:0.0020s ]
INFO: [ view_parse ] --START--
INFO: [ template_filter ] --START--
INFO: Run Behavior\ContentReplaceBehavior [ RunTime:0.000000s ]
INFO: [ template_filter ] --END-- [ RunTime:0.000000s ]
NOTIC: [8] Undefined index: name E:\www\tour\Application\Runtime\Cache\Admin\301c2b9f6491dc53f7db959a81fc1270.php 第 58 行.
NOTIC: [8] Undefined index: name E:\www\tour\Application\Runtime\Cache\Admin\301c2b9f6491dc53f7db959a81fc1270.php 第 58 行.
NOTIC: [8] Undefined index: name E:\www\tour\Application\Runtime\Cache\Admin\301c2b9f6491dc53f7db959a81fc1270.php 第 58 行.
NOTIC: [8] Undefined index: name E:\www\tour\Application\Runtime\Cache\Admin\301c2b9f6491dc53f7db959a81fc1270.php 第 58 行.
NOTIC: [8] Undefined index: name E:\www\tour\Application\Runtime\Cache\Admin\301c2b9f6491dc53f7db959a81fc1270.php 第 58 行.
NOTIC: [8] Undefined index: name E:\www\tour\Application\Runtime\Cache\Admin\301c2b9f6491dc53f7db959a81fc1270.php 第 58 行.
NOTIC: [8] Undefined index: name E:\www\tour\Application\Runtime\Cache\Admin\301c2b9f6491dc53f7db959a81fc1270.php 第 58 行.
NOTIC: [8] Undefined index: name E:\www\tour\Application\Runtime\Cache\Admin\301c2b9f6491dc53f7db959a81fc1270.php 第 58 行.
NOTIC: [8] Undefined index: name E:\www\tour\Application\Runtime\Cache\Admin\301c2b9f6491dc53f7db959a81fc1270.php 第 58 行.
INFO: Run Behavior\ParseTemplateBehavior [ RunTime:0.023001s ]
INFO: [ view_parse ] --END-- [ RunTime:0.024001s ]
INFO: [ view_filter ] --START--
INFO: Run Behavior\WriteHtmlCacheBehavior [ RunTime:0.000000s ]
INFO: [ view_filter ] --END-- [ RunTime:0.000000s ]
INFO: [ app_end ] --START--
INFO: Run Behavior\ShowPageTraceBehavior [ RunTime:0.000000s ]
INFO: [ app_end ] --END-- [ RunTime:0.000000s ]

[ 2018-11-27T14:45:05+08:00 ] 127.0.0.1 /index.php/Admin/Order/withdraw_list.html
NOTIC: [8] Use of undefined constant SHOW_PAGE_TRACE - assumed 'SHOW_PAGE_TRACE' E:\www\tour\Application\Common\Conf\debug.php 第 4 行.
INFO: [ app_init ] --START--
INFO: Run Behavior\BuildLiteBehavior [ RunTime:0.000000s ]
INFO: [ app_init ] --END-- [ RunTime:0.000000s ]
INFO: [ app_begin ] --START--
INFO: Run Behavior\ReadHtmlCacheBehavior [ RunTime:0.000000s ]
INFO: [ app_begin ] --END-- [ RunTime:0.000000s ]
NOTIC: [2048] Declaration of Admin\Controller\OrderController::show() should be compatible with Think\Controller::show($content, $charset = '', $contentType = '', $prefix = '') E:\www\tour\Application\Admin\Controller\OrderController.class.php 第 4 行.
SQL: SHOW COLUMNS FROM `lr_order` [ RunTime:0.0080s ]
SQL: SHOW COLUMNS FROM `lr_order_product` [ RunTime:0.0080s ]
SQL: SHOW COLUMNS FROM `lr_withdraw` [ RunTime:0.0070s ]
SQL: SELECT COUNT(*) AS tp_count FROM `lr_withdraw` LIMIT 1   [ RunTime:0.0010s ]
NOTIC: [8] Undefined index: page E:\www\tour\Application\Admin\Controller\OrderController.class.php 第 365 行.
NOTIC: [8] Undefined variable: where E:\www\tour\Application\Admin\Controller\OrderController.class.php 第 370 行.
NOTIC: [8] Undefined variable: where E:\www\tour\Application\Admin\Controller\OrderController.class.php 第 372 行.
SQL: SELECT t1.*,t2.uname,t2.photo,t2.phone,t2.real_name,t2.bank_name,t2.banks FROM lr_withdraw t1 left join lr_user t2 on t1.uid = t2.id  ORDER BY t1.create_time desc LIMIT 0,20   [ RunTime:0.0020s ]
INFO: [ view_parse ] --START--
INFO: [ template_filter ] --START--
INFO: Run Behavior\ContentReplaceBehavior [ RunTime:0.000000s ]
INFO: [ template_filter ] --END-- [ RunTime:0.000000s ]
NOTIC: [8] Undefined index: name E:\www\tour\Application\Runtime\Cache\Admin\301c2b9f6491dc53f7db959a81fc1270.php 第 58 行.
NOTIC: [8] Undefined index: name E:\www\tour\Application\Runtime\Cache\Admin\301c2b9f6491dc53f7db959a81fc1270.php 第 58 行.
NOTIC: [8] Undefined index: name E:\www\tour\Application\Runtime\Cache\Admin\301c2b9f6491dc53f7db959a81fc1270.php 第 58 行.
NOTIC: [8] Undefined index: name E:\www\tour\Application\Runtime\Cache\Admin\301c2b9f6491dc53f7db959a81fc1270.php 第 58 行.
NOTIC: [8] Undefined index: name E:\www\tour\Application\Runtime\Cache\Admin\301c2b9f6491dc53f7db959a81fc1270.php 第 58 行.
NOTIC: [8] Undefined index: name E:\www\tour\Application\Runtime\Cache\Admin\301c2b9f6491dc53f7db959a81fc1270.php 第 58 行.
NOTIC: [8] Undefined index: name E:\www\tour\Application\Runtime\Cache\Admin\301c2b9f6491dc53f7db959a81fc1270.php 第 58 行.
NOTIC: [8] Undefined index: name E:\www\tour\Application\Runtime\Cache\Admin\301c2b9f6491dc53f7db959a81fc1270.php 第 58 行.
NOTIC: [8] Undefined index: name E:\www\tour\Application\Runtime\Cache\Admin\301c2b9f6491dc53f7db959a81fc1270.php 第 58 行.
INFO: Run Behavior\ParseTemplateBehavior [ RunTime:0.006000s ]
INFO: [ view_parse ] --END-- [ RunTime:0.006000s ]
INFO: [ view_filter ] --START--
INFO: Run Behavior\WriteHtmlCacheBehavior [ RunTime:0.000000s ]
INFO: [ view_filter ] --END-- [ RunTime:0.000000s ]
INFO: [ app_end ] --START--
INFO: Run Behavior\ShowPageTraceBehavior [ RunTime:0.001000s ]
INFO: [ app_end ] --END-- [ RunTime:0.001000s ]

[ 2018-11-27T14:45:06+08:00 ] 127.0.0.1 /index.php/Admin/Order/withdraw_list.html
NOTIC: [8] Use of undefined constant SHOW_PAGE_TRACE - assumed 'SHOW_PAGE_TRACE' E:\www\tour\Application\Common\Conf\debug.php 第 4 行.
INFO: [ app_init ] --START--
INFO: Run Behavior\BuildLiteBehavior [ RunTime:0.000000s ]
INFO: [ app_init ] --END-- [ RunTime:0.000000s ]
INFO: [ app_begin ] --START--
INFO: Run Behavior\ReadHtmlCacheBehavior [ RunTime:0.000000s ]
INFO: [ app_begin ] --END-- [ RunTime:0.000000s ]
NOTIC: [2048] Declaration of Admin\Controller\OrderController::show() should be compatible with Think\Controller::show($content, $charset = '', $contentType = '', $prefix = '') E:\www\tour\Application\Admin\Controller\OrderController.class.php 第 4 行.
SQL: SHOW COLUMNS FROM `lr_order` [ RunTime:0.0080s ]
SQL: SHOW COLUMNS FROM `lr_order_product` [ RunTime:0.0080s ]
SQL: SHOW COLUMNS FROM `lr_withdraw` [ RunTime:0.0070s ]
SQL: SELECT COUNT(*) AS tp_count FROM `lr_withdraw` LIMIT 1   [ RunTime:0.0000s ]
NOTIC: [8] Undefined index: page E:\www\tour\Application\Admin\Controller\OrderController.class.php 第 365 行.
NOTIC: [8] Undefined variable: where E:\www\tour\Application\Admin\Controller\OrderController.class.php 第 370 行.
NOTIC: [8] Undefined variable: where E:\www\tour\Application\Admin\Controller\OrderController.class.php 第 372 行.
SQL: SELECT t1.*,t2.uname,t2.photo,t2.phone,t2.real_name,t2.bank_name,t2.banks FROM lr_withdraw t1 left join lr_user t2 on t1.uid = t2.id  ORDER BY t1.create_time desc LIMIT 0,20   [ RunTime:0.0010s ]
INFO: [ view_parse ] --START--
INFO: [ template_filter ] --START--
INFO: Run Behavior\ContentReplaceBehavior [ RunTime:0.001000s ]
INFO: [ template_filter ] --END-- [ RunTime:0.001000s ]
NOTIC: [8] Undefined index: name E:\www\tour\Application\Runtime\Cache\Admin\301c2b9f6491dc53f7db959a81fc1270.php 第 58 行.
NOTIC: [8] Undefined index: name E:\www\tour\Application\Runtime\Cache\Admin\301c2b9f6491dc53f7db959a81fc1270.php 第 58 行.
NOTIC: [8] Undefined index: name E:\www\tour\Application\Runtime\Cache\Admin\301c2b9f6491dc53f7db959a81fc1270.php 第 58 行.
NOTIC: [8] Undefined index: name E:\www\tour\Application\Runtime\Cache\Admin\301c2b9f6491dc53f7db959a81fc1270.php 第 58 行.
NOTIC: [8] Undefined index: name E:\www\tour\Application\Runtime\Cache\Admin\301c2b9f6491dc53f7db959a81fc1270.php 第 58 行.
NOTIC: [8] Undefined index: name E:\www\tour\Application\Runtime\Cache\Admin\301c2b9f6491dc53f7db959a81fc1270.php 第 58 行.
NOTIC: [8] Undefined index: name E:\www\tour\Application\Runtime\Cache\Admin\301c2b9f6491dc53f7db959a81fc1270.php 第 58 行.
NOTIC: [8] Undefined index: name E:\www\tour\Application\Runtime\Cache\Admin\301c2b9f6491dc53f7db959a81fc1270.php 第 58 行.
NOTIC: [8] Undefined index: name E:\www\tour\Application\Runtime\Cache\Admin\301c2b9f6491dc53f7db959a81fc1270.php 第 58 行.
INFO: Run Behavior\ParseTemplateBehavior [ RunTime:0.010000s ]
INFO: [ view_parse ] --END-- [ RunTime:0.010000s ]
INFO: [ view_filter ] --START--
INFO: Run Behavior\WriteHtmlCacheBehavior [ RunTime:0.000000s ]
INFO: [ view_filter ] --END-- [ RunTime:0.000000s ]
INFO: [ app_end ] --START--
INFO: Run Behavior\ShowPageTraceBehavior [ RunTime:0.001000s ]
INFO: [ app_end ] --END-- [ RunTime:0.001000s ]

[ 2018-11-27T14:45:07+08:00 ] 127.0.0.1 /index.php/Admin/Order/withdraw_list.html
NOTIC: [8] Use of undefined constant SHOW_PAGE_TRACE - assumed 'SHOW_PAGE_TRACE' E:\www\tour\Application\Common\Conf\debug.php 第 4 行.
INFO: [ app_init ] --START--
INFO: Run Behavior\BuildLiteBehavior [ RunTime:0.000000s ]
INFO: [ app_init ] --END-- [ RunTime:0.000000s ]
INFO: [ app_begin ] --START--
INFO: Run Behavior\ReadHtmlCacheBehavior [ RunTime:0.000000s ]
INFO: [ app_begin ] --END-- [ RunTime:0.000000s ]
NOTIC: [2048] Declaration of Admin\Controller\OrderController::show() should be compatible with Think\Controller::show($content, $charset = '', $contentType = '', $prefix = '') E:\www\tour\Application\Admin\Controller\OrderController.class.php 第 4 行.
SQL: SHOW COLUMNS FROM `lr_order` [ RunTime:0.0070s ]
SQL: SHOW COLUMNS FROM `lr_order_product` [ RunTime:0.0060s ]
SQL: SHOW COLUMNS FROM `lr_withdraw` [ RunTime:0.0060s ]
SQL: SELECT COUNT(*) AS tp_count FROM `lr_withdraw` LIMIT 1   [ RunTime:0.0010s ]
NOTIC: [8] Undefined index: page E:\www\tour\Application\Admin\Controller\OrderController.class.php 第 365 行.
NOTIC: [8] Undefined variable: where E:\www\tour\Application\Admin\Controller\OrderController.class.php 第 370 行.
NOTIC: [8] Undefined variable: where E:\www\tour\Application\Admin\Controller\OrderController.class.php 第 372 行.
SQL: SELECT t1.*,t2.uname,t2.photo,t2.phone,t2.real_name,t2.bank_name,t2.banks FROM lr_withdraw t1 left join lr_user t2 on t1.uid = t2.id  ORDER BY t1.create_time desc LIMIT 0,20   [ RunTime:0.0020s ]
INFO: [ view_parse ] --START--
INFO: [ template_filter ] --START--
INFO: Run Behavior\ContentReplaceBehavior [ RunTime:0.000000s ]
INFO: [ template_filter ] --END-- [ RunTime:0.000000s ]
NOTIC: [8] Undefined index: name E:\www\tour\Application\Runtime\Cache\Admin\301c2b9f6491dc53f7db959a81fc1270.php 第 58 行.
NOTIC: [8] Undefined index: name E:\www\tour\Application\Runtime\Cache\Admin\301c2b9f6491dc53f7db959a81fc1270.php 第 58 行.
NOTIC: [8] Undefined index: name E:\www\tour\Application\Runtime\Cache\Admin\301c2b9f6491dc53f7db959a81fc1270.php 第 58 行.
NOTIC: [8] Undefined index: name E:\www\tour\Application\Runtime\Cache\Admin\301c2b9f6491dc53f7db959a81fc1270.php 第 58 行.
NOTIC: [8] Undefined index: name E:\www\tour\Application\Runtime\Cache\Admin\301c2b9f6491dc53f7db959a81fc1270.php 第 58 行.
NOTIC: [8] Undefined index: name E:\www\tour\Application\Runtime\Cache\Admin\301c2b9f6491dc53f7db959a81fc1270.php 第 58 行.
NOTIC: [8] Undefined index: name E:\www\tour\Application\Runtime\Cache\Admin\301c2b9f6491dc53f7db959a81fc1270.php 第 58 行.
NOTIC: [8] Undefined index: name E:\www\tour\Application\Runtime\Cache\Admin\301c2b9f6491dc53f7db959a81fc1270.php 第 58 行.
NOTIC: [8] Undefined index: name E:\www\tour\Application\Runtime\Cache\Admin\301c2b9f6491dc53f7db959a81fc1270.php 第 58 行.
INFO: Run Behavior\ParseTemplateBehavior [ RunTime:0.009001s ]
INFO: [ view_parse ] --END-- [ RunTime:0.009001s ]
INFO: [ view_filter ] --START--
INFO: Run Behavior\WriteHtmlCacheBehavior [ RunTime:0.000000s ]
INFO: [ view_filter ] --END-- [ RunTime:0.000000s ]
INFO: [ app_end ] --START--
INFO: Run Behavior\ShowPageTraceBehavior [ RunTime:0.001000s ]
INFO: [ app_end ] --END-- [ RunTime:0.001000s ]

[ 2018-11-27T14:45:07+08:00 ] 127.0.0.1 /index.php/Admin/Order/withdraw_list.html
NOTIC: [8] Use of undefined constant SHOW_PAGE_TRACE - assumed 'SHOW_PAGE_TRACE' E:\www\tour\Application\Common\Conf\debug.php 第 4 行.
INFO: [ app_init ] --START--
INFO: Run Behavior\BuildLiteBehavior [ RunTime:0.000000s ]
INFO: [ app_init ] --END-- [ RunTime:0.000000s ]
INFO: [ app_begin ] --START--
INFO: Run Behavior\ReadHtmlCacheBehavior [ RunTime:0.000000s ]
INFO: [ app_begin ] --END-- [ RunTime:0.000000s ]
NOTIC: [2048] Declaration of Admin\Controller\OrderController::show() should be compatible with Think\Controller::show($content, $charset = '', $contentType = '', $prefix = '') E:\www\tour\Application\Admin\Controller\OrderController.class.php 第 4 行.
SQL: SHOW COLUMNS FROM `lr_order` [ RunTime:0.0080s ]
SQL: SHOW COLUMNS FROM `lr_order_product` [ RunTime:0.0080s ]
SQL: SHOW COLUMNS FROM `lr_withdraw` [ RunTime:0.0070s ]
SQL: SELECT COUNT(*) AS tp_count FROM `lr_withdraw` LIMIT 1   [ RunTime:0.0010s ]
NOTIC: [8] Undefined index: page E:\www\tour\Application\Admin\Controller\OrderController.class.php 第 365 行.
NOTIC: [8] Undefined variable: where E:\www\tour\Application\Admin\Controller\OrderController.class.php 第 370 行.
NOTIC: [8] Undefined variable: where E:\www\tour\Application\Admin\Controller\OrderController.class.php 第 372 行.
SQL: SELECT t1.*,t2.uname,t2.photo,t2.phone,t2.real_name,t2.bank_name,t2.banks FROM lr_withdraw t1 left join lr_user t2 on t1.uid = t2.id  ORDER BY t1.create_time desc LIMIT 0,20   [ RunTime:0.0020s ]
INFO: [ view_parse ] --START--
INFO: [ template_filter ] --START--
INFO: Run Behavior\ContentReplaceBehavior [ RunTime:0.000000s ]
INFO: [ template_filter ] --END-- [ RunTime:0.000000s ]
NOTIC: [8] Undefined index: name E:\www\tour\Application\Runtime\Cache\Admin\301c2b9f6491dc53f7db959a81fc1270.php 第 58 行.
NOTIC: [8] Undefined index: name E:\www\tour\Application\Runtime\Cache\Admin\301c2b9f6491dc53f7db959a81fc1270.php 第 58 行.
NOTIC: [8] Undefined index: name E:\www\tour\Application\Runtime\Cache\Admin\301c2b9f6491dc53f7db959a81fc1270.php 第 58 行.
NOTIC: [8] Undefined index: name E:\www\tour\Application\Runtime\Cache\Admin\301c2b9f6491dc53f7db959a81fc1270.php 第 58 行.
NOTIC: [8] Undefined index: name E:\www\tour\Application\Runtime\Cache\Admin\301c2b9f6491dc53f7db959a81fc1270.php 第 58 行.
NOTIC: [8] Undefined index: name E:\www\tour\Application\Runtime\Cache\Admin\301c2b9f6491dc53f7db959a81fc1270.php 第 58 行.
NOTIC: [8] Undefined index: name E:\www\tour\Application\Runtime\Cache\Admin\301c2b9f6491dc53f7db959a81fc1270.php 第 58 行.
NOTIC: [8] Undefined index: name E:\www\tour\Application\Runtime\Cache\Admin\301c2b9f6491dc53f7db959a81fc1270.php 第 58 行.
NOTIC: [8] Undefined index: name E:\www\tour\Application\Runtime\Cache\Admin\301c2b9f6491dc53f7db959a81fc1270.php 第 58 行.
INFO: Run Behavior\ParseTemplateBehavior [ RunTime:0.008001s ]
INFO: [ view_parse ] --END-- [ RunTime:0.008001s ]
INFO: [ view_filter ] --START--
INFO: Run Behavior\WriteHtmlCacheBehavior [ RunTime:0.000000s ]
INFO: [ view_filter ] --END-- [ RunTime:0.000000s ]
INFO: [ app_end ] --START--
INFO: Run Behavior\ShowPageTraceBehavior [ RunTime:0.001000s ]
INFO: [ app_end ] --END-- [ RunTime:0.001000s ]

[ 2018-11-27T14:45:08+08:00 ] 127.0.0.1 /index.php/Admin/Order/withdraw_list.html
NOTIC: [8] Use of undefined constant SHOW_PAGE_TRACE - assumed 'SHOW_PAGE_TRACE' E:\www\tour\Application\Common\Conf\debug.php 第 4 行.
INFO: [ app_init ] --START--
INFO: Run Behavior\BuildLiteBehavior [ RunTime:0.000000s ]
INFO: [ app_init ] --END-- [ RunTime:0.000000s ]
INFO: [ app_begin ] --START--
INFO: Run Behavior\ReadHtmlCacheBehavior [ RunTime:0.001000s ]
INFO: [ app_begin ] --END-- [ RunTime:0.001000s ]
NOTIC: [2048] Declaration of Admin\Controller\OrderController::show() should be compatible with Think\Controller::show($content, $charset = '', $contentType = '', $prefix = '') E:\www\tour\Application\Admin\Controller\OrderController.class.php 第 4 行.
SQL: SHOW COLUMNS FROM `lr_order` [ RunTime:0.0050s ]
SQL: SHOW COLUMNS FROM `lr_order_product` [ RunTime:0.0050s ]
SQL: SHOW COLUMNS FROM `lr_withdraw` [ RunTime:0.0040s ]
SQL: SELECT COUNT(*) AS tp_count FROM `lr_withdraw` LIMIT 1   [ RunTime:0.0000s ]
NOTIC: [8] Undefined index: page E:\www\tour\Application\Admin\Controller\OrderController.class.php 第 365 行.
NOTIC: [8] Undefined variable: where E:\www\tour\Application\Admin\Controller\OrderController.class.php 第 370 行.
NOTIC: [8] Undefined variable: where E:\www\tour\Application\Admin\Controller\OrderController.class.php 第 372 行.
SQL: SELECT t1.*,t2.uname,t2.photo,t2.phone,t2.real_name,t2.bank_name,t2.banks FROM lr_withdraw t1 left join lr_user t2 on t1.uid = t2.id  ORDER BY t1.create_time desc LIMIT 0,20   [ RunTime:0.0010s ]
INFO: [ view_parse ] --START--
INFO: [ template_filter ] --START--
INFO: Run Behavior\ContentReplaceBehavior [ RunTime:0.000000s ]
INFO: [ template_filter ] --END-- [ RunTime:0.000000s ]
NOTIC: [8] Undefined index: name E:\www\tour\Application\Runtime\Cache\Admin\301c2b9f6491dc53f7db959a81fc1270.php 第 58 行.
NOTIC: [8] Undefined index: name E:\www\tour\Application\Runtime\Cache\Admin\301c2b9f6491dc53f7db959a81fc1270.php 第 58 行.
NOTIC: [8] Undefined index: name E:\www\tour\Application\Runtime\Cache\Admin\301c2b9f6491dc53f7db959a81fc1270.php 第 58 行.
NOTIC: [8] Undefined index: name E:\www\tour\Application\Runtime\Cache\Admin\301c2b9f6491dc53f7db959a81fc1270.php 第 58 行.
NOTIC: [8] Undefined index: name E:\www\tour\Application\Runtime\Cache\Admin\301c2b9f6491dc53f7db959a81fc1270.php 第 58 行.
NOTIC: [8] Undefined index: name E:\www\tour\Application\Runtime\Cache\Admin\301c2b9f6491dc53f7db959a81fc1270.php 第 58 行.
NOTIC: [8] Undefined index: name E:\www\tour\Application\Runtime\Cache\Admin\301c2b9f6491dc53f7db959a81fc1270.php 第 58 行.
NOTIC: [8] Undefined index: name E:\www\tour\Application\Runtime\Cache\Admin\301c2b9f6491dc53f7db959a81fc1270.php 第 58 行.
NOTIC: [8] Undefined index: name E:\www\tour\Application\Runtime\Cache\Admin\301c2b9f6491dc53f7db959a81fc1270.php 第 58 行.
INFO: Run Behavior\ParseTemplateBehavior [ RunTime:0.008001s ]
INFO: [ view_parse ] --END-- [ RunTime:0.008001s ]
INFO: [ view_filter ] --START--
INFO: Run Behavior\WriteHtmlCacheBehavior [ RunTime:0.000000s ]
INFO: [ view_filter ] --END-- [ RunTime:0.000000s ]
INFO: [ app_end ] --START--
INFO: Run Behavior\ShowPageTraceBehavior [ RunTime:0.001000s ]
INFO: [ app_end ] --END-- [ RunTime:0.001000s ]

[ 2018-11-27T14:45:19+08:00 ] 127.0.0.1 /index.php/Admin/Index/index.html
NOTIC: [8] Use of undefined constant SHOW_PAGE_TRACE - assumed 'SHOW_PAGE_TRACE' E:\www\tour\Application\Common\Conf\debug.php 第 4 行.
INFO: [ app_init ] --START--
INFO: Run Behavior\BuildLiteBehavior [ RunTime:0.000000s ]
INFO: [ app_init ] --END-- [ RunTime:0.000000s ]
INFO: [ app_begin ] --START--
INFO: Run Behavior\ReadHtmlCacheBehavior [ RunTime:0.001000s ]
INFO: [ app_begin ] --END-- [ RunTime:0.001000s ]
SQL: SHOW COLUMNS FROM `lr_web` [ RunTime:0.0070s ]
SQL: SELECT `concent` FROM `lr_web` WHERE ( id=5 ) LIMIT 1   [ RunTime:0.0010s ]
INFO: [ view_parse ] --START--
INFO: [ template_filter ] --START--
INFO: Run Behavior\ContentReplaceBehavior [ RunTime:0.000000s ]
INFO: [ template_filter ] --END-- [ RunTime:0.000000s ]
INFO: Run Behavior\ParseTemplateBehavior [ RunTime:0.008000s ]
INFO: [ view_parse ] --END-- [ RunTime:0.008000s ]
INFO: [ view_filter ] --START--
INFO: Run Behavior\WriteHtmlCacheBehavior [ RunTime:0.000000s ]
INFO: [ view_filter ] --END-- [ RunTime:0.000000s ]
INFO: [ app_end ] --START--
INFO: Run Behavior\ShowPageTraceBehavior [ RunTime:0.001000s ]
INFO: [ app_end ] --END-- [ RunTime:0.001000s ]

[ 2018-11-27T14:45:19+08:00 ] 127.0.0.1 /index.php/Admin/Page/adminindex.html
NOTIC: [8] Use of undefined constant SHOW_PAGE_TRACE - assumed 'SHOW_PAGE_TRACE' E:\www\tour\Application\Common\Conf\debug.php 第 4 行.
INFO: [ app_init ] --START--
INFO: Run Behavior\BuildLiteBehavior [ RunTime:0.000000s ]
INFO: [ app_init ] --END-- [ RunTime:0.001001s ]
INFO: [ app_begin ] --START--
INFO: Run Behavior\ReadHtmlCacheBehavior [ RunTime:0.001000s ]
INFO: [ app_begin ] --END-- [ RunTime:0.001000s ]
INFO: [ view_parse ] --START--
INFO: [ template_filter ] --START--
INFO: Run Behavior\ContentReplaceBehavior [ RunTime:0.000000s ]
INFO: [ template_filter ] --END-- [ RunTime:0.000000s ]
INFO: Run Behavior\ParseTemplateBehavior [ RunTime:0.007000s ]
INFO: [ view_parse ] --END-- [ RunTime:0.007000s ]
INFO: [ view_filter ] --START--
INFO: Run Behavior\WriteHtmlCacheBehavior [ RunTime:0.000000s ]
INFO: [ view_filter ] --END-- [ RunTime:0.000000s ]
INFO: [ app_end ] --START--
INFO: Run Behavior\ShowPageTraceBehavior [ RunTime:0.001000s ]
INFO: [ app_end ] --END-- [ RunTime:0.001000s ]

[ 2018-11-27T14:45:21+08:00 ] 127.0.0.1 /index.php/Admin/Order/withdraw_list.html
NOTIC: [8] Use of undefined constant SHOW_PAGE_TRACE - assumed 'SHOW_PAGE_TRACE' E:\www\tour\Application\Common\Conf\debug.php 第 4 行.
INFO: [ app_init ] --START--
INFO: Run Behavior\BuildLiteBehavior [ RunTime:0.000000s ]
INFO: [ app_init ] --END-- [ RunTime:0.000000s ]
INFO: [ app_begin ] --START--
INFO: Run Behavior\ReadHtmlCacheBehavior [ RunTime:0.001000s ]
INFO: [ app_begin ] --END-- [ RunTime:0.001000s ]
NOTIC: [2048] Declaration of Admin\Controller\OrderController::show() should be compatible with Think\Controller::show($content, $charset = '', $contentType = '', $prefix = '') E:\www\tour\Application\Admin\Controller\OrderController.class.php 第 4 行.
SQL: SHOW COLUMNS FROM `lr_order` [ RunTime:0.0100s ]
SQL: SHOW COLUMNS FROM `lr_order_product` [ RunTime:0.0070s ]
SQL: SHOW COLUMNS FROM `lr_withdraw` [ RunTime:0.0080s ]
SQL: SELECT COUNT(*) AS tp_count FROM `lr_withdraw` LIMIT 1   [ RunTime:0.0010s ]
NOTIC: [8] Undefined index: page E:\www\tour\Application\Admin\Controller\OrderController.class.php 第 365 行.
NOTIC: [8] Undefined variable: where E:\www\tour\Application\Admin\Controller\OrderController.class.php 第 370 行.
NOTIC: [8] Undefined variable: where E:\www\tour\Application\Admin\Controller\OrderController.class.php 第 372 行.
SQL: SELECT t1.*,t2.uname,t2.photo,t2.phone,t2.real_name,t2.bank_name,t2.banks FROM lr_withdraw t1 left join lr_user t2 on t1.uid = t2.id  ORDER BY t1.create_time desc LIMIT 0,20   [ RunTime:0.0020s ]
INFO: [ view_parse ] --START--
INFO: [ template_filter ] --START--
INFO: Run Behavior\ContentReplaceBehavior [ RunTime:0.001000s ]
INFO: [ template_filter ] --END-- [ RunTime:0.001000s ]
NOTIC: [8] Undefined index: name E:\www\tour\Application\Runtime\Cache\Admin\301c2b9f6491dc53f7db959a81fc1270.php 第 58 行.
NOTIC: [8] Undefined index: name E:\www\tour\Application\Runtime\Cache\Admin\301c2b9f6491dc53f7db959a81fc1270.php 第 58 行.
NOTIC: [8] Undefined index: name E:\www\tour\Application\Runtime\Cache\Admin\301c2b9f6491dc53f7db959a81fc1270.php 第 58 行.
NOTIC: [8] Undefined index: name E:\www\tour\Application\Runtime\Cache\Admin\301c2b9f6491dc53f7db959a81fc1270.php 第 58 行.
NOTIC: [8] Undefined index: name E:\www\tour\Application\Runtime\Cache\Admin\301c2b9f6491dc53f7db959a81fc1270.php 第 58 行.
NOTIC: [8] Undefined index: name E:\www\tour\Application\Runtime\Cache\Admin\301c2b9f6491dc53f7db959a81fc1270.php 第 58 行.
NOTIC: [8] Undefined index: name E:\www\tour\Application\Runtime\Cache\Admin\301c2b9f6491dc53f7db959a81fc1270.php 第 58 行.
NOTIC: [8] Undefined index: name E:\www\tour\Application\Runtime\Cache\Admin\301c2b9f6491dc53f7db959a81fc1270.php 第 58 行.
NOTIC: [8] Undefined index: name E:\www\tour\Application\Runtime\Cache\Admin\301c2b9f6491dc53f7db959a81fc1270.php 第 58 行.
INFO: Run Behavior\ParseTemplateBehavior [ RunTime:0.009000s ]
INFO: [ view_parse ] --END-- [ RunTime:0.009000s ]
INFO: [ view_filter ] --START--
INFO: Run Behavior\WriteHtmlCacheBehavior [ RunTime:0.000000s ]
INFO: [ view_filter ] --END-- [ RunTime:0.001000s ]
INFO: [ app_end ] --START--
INFO: Run Behavior\ShowPageTraceBehavior [ RunTime:0.000000s ]
INFO: [ app_end ] --END-- [ RunTime:0.000000s ]

[ 2018-11-27T14:45:42+08:00 ] 127.0.0.1 /index.php/Admin/Index/index.html
NOTIC: [8] Use of undefined constant SHOW_PAGE_TRACE - assumed 'SHOW_PAGE_TRACE' E:\www\tour\Application\Common\Conf\debug.php 第 4 行.
INFO: [ app_init ] --START--
INFO: Run Behavior\BuildLiteBehavior [ RunTime:0.000000s ]
INFO: [ app_init ] --END-- [ RunTime:0.000000s ]
INFO: [ app_begin ] --START--
INFO: Run Behavior\ReadHtmlCacheBehavior [ RunTime:0.001000s ]
INFO: [ app_begin ] --END-- [ RunTime:0.001000s ]
SQL: SHOW COLUMNS FROM `lr_web` [ RunTime:0.0070s ]
SQL: SELECT `concent` FROM `lr_web` WHERE ( id=5 ) LIMIT 1   [ RunTime:0.0020s ]
INFO: [ view_parse ] --START--
INFO: [ template_filter ] --START--
INFO: Run Behavior\ContentReplaceBehavior [ RunTime:0.001000s ]
INFO: [ template_filter ] --END-- [ RunTime:0.001000s ]
INFO: Run Behavior\ParseTemplateBehavior [ RunTime:0.008001s ]
INFO: [ view_parse ] --END-- [ RunTime:0.008001s ]
INFO: [ view_filter ] --START--
INFO: Run Behavior\WriteHtmlCacheBehavior [ RunTime:0.000000s ]
INFO: [ view_filter ] --END-- [ RunTime:0.000000s ]
INFO: [ app_end ] --START--
INFO: Run Behavior\ShowPageTraceBehavior [ RunTime:0.000000s ]
INFO: [ app_end ] --END-- [ RunTime:0.000000s ]

[ 2018-11-27T14:45:42+08:00 ] 127.0.0.1 /index.php/Admin/Page/adminindex.html
NOTIC: [8] Use of undefined constant SHOW_PAGE_TRACE - assumed 'SHOW_PAGE_TRACE' E:\www\tour\Application\Common\Conf\debug.php 第 4 行.
INFO: [ app_init ] --START--
INFO: Run Behavior\BuildLiteBehavior [ RunTime:0.000000s ]
INFO: [ app_init ] --END-- [ RunTime:0.001000s ]
INFO: [ app_begin ] --START--
INFO: Run Behavior\ReadHtmlCacheBehavior [ RunTime:0.001000s ]
INFO: [ app_begin ] --END-- [ RunTime:0.001000s ]
INFO: [ view_parse ] --START--
INFO: [ template_filter ] --START--
INFO: Run Behavior\ContentReplaceBehavior [ RunTime:0.000000s ]
INFO: [ template_filter ] --END-- [ RunTime:0.000000s ]
INFO: Run Behavior\ParseTemplateBehavior [ RunTime:0.004000s ]
INFO: [ view_parse ] --END-- [ RunTime:0.004000s ]
INFO: [ view_filter ] --START--
INFO: Run Behavior\WriteHtmlCacheBehavior [ RunTime:0.001000s ]
INFO: [ view_filter ] --END-- [ RunTime:0.001000s ]
INFO: [ app_end ] --START--
INFO: Run Behavior\ShowPageTraceBehavior [ RunTime:0.000000s ]
INFO: [ app_end ] --END-- [ RunTime:0.000000s ]

[ 2018-11-27T14:45:44+08:00 ] 127.0.0.1 /index.php/Admin/Order/withdraw_list.html
NOTIC: [8] Use of undefined constant SHOW_PAGE_TRACE - assumed 'SHOW_PAGE_TRACE' E:\www\tour\Application\Common\Conf\debug.php 第 4 行.
INFO: [ app_init ] --START--
INFO: Run Behavior\BuildLiteBehavior [ RunTime:0.000000s ]
INFO: [ app_init ] --END-- [ RunTime:0.000000s ]
INFO: [ app_begin ] --START--
INFO: Run Behavior\ReadHtmlCacheBehavior [ RunTime:0.000000s ]
INFO: [ app_begin ] --END-- [ RunTime:0.000000s ]
NOTIC: [2048] Declaration of Admin\Controller\OrderController::show() should be compatible with Think\Controller::show($content, $charset = '', $contentType = '', $prefix = '') E:\www\tour\Application\Admin\Controller\OrderController.class.php 第 4 行.
SQL: SHOW COLUMNS FROM `lr_order` [ RunTime:0.0080s ]
SQL: SHOW COLUMNS FROM `lr_order_product` [ RunTime:0.0080s ]
SQL: SHOW COLUMNS FROM `lr_withdraw` [ RunTime:0.0040s ]
SQL: SELECT COUNT(*) AS tp_count FROM `lr_withdraw` LIMIT 1   [ RunTime:0.0000s ]
NOTIC: [8] Undefined index: page E:\www\tour\Application\Admin\Controller\OrderController.class.php 第 365 行.
SQL: SELECT t1.*,t2.uname,t2.photo,t2.phone,t2.real_name,t2.bank_name,t2.banks FROM lr_withdraw t1 left join lr_user t2 on t1.uid = t2.id  WHERE t1.orderids <> '' ORDER BY t1.create_time desc LIMIT 0,20   [ RunTime:0.0020s ]
INFO: [ view_parse ] --START--
INFO: [ template_filter ] --START--
INFO: Run Behavior\ContentReplaceBehavior [ RunTime:0.000000s ]
INFO: [ template_filter ] --END-- [ RunTime:0.000000s ]
NOTIC: [8] Undefined index: name E:\www\tour\Application\Runtime\Cache\Admin\301c2b9f6491dc53f7db959a81fc1270.php 第 58 行.
NOTIC: [8] Undefined index: name E:\www\tour\Application\Runtime\Cache\Admin\301c2b9f6491dc53f7db959a81fc1270.php 第 58 行.
NOTIC: [8] Undefined index: name E:\www\tour\Application\Runtime\Cache\Admin\301c2b9f6491dc53f7db959a81fc1270.php 第 58 行.
NOTIC: [8] Undefined index: name E:\www\tour\Application\Runtime\Cache\Admin\301c2b9f6491dc53f7db959a81fc1270.php 第 58 行.
NOTIC: [8] Undefined index: name E:\www\tour\Application\Runtime\Cache\Admin\301c2b9f6491dc53f7db959a81fc1270.php 第 58 行.
NOTIC: [8] Undefined index: name E:\www\tour\Application\Runtime\Cache\Admin\301c2b9f6491dc53f7db959a81fc1270.php 第 58 行.
NOTIC: [8] Undefined index: name E:\www\tour\Application\Runtime\Cache\Admin\301c2b9f6491dc53f7db959a81fc1270.php 第 58 行.
NOTIC: [8] Undefined index: name E:\www\tour\Application\Runtime\Cache\Admin\301c2b9f6491dc53f7db959a81fc1270.php 第 58 行.
INFO: Run Behavior\ParseTemplateBehavior [ RunTime:0.006000s ]
INFO: [ view_parse ] --END-- [ RunTime:0.006000s ]
INFO: [ view_filter ] --START--
INFO: Run Behavior\WriteHtmlCacheBehavior [ RunTime:0.001001s ]
INFO: [ view_filter ] --END-- [ RunTime:0.001001s ]
INFO: [ app_end ] --START--
INFO: Run Behavior\ShowPageTraceBehavior [ RunTime:0.000000s ]
INFO: [ app_end ] --END-- [ RunTime:0.000000s ]

[ 2018-11-27T14:45:57+08:00 ] 127.0.0.1 /index.php/Admin/Order/withdraw_list.html
NOTIC: [8] Use of undefined constant SHOW_PAGE_TRACE - assumed 'SHOW_PAGE_TRACE' E:\www\tour\Application\Common\Conf\debug.php 第 4 行.
INFO: [ app_init ] --START--
INFO: Run Behavior\BuildLiteBehavior [ RunTime:0.000000s ]
INFO: [ app_init ] --END-- [ RunTime:0.000000s ]
INFO: [ app_begin ] --START--
INFO: Run Behavior\ReadHtmlCacheBehavior [ RunTime:0.000000s ]
INFO: [ app_begin ] --END-- [ RunTime:0.000000s ]
NOTIC: [2048] Declaration of Admin\Controller\OrderController::show() should be compatible with Think\Controller::show($content, $charset = '', $contentType = '', $prefix = '') E:\www\tour\Application\Admin\Controller\OrderController.class.php 第 4 行.
SQL: SHOW COLUMNS FROM `lr_order` [ RunTime:0.0090s ]
SQL: SHOW COLUMNS FROM `lr_order_product` [ RunTime:0.0080s ]
SQL: SHOW COLUMNS FROM `lr_withdraw` [ RunTime:0.0070s ]
SQL: SELECT COUNT(*) AS tp_count FROM `lr_withdraw` LIMIT 1   [ RunTime:0.0010s ]
NOTIC: [8] Undefined index: page E:\www\tour\Application\Admin\Controller\OrderController.class.php 第 365 行.
SQL: SELECT t1.*,t2.uname,t2.photo,t2.phone,t2.real_name,t2.bank_name,t2.banks FROM lr_withdraw t1 left join lr_user t2 on t1.uid = t2.id  WHERE t1.orderids <> '' ORDER BY t1.create_time desc LIMIT 0,20   [ RunTime:0.0020s ]
INFO: [ view_parse ] --START--
INFO: [ template_filter ] --START--
INFO: Run Behavior\ContentReplaceBehavior [ RunTime:0.000000s ]
INFO: [ template_filter ] --END-- [ RunTime:0.000000s ]
NOTIC: [8] Undefined index: name E:\www\tour\Application\Runtime\Cache\Admin\301c2b9f6491dc53f7db959a81fc1270.php 第 58 行.
NOTIC: [8] Undefined index: name E:\www\tour\Application\Runtime\Cache\Admin\301c2b9f6491dc53f7db959a81fc1270.php 第 58 行.
NOTIC: [8] Undefined index: name E:\www\tour\Application\Runtime\Cache\Admin\301c2b9f6491dc53f7db959a81fc1270.php 第 58 行.
NOTIC: [8] Undefined index: name E:\www\tour\Application\Runtime\Cache\Admin\301c2b9f6491dc53f7db959a81fc1270.php 第 58 行.
NOTIC: [8] Undefined index: name E:\www\tour\Application\Runtime\Cache\Admin\301c2b9f6491dc53f7db959a81fc1270.php 第 58 行.
NOTIC: [8] Undefined index: name E:\www\tour\Application\Runtime\Cache\Admin\301c2b9f6491dc53f7db959a81fc1270.php 第 58 行.
NOTIC: [8] Undefined index: name E:\www\tour\Application\Runtime\Cache\Admin\301c2b9f6491dc53f7db959a81fc1270.php 第 58 行.
NOTIC: [8] Undefined index: name E:\www\tour\Application\Runtime\Cache\Admin\301c2b9f6491dc53f7db959a81fc1270.php 第 58 行.
INFO: Run Behavior\ParseTemplateBehavior [ RunTime:0.007000s ]
INFO: [ view_parse ] --END-- [ RunTime:0.007000s ]
INFO: [ view_filter ] --START--
INFO: Run Behavior\WriteHtmlCacheBehavior [ RunTime:0.001001s ]
INFO: [ view_filter ] --END-- [ RunTime:0.001001s ]
INFO: [ app_end ] --START--
INFO: Run Behavior\ShowPageTraceBehavior [ RunTime:0.001000s ]
INFO: [ app_end ] --END-- [ RunTime:0.001000s ]

