[ 2018-10-20T17:21:00+08:00 ] 127.0.0.1 /index.php/admin
NOTIC: [8] Use of undefined constant SHOW_PAGE_TRACE - assumed 'SHOW_PAGE_TRACE' E:\www\tour\Application\Common\Conf\debug.php 第 4 行.
INFO: [ app_init ] --START--
INFO: Run Behavior\BuildLiteBehavior [ RunTime:0.000000s ]
INFO: [ app_init ] --END-- [ RunTime:0.000000s ]
INFO: [ app_begin ] --START--
INFO: Run Behavior\ReadHtmlCacheBehavior [ RunTime:0.010000s ]
INFO: [ app_begin ] --END-- [ RunTime:0.010000s ]

[ 2018-10-20T17:21:01+08:00 ] 127.0.0.1 /index.php/admin
NOTIC: [8] Use of undefined constant SHOW_PAGE_TRACE - assumed 'SHOW_PAGE_TRACE' E:\www\tour\Application\Common\Conf\debug.php 第 4 行.
INFO: [ app_init ] --START--
INFO: Run Behavior\BuildLiteBehavior [ RunTime:0.001000s ]
INFO: [ app_init ] --END-- [ RunTime:0.001000s ]
INFO: [ app_begin ] --START--
INFO: Run Behavior\ReadHtmlCacheBehavior [ RunTime:0.000000s ]
INFO: [ app_begin ] --END-- [ RunTime:0.000000s ]

[ 2018-10-20T17:21:02+08:00 ] 127.0.0.1 /index.php/Admin/Login/index.html
NOTIC: [8] Use of undefined constant SHOW_PAGE_TRACE - assumed 'SHOW_PAGE_TRACE' E:\www\tour\Application\Common\Conf\debug.php 第 4 行.
INFO: [ app_init ] --START--
INFO: Run Behavior\BuildLiteBehavior [ RunTime:0.000000s ]
INFO: [ app_init ] --END-- [ RunTime:0.000000s ]
INFO: [ app_begin ] --START--
INFO: Run Behavior\ReadHtmlCacheBehavior [ RunTime:0.000000s ]
INFO: [ app_begin ] --END-- [ RunTime:0.000000s ]
SQL: SHOW COLUMNS FROM `lr_program` [ RunTime:0.0300s ]
SQL: SELECT * FROM `lr_program` LIMIT 1   [ RunTime:0.0010s ]
INFO: [ view_parse ] --START--
INFO: [ template_filter ] --START--
INFO: Run Behavior\ContentReplaceBehavior [ RunTime:0.000000s ]
INFO: [ template_filter ] --END-- [ RunTime:0.000000s ]
NOTIC: [8] Undefined variable: key E:\www\tour\Application\Runtime\Cache\Admin\32ec6c906c117a7c2bf504769276d87a.php 第 28 行.
INFO: Run Behavior\ParseTemplateBehavior [ RunTime:0.081004s ]
INFO: [ view_parse ] --END-- [ RunTime:0.081004s ]
INFO: [ view_filter ] --START--
INFO: Run Behavior\WriteHtmlCacheBehavior [ RunTime:0.011001s ]
INFO: [ view_filter ] --END-- [ RunTime:0.011001s ]
INFO: [ app_end ] --START--
INFO: Run Behavior\ShowPageTraceBehavior [ RunTime:0.015001s ]
INFO: [ app_end ] --END-- [ RunTime:0.015001s ]

[ 2018-10-20T17:21:02+08:00 ] 127.0.0.1 /index.php/Admin/Login/static/h-ui/js/H-ui.min.js
NOTIC: [8] Use of undefined constant SHOW_PAGE_TRACE - assumed 'SHOW_PAGE_TRACE' E:\www\tour\Application\Common\Conf\debug.php 第 4 行.
INFO: [ app_init ] --START--
INFO: Run Behavior\BuildLiteBehavior [ RunTime:0.000000s ]
INFO: [ app_init ] --END-- [ RunTime:0.000000s ]
INFO: [ app_begin ] --START--
INFO: Run Behavior\ReadHtmlCacheBehavior [ RunTime:0.000000s ]
INFO: [ app_begin ] --END-- [ RunTime:0.000000s ]
ERR: 非法操作:static

[ 2018-10-20T17:21:03+08:00 ] 127.0.0.1 /index.php/Admin/Login/lib/jquery/1.9.1/jquery.min.js
NOTIC: [8] Use of undefined constant SHOW_PAGE_TRACE - assumed 'SHOW_PAGE_TRACE' E:\www\tour\Application\Common\Conf\debug.php 第 4 行.
INFO: [ app_init ] --START--
INFO: Run Behavior\BuildLiteBehavior [ RunTime:0.000000s ]
INFO: [ app_init ] --END-- [ RunTime:0.000000s ]
INFO: [ app_begin ] --START--
INFO: Run Behavior\ReadHtmlCacheBehavior [ RunTime:0.001000s ]
INFO: [ app_begin ] --END-- [ RunTime:0.001000s ]
ERR: 非法操作:lib

[ 2018-10-20T17:21:03+08:00 ] 127.0.0.1 /index.php/Admin/Login/static/h-ui/js/H-ui.min.js
NOTIC: [8] Use of undefined constant SHOW_PAGE_TRACE - assumed 'SHOW_PAGE_TRACE' E:\www\tour\Application\Common\Conf\debug.php 第 4 行.
INFO: [ app_init ] --START--
INFO: Run Behavior\BuildLiteBehavior [ RunTime:0.000000s ]
INFO: [ app_init ] --END-- [ RunTime:0.000000s ]
INFO: [ app_begin ] --START--
INFO: Run Behavior\ReadHtmlCacheBehavior [ RunTime:0.000000s ]
INFO: [ app_begin ] --END-- [ RunTime:0.000000s ]
ERR: 非法操作:static

[ 2018-10-20T17:21:06+08:00 ] 127.0.0.1 /index.php/Admin/Login/index.html?key=
NOTIC: [8] Use of undefined constant SHOW_PAGE_TRACE - assumed 'SHOW_PAGE_TRACE' E:\www\tour\Application\Common\Conf\debug.php 第 4 行.
INFO: [ app_init ] --START--
INFO: Run Behavior\BuildLiteBehavior [ RunTime:0.000000s ]
INFO: [ app_init ] --END-- [ RunTime:0.000000s ]
INFO: [ app_begin ] --START--
INFO: Run Behavior\ReadHtmlCacheBehavior [ RunTime:0.000000s ]
INFO: [ app_begin ] --END-- [ RunTime:0.000000s ]
SQL: SHOW COLUMNS FROM `lr_adminuser` [ RunTime:0.0290s ]
SQL: SELECT * FROM `lr_adminuser` WHERE ( name='admin' AND del<1 ) LIMIT 1   [ RunTime:0.0010s ]
SQL: SHOW COLUMNS FROM `lr_program` [ RunTime:0.0070s ]
SQL: SELECT * FROM `lr_program` LIMIT 1   [ RunTime:0.0010s ]
NOTIC: [8] Undefined index: shop_id E:\www\tour\Application\Admin\Controller\LoginController.class.php 第 21 行.
INFO: [ app_end ] --START--
INFO: Run Behavior\ShowPageTraceBehavior [ RunTime:0.000000s ]
INFO: [ app_end ] --END-- [ RunTime:0.000000s ]

[ 2018-10-20T17:21:08+08:00 ] 127.0.0.1 /index.php/Admin/Index/index.html
NOTIC: [8] Use of undefined constant SHOW_PAGE_TRACE - assumed 'SHOW_PAGE_TRACE' E:\www\tour\Application\Common\Conf\debug.php 第 4 行.
INFO: [ app_init ] --START--
INFO: Run Behavior\BuildLiteBehavior [ RunTime:0.000000s ]
INFO: [ app_init ] --END-- [ RunTime:0.000000s ]
INFO: [ app_begin ] --START--
INFO: Run Behavior\ReadHtmlCacheBehavior [ RunTime:0.000000s ]
INFO: [ app_begin ] --END-- [ RunTime:0.000000s ]
SQL: SHOW COLUMNS FROM `lr_web` [ RunTime:0.0200s ]
SQL: SELECT `concent` FROM `lr_web` WHERE ( id=5 ) LIMIT 1   [ RunTime:0.0010s ]
INFO: [ view_parse ] --START--
INFO: [ template_filter ] --START--
INFO: Run Behavior\ContentReplaceBehavior [ RunTime:0.000000s ]
INFO: [ template_filter ] --END-- [ RunTime:0.000000s ]
INFO: Run Behavior\ParseTemplateBehavior [ RunTime:0.054003s ]
INFO: [ view_parse ] --END-- [ RunTime:0.054003s ]
INFO: [ view_filter ] --START--
INFO: Run Behavior\WriteHtmlCacheBehavior [ RunTime:0.000000s ]
INFO: [ view_filter ] --END-- [ RunTime:0.000000s ]
INFO: [ app_end ] --START--
INFO: Run Behavior\ShowPageTraceBehavior [ RunTime:0.001000s ]
INFO: [ app_end ] --END-- [ RunTime:0.001000s ]

[ 2018-10-20T17:21:08+08:00 ] 127.0.0.1 /index.php/Admin/Page/adminindex.html
NOTIC: [8] Use of undefined constant SHOW_PAGE_TRACE - assumed 'SHOW_PAGE_TRACE' E:\www\tour\Application\Common\Conf\debug.php 第 4 行.
INFO: [ app_init ] --START--
INFO: Run Behavior\BuildLiteBehavior [ RunTime:0.000000s ]
INFO: [ app_init ] --END-- [ RunTime:0.000000s ]
INFO: [ app_begin ] --START--
INFO: Run Behavior\ReadHtmlCacheBehavior [ RunTime:0.000000s ]
INFO: [ app_begin ] --END-- [ RunTime:0.000000s ]
INFO: [ view_parse ] --START--
INFO: [ template_filter ] --START--
INFO: Run Behavior\ContentReplaceBehavior [ RunTime:0.000000s ]
INFO: [ template_filter ] --END-- [ RunTime:0.000000s ]
INFO: Run Behavior\ParseTemplateBehavior [ RunTime:0.030002s ]
INFO: [ view_parse ] --END-- [ RunTime:0.030002s ]
INFO: [ view_filter ] --START--
INFO: Run Behavior\WriteHtmlCacheBehavior [ RunTime:0.000000s ]
INFO: [ view_filter ] --END-- [ RunTime:0.000000s ]
INFO: [ app_end ] --START--
INFO: Run Behavior\ShowPageTraceBehavior [ RunTime:0.001000s ]
INFO: [ app_end ] --END-- [ RunTime:0.001000s ]

[ 2018-10-20T17:21:15+08:00 ] 127.0.0.1 /index.php/Admin/User/daili.html
NOTIC: [8] Use of undefined constant SHOW_PAGE_TRACE - assumed 'SHOW_PAGE_TRACE' E:\www\tour\Application\Common\Conf\debug.php 第 4 行.
INFO: [ app_init ] --START--
INFO: Run Behavior\BuildLiteBehavior [ RunTime:0.000000s ]
INFO: [ app_init ] --END-- [ RunTime:0.000000s ]
INFO: [ app_begin ] --START--
INFO: Run Behavior\ReadHtmlCacheBehavior [ RunTime:0.000000s ]
INFO: [ app_begin ] --END-- [ RunTime:0.000000s ]
SQL: SHOW COLUMNS FROM `lr_user` [ RunTime:0.0520s ]
SQL: SELECT COUNT(*) AS tp_count FROM `lr_user` WHERE `is_daili` <> 1 LIMIT 1   [ RunTime:0.0130s ]
NOTIC: [8] Undefined index: page E:\www\tour\Application\Admin\Controller\UserController.class.php 第 152 行.
SQL: SHOW COLUMNS FROM `lr_user` [ RunTime:0.0070s ]
SQL: SELECT * FROM `lr_user` WHERE `is_daili` <> 1  [ RunTime:0.0020s ]
INFO: [ view_parse ] --START--
INFO: [ template_filter ] --START--
INFO: Run Behavior\ContentReplaceBehavior [ RunTime:0.000000s ]
INFO: [ template_filter ] --END-- [ RunTime:0.000000s ]
NOTIC: [8] Undefined variable: tel E:\www\tour\Application\Runtime\Cache\Admin\7f6079e548479280cb2c86e3618533b6.php 第 28 行.
NOTIC: [8] Undefined variable: name E:\www\tour\Application\Runtime\Cache\Admin\7f6079e548479280cb2c86e3618533b6.php 第 28 行.
NOTIC: [8] Undefined variable: name E:\www\tour\Application\Runtime\Cache\Admin\7f6079e548479280cb2c86e3618533b6.php 第 37 行.
NOTIC: [8] Undefined variable: tel E:\www\tour\Application\Runtime\Cache\Admin\7f6079e548479280cb2c86e3618533b6.php 第 38 行.
INFO: Run Behavior\ParseTemplateBehavior [ RunTime:0.040002s ]
INFO: [ view_parse ] --END-- [ RunTime:0.040002s ]
INFO: [ view_filter ] --START--
INFO: Run Behavior\WriteHtmlCacheBehavior [ RunTime:0.000000s ]
INFO: [ view_filter ] --END-- [ RunTime:0.000000s ]
INFO: [ app_end ] --START--
INFO: Run Behavior\ShowPageTraceBehavior [ RunTime:0.000000s ]
INFO: [ app_end ] --END-- [ RunTime:0.000000s ]

[ 2018-10-20T17:21:16+08:00 ] 127.0.0.1 /index.php/Admin/User/index.html
NOTIC: [8] Use of undefined constant SHOW_PAGE_TRACE - assumed 'SHOW_PAGE_TRACE' E:\www\tour\Application\Common\Conf\debug.php 第 4 行.
INFO: [ app_init ] --START--
INFO: Run Behavior\BuildLiteBehavior [ RunTime:0.000000s ]
INFO: [ app_init ] --END-- [ RunTime:0.001001s ]
INFO: [ app_begin ] --START--
INFO: Run Behavior\ReadHtmlCacheBehavior [ RunTime:0.000000s ]
INFO: [ app_begin ] --END-- [ RunTime:0.000000s ]
NOTIC: [8] Undefined index: type E:\www\tour\Application\Admin\Controller\UserController.class.php 第 11 行.
NOTIC: [8] Undefined index: id E:\www\tour\Application\Admin\Controller\UserController.class.php 第 12 行.
NOTIC: [8] Undefined index: tel E:\www\tour\Application\Admin\Controller\UserController.class.php 第 13 行.
NOTIC: [8] Undefined index: name E:\www\tour\Application\Admin\Controller\UserController.class.php 第 14 行.
NOTIC: [8] Undefined index: name E:\www\tour\Application\Admin\Controller\UserController.class.php 第 16 行.
SQL: SHOW COLUMNS FROM `lr_user` [ RunTime:0.0080s ]
SQL: SELECT COUNT(*) AS tp_count FROM `lr_user` WHERE ( 1=1 ) LIMIT 1   [ RunTime:0.0010s ]
NOTIC: [8] Undefined index: page E:\www\tour\Application\Admin\Controller\UserController.class.php 第 26 行.
SQL: SELECT * FROM `lr_user` WHERE ( 1=1 ) ORDER BY id desc LIMIT 0,20   [ RunTime:0.0020s ]
SQL: SHOW COLUMNS FROM `lr_level` [ RunTime:0.0350s ]
SQL: SELECT `level_name` FROM `lr_level` WHERE `id` = 3 LIMIT 1   [ RunTime:0.0010s ]
SQL: SELECT `level_name` FROM `lr_level` WHERE `id` = 1 LIMIT 1   [ RunTime:0.0010s ]
SQL: SELECT `uname` FROM `lr_user` WHERE `id` = 3 LIMIT 1   [ RunTime:0.0020s ]
SQL: SELECT `level_name` FROM `lr_level` WHERE `id` = 2 LIMIT 1   [ RunTime:0.0010s ]
SQL: SELECT `uname` FROM `lr_user` WHERE `id` = 2 LIMIT 1   [ RunTime:0.0000s ]
INFO: [ view_parse ] --START--
INFO: [ template_filter ] --START--
INFO: Run Behavior\ContentReplaceBehavior [ RunTime:0.000000s ]
INFO: [ template_filter ] --END-- [ RunTime:0.000000s ]
NOTIC: [8] Undefined index: top_uname E:\www\tour\Application\Runtime\Cache\Admin\65e605872ed5d34210f5b33beb13f5a3.php 第 63 行.
INFO: Run Behavior\ParseTemplateBehavior [ RunTime:0.020001s ]
INFO: [ view_parse ] --END-- [ RunTime:0.020001s ]
INFO: [ view_filter ] --START--
INFO: Run Behavior\WriteHtmlCacheBehavior [ RunTime:0.000000s ]
INFO: [ view_filter ] --END-- [ RunTime:0.000000s ]
INFO: [ app_end ] --START--
INFO: Run Behavior\ShowPageTraceBehavior [ RunTime:0.000000s ]
INFO: [ app_end ] --END-- [ RunTime:0.000000s ]

[ 2018-10-20T17:21:34+08:00 ] 127.0.0.1 /index.php/Admin/Index/index.html
NOTIC: [8] Use of undefined constant SHOW_PAGE_TRACE - assumed 'SHOW_PAGE_TRACE' E:\www\tour\Application\Common\Conf\debug.php 第 4 行.
INFO: [ app_init ] --START--
INFO: Run Behavior\BuildLiteBehavior [ RunTime:0.000000s ]
INFO: [ app_init ] --END-- [ RunTime:0.000000s ]
INFO: [ app_begin ] --START--
INFO: Run Behavior\ReadHtmlCacheBehavior [ RunTime:0.001000s ]
INFO: [ app_begin ] --END-- [ RunTime:0.001000s ]
SQL: SHOW COLUMNS FROM `lr_web` [ RunTime:0.0080s ]
SQL: SELECT `concent` FROM `lr_web` WHERE ( id=5 ) LIMIT 1   [ RunTime:0.0010s ]
INFO: [ view_parse ] --START--
INFO: [ template_filter ] --START--
INFO: Run Behavior\ContentReplaceBehavior [ RunTime:0.000000s ]
INFO: [ template_filter ] --END-- [ RunTime:0.000000s ]
INFO: Run Behavior\ParseTemplateBehavior [ RunTime:0.009000s ]
INFO: [ view_parse ] --END-- [ RunTime:0.009000s ]
INFO: [ view_filter ] --START--
INFO: Run Behavior\WriteHtmlCacheBehavior [ RunTime:0.000000s ]
INFO: [ view_filter ] --END-- [ RunTime:0.000000s ]
INFO: [ app_end ] --START--
INFO: Run Behavior\ShowPageTraceBehavior [ RunTime:0.001000s ]
INFO: [ app_end ] --END-- [ RunTime:0.001000s ]

[ 2018-10-20T17:21:34+08:00 ] 127.0.0.1 /index.php/Admin/Page/adminindex.html
NOTIC: [8] Use of undefined constant SHOW_PAGE_TRACE - assumed 'SHOW_PAGE_TRACE' E:\www\tour\Application\Common\Conf\debug.php 第 4 行.
INFO: [ app_init ] --START--
INFO: Run Behavior\BuildLiteBehavior [ RunTime:0.000000s ]
INFO: [ app_init ] --END-- [ RunTime:0.000000s ]
INFO: [ app_begin ] --START--
INFO: Run Behavior\ReadHtmlCacheBehavior [ RunTime:0.001000s ]
INFO: [ app_begin ] --END-- [ RunTime:0.001000s ]
INFO: [ view_parse ] --START--
INFO: [ template_filter ] --START--
INFO: Run Behavior\ContentReplaceBehavior [ RunTime:0.000000s ]
INFO: [ template_filter ] --END-- [ RunTime:0.000000s ]
INFO: Run Behavior\ParseTemplateBehavior [ RunTime:0.006001s ]
INFO: [ view_parse ] --END-- [ RunTime:0.006001s ]
INFO: [ view_filter ] --START--
INFO: Run Behavior\WriteHtmlCacheBehavior [ RunTime:0.001000s ]
INFO: [ view_filter ] --END-- [ RunTime:0.001000s ]
INFO: [ app_end ] --START--
INFO: Run Behavior\ShowPageTraceBehavior [ RunTime:0.000000s ]
INFO: [ app_end ] --END-- [ RunTime:0.000000s ]

[ 2018-10-20T17:21:37+08:00 ] 127.0.0.1 /index.php/Admin/User/index.html
NOTIC: [8] Use of undefined constant SHOW_PAGE_TRACE - assumed 'SHOW_PAGE_TRACE' E:\www\tour\Application\Common\Conf\debug.php 第 4 行.
INFO: [ app_init ] --START--
INFO: Run Behavior\BuildLiteBehavior [ RunTime:0.000000s ]
INFO: [ app_init ] --END-- [ RunTime:0.000000s ]
INFO: [ app_begin ] --START--
INFO: Run Behavior\ReadHtmlCacheBehavior [ RunTime:0.000000s ]
INFO: [ app_begin ] --END-- [ RunTime:0.000000s ]
NOTIC: [8] Undefined index: type E:\www\tour\Application\Admin\Controller\UserController.class.php 第 11 行.
NOTIC: [8] Undefined index: id E:\www\tour\Application\Admin\Controller\UserController.class.php 第 12 行.
NOTIC: [8] Undefined index: tel E:\www\tour\Application\Admin\Controller\UserController.class.php 第 13 行.
NOTIC: [8] Undefined index: name E:\www\tour\Application\Admin\Controller\UserController.class.php 第 14 行.
NOTIC: [8] Undefined index: name E:\www\tour\Application\Admin\Controller\UserController.class.php 第 16 行.
SQL: SHOW COLUMNS FROM `lr_user` [ RunTime:0.0080s ]
SQL: SELECT COUNT(*) AS tp_count FROM `lr_user` WHERE ( 1=1 ) LIMIT 1   [ RunTime:0.0010s ]
NOTIC: [8] Undefined index: page E:\www\tour\Application\Admin\Controller\UserController.class.php 第 26 行.
SQL: SELECT * FROM `lr_user` WHERE ( 1=1 ) ORDER BY id desc LIMIT 0,20   [ RunTime:0.0010s ]
SQL: SHOW COLUMNS FROM `lr_level` [ RunTime:0.0070s ]
SQL: SELECT `level_name` FROM `lr_level` WHERE `id` = 3 LIMIT 1   [ RunTime:0.0000s ]
SQL: SELECT `level_name` FROM `lr_level` WHERE `id` = 1 LIMIT 1   [ RunTime:0.0010s ]
SQL: SELECT `uname` FROM `lr_user` WHERE `id` = 3 LIMIT 1   [ RunTime:0.0010s ]
SQL: SELECT `level_name` FROM `lr_level` WHERE `id` = 2 LIMIT 1   [ RunTime:0.0010s ]
SQL: SELECT `uname` FROM `lr_user` WHERE `id` = 2 LIMIT 1   [ RunTime:0.0020s ]
INFO: [ view_parse ] --START--
INFO: [ template_filter ] --START--
INFO: Run Behavior\ContentReplaceBehavior [ RunTime:0.000000s ]
INFO: [ template_filter ] --END-- [ RunTime:0.000000s ]
NOTIC: [8] Undefined index: top_uname E:\www\tour\Application\Runtime\Cache\Admin\65e605872ed5d34210f5b33beb13f5a3.php 第 63 行.
INFO: Run Behavior\ParseTemplateBehavior [ RunTime:0.006000s ]
INFO: [ view_parse ] --END-- [ RunTime:0.006000s ]
INFO: [ view_filter ] --START--
INFO: Run Behavior\WriteHtmlCacheBehavior [ RunTime:0.000000s ]
INFO: [ view_filter ] --END-- [ RunTime:0.000000s ]
INFO: [ app_end ] --START--
INFO: Run Behavior\ShowPageTraceBehavior [ RunTime:0.000000s ]
INFO: [ app_end ] --END-- [ RunTime:0.000000s ]

[ 2018-10-20T17:21:49+08:00 ] 127.0.0.1 /index.php/Admin/User/index.html
NOTIC: [8] Use of undefined constant SHOW_PAGE_TRACE - assumed 'SHOW_PAGE_TRACE' E:\www\tour\Application\Common\Conf\debug.php 第 4 行.
INFO: [ app_init ] --START--
INFO: Run Behavior\BuildLiteBehavior [ RunTime:0.000000s ]
INFO: [ app_init ] --END-- [ RunTime:0.000000s ]
INFO: [ app_begin ] --START--
INFO: Run Behavior\ReadHtmlCacheBehavior [ RunTime:0.000000s ]
INFO: [ app_begin ] --END-- [ RunTime:0.000000s ]
NOTIC: [8] Undefined index: type E:\www\tour\Application\Admin\Controller\UserController.class.php 第 11 行.
NOTIC: [8] Undefined index: id E:\www\tour\Application\Admin\Controller\UserController.class.php 第 12 行.
NOTIC: [8] Undefined index: tel E:\www\tour\Application\Admin\Controller\UserController.class.php 第 13 行.
NOTIC: [8] Undefined index: name E:\www\tour\Application\Admin\Controller\UserController.class.php 第 14 行.
NOTIC: [8] Undefined index: name E:\www\tour\Application\Admin\Controller\UserController.class.php 第 16 行.
SQL: SHOW COLUMNS FROM `lr_user` [ RunTime:0.0080s ]
SQL: SELECT COUNT(*) AS tp_count FROM `lr_user` WHERE ( 1=1 ) LIMIT 1   [ RunTime:0.0010s ]
NOTIC: [8] Undefined index: page E:\www\tour\Application\Admin\Controller\UserController.class.php 第 26 行.
SQL: SELECT * FROM `lr_user` WHERE ( 1=1 ) ORDER BY id desc LIMIT 0,20   [ RunTime:0.0020s ]
SQL: SHOW COLUMNS FROM `lr_level` [ RunTime:0.0070s ]
SQL: SELECT `level_name` FROM `lr_level` WHERE `id` = 3 LIMIT 1   [ RunTime:0.0010s ]
SQL: SELECT `level_name` FROM `lr_level` WHERE `id` = 1 LIMIT 1   [ RunTime:0.0000s ]
SQL: SELECT `uname` FROM `lr_user` WHERE `id` = 3 LIMIT 1   [ RunTime:0.0010s ]
SQL: SELECT `level_name` FROM `lr_level` WHERE `id` = 2 LIMIT 1   [ RunTime:0.0010s ]
SQL: SELECT `uname` FROM `lr_user` WHERE `id` = 2 LIMIT 1   [ RunTime:0.0010s ]
INFO: [ view_parse ] --START--
INFO: [ template_filter ] --START--
INFO: Run Behavior\ContentReplaceBehavior [ RunTime:0.000000s ]
INFO: [ template_filter ] --END-- [ RunTime:0.000000s ]
NOTIC: [8] Undefined index: top_uname E:\www\tour\Application\Runtime\Cache\Admin\65e605872ed5d34210f5b33beb13f5a3.php 第 63 行.
INFO: Run Behavior\ParseTemplateBehavior [ RunTime:0.006001s ]
INFO: [ view_parse ] --END-- [ RunTime:0.006001s ]
INFO: [ view_filter ] --START--
INFO: Run Behavior\WriteHtmlCacheBehavior [ RunTime:0.000000s ]
INFO: [ view_filter ] --END-- [ RunTime:0.000000s ]
INFO: [ app_end ] --START--
INFO: Run Behavior\ShowPageTraceBehavior [ RunTime:0.001000s ]
INFO: [ app_end ] --END-- [ RunTime:0.001000s ]

[ 2018-10-20T17:21:51+08:00 ] 127.0.0.1 /index.php/Admin/User/user_level_edit.html?id=3
NOTIC: [8] Use of undefined constant SHOW_PAGE_TRACE - assumed 'SHOW_PAGE_TRACE' E:\www\tour\Application\Common\Conf\debug.php 第 4 行.
INFO: [ app_init ] --START--
INFO: Run Behavior\BuildLiteBehavior [ RunTime:0.000000s ]
INFO: [ app_init ] --END-- [ RunTime:0.000000s ]
INFO: [ app_begin ] --START--
INFO: Run Behavior\ReadHtmlCacheBehavior [ RunTime:0.001000s ]
INFO: [ app_begin ] --END-- [ RunTime:0.001000s ]
SQL: SHOW COLUMNS FROM `lr_user` [ RunTime:0.0080s ]
SQL: SELECT * FROM `lr_user` WHERE `id` = 3 LIMIT 1   [ RunTime:0.0010s ]
INFO: [ view_parse ] --START--
INFO: [ template_filter ] --START--
INFO: Run Behavior\ContentReplaceBehavior [ RunTime:0.000000s ]
INFO: [ template_filter ] --END-- [ RunTime:0.000000s ]
NOTIC: [8] Undefined variable: img E:\www\tour\Application\Runtime\Cache\Admin\b619c245344a81dbfa0cf2892e07ae9f.php 第 41 行.
NOTIC: [8] Undefined variable: img E:\www\tour\Application\Runtime\Cache\Admin\b619c245344a81dbfa0cf2892e07ae9f.php 第 41 行.
NOTIC: [8] Undefined variable: img E:\www\tour\Application\Runtime\Cache\Admin\b619c245344a81dbfa0cf2892e07ae9f.php 第 41 行.
NOTIC: [2] Division by zero E:\www\tour\Application\Runtime\Cache\Admin\b619c245344a81dbfa0cf2892e07ae9f.php 第 41 行.
INFO: Run Behavior\ParseTemplateBehavior [ RunTime:0.055003s ]
INFO: [ view_parse ] --END-- [ RunTime:0.055003s ]
INFO: [ view_filter ] --START--
INFO: Run Behavior\WriteHtmlCacheBehavior [ RunTime:0.001000s ]
INFO: [ view_filter ] --END-- [ RunTime:0.001000s ]
INFO: [ app_end ] --START--
INFO: Run Behavior\ShowPageTraceBehavior [ RunTime:0.000000s ]
INFO: [ app_end ] --END-- [ RunTime:0.000000s ]

[ 2018-10-20T17:22:13+08:00 ] 127.0.0.1 /index.php/Admin/Index/index.html
NOTIC: [8] Use of undefined constant SHOW_PAGE_TRACE - assumed 'SHOW_PAGE_TRACE' E:\www\tour\Application\Common\Conf\debug.php 第 4 行.
INFO: [ app_init ] --START--
INFO: Run Behavior\BuildLiteBehavior [ RunTime:0.000000s ]
INFO: [ app_init ] --END-- [ RunTime:0.000000s ]
INFO: [ app_begin ] --START--
INFO: Run Behavior\ReadHtmlCacheBehavior [ RunTime:0.000000s ]
INFO: [ app_begin ] --END-- [ RunTime:0.000000s ]
SQL: SHOW COLUMNS FROM `lr_web` [ RunTime:0.0080s ]
SQL: SELECT `concent` FROM `lr_web` WHERE ( id=5 ) LIMIT 1   [ RunTime:0.0010s ]
INFO: [ view_parse ] --START--
INFO: [ template_filter ] --START--
INFO: Run Behavior\ContentReplaceBehavior [ RunTime:0.000000s ]
INFO: [ template_filter ] --END-- [ RunTime:0.000000s ]
INFO: Run Behavior\ParseTemplateBehavior [ RunTime:0.006001s ]
INFO: [ view_parse ] --END-- [ RunTime:0.006001s ]
INFO: [ view_filter ] --START--
INFO: Run Behavior\WriteHtmlCacheBehavior [ RunTime:0.000000s ]
INFO: [ view_filter ] --END-- [ RunTime:0.000000s ]
INFO: [ app_end ] --START--
INFO: Run Behavior\ShowPageTraceBehavior [ RunTime:0.001000s ]
INFO: [ app_end ] --END-- [ RunTime:0.001000s ]

[ 2018-10-20T17:22:13+08:00 ] 127.0.0.1 /index.php/Admin/Page/adminindex.html
NOTIC: [8] Use of undefined constant SHOW_PAGE_TRACE - assumed 'SHOW_PAGE_TRACE' E:\www\tour\Application\Common\Conf\debug.php 第 4 行.
INFO: [ app_init ] --START--
INFO: Run Behavior\BuildLiteBehavior [ RunTime:0.000000s ]
INFO: [ app_init ] --END-- [ RunTime:0.000000s ]
INFO: [ app_begin ] --START--
INFO: Run Behavior\ReadHtmlCacheBehavior [ RunTime:0.001000s ]
INFO: [ app_begin ] --END-- [ RunTime:0.001000s ]
INFO: [ view_parse ] --START--
INFO: [ template_filter ] --START--
INFO: Run Behavior\ContentReplaceBehavior [ RunTime:0.000000s ]
INFO: [ template_filter ] --END-- [ RunTime:0.000000s ]
INFO: Run Behavior\ParseTemplateBehavior [ RunTime:0.007000s ]
INFO: [ view_parse ] --END-- [ RunTime:0.007000s ]
INFO: [ view_filter ] --START--
INFO: Run Behavior\WriteHtmlCacheBehavior [ RunTime:0.000000s ]
INFO: [ view_filter ] --END-- [ RunTime:0.000000s ]
INFO: [ app_end ] --START--
INFO: Run Behavior\ShowPageTraceBehavior [ RunTime:0.001000s ]
INFO: [ app_end ] --END-- [ RunTime:0.001000s ]

[ 2018-10-20T17:22:16+08:00 ] 127.0.0.1 /index.php/Admin/User/index.html
NOTIC: [8] Use of undefined constant SHOW_PAGE_TRACE - assumed 'SHOW_PAGE_TRACE' E:\www\tour\Application\Common\Conf\debug.php 第 4 行.
INFO: [ app_init ] --START--
INFO: Run Behavior\BuildLiteBehavior [ RunTime:0.000000s ]
INFO: [ app_init ] --END-- [ RunTime:0.000000s ]
INFO: [ app_begin ] --START--
INFO: Run Behavior\ReadHtmlCacheBehavior [ RunTime:0.000000s ]
INFO: [ app_begin ] --END-- [ RunTime:0.000000s ]
NOTIC: [8] Undefined index: type E:\www\tour\Application\Admin\Controller\UserController.class.php 第 11 行.
NOTIC: [8] Undefined index: id E:\www\tour\Application\Admin\Controller\UserController.class.php 第 12 行.
NOTIC: [8] Undefined index: tel E:\www\tour\Application\Admin\Controller\UserController.class.php 第 13 行.
NOTIC: [8] Undefined index: name E:\www\tour\Application\Admin\Controller\UserController.class.php 第 14 行.
NOTIC: [8] Undefined index: name E:\www\tour\Application\Admin\Controller\UserController.class.php 第 16 行.
SQL: SHOW COLUMNS FROM `lr_user` [ RunTime:0.0080s ]
SQL: SELECT COUNT(*) AS tp_count FROM `lr_user` WHERE ( 1=1 ) LIMIT 1   [ RunTime:0.0010s ]
NOTIC: [8] Undefined index: page E:\www\tour\Application\Admin\Controller\UserController.class.php 第 26 行.
SQL: SELECT * FROM `lr_user` WHERE ( 1=1 ) ORDER BY id desc LIMIT 0,20   [ RunTime:0.0020s ]
SQL: SHOW COLUMNS FROM `lr_level` [ RunTime:0.0090s ]
SQL: SELECT `level_name` FROM `lr_level` WHERE `id` = 3 LIMIT 1   [ RunTime:0.0000s ]
SQL: SELECT `level_name` FROM `lr_level` WHERE `id` = 1 LIMIT 1   [ RunTime:0.0010s ]
SQL: SELECT `uname` FROM `lr_user` WHERE `id` = 3 LIMIT 1   [ RunTime:0.0010s ]
SQL: SELECT `level_name` FROM `lr_level` WHERE `id` = 2 LIMIT 1   [ RunTime:0.0000s ]
SQL: SELECT `uname` FROM `lr_user` WHERE `id` = 2 LIMIT 1   [ RunTime:0.0010s ]
INFO: [ view_parse ] --START--
INFO: [ template_filter ] --START--
INFO: Run Behavior\ContentReplaceBehavior [ RunTime:0.000000s ]
INFO: [ template_filter ] --END-- [ RunTime:0.000000s ]
NOTIC: [8] Undefined index: top_uname E:\www\tour\Application\Runtime\Cache\Admin\65e605872ed5d34210f5b33beb13f5a3.php 第 64 行.
INFO: Run Behavior\ParseTemplateBehavior [ RunTime:0.006000s ]
INFO: [ view_parse ] --END-- [ RunTime:0.006000s ]
INFO: [ view_filter ] --START--
INFO: Run Behavior\WriteHtmlCacheBehavior [ RunTime:0.000000s ]
INFO: [ view_filter ] --END-- [ RunTime:0.000000s ]
INFO: [ app_end ] --START--
INFO: Run Behavior\ShowPageTraceBehavior [ RunTime:0.001000s ]
INFO: [ app_end ] --END-- [ RunTime:0.001000s ]

[ 2018-10-20T17:22:29+08:00 ] 127.0.0.1 /index.php/Admin/Index/index.html
NOTIC: [8] Use of undefined constant SHOW_PAGE_TRACE - assumed 'SHOW_PAGE_TRACE' E:\www\tour\Application\Common\Conf\debug.php 第 4 行.
INFO: [ app_init ] --START--
INFO: Run Behavior\BuildLiteBehavior [ RunTime:0.000000s ]
INFO: [ app_init ] --END-- [ RunTime:0.000000s ]
INFO: [ app_begin ] --START--
INFO: Run Behavior\ReadHtmlCacheBehavior [ RunTime:0.000000s ]
INFO: [ app_begin ] --END-- [ RunTime:0.000000s ]
SQL: SHOW COLUMNS FROM `lr_web` [ RunTime:0.0080s ]
SQL: SELECT `concent` FROM `lr_web` WHERE ( id=5 ) LIMIT 1   [ RunTime:0.0010s ]
INFO: [ view_parse ] --START--
INFO: [ template_filter ] --START--
INFO: Run Behavior\ContentReplaceBehavior [ RunTime:0.000000s ]
INFO: [ template_filter ] --END-- [ RunTime:0.000000s ]
INFO: Run Behavior\ParseTemplateBehavior [ RunTime:0.007000s ]
INFO: [ view_parse ] --END-- [ RunTime:0.007000s ]
INFO: [ view_filter ] --START--
INFO: Run Behavior\WriteHtmlCacheBehavior [ RunTime:0.001000s ]
INFO: [ view_filter ] --END-- [ RunTime:0.001000s ]
INFO: [ app_end ] --START--
INFO: Run Behavior\ShowPageTraceBehavior [ RunTime:0.000000s ]
INFO: [ app_end ] --END-- [ RunTime:0.000000s ]

[ 2018-10-20T17:22:29+08:00 ] 127.0.0.1 /index.php/Admin/Page/adminindex.html
NOTIC: [8] Use of undefined constant SHOW_PAGE_TRACE - assumed 'SHOW_PAGE_TRACE' E:\www\tour\Application\Common\Conf\debug.php 第 4 行.
INFO: [ app_init ] --START--
INFO: Run Behavior\BuildLiteBehavior [ RunTime:0.000000s ]
INFO: [ app_init ] --END-- [ RunTime:0.000000s ]
INFO: [ app_begin ] --START--
INFO: Run Behavior\ReadHtmlCacheBehavior [ RunTime:0.001000s ]
INFO: [ app_begin ] --END-- [ RunTime:0.001000s ]
INFO: [ view_parse ] --START--
INFO: [ template_filter ] --START--
INFO: Run Behavior\ContentReplaceBehavior [ RunTime:0.000000s ]
INFO: [ template_filter ] --END-- [ RunTime:0.000000s ]
INFO: Run Behavior\ParseTemplateBehavior [ RunTime:0.006001s ]
INFO: [ view_parse ] --END-- [ RunTime:0.006001s ]
INFO: [ view_filter ] --START--
INFO: Run Behavior\WriteHtmlCacheBehavior [ RunTime:0.000000s ]
INFO: [ view_filter ] --END-- [ RunTime:0.000000s ]
INFO: [ app_end ] --START--
INFO: Run Behavior\ShowPageTraceBehavior [ RunTime:0.001000s ]
INFO: [ app_end ] --END-- [ RunTime:0.001000s ]

[ 2018-10-20T17:22:31+08:00 ] 127.0.0.1 /index.php/Admin/User/index.html
NOTIC: [8] Use of undefined constant SHOW_PAGE_TRACE - assumed 'SHOW_PAGE_TRACE' E:\www\tour\Application\Common\Conf\debug.php 第 4 行.
INFO: [ app_init ] --START--
INFO: Run Behavior\BuildLiteBehavior [ RunTime:0.000000s ]
INFO: [ app_init ] --END-- [ RunTime:0.000000s ]
INFO: [ app_begin ] --START--
INFO: Run Behavior\ReadHtmlCacheBehavior [ RunTime:0.000000s ]
INFO: [ app_begin ] --END-- [ RunTime:0.000000s ]
NOTIC: [8] Undefined index: type E:\www\tour\Application\Admin\Controller\UserController.class.php 第 11 行.
NOTIC: [8] Undefined index: id E:\www\tour\Application\Admin\Controller\UserController.class.php 第 12 行.
NOTIC: [8] Undefined index: tel E:\www\tour\Application\Admin\Controller\UserController.class.php 第 13 行.
NOTIC: [8] Undefined index: name E:\www\tour\Application\Admin\Controller\UserController.class.php 第 14 行.
NOTIC: [8] Undefined index: name E:\www\tour\Application\Admin\Controller\UserController.class.php 第 16 行.
SQL: SHOW COLUMNS FROM `lr_user` [ RunTime:0.0080s ]
SQL: SELECT COUNT(*) AS tp_count FROM `lr_user` WHERE ( 1=1 ) LIMIT 1   [ RunTime:0.0010s ]
NOTIC: [8] Undefined index: page E:\www\tour\Application\Admin\Controller\UserController.class.php 第 26 行.
SQL: SELECT * FROM `lr_user` WHERE ( 1=1 ) ORDER BY id desc LIMIT 0,20   [ RunTime:0.0020s ]
SQL: SHOW COLUMNS FROM `lr_level` [ RunTime:0.0070s ]
SQL: SELECT `level_name` FROM `lr_level` WHERE `id` = 3 LIMIT 1   [ RunTime:0.0010s ]
SQL: SELECT `level_name` FROM `lr_level` WHERE `id` = 1 LIMIT 1   [ RunTime:0.0010s ]
SQL: SELECT `uname` FROM `lr_user` WHERE `id` = 3 LIMIT 1   [ RunTime:0.0010s ]
SQL: SELECT `level_name` FROM `lr_level` WHERE `id` = 2 LIMIT 1   [ RunTime:0.0010s ]
SQL: SELECT `uname` FROM `lr_user` WHERE `id` = 2 LIMIT 1   [ RunTime:0.0000s ]
INFO: [ view_parse ] --START--
INFO: [ template_filter ] --START--
INFO: Run Behavior\ContentReplaceBehavior [ RunTime:0.000000s ]
INFO: [ template_filter ] --END-- [ RunTime:0.000000s ]
NOTIC: [8] Undefined index: top_uname E:\www\tour\Application\Runtime\Cache\Admin\65e605872ed5d34210f5b33beb13f5a3.php 第 64 行.
NOTIC: [8] Undefined index: top_uname E:\www\tour\Application\Runtime\Cache\Admin\65e605872ed5d34210f5b33beb13f5a3.php 第 65 行.
INFO: Run Behavior\ParseTemplateBehavior [ RunTime:0.006001s ]
INFO: [ view_parse ] --END-- [ RunTime:0.006001s ]
INFO: [ view_filter ] --START--
INFO: Run Behavior\WriteHtmlCacheBehavior [ RunTime:0.001000s ]
INFO: [ view_filter ] --END-- [ RunTime:0.001000s ]
INFO: [ app_end ] --START--
INFO: Run Behavior\ShowPageTraceBehavior [ RunTime:0.000000s ]
INFO: [ app_end ] --END-- [ RunTime:0.000000s ]

[ 2018-10-20T17:22:50+08:00 ] 127.0.0.1 /index.php/Admin/User/index.html
NOTIC: [8] Use of undefined constant SHOW_PAGE_TRACE - assumed 'SHOW_PAGE_TRACE' E:\www\tour\Application\Common\Conf\debug.php 第 4 行.
INFO: [ app_init ] --START--
INFO: Run Behavior\BuildLiteBehavior [ RunTime:0.000000s ]
INFO: [ app_init ] --END-- [ RunTime:0.000000s ]
INFO: [ app_begin ] --START--
INFO: Run Behavior\ReadHtmlCacheBehavior [ RunTime:0.001000s ]
INFO: [ app_begin ] --END-- [ RunTime:0.001000s ]
NOTIC: [8] Undefined index: type E:\www\tour\Application\Admin\Controller\UserController.class.php 第 11 行.
NOTIC: [8] Undefined index: id E:\www\tour\Application\Admin\Controller\UserController.class.php 第 12 行.
NOTIC: [8] Undefined index: tel E:\www\tour\Application\Admin\Controller\UserController.class.php 第 13 行.
NOTIC: [8] Undefined index: name E:\www\tour\Application\Admin\Controller\UserController.class.php 第 14 行.
NOTIC: [8] Undefined index: name E:\www\tour\Application\Admin\Controller\UserController.class.php 第 16 行.
SQL: SHOW COLUMNS FROM `lr_user` [ RunTime:0.0080s ]
SQL: SELECT COUNT(*) AS tp_count FROM `lr_user` WHERE ( 1=1 ) LIMIT 1   [ RunTime:0.0010s ]
NOTIC: [8] Undefined index: page E:\www\tour\Application\Admin\Controller\UserController.class.php 第 26 行.
SQL: SELECT * FROM `lr_user` WHERE ( 1=1 ) ORDER BY id desc LIMIT 0,20   [ RunTime:0.0020s ]
SQL: SHOW COLUMNS FROM `lr_level` [ RunTime:0.0080s ]
SQL: SELECT `level_name` FROM `lr_level` WHERE `id` = 3 LIMIT 1   [ RunTime:0.0010s ]
SQL: SELECT `level_name` FROM `lr_level` WHERE `id` = 1 LIMIT 1   [ RunTime:0.0010s ]
SQL: SELECT `uname` FROM `lr_user` WHERE `id` = 3 LIMIT 1   [ RunTime:0.0010s ]
SQL: SELECT `level_name` FROM `lr_level` WHERE `id` = 2 LIMIT 1   [ RunTime:0.0010s ]
SQL: SELECT `uname` FROM `lr_user` WHERE `id` = 2 LIMIT 1   [ RunTime:0.0010s ]
INFO: [ view_parse ] --START--
INFO: [ template_filter ] --START--
INFO: Run Behavior\ContentReplaceBehavior [ RunTime:0.000000s ]
INFO: [ template_filter ] --END-- [ RunTime:0.000000s ]
NOTIC: [8] Undefined index: top_uname E:\www\tour\Application\Runtime\Cache\Admin\65e605872ed5d34210f5b33beb13f5a3.php 第 64 行.
NOTIC: [8] Undefined index: top_uname E:\www\tour\Application\Runtime\Cache\Admin\65e605872ed5d34210f5b33beb13f5a3.php 第 65 行.
INFO: Run Behavior\ParseTemplateBehavior [ RunTime:0.006000s ]
INFO: [ view_parse ] --END-- [ RunTime:0.006000s ]
INFO: [ view_filter ] --START--
INFO: Run Behavior\WriteHtmlCacheBehavior [ RunTime:0.000000s ]
INFO: [ view_filter ] --END-- [ RunTime:0.000000s ]
INFO: [ app_end ] --START--
INFO: Run Behavior\ShowPageTraceBehavior [ RunTime:0.000000s ]
INFO: [ app_end ] --END-- [ RunTime:0.000000s ]

[ 2018-10-20T17:23:02+08:00 ] 127.0.0.1 /index.php/Admin/User/index.html
NOTIC: [8] Use of undefined constant SHOW_PAGE_TRACE - assumed 'SHOW_PAGE_TRACE' E:\www\tour\Application\Common\Conf\debug.php 第 4 行.
INFO: [ app_init ] --START--
INFO: Run Behavior\BuildLiteBehavior [ RunTime:0.000000s ]
INFO: [ app_init ] --END-- [ RunTime:0.000000s ]
INFO: [ app_begin ] --START--
INFO: Run Behavior\ReadHtmlCacheBehavior [ RunTime:0.000000s ]
INFO: [ app_begin ] --END-- [ RunTime:0.000000s ]
NOTIC: [8] Undefined index: type E:\www\tour\Application\Admin\Controller\UserController.class.php 第 11 行.
NOTIC: [8] Undefined index: id E:\www\tour\Application\Admin\Controller\UserController.class.php 第 12 行.
NOTIC: [8] Undefined index: tel E:\www\tour\Application\Admin\Controller\UserController.class.php 第 13 行.
NOTIC: [8] Undefined index: name E:\www\tour\Application\Admin\Controller\UserController.class.php 第 14 行.
NOTIC: [8] Undefined index: name E:\www\tour\Application\Admin\Controller\UserController.class.php 第 16 行.
SQL: SHOW COLUMNS FROM `lr_user` [ RunTime:0.0080s ]
SQL: SELECT COUNT(*) AS tp_count FROM `lr_user` WHERE ( 1=1 ) LIMIT 1   [ RunTime:0.0000s ]
NOTIC: [8] Undefined index: page E:\www\tour\Application\Admin\Controller\UserController.class.php 第 26 行.
SQL: SELECT * FROM `lr_user` WHERE ( 1=1 ) ORDER BY id desc LIMIT 0,20   [ RunTime:0.0020s ]
SQL: SHOW COLUMNS FROM `lr_level` [ RunTime:0.0070s ]
SQL: SELECT `level_name` FROM `lr_level` WHERE `id` = 3 LIMIT 1   [ RunTime:0.0010s ]
SQL: SELECT `level_name` FROM `lr_level` WHERE `id` = 1 LIMIT 1   [ RunTime:0.0010s ]
SQL: SELECT `uname` FROM `lr_user` WHERE `id` = 3 LIMIT 1   [ RunTime:0.0010s ]
SQL: SELECT `level_name` FROM `lr_level` WHERE `id` = 2 LIMIT 1   [ RunTime:0.0010s ]
SQL: SELECT `uname` FROM `lr_user` WHERE `id` = 2 LIMIT 1   [ RunTime:0.0010s ]
INFO: [ view_parse ] --START--
INFO: [ template_filter ] --START--
INFO: Run Behavior\ContentReplaceBehavior [ RunTime:0.000000s ]
INFO: [ template_filter ] --END-- [ RunTime:0.000000s ]
NOTIC: [8] Undefined index: top_uname E:\www\tour\Application\Runtime\Cache\Admin\65e605872ed5d34210f5b33beb13f5a3.php 第 64 行.
NOTIC: [8] Undefined index: top_uname E:\www\tour\Application\Runtime\Cache\Admin\65e605872ed5d34210f5b33beb13f5a3.php 第 65 行.
INFO: Run Behavior\ParseTemplateBehavior [ RunTime:0.006001s ]
INFO: [ view_parse ] --END-- [ RunTime:0.006001s ]
INFO: [ view_filter ] --START--
INFO: Run Behavior\WriteHtmlCacheBehavior [ RunTime:0.001000s ]
INFO: [ view_filter ] --END-- [ RunTime:0.001000s ]
INFO: [ app_end ] --START--
INFO: Run Behavior\ShowPageTraceBehavior [ RunTime:0.000000s ]
INFO: [ app_end ] --END-- [ RunTime:0.000000s ]

[ 2018-10-20T17:23:13+08:00 ] 127.0.0.1 /index.php/Admin/User/index.html
NOTIC: [8] Use of undefined constant SHOW_PAGE_TRACE - assumed 'SHOW_PAGE_TRACE' E:\www\tour\Application\Common\Conf\debug.php 第 4 行.
INFO: [ app_init ] --START--
INFO: Run Behavior\BuildLiteBehavior [ RunTime:0.000000s ]
INFO: [ app_init ] --END-- [ RunTime:0.000000s ]
INFO: [ app_begin ] --START--
INFO: Run Behavior\ReadHtmlCacheBehavior [ RunTime:0.001000s ]
INFO: [ app_begin ] --END-- [ RunTime:0.001000s ]
NOTIC: [8] Undefined index: type E:\www\tour\Application\Admin\Controller\UserController.class.php 第 11 行.
NOTIC: [8] Undefined index: id E:\www\tour\Application\Admin\Controller\UserController.class.php 第 12 行.
NOTIC: [8] Undefined index: tel E:\www\tour\Application\Admin\Controller\UserController.class.php 第 13 行.
NOTIC: [8] Undefined index: name E:\www\tour\Application\Admin\Controller\UserController.class.php 第 14 行.
NOTIC: [8] Undefined index: name E:\www\tour\Application\Admin\Controller\UserController.class.php 第 16 行.
SQL: SHOW COLUMNS FROM `lr_user` [ RunTime:0.0090s ]
SQL: SELECT COUNT(*) AS tp_count FROM `lr_user` WHERE ( 1=1 ) LIMIT 1   [ RunTime:0.0010s ]
NOTIC: [8] Undefined index: page E:\www\tour\Application\Admin\Controller\UserController.class.php 第 26 行.
SQL: SELECT * FROM `lr_user` WHERE ( 1=1 ) ORDER BY id desc LIMIT 0,20   [ RunTime:0.0010s ]
SQL: SHOW COLUMNS FROM `lr_level` [ RunTime:0.0060s ]
SQL: SELECT `level_name` FROM `lr_level` WHERE `id` = 3 LIMIT 1   [ RunTime:0.0000s ]
SQL: SELECT `level_name` FROM `lr_level` WHERE `id` = 1 LIMIT 1   [ RunTime:0.0010s ]
SQL: SELECT `uname` FROM `lr_user` WHERE `id` = 3 LIMIT 1   [ RunTime:0.0010s ]
SQL: SELECT `level_name` FROM `lr_level` WHERE `id` = 2 LIMIT 1   [ RunTime:0.0010s ]
SQL: SELECT `uname` FROM `lr_user` WHERE `id` = 2 LIMIT 1   [ RunTime:0.0010s ]
INFO: [ view_parse ] --START--
INFO: [ template_filter ] --START--
INFO: Run Behavior\ContentReplaceBehavior [ RunTime:0.000000s ]
INFO: [ template_filter ] --END-- [ RunTime:0.000000s ]
NOTIC: [8] Undefined index: top_uname E:\www\tour\Application\Runtime\Cache\Admin\65e605872ed5d34210f5b33beb13f5a3.php 第 64 行.
NOTIC: [8] Undefined index: top_uname E:\www\tour\Application\Runtime\Cache\Admin\65e605872ed5d34210f5b33beb13f5a3.php 第 65 行.
INFO: Run Behavior\ParseTemplateBehavior [ RunTime:0.005000s ]
INFO: [ view_parse ] --END-- [ RunTime:0.005000s ]
INFO: [ view_filter ] --START--
INFO: Run Behavior\WriteHtmlCacheBehavior [ RunTime:0.001001s ]
INFO: [ view_filter ] --END-- [ RunTime:0.001001s ]
INFO: [ app_end ] --START--
INFO: Run Behavior\ShowPageTraceBehavior [ RunTime:0.000000s ]
INFO: [ app_end ] --END-- [ RunTime:0.000000s ]

[ 2018-10-20T17:23:27+08:00 ] 127.0.0.1 /index.php/Admin/User/index.html
NOTIC: [8] Use of undefined constant SHOW_PAGE_TRACE - assumed 'SHOW_PAGE_TRACE' E:\www\tour\Application\Common\Conf\debug.php 第 4 行.
INFO: [ app_init ] --START--
INFO: Run Behavior\BuildLiteBehavior [ RunTime:0.000000s ]
INFO: [ app_init ] --END-- [ RunTime:0.000000s ]
INFO: [ app_begin ] --START--
INFO: Run Behavior\ReadHtmlCacheBehavior [ RunTime:0.001000s ]
INFO: [ app_begin ] --END-- [ RunTime:0.001000s ]
NOTIC: [8] Undefined index: type E:\www\tour\Application\Admin\Controller\UserController.class.php 第 11 行.
NOTIC: [8] Undefined index: id E:\www\tour\Application\Admin\Controller\UserController.class.php 第 12 行.
NOTIC: [8] Undefined index: tel E:\www\tour\Application\Admin\Controller\UserController.class.php 第 13 行.
NOTIC: [8] Undefined index: name E:\www\tour\Application\Admin\Controller\UserController.class.php 第 14 行.
NOTIC: [8] Undefined index: name E:\www\tour\Application\Admin\Controller\UserController.class.php 第 16 行.
SQL: SHOW COLUMNS FROM `lr_user` [ RunTime:0.0080s ]
SQL: SELECT COUNT(*) AS tp_count FROM `lr_user` WHERE ( 1=1 ) LIMIT 1   [ RunTime:0.0010s ]
NOTIC: [8] Undefined index: page E:\www\tour\Application\Admin\Controller\UserController.class.php 第 26 行.
SQL: SELECT * FROM `lr_user` WHERE ( 1=1 ) ORDER BY id desc LIMIT 0,20   [ RunTime:0.0030s ]
SQL: SHOW COLUMNS FROM `lr_level` [ RunTime:0.0070s ]
SQL: SELECT `level_name` FROM `lr_level` WHERE `id` = 3 LIMIT 1   [ RunTime:0.0010s ]
SQL: SELECT `level_name` FROM `lr_level` WHERE `id` = 1 LIMIT 1   [ RunTime:0.0010s ]
SQL: SELECT `uname` FROM `lr_user` WHERE `id` = 3 LIMIT 1   [ RunTime:0.0010s ]
SQL: SELECT `level_name` FROM `lr_level` WHERE `id` = 2 LIMIT 1   [ RunTime:0.0010s ]
SQL: SELECT `uname` FROM `lr_user` WHERE `id` = 2 LIMIT 1   [ RunTime:0.0020s ]
INFO: [ view_parse ] --START--
INFO: [ template_filter ] --START--
INFO: Run Behavior\ContentReplaceBehavior [ RunTime:0.000000s ]
INFO: [ template_filter ] --END-- [ RunTime:0.000000s ]
NOTIC: [8] Undefined index: top_uname E:\www\tour\Application\Runtime\Cache\Admin\65e605872ed5d34210f5b33beb13f5a3.php 第 64 行.
NOTIC: [8] Undefined index: top_uname E:\www\tour\Application\Runtime\Cache\Admin\65e605872ed5d34210f5b33beb13f5a3.php 第 65 行.
INFO: Run Behavior\ParseTemplateBehavior [ RunTime:0.006000s ]
INFO: [ view_parse ] --END-- [ RunTime:0.007000s ]
INFO: [ view_filter ] --START--
INFO: Run Behavior\WriteHtmlCacheBehavior [ RunTime:0.000000s ]
INFO: [ view_filter ] --END-- [ RunTime:0.000000s ]
INFO: [ app_end ] --START--
INFO: Run Behavior\ShowPageTraceBehavior [ RunTime:0.000000s ]
INFO: [ app_end ] --END-- [ RunTime:0.000000s ]

[ 2018-10-20T17:23:38+08:00 ] 127.0.0.1 /index.php/Admin/User/index.html
NOTIC: [8] Use of undefined constant SHOW_PAGE_TRACE - assumed 'SHOW_PAGE_TRACE' E:\www\tour\Application\Common\Conf\debug.php 第 4 行.
INFO: [ app_init ] --START--
INFO: Run Behavior\BuildLiteBehavior [ RunTime:0.000000s ]
INFO: [ app_init ] --END-- [ RunTime:0.000000s ]
INFO: [ app_begin ] --START--
INFO: Run Behavior\ReadHtmlCacheBehavior [ RunTime:0.000000s ]
INFO: [ app_begin ] --END-- [ RunTime:0.000000s ]
NOTIC: [8] Undefined index: type E:\www\tour\Application\Admin\Controller\UserController.class.php 第 11 行.
NOTIC: [8] Undefined index: id E:\www\tour\Application\Admin\Controller\UserController.class.php 第 12 行.
NOTIC: [8] Undefined index: tel E:\www\tour\Application\Admin\Controller\UserController.class.php 第 13 行.
NOTIC: [8] Undefined index: name E:\www\tour\Application\Admin\Controller\UserController.class.php 第 14 行.
NOTIC: [8] Undefined index: name E:\www\tour\Application\Admin\Controller\UserController.class.php 第 16 行.
SQL: SHOW COLUMNS FROM `lr_user` [ RunTime:0.0090s ]
SQL: SELECT COUNT(*) AS tp_count FROM `lr_user` WHERE ( 1=1 ) LIMIT 1   [ RunTime:0.0010s ]
NOTIC: [8] Undefined index: page E:\www\tour\Application\Admin\Controller\UserController.class.php 第 26 行.
SQL: SELECT * FROM `lr_user` WHERE ( 1=1 ) ORDER BY id desc LIMIT 0,20   [ RunTime:0.0010s ]
SQL: SHOW COLUMNS FROM `lr_level` [ RunTime:0.0070s ]
SQL: SELECT `level_name` FROM `lr_level` WHERE `id` = 3 LIMIT 1   [ RunTime:0.0010s ]
SQL: SELECT `level_name` FROM `lr_level` WHERE `id` = 1 LIMIT 1   [ RunTime:0.0010s ]
SQL: SELECT `uname` FROM `lr_user` WHERE `id` = 3 LIMIT 1   [ RunTime:0.0000s ]
SQL: SELECT `level_name` FROM `lr_level` WHERE `id` = 2 LIMIT 1   [ RunTime:0.0000s ]
SQL: SELECT `uname` FROM `lr_user` WHERE `id` = 2 LIMIT 1   [ RunTime:0.0010s ]
INFO: [ view_parse ] --START--
INFO: [ template_filter ] --START--
INFO: Run Behavior\ContentReplaceBehavior [ RunTime:0.000000s ]
INFO: [ template_filter ] --END-- [ RunTime:0.000000s ]
NOTIC: [8] Undefined index: top_uname E:\www\tour\Application\Runtime\Cache\Admin\65e605872ed5d34210f5b33beb13f5a3.php 第 65 行.
INFO: Run Behavior\ParseTemplateBehavior [ RunTime:0.006001s ]
INFO: [ view_parse ] --END-- [ RunTime:0.006001s ]
INFO: [ view_filter ] --START--
INFO: Run Behavior\WriteHtmlCacheBehavior [ RunTime:0.000000s ]
INFO: [ view_filter ] --END-- [ RunTime:0.000000s ]
INFO: [ app_end ] --START--
INFO: Run Behavior\ShowPageTraceBehavior [ RunTime:0.000000s ]
INFO: [ app_end ] --END-- [ RunTime:0.000000s ]

[ 2018-10-20T17:34:53+08:00 ] 127.0.0.1 /index.php/Admin/Index/index.html
NOTIC: [8] Use of undefined constant SHOW_PAGE_TRACE - assumed 'SHOW_PAGE_TRACE' E:\www\tour\Application\Common\Conf\debug.php 第 4 行.
INFO: [ app_init ] --START--
INFO: Run Behavior\BuildLiteBehavior [ RunTime:0.000000s ]
INFO: [ app_init ] --END-- [ RunTime:0.000000s ]
INFO: [ app_begin ] --START--
INFO: Run Behavior\ReadHtmlCacheBehavior [ RunTime:0.000000s ]
INFO: [ app_begin ] --END-- [ RunTime:0.001000s ]
SQL: SHOW COLUMNS FROM `lr_web` [ RunTime:0.0070s ]
SQL: SELECT `concent` FROM `lr_web` WHERE ( id=5 ) LIMIT 1   [ RunTime:0.0010s ]
INFO: [ view_parse ] --START--
INFO: [ template_filter ] --START--
INFO: Run Behavior\ContentReplaceBehavior [ RunTime:0.000000s ]
INFO: [ template_filter ] --END-- [ RunTime:0.000000s ]
INFO: Run Behavior\ParseTemplateBehavior [ RunTime:0.018001s ]
INFO: [ view_parse ] --END-- [ RunTime:0.018001s ]
INFO: [ view_filter ] --START--
INFO: Run Behavior\WriteHtmlCacheBehavior [ RunTime:0.000000s ]
INFO: [ view_filter ] --END-- [ RunTime:0.001000s ]
INFO: [ app_end ] --START--
INFO: Run Behavior\ShowPageTraceBehavior [ RunTime:0.000000s ]
INFO: [ app_end ] --END-- [ RunTime:0.000000s ]

[ 2018-10-20T17:34:53+08:00 ] 127.0.0.1 /index.php/Admin/Page/adminindex.html
NOTIC: [8] Use of undefined constant SHOW_PAGE_TRACE - assumed 'SHOW_PAGE_TRACE' E:\www\tour\Application\Common\Conf\debug.php 第 4 行.
INFO: [ app_init ] --START--
INFO: Run Behavior\BuildLiteBehavior [ RunTime:0.000000s ]
INFO: [ app_init ] --END-- [ RunTime:0.000000s ]
INFO: [ app_begin ] --START--
INFO: Run Behavior\ReadHtmlCacheBehavior [ RunTime:0.000000s ]
INFO: [ app_begin ] --END-- [ RunTime:0.000000s ]
INFO: [ view_parse ] --START--
INFO: [ template_filter ] --START--
INFO: Run Behavior\ContentReplaceBehavior [ RunTime:0.000000s ]
INFO: [ template_filter ] --END-- [ RunTime:0.000000s ]
INFO: Run Behavior\ParseTemplateBehavior [ RunTime:0.007000s ]
INFO: [ view_parse ] --END-- [ RunTime:0.007000s ]
INFO: [ view_filter ] --START--
INFO: Run Behavior\WriteHtmlCacheBehavior [ RunTime:0.001000s ]
INFO: [ view_filter ] --END-- [ RunTime:0.001000s ]
INFO: [ app_end ] --START--
INFO: Run Behavior\ShowPageTraceBehavior [ RunTime:0.001000s ]
INFO: [ app_end ] --END-- [ RunTime:0.001000s ]

[ 2018-10-20T17:34:55+08:00 ] 127.0.0.1 /index.php/Admin/User/index.html
NOTIC: [8] Use of undefined constant SHOW_PAGE_TRACE - assumed 'SHOW_PAGE_TRACE' E:\www\tour\Application\Common\Conf\debug.php 第 4 行.
INFO: [ app_init ] --START--
INFO: Run Behavior\BuildLiteBehavior [ RunTime:0.000000s ]
INFO: [ app_init ] --END-- [ RunTime:0.000000s ]
INFO: [ app_begin ] --START--
INFO: Run Behavior\ReadHtmlCacheBehavior [ RunTime:0.001001s ]
INFO: [ app_begin ] --END-- [ RunTime:0.001001s ]
NOTIC: [8] Undefined index: type E:\www\tour\Application\Admin\Controller\UserController.class.php 第 11 行.
NOTIC: [8] Undefined index: id E:\www\tour\Application\Admin\Controller\UserController.class.php 第 12 行.
NOTIC: [8] Undefined index: tel E:\www\tour\Application\Admin\Controller\UserController.class.php 第 13 行.
NOTIC: [8] Undefined index: name E:\www\tour\Application\Admin\Controller\UserController.class.php 第 14 行.
NOTIC: [8] Undefined index: name E:\www\tour\Application\Admin\Controller\UserController.class.php 第 16 行.
SQL: SHOW COLUMNS FROM `lr_user` [ RunTime:0.0080s ]
SQL: SELECT COUNT(*) AS tp_count FROM `lr_user` WHERE ( 1=1 ) LIMIT 1   [ RunTime:0.0000s ]
NOTIC: [8] Undefined index: page E:\www\tour\Application\Admin\Controller\UserController.class.php 第 26 行.
SQL: SELECT * FROM `lr_user` WHERE ( 1=1 ) ORDER BY id desc LIMIT 0,20   [ RunTime:0.0020s ]
SQL: SHOW COLUMNS FROM `lr_level` [ RunTime:0.0080s ]
SQL: SELECT `level_name` FROM `lr_level` WHERE `id` = 3 LIMIT 1   [ RunTime:0.0010s ]
SQL: SELECT `level_name` FROM `lr_level` WHERE `id` = 1 LIMIT 1   [ RunTime:0.0010s ]
SQL: SELECT `uname` FROM `lr_user` WHERE `id` = 3 LIMIT 1   [ RunTime:0.0020s ]
SQL: SELECT `level_name` FROM `lr_level` WHERE `id` = 2 LIMIT 1   [ RunTime:0.0010s ]
SQL: SELECT `uname` FROM `lr_user` WHERE `id` = 2 LIMIT 1   [ RunTime:0.0000s ]
INFO: [ view_parse ] --START--
INFO: [ template_filter ] --START--
INFO: Run Behavior\ContentReplaceBehavior [ RunTime:0.000000s ]
INFO: [ template_filter ] --END-- [ RunTime:0.000000s ]
NOTIC: [8] Undefined index: top_uname E:\www\tour\Application\Runtime\Cache\Admin\65e605872ed5d34210f5b33beb13f5a3.php 第 65 行.
INFO: Run Behavior\ParseTemplateBehavior [ RunTime:0.007000s ]
INFO: [ view_parse ] --END-- [ RunTime:0.007000s ]
INFO: [ view_filter ] --START--
INFO: Run Behavior\WriteHtmlCacheBehavior [ RunTime:0.001000s ]
INFO: [ view_filter ] --END-- [ RunTime:0.001000s ]
INFO: [ app_end ] --START--
INFO: Run Behavior\ShowPageTraceBehavior [ RunTime:0.000000s ]
INFO: [ app_end ] --END-- [ RunTime:0.000000s ]

[ 2018-10-20T17:35:36+08:00 ] 127.0.0.1 /index.php/Admin/Index/index.html
NOTIC: [8] Use of undefined constant SHOW_PAGE_TRACE - assumed 'SHOW_PAGE_TRACE' E:\www\tour\Application\Common\Conf\debug.php 第 4 行.
INFO: [ app_init ] --START--
INFO: Run Behavior\BuildLiteBehavior [ RunTime:0.000000s ]
INFO: [ app_init ] --END-- [ RunTime:0.000000s ]
INFO: [ app_begin ] --START--
INFO: Run Behavior\ReadHtmlCacheBehavior [ RunTime:0.000000s ]
INFO: [ app_begin ] --END-- [ RunTime:0.000000s ]
SQL: SHOW COLUMNS FROM `lr_web` [ RunTime:0.0070s ]
SQL: SELECT `concent` FROM `lr_web` WHERE ( id=5 ) LIMIT 1   [ RunTime:0.0010s ]
INFO: [ view_parse ] --START--
INFO: [ template_filter ] --START--
INFO: Run Behavior\ContentReplaceBehavior [ RunTime:0.000000s ]
INFO: [ template_filter ] --END-- [ RunTime:0.001000s ]
INFO: Run Behavior\ParseTemplateBehavior [ RunTime:0.007000s ]
INFO: [ view_parse ] --END-- [ RunTime:0.007000s ]
INFO: [ view_filter ] --START--
INFO: Run Behavior\WriteHtmlCacheBehavior [ RunTime:0.001000s ]
INFO: [ view_filter ] --END-- [ RunTime:0.001000s ]
INFO: [ app_end ] --START--
INFO: Run Behavior\ShowPageTraceBehavior [ RunTime:0.001000s ]
INFO: [ app_end ] --END-- [ RunTime:0.001000s ]

[ 2018-10-20T17:35:37+08:00 ] 127.0.0.1 /index.php/Admin/Page/adminindex.html
NOTIC: [8] Use of undefined constant SHOW_PAGE_TRACE - assumed 'SHOW_PAGE_TRACE' E:\www\tour\Application\Common\Conf\debug.php 第 4 行.
INFO: [ app_init ] --START--
INFO: Run Behavior\BuildLiteBehavior [ RunTime:0.000000s ]
INFO: [ app_init ] --END-- [ RunTime:0.000000s ]
INFO: [ app_begin ] --START--
INFO: Run Behavior\ReadHtmlCacheBehavior [ RunTime:0.000000s ]
INFO: [ app_begin ] --END-- [ RunTime:0.000000s ]
INFO: [ view_parse ] --START--
INFO: [ template_filter ] --START--
INFO: Run Behavior\ContentReplaceBehavior [ RunTime:0.000000s ]
INFO: [ template_filter ] --END-- [ RunTime:0.000000s ]
INFO: Run Behavior\ParseTemplateBehavior [ RunTime:0.006001s ]
INFO: [ view_parse ] --END-- [ RunTime:0.006001s ]
INFO: [ view_filter ] --START--
INFO: Run Behavior\WriteHtmlCacheBehavior [ RunTime:0.000000s ]
INFO: [ view_filter ] --END-- [ RunTime:0.000000s ]
INFO: [ app_end ] --START--
INFO: Run Behavior\ShowPageTraceBehavior [ RunTime:0.001000s ]
INFO: [ app_end ] --END-- [ RunTime:0.001000s ]

[ 2018-10-20T17:35:41+08:00 ] 127.0.0.1 /index.php/Admin/User/index.html
NOTIC: [8] Use of undefined constant SHOW_PAGE_TRACE - assumed 'SHOW_PAGE_TRACE' E:\www\tour\Application\Common\Conf\debug.php 第 4 行.
INFO: [ app_init ] --START--
INFO: Run Behavior\BuildLiteBehavior [ RunTime:0.000000s ]
INFO: [ app_init ] --END-- [ RunTime:0.000000s ]
INFO: [ app_begin ] --START--
INFO: Run Behavior\ReadHtmlCacheBehavior [ RunTime:0.000000s ]
INFO: [ app_begin ] --END-- [ RunTime:0.000000s ]
NOTIC: [8] Undefined index: type E:\www\tour\Application\Admin\Controller\UserController.class.php 第 11 行.
NOTIC: [8] Undefined index: id E:\www\tour\Application\Admin\Controller\UserController.class.php 第 12 行.
NOTIC: [8] Undefined index: tel E:\www\tour\Application\Admin\Controller\UserController.class.php 第 13 行.
NOTIC: [8] Undefined index: name E:\www\tour\Application\Admin\Controller\UserController.class.php 第 14 行.
NOTIC: [8] Undefined index: name E:\www\tour\Application\Admin\Controller\UserController.class.php 第 16 行.
SQL: SHOW COLUMNS FROM `lr_user` [ RunTime:0.0070s ]
SQL: SELECT COUNT(*) AS tp_count FROM `lr_user` WHERE ( 1=1 ) LIMIT 1   [ RunTime:0.0000s ]
NOTIC: [8] Undefined index: page E:\www\tour\Application\Admin\Controller\UserController.class.php 第 26 行.
SQL: SELECT * FROM `lr_user` WHERE ( 1=1 ) ORDER BY id desc LIMIT 0,20   [ RunTime:0.0020s ]
SQL: SHOW COLUMNS FROM `lr_level` [ RunTime:0.0070s ]
SQL: SELECT `level_name` FROM `lr_level` WHERE `id` = 3 LIMIT 1   [ RunTime:0.0010s ]
SQL: SELECT `level_name` FROM `lr_level` WHERE `id` = 1 LIMIT 1   [ RunTime:0.0020s ]
SQL: SELECT `uname` FROM `lr_user` WHERE `id` = 3 LIMIT 1   [ RunTime:0.0000s ]
SQL: SELECT `level_name` FROM `lr_level` WHERE `id` = 2 LIMIT 1   [ RunTime:0.0000s ]
SQL: SELECT `uname` FROM `lr_user` WHERE `id` = 2 LIMIT 1   [ RunTime:0.0010s ]
INFO: [ view_parse ] --START--
INFO: [ template_filter ] --START--
INFO: Run Behavior\ContentReplaceBehavior [ RunTime:0.000000s ]
INFO: [ template_filter ] --END-- [ RunTime:0.000000s ]
NOTIC: [8] Undefined index: top_uname E:\www\tour\Application\Runtime\Cache\Admin\65e605872ed5d34210f5b33beb13f5a3.php 第 65 行.
INFO: Run Behavior\ParseTemplateBehavior [ RunTime:0.007000s ]
INFO: [ view_parse ] --END-- [ RunTime:0.007000s ]
INFO: [ view_filter ] --START--
INFO: Run Behavior\WriteHtmlCacheBehavior [ RunTime:0.000000s ]
INFO: [ view_filter ] --END-- [ RunTime:0.000000s ]
INFO: [ app_end ] --START--
INFO: Run Behavior\ShowPageTraceBehavior [ RunTime:0.000000s ]
INFO: [ app_end ] --END-- [ RunTime:0.000000s ]

[ 2018-10-20T17:37:25+08:00 ] 127.0.0.1 /index.php/Admin/User/index.html
NOTIC: [8] Use of undefined constant SHOW_PAGE_TRACE - assumed 'SHOW_PAGE_TRACE' E:\www\tour\Application\Common\Conf\debug.php 第 4 行.
INFO: [ app_init ] --START--
INFO: Run Behavior\BuildLiteBehavior [ RunTime:0.000000s ]
INFO: [ app_init ] --END-- [ RunTime:0.000000s ]
INFO: [ app_begin ] --START--
INFO: Run Behavior\ReadHtmlCacheBehavior [ RunTime:0.000000s ]
INFO: [ app_begin ] --END-- [ RunTime:0.000000s ]
NOTIC: [8] Undefined index: type E:\www\tour\Application\Admin\Controller\UserController.class.php 第 11 行.
NOTIC: [8] Undefined index: id E:\www\tour\Application\Admin\Controller\UserController.class.php 第 12 行.
NOTIC: [8] Undefined index: tel E:\www\tour\Application\Admin\Controller\UserController.class.php 第 13 行.
NOTIC: [8] Undefined index: name E:\www\tour\Application\Admin\Controller\UserController.class.php 第 14 行.
NOTIC: [8] Undefined index: name E:\www\tour\Application\Admin\Controller\UserController.class.php 第 16 行.
SQL: SHOW COLUMNS FROM `lr_user` [ RunTime:0.0080s ]
SQL: SELECT COUNT(*) AS tp_count FROM `lr_user` WHERE ( 1=1 ) LIMIT 1   [ RunTime:0.0000s ]
NOTIC: [8] Undefined index: page E:\www\tour\Application\Admin\Controller\UserController.class.php 第 26 行.
SQL: SELECT * FROM `lr_user` WHERE ( 1=1 ) ORDER BY id desc LIMIT 0,20   [ RunTime:0.0020s ]
SQL: SHOW COLUMNS FROM `lr_level` [ RunTime:0.0080s ]
SQL: SELECT `level_name` FROM `lr_level` WHERE `id` = 3 LIMIT 1   [ RunTime:0.0010s ]
SQL: SELECT `level_name` FROM `lr_level` WHERE `id` = 1 LIMIT 1   [ RunTime:0.0010s ]
SQL: SELECT `uname` FROM `lr_user` WHERE `id` = 3 LIMIT 1   [ RunTime:0.0010s ]
SQL: SELECT `level_name` FROM `lr_level` WHERE `id` = 2 LIMIT 1   [ RunTime:0.0010s ]
SQL: SELECT `uname` FROM `lr_user` WHERE `id` = 2 LIMIT 1   [ RunTime:0.0010s ]
INFO: [ view_parse ] --START--
INFO: [ template_filter ] --START--
INFO: Run Behavior\ContentReplaceBehavior [ RunTime:0.000000s ]
INFO: [ template_filter ] --END-- [ RunTime:0.000000s ]
NOTIC: [8] Undefined index: top_uname E:\www\tour\Application\Runtime\Cache\Admin\65e605872ed5d34210f5b33beb13f5a3.php 第 65 行.
INFO: Run Behavior\ParseTemplateBehavior [ RunTime:0.013001s ]
INFO: [ view_parse ] --END-- [ RunTime:0.013001s ]
INFO: [ view_filter ] --START--
INFO: Run Behavior\WriteHtmlCacheBehavior [ RunTime:0.000000s ]
INFO: [ view_filter ] --END-- [ RunTime:0.000000s ]
INFO: [ app_end ] --START--
INFO: Run Behavior\ShowPageTraceBehavior [ RunTime:0.001000s ]
INFO: [ app_end ] --END-- [ RunTime:0.001000s ]

[ 2018-10-20T17:37:25+08:00 ] 127.0.0.1 /index.php/Admin/User/daili.html
NOTIC: [8] Use of undefined constant SHOW_PAGE_TRACE - assumed 'SHOW_PAGE_TRACE' E:\www\tour\Application\Common\Conf\debug.php 第 4 行.
INFO: [ app_init ] --START--
INFO: Run Behavior\BuildLiteBehavior [ RunTime:0.000000s ]
INFO: [ app_init ] --END-- [ RunTime:0.001000s ]
INFO: [ app_begin ] --START--
INFO: Run Behavior\ReadHtmlCacheBehavior [ RunTime:0.001000s ]
INFO: [ app_begin ] --END-- [ RunTime:0.001000s ]
SQL: SHOW COLUMNS FROM `lr_user` [ RunTime:0.0080s ]
SQL: SELECT COUNT(*) AS tp_count FROM `lr_user` WHERE `is_daili` <> 1 LIMIT 1   [ RunTime:0.0010s ]
NOTIC: [8] Undefined index: page E:\www\tour\Application\Admin\Controller\UserController.class.php 第 168 行.
SQL: SHOW COLUMNS FROM `lr_user` [ RunTime:0.0090s ]
SQL: SELECT * FROM `lr_user` WHERE `is_daili` <> 1  [ RunTime:0.0020s ]
INFO: [ view_parse ] --START--
INFO: [ template_filter ] --START--
INFO: Run Behavior\ContentReplaceBehavior [ RunTime:0.000000s ]
INFO: [ template_filter ] --END-- [ RunTime:0.000000s ]
NOTIC: [8] Undefined variable: tel E:\www\tour\Application\Runtime\Cache\Admin\7f6079e548479280cb2c86e3618533b6.php 第 28 行.
NOTIC: [8] Undefined variable: name E:\www\tour\Application\Runtime\Cache\Admin\7f6079e548479280cb2c86e3618533b6.php 第 28 行.
NOTIC: [8] Undefined variable: name E:\www\tour\Application\Runtime\Cache\Admin\7f6079e548479280cb2c86e3618533b6.php 第 37 行.
NOTIC: [8] Undefined variable: tel E:\www\tour\Application\Runtime\Cache\Admin\7f6079e548479280cb2c86e3618533b6.php 第 38 行.
INFO: Run Behavior\ParseTemplateBehavior [ RunTime:0.007000s ]
INFO: [ view_parse ] --END-- [ RunTime:0.007000s ]
INFO: [ view_filter ] --START--
INFO: Run Behavior\WriteHtmlCacheBehavior [ RunTime:0.000000s ]
INFO: [ view_filter ] --END-- [ RunTime:0.000000s ]
INFO: [ app_end ] --START--
INFO: Run Behavior\ShowPageTraceBehavior [ RunTime:0.001000s ]
INFO: [ app_end ] --END-- [ RunTime:0.001000s ]

[ 2018-10-20T17:37:26+08:00 ] 127.0.0.1 /index.php/Admin/User/level_list.html
NOTIC: [8] Use of undefined constant SHOW_PAGE_TRACE - assumed 'SHOW_PAGE_TRACE' E:\www\tour\Application\Common\Conf\debug.php 第 4 行.
INFO: [ app_init ] --START--
INFO: Run Behavior\BuildLiteBehavior [ RunTime:0.000000s ]
INFO: [ app_init ] --END-- [ RunTime:0.000000s ]
INFO: [ app_begin ] --START--
INFO: Run Behavior\ReadHtmlCacheBehavior [ RunTime:0.001000s ]
INFO: [ app_begin ] --END-- [ RunTime:0.001000s ]
SQL: SHOW COLUMNS FROM `lr_level` [ RunTime:0.0070s ]
SQL: SELECT * FROM `lr_level`  [ RunTime:0.0010s ]
INFO: [ view_parse ] --START--
INFO: [ template_filter ] --START--
INFO: Run Behavior\ContentReplaceBehavior [ RunTime:0.000000s ]
INFO: [ template_filter ] --END-- [ RunTime:0.000000s ]
NOTIC: [8] Undefined variable: tel E:\www\tour\Application\Runtime\Cache\Admin\e27de8a924ba28d44584ba8087cae46f.php 第 28 行.
NOTIC: [8] Undefined variable: name E:\www\tour\Application\Runtime\Cache\Admin\e27de8a924ba28d44584ba8087cae46f.php 第 28 行.
NOTIC: [8] Undefined index: name E:\www\tour\Application\Runtime\Cache\Admin\e27de8a924ba28d44584ba8087cae46f.php 第 50 行.
NOTIC: [8] Undefined index: name E:\www\tour\Application\Runtime\Cache\Admin\e27de8a924ba28d44584ba8087cae46f.php 第 50 行.
NOTIC: [8] Undefined index: name E:\www\tour\Application\Runtime\Cache\Admin\e27de8a924ba28d44584ba8087cae46f.php 第 50 行.
NOTIC: [8] Undefined variable: page_index E:\www\tour\Application\Runtime\Cache\Admin\e27de8a924ba28d44584ba8087cae46f.php 第 62 行.
INFO: Run Behavior\ParseTemplateBehavior [ RunTime:0.020001s ]
INFO: [ view_parse ] --END-- [ RunTime:0.020001s ]
INFO: [ view_filter ] --START--
INFO: Run Behavior\WriteHtmlCacheBehavior [ RunTime:0.000000s ]
INFO: [ view_filter ] --END-- [ RunTime:0.000000s ]
INFO: [ app_end ] --START--
INFO: Run Behavior\ShowPageTraceBehavior [ RunTime:0.000000s ]
INFO: [ app_end ] --END-- [ RunTime:0.000000s ]

[ 2018-10-20T17:38:07+08:00 ] 127.0.0.1 /index.php/Admin/User/index.html
NOTIC: [8] Use of undefined constant SHOW_PAGE_TRACE - assumed 'SHOW_PAGE_TRACE' E:\www\tour\Application\Common\Conf\debug.php 第 4 行.
INFO: [ app_init ] --START--
INFO: Run Behavior\BuildLiteBehavior [ RunTime:0.000000s ]
INFO: [ app_init ] --END-- [ RunTime:0.000000s ]
INFO: [ app_begin ] --START--
INFO: Run Behavior\ReadHtmlCacheBehavior [ RunTime:0.000000s ]
INFO: [ app_begin ] --END-- [ RunTime:0.000000s ]
NOTIC: [8] Undefined index: type E:\www\tour\Application\Admin\Controller\UserController.class.php 第 11 行.
NOTIC: [8] Undefined index: id E:\www\tour\Application\Admin\Controller\UserController.class.php 第 12 行.
NOTIC: [8] Undefined index: tel E:\www\tour\Application\Admin\Controller\UserController.class.php 第 13 行.
NOTIC: [8] Undefined index: name E:\www\tour\Application\Admin\Controller\UserController.class.php 第 14 行.
NOTIC: [8] Undefined index: name E:\www\tour\Application\Admin\Controller\UserController.class.php 第 16 行.
SQL: SHOW COLUMNS FROM `lr_user` [ RunTime:0.0080s ]
SQL: SELECT COUNT(*) AS tp_count FROM `lr_user` WHERE ( 1=1 ) LIMIT 1   [ RunTime:0.0010s ]
NOTIC: [8] Undefined index: page E:\www\tour\Application\Admin\Controller\UserController.class.php 第 26 行.
SQL: SELECT * FROM `lr_user` WHERE ( 1=1 ) ORDER BY id desc LIMIT 0,20   [ RunTime:0.0020s ]
SQL: SHOW COLUMNS FROM `lr_level` [ RunTime:0.0060s ]
SQL: SELECT `level_name` FROM `lr_level` WHERE `id` = 0 LIMIT 1   [ RunTime:0.0000s ]
SQL: SELECT `level_name` FROM `lr_level` WHERE `id` = 0 LIMIT 1   [ RunTime:0.0010s ]
SQL: SELECT `level_name` FROM `lr_level` WHERE `id` = 3 LIMIT 1   [ RunTime:0.0010s ]
SQL: SELECT `level_name` FROM `lr_level` WHERE `id` = 1 LIMIT 1   [ RunTime:0.0010s ]
SQL: SELECT `uname` FROM `lr_user` WHERE `id` = 3 LIMIT 1   [ RunTime:0.0010s ]
SQL: SELECT `level_name` FROM `lr_level` WHERE `id` = 2 LIMIT 1   [ RunTime:0.0010s ]
SQL: SELECT `uname` FROM `lr_user` WHERE `id` = 2 LIMIT 1   [ RunTime:0.0010s ]
INFO: [ view_parse ] --START--
INFO: [ template_filter ] --START--
INFO: Run Behavior\ContentReplaceBehavior [ RunTime:0.000000s ]
INFO: [ template_filter ] --END-- [ RunTime:0.000000s ]
NOTIC: [8] Undefined index: top_uname E:\www\tour\Application\Runtime\Cache\Admin\65e605872ed5d34210f5b33beb13f5a3.php 第 65 行.
NOTIC: [8] Undefined index: top_uname E:\www\tour\Application\Runtime\Cache\Admin\65e605872ed5d34210f5b33beb13f5a3.php 第 65 行.
NOTIC: [8] Undefined index: top_uname E:\www\tour\Application\Runtime\Cache\Admin\65e605872ed5d34210f5b33beb13f5a3.php 第 65 行.
INFO: Run Behavior\ParseTemplateBehavior [ RunTime:0.006000s ]
INFO: [ view_parse ] --END-- [ RunTime:0.006000s ]
INFO: [ view_filter ] --START--
INFO: Run Behavior\WriteHtmlCacheBehavior [ RunTime:0.000000s ]
INFO: [ view_filter ] --END-- [ RunTime:0.000000s ]
INFO: [ app_end ] --START--
INFO: Run Behavior\ShowPageTraceBehavior [ RunTime:0.000000s ]
INFO: [ app_end ] --END-- [ RunTime:0.000000s ]

[ 2018-10-20T17:38:19+08:00 ] 127.0.0.1 /index.php/Admin/Index/index.html
NOTIC: [8] Use of undefined constant SHOW_PAGE_TRACE - assumed 'SHOW_PAGE_TRACE' E:\www\tour\Application\Common\Conf\debug.php 第 4 行.
INFO: [ app_init ] --START--
INFO: Run Behavior\BuildLiteBehavior [ RunTime:0.000000s ]
INFO: [ app_init ] --END-- [ RunTime:0.000000s ]
INFO: [ app_begin ] --START--
INFO: Run Behavior\ReadHtmlCacheBehavior [ RunTime:0.001000s ]
INFO: [ app_begin ] --END-- [ RunTime:0.001000s ]
SQL: SHOW COLUMNS FROM `lr_web` [ RunTime:0.0070s ]
SQL: SELECT `concent` FROM `lr_web` WHERE ( id=5 ) LIMIT 1   [ RunTime:0.0010s ]
INFO: [ view_parse ] --START--
INFO: [ template_filter ] --START--
INFO: Run Behavior\ContentReplaceBehavior [ RunTime:0.000000s ]
INFO: [ template_filter ] --END-- [ RunTime:0.000000s ]
INFO: Run Behavior\ParseTemplateBehavior [ RunTime:0.009001s ]
INFO: [ view_parse ] --END-- [ RunTime:0.010001s ]
INFO: [ view_filter ] --START--
INFO: Run Behavior\WriteHtmlCacheBehavior [ RunTime:0.000000s ]
INFO: [ view_filter ] --END-- [ RunTime:0.000000s ]
INFO: [ app_end ] --START--
INFO: Run Behavior\ShowPageTraceBehavior [ RunTime:0.001000s ]
INFO: [ app_end ] --END-- [ RunTime:0.001000s ]

[ 2018-10-20T17:38:19+08:00 ] 127.0.0.1 /index.php/Admin/Page/adminindex.html
NOTIC: [8] Use of undefined constant SHOW_PAGE_TRACE - assumed 'SHOW_PAGE_TRACE' E:\www\tour\Application\Common\Conf\debug.php 第 4 行.
INFO: [ app_init ] --START--
INFO: Run Behavior\BuildLiteBehavior [ RunTime:0.000000s ]
INFO: [ app_init ] --END-- [ RunTime:0.000000s ]
INFO: [ app_begin ] --START--
INFO: Run Behavior\ReadHtmlCacheBehavior [ RunTime:0.001000s ]
INFO: [ app_begin ] --END-- [ RunTime:0.001000s ]
INFO: [ view_parse ] --START--
INFO: [ template_filter ] --START--
INFO: Run Behavior\ContentReplaceBehavior [ RunTime:0.000000s ]
INFO: [ template_filter ] --END-- [ RunTime:0.000000s ]
INFO: Run Behavior\ParseTemplateBehavior [ RunTime:0.005000s ]
INFO: [ view_parse ] --END-- [ RunTime:0.005000s ]
INFO: [ view_filter ] --START--
INFO: Run Behavior\WriteHtmlCacheBehavior [ RunTime:0.000000s ]
INFO: [ view_filter ] --END-- [ RunTime:0.000000s ]
INFO: [ app_end ] --START--
INFO: Run Behavior\ShowPageTraceBehavior [ RunTime:0.001001s ]
INFO: [ app_end ] --END-- [ RunTime:0.001001s ]

[ 2018-10-20T17:38:21+08:00 ] 127.0.0.1 /index.php/Admin/User/index.html
NOTIC: [8] Use of undefined constant SHOW_PAGE_TRACE - assumed 'SHOW_PAGE_TRACE' E:\www\tour\Application\Common\Conf\debug.php 第 4 行.
INFO: [ app_init ] --START--
INFO: Run Behavior\BuildLiteBehavior [ RunTime:0.000000s ]
INFO: [ app_init ] --END-- [ RunTime:0.000000s ]
INFO: [ app_begin ] --START--
INFO: Run Behavior\ReadHtmlCacheBehavior [ RunTime:0.001000s ]
INFO: [ app_begin ] --END-- [ RunTime:0.001000s ]
NOTIC: [8] Undefined index: type E:\www\tour\Application\Admin\Controller\UserController.class.php 第 11 行.
NOTIC: [8] Undefined index: id E:\www\tour\Application\Admin\Controller\UserController.class.php 第 12 行.
NOTIC: [8] Undefined index: tel E:\www\tour\Application\Admin\Controller\UserController.class.php 第 13 行.
NOTIC: [8] Undefined index: name E:\www\tour\Application\Admin\Controller\UserController.class.php 第 14 行.
NOTIC: [8] Undefined index: name E:\www\tour\Application\Admin\Controller\UserController.class.php 第 16 行.
SQL: SHOW COLUMNS FROM `lr_user` [ RunTime:0.0080s ]
SQL: SELECT COUNT(*) AS tp_count FROM `lr_user` WHERE ( 1=1 ) LIMIT 1   [ RunTime:0.0000s ]
NOTIC: [8] Undefined index: page E:\www\tour\Application\Admin\Controller\UserController.class.php 第 26 行.
SQL: SELECT * FROM `lr_user` WHERE ( 1=1 ) ORDER BY id desc LIMIT 0,20   [ RunTime:0.0020s ]
SQL: SHOW COLUMNS FROM `lr_level` [ RunTime:0.0070s ]
SQL: SELECT `level_name` FROM `lr_level` WHERE `id` = 0 LIMIT 1   [ RunTime:0.0000s ]
SQL: SELECT `level_name` FROM `lr_level` WHERE `id` = 0 LIMIT 1   [ RunTime:0.0010s ]
SQL: SELECT `level_name` FROM `lr_level` WHERE `id` = 3 LIMIT 1   [ RunTime:0.0010s ]
SQL: SELECT `level_name` FROM `lr_level` WHERE `id` = 1 LIMIT 1   [ RunTime:0.0010s ]
SQL: SELECT `uname` FROM `lr_user` WHERE `id` = 3 LIMIT 1   [ RunTime:0.0010s ]
SQL: SELECT `level_name` FROM `lr_level` WHERE `id` = 2 LIMIT 1   [ RunTime:0.0000s ]
SQL: SELECT `uname` FROM `lr_user` WHERE `id` = 2 LIMIT 1   [ RunTime:0.0010s ]
INFO: [ view_parse ] --START--
INFO: [ template_filter ] --START--
INFO: Run Behavior\ContentReplaceBehavior [ RunTime:0.001000s ]
INFO: [ template_filter ] --END-- [ RunTime:0.001000s ]
NOTIC: [8] Undefined index: top_uname E:\www\tour\Application\Runtime\Cache\Admin\65e605872ed5d34210f5b33beb13f5a3.php 第 65 行.
NOTIC: [8] Undefined index: top_uname E:\www\tour\Application\Runtime\Cache\Admin\65e605872ed5d34210f5b33beb13f5a3.php 第 65 行.
NOTIC: [8] Undefined index: top_uname E:\www\tour\Application\Runtime\Cache\Admin\65e605872ed5d34210f5b33beb13f5a3.php 第 65 行.
INFO: Run Behavior\ParseTemplateBehavior [ RunTime:0.008001s ]
INFO: [ view_parse ] --END-- [ RunTime:0.008001s ]
INFO: [ view_filter ] --START--
INFO: Run Behavior\WriteHtmlCacheBehavior [ RunTime:0.001000s ]
INFO: [ view_filter ] --END-- [ RunTime:0.001000s ]
INFO: [ app_end ] --START--
INFO: Run Behavior\ShowPageTraceBehavior [ RunTime:0.000000s ]
INFO: [ app_end ] --END-- [ RunTime:0.000000s ]

[ 2018-10-20T17:38:24+08:00 ] 127.0.0.1 /index.php/Admin/User/del_user?id=5
NOTIC: [8] Use of undefined constant SHOW_PAGE_TRACE - assumed 'SHOW_PAGE_TRACE' E:\www\tour\Application\Common\Conf\debug.php 第 4 行.
INFO: [ app_init ] --START--
INFO: Run Behavior\BuildLiteBehavior [ RunTime:0.000000s ]
INFO: [ app_init ] --END-- [ RunTime:0.000000s ]
INFO: [ app_begin ] --START--
INFO: Run Behavior\ReadHtmlCacheBehavior [ RunTime:0.000000s ]
INFO: [ app_begin ] --END-- [ RunTime:0.000000s ]
SQL: SHOW COLUMNS FROM `lr_user` [ RunTime:0.0080s ]
SQL: DELETE FROM `lr_user` WHERE ( id=5 ) [ RunTime:0.0010s ]

[ 2018-10-20T17:38:26+08:00 ] 127.0.0.1 /index.php/Admin/User/index.html
NOTIC: [8] Use of undefined constant SHOW_PAGE_TRACE - assumed 'SHOW_PAGE_TRACE' E:\www\tour\Application\Common\Conf\debug.php 第 4 行.
INFO: [ app_init ] --START--
INFO: Run Behavior\BuildLiteBehavior [ RunTime:0.000000s ]
INFO: [ app_init ] --END-- [ RunTime:0.000000s ]
INFO: [ app_begin ] --START--
INFO: Run Behavior\ReadHtmlCacheBehavior [ RunTime:0.001000s ]
INFO: [ app_begin ] --END-- [ RunTime:0.001000s ]
NOTIC: [8] Undefined index: type E:\www\tour\Application\Admin\Controller\UserController.class.php 第 11 行.
NOTIC: [8] Undefined index: id E:\www\tour\Application\Admin\Controller\UserController.class.php 第 12 行.
NOTIC: [8] Undefined index: tel E:\www\tour\Application\Admin\Controller\UserController.class.php 第 13 行.
NOTIC: [8] Undefined index: name E:\www\tour\Application\Admin\Controller\UserController.class.php 第 14 行.
NOTIC: [8] Undefined index: name E:\www\tour\Application\Admin\Controller\UserController.class.php 第 16 行.
SQL: SHOW COLUMNS FROM `lr_user` [ RunTime:0.0090s ]
SQL: SELECT COUNT(*) AS tp_count FROM `lr_user` WHERE ( 1=1 ) LIMIT 1   [ RunTime:0.0020s ]
NOTIC: [8] Undefined index: page E:\www\tour\Application\Admin\Controller\UserController.class.php 第 26 行.
SQL: SELECT * FROM `lr_user` WHERE ( 1=1 ) ORDER BY id desc LIMIT 0,20   [ RunTime:0.0020s ]
SQL: SHOW COLUMNS FROM `lr_level` [ RunTime:0.0080s ]
SQL: SELECT `level_name` FROM `lr_level` WHERE `id` = 0 LIMIT 1   [ RunTime:0.0000s ]
SQL: SELECT `level_name` FROM `lr_level` WHERE `id` = 3 LIMIT 1   [ RunTime:0.0000s ]
SQL: SELECT `level_name` FROM `lr_level` WHERE `id` = 1 LIMIT 1   [ RunTime:0.0010s ]
SQL: SELECT `uname` FROM `lr_user` WHERE `id` = 3 LIMIT 1   [ RunTime:0.0010s ]
SQL: SELECT `level_name` FROM `lr_level` WHERE `id` = 2 LIMIT 1   [ RunTime:0.0010s ]
SQL: SELECT `uname` FROM `lr_user` WHERE `id` = 2 LIMIT 1   [ RunTime:0.0020s ]
INFO: [ view_parse ] --START--
INFO: [ template_filter ] --START--
INFO: Run Behavior\ContentReplaceBehavior [ RunTime:0.000000s ]
INFO: [ template_filter ] --END-- [ RunTime:0.000000s ]
NOTIC: [8] Undefined index: top_uname E:\www\tour\Application\Runtime\Cache\Admin\65e605872ed5d34210f5b33beb13f5a3.php 第 65 行.
NOTIC: [8] Undefined index: top_uname E:\www\tour\Application\Runtime\Cache\Admin\65e605872ed5d34210f5b33beb13f5a3.php 第 65 行.
INFO: Run Behavior\ParseTemplateBehavior [ RunTime:0.006000s ]
INFO: [ view_parse ] --END-- [ RunTime:0.006000s ]
INFO: [ view_filter ] --START--
INFO: Run Behavior\WriteHtmlCacheBehavior [ RunTime:0.001000s ]
INFO: [ view_filter ] --END-- [ RunTime:0.001000s ]
INFO: [ app_end ] --START--
INFO: Run Behavior\ShowPageTraceBehavior [ RunTime:0.000000s ]
INFO: [ app_end ] --END-- [ RunTime:0.000000s ]

[ 2018-10-20T17:38:48+08:00 ] 127.0.0.1 /index.php/Admin/Index/index.html
NOTIC: [8] Use of undefined constant SHOW_PAGE_TRACE - assumed 'SHOW_PAGE_TRACE' E:\www\tour\Application\Common\Conf\debug.php 第 4 行.
INFO: [ app_init ] --START--
INFO: Run Behavior\BuildLiteBehavior [ RunTime:0.000000s ]
INFO: [ app_init ] --END-- [ RunTime:0.000000s ]
INFO: [ app_begin ] --START--
INFO: Run Behavior\ReadHtmlCacheBehavior [ RunTime:0.001000s ]
INFO: [ app_begin ] --END-- [ RunTime:0.001000s ]
SQL: SHOW COLUMNS FROM `lr_web` [ RunTime:0.0070s ]
SQL: SELECT `concent` FROM `lr_web` WHERE ( id=5 ) LIMIT 1   [ RunTime:0.0010s ]
INFO: [ view_parse ] --START--
INFO: [ template_filter ] --START--
INFO: Run Behavior\ContentReplaceBehavior [ RunTime:0.000000s ]
INFO: [ template_filter ] --END-- [ RunTime:0.001000s ]
INFO: Run Behavior\ParseTemplateBehavior [ RunTime:0.009001s ]
INFO: [ view_parse ] --END-- [ RunTime:0.009001s ]
INFO: [ view_filter ] --START--
INFO: Run Behavior\WriteHtmlCacheBehavior [ RunTime:0.000000s ]
INFO: [ view_filter ] --END-- [ RunTime:0.000000s ]
INFO: [ app_end ] --START--
INFO: Run Behavior\ShowPageTraceBehavior [ RunTime:0.001000s ]
INFO: [ app_end ] --END-- [ RunTime:0.001000s ]

[ 2018-10-20T17:38:48+08:00 ] 127.0.0.1 /index.php/Admin/Page/adminindex.html
NOTIC: [8] Use of undefined constant SHOW_PAGE_TRACE - assumed 'SHOW_PAGE_TRACE' E:\www\tour\Application\Common\Conf\debug.php 第 4 行.
INFO: [ app_init ] --START--
INFO: Run Behavior\BuildLiteBehavior [ RunTime:0.000000s ]
INFO: [ app_init ] --END-- [ RunTime:0.000000s ]
INFO: [ app_begin ] --START--
INFO: Run Behavior\ReadHtmlCacheBehavior [ RunTime:0.001000s ]
INFO: [ app_begin ] --END-- [ RunTime:0.001000s ]
INFO: [ view_parse ] --START--
INFO: [ template_filter ] --START--
INFO: Run Behavior\ContentReplaceBehavior [ RunTime:0.000000s ]
INFO: [ template_filter ] --END-- [ RunTime:0.001000s ]
INFO: Run Behavior\ParseTemplateBehavior [ RunTime:0.012001s ]
INFO: [ view_parse ] --END-- [ RunTime:0.012001s ]
INFO: [ view_filter ] --START--
INFO: Run Behavior\WriteHtmlCacheBehavior [ RunTime:0.000000s ]
INFO: [ view_filter ] --END-- [ RunTime:0.000000s ]
INFO: [ app_end ] --START--
INFO: Run Behavior\ShowPageTraceBehavior [ RunTime:0.001000s ]
INFO: [ app_end ] --END-- [ RunTime:0.001000s ]

[ 2018-10-20T17:38:50+08:00 ] 127.0.0.1 /index.php/Admin/User/index.html
NOTIC: [8] Use of undefined constant SHOW_PAGE_TRACE - assumed 'SHOW_PAGE_TRACE' E:\www\tour\Application\Common\Conf\debug.php 第 4 行.
INFO: [ app_init ] --START--
INFO: Run Behavior\BuildLiteBehavior [ RunTime:0.000000s ]
INFO: [ app_init ] --END-- [ RunTime:0.000000s ]
INFO: [ app_begin ] --START--
INFO: Run Behavior\ReadHtmlCacheBehavior [ RunTime:0.000000s ]
INFO: [ app_begin ] --END-- [ RunTime:0.000000s ]
NOTIC: [8] Undefined index: type E:\www\tour\Application\Admin\Controller\UserController.class.php 第 11 行.
NOTIC: [8] Undefined index: id E:\www\tour\Application\Admin\Controller\UserController.class.php 第 12 行.
NOTIC: [8] Undefined index: tel E:\www\tour\Application\Admin\Controller\UserController.class.php 第 13 行.
NOTIC: [8] Undefined index: name E:\www\tour\Application\Admin\Controller\UserController.class.php 第 14 行.
NOTIC: [8] Undefined index: name E:\www\tour\Application\Admin\Controller\UserController.class.php 第 16 行.
SQL: SHOW COLUMNS FROM `lr_user` [ RunTime:0.0080s ]
SQL: SELECT COUNT(*) AS tp_count FROM `lr_user` WHERE ( 1=1 ) LIMIT 1   [ RunTime:0.0010s ]
NOTIC: [8] Undefined index: page E:\www\tour\Application\Admin\Controller\UserController.class.php 第 26 行.
SQL: SELECT * FROM `lr_user` WHERE ( 1=1 ) ORDER BY id desc LIMIT 0,20   [ RunTime:0.0010s ]
SQL: SHOW COLUMNS FROM `lr_level` [ RunTime:0.0080s ]
SQL: SELECT `level_name` FROM `lr_level` WHERE `id` = 0 LIMIT 1   [ RunTime:0.0000s ]
SQL: SELECT `level_name` FROM `lr_level` WHERE `id` = 3 LIMIT 1   [ RunTime:0.0010s ]
SQL: SELECT `level_name` FROM `lr_level` WHERE `id` = 1 LIMIT 1   [ RunTime:0.0010s ]
SQL: SELECT `uname` FROM `lr_user` WHERE `id` = 3 LIMIT 1   [ RunTime:0.0020s ]
SQL: SELECT `level_name` FROM `lr_level` WHERE `id` = 2 LIMIT 1   [ RunTime:0.0010s ]
SQL: SELECT `uname` FROM `lr_user` WHERE `id` = 2 LIMIT 1   [ RunTime:0.0010s ]
INFO: [ view_parse ] --START--
INFO: [ template_filter ] --START--
INFO: Run Behavior\ContentReplaceBehavior [ RunTime:0.000000s ]
INFO: [ template_filter ] --END-- [ RunTime:0.000000s ]
NOTIC: [8] Undefined index: top_uname E:\www\tour\Application\Runtime\Cache\Admin\65e605872ed5d34210f5b33beb13f5a3.php 第 65 行.
NOTIC: [8] Undefined index: top_uname E:\www\tour\Application\Runtime\Cache\Admin\65e605872ed5d34210f5b33beb13f5a3.php 第 65 行.
INFO: Run Behavior\ParseTemplateBehavior [ RunTime:0.007000s ]
INFO: [ view_parse ] --END-- [ RunTime:0.007000s ]
INFO: [ view_filter ] --START--
INFO: Run Behavior\WriteHtmlCacheBehavior [ RunTime:0.000000s ]
INFO: [ view_filter ] --END-- [ RunTime:0.000000s ]
INFO: [ app_end ] --START--
INFO: Run Behavior\ShowPageTraceBehavior [ RunTime:0.000000s ]
INFO: [ app_end ] --END-- [ RunTime:0.000000s ]

[ 2018-10-20T17:38:52+08:00 ] 127.0.0.1 /index.php/Admin/User/del_user?id=4
NOTIC: [8] Use of undefined constant SHOW_PAGE_TRACE - assumed 'SHOW_PAGE_TRACE' E:\www\tour\Application\Common\Conf\debug.php 第 4 行.
INFO: [ app_init ] --START--
INFO: Run Behavior\BuildLiteBehavior [ RunTime:0.000000s ]
INFO: [ app_init ] --END-- [ RunTime:0.000000s ]
INFO: [ app_begin ] --START--
INFO: Run Behavior\ReadHtmlCacheBehavior [ RunTime:0.001000s ]
INFO: [ app_begin ] --END-- [ RunTime:0.001000s ]
SQL: SHOW COLUMNS FROM `lr_user` [ RunTime:0.0060s ]
SQL: DELETE FROM `lr_user` WHERE ( id=4 ) [ RunTime:0.0010s ]

