[ 2019-07-10T00:00:31+08:00 ] 127.0.0.1 /index.php/Admin/Order/withdraw_list.html
NOTIC: [8] Use of undefined constant SHOW_PAGE_TRACE - assumed 'SHOW_PAGE_TRACE' D:\www\newmmx\Application\Common\Conf\debug.php 第 4 行.
INFO: [ app_init ] --START--
INFO: Run Behavior\BuildLiteBehavior [ RunTime:0.000006s ]
INFO: [ app_init ] --END-- [ RunTime:0.000025s ]
INFO: [ app_begin ] --START--
INFO: Run Behavior\ReadHtmlCacheBehavior [ RunTime:0.000333s ]
INFO: [ app_begin ] --END-- [ RunTime:0.000355s ]
NOTIC: [2] Declaration of Admin\Controller\OrderController::show() should be compatible with Think\Controller::show($content, $charset = '', $contentType = '', $prefix = '') D:\www\newmmx\Application\Admin\Controller\OrderController.class.php 第 4 行.
SQL: SHOW COLUMNS FROM `lr_order` [ RunTime:0.0082s ]
SQL: SHOW COLUMNS FROM `lr_order_product` [ RunTime:0.0075s ]

[ 2019-07-10T00:00:33+08:00 ] 127.0.0.1 /index.php/Admin/Login/index.html
NOTIC: [8] Use of undefined constant SHOW_PAGE_TRACE - assumed 'SHOW_PAGE_TRACE' D:\www\newmmx\Application\Common\Conf\debug.php 第 4 行.
INFO: [ app_init ] --START--
INFO: Run Behavior\BuildLiteBehavior [ RunTime:0.000004s ]
INFO: [ app_init ] --END-- [ RunTime:0.000023s ]
INFO: [ app_begin ] --START--
INFO: Run Behavior\ReadHtmlCacheBehavior [ RunTime:0.000309s ]
INFO: [ app_begin ] --END-- [ RunTime:0.000329s ]
SQL: SHOW COLUMNS FROM `lr_program` [ RunTime:0.0074s ]
SQL: SELECT * FROM `lr_program` LIMIT 1   [ RunTime:0.0003s ]
INFO: [ view_parse ] --START--
INFO: [ template_filter ] --START--
INFO: Run Behavior\ContentReplaceBehavior [ RunTime:0.000032s ]
INFO: [ template_filter ] --END-- [ RunTime:0.000060s ]
NOTIC: [8] Undefined variable: key D:\www\newmmx\Application\Runtime\Cache\Admin\32ec6c906c117a7c2bf504769276d87a.php 第 28 行.
INFO: Run Behavior\ParseTemplateBehavior [ RunTime:0.005364s ]
INFO: [ view_parse ] --END-- [ RunTime:0.005384s ]
INFO: [ view_filter ] --START--
INFO: Run Behavior\WriteHtmlCacheBehavior [ RunTime:0.000221s ]
INFO: [ view_filter ] --END-- [ RunTime:0.000237s ]
INFO: [ app_end ] --START--
INFO: Run Behavior\ShowPageTraceBehavior [ RunTime:0.000339s ]
INFO: [ app_end ] --END-- [ RunTime:0.000356s ]

[ 2019-07-10T00:00:33+08:00 ] 127.0.0.1 /index.php/Admin/Login/lib/jquery/1.9.1/jquery.min.js
NOTIC: [8] Use of undefined constant SHOW_PAGE_TRACE - assumed 'SHOW_PAGE_TRACE' D:\www\newmmx\Application\Common\Conf\debug.php 第 4 行.
INFO: [ app_init ] --START--
INFO: Run Behavior\BuildLiteBehavior [ RunTime:0.000004s ]
INFO: [ app_init ] --END-- [ RunTime:0.000024s ]
INFO: [ app_begin ] --START--
INFO: Run Behavior\ReadHtmlCacheBehavior [ RunTime:0.000311s ]
INFO: [ app_begin ] --END-- [ RunTime:0.000331s ]
ERR: 非法操作:lib

[ 2019-07-10T00:00:34+08:00 ] 127.0.0.1 /index.php/Admin/Login/static/h-ui/js/H-ui.min.js
NOTIC: [8] Use of undefined constant SHOW_PAGE_TRACE - assumed 'SHOW_PAGE_TRACE' D:\www\newmmx\Application\Common\Conf\debug.php 第 4 行.
INFO: [ app_init ] --START--
INFO: Run Behavior\BuildLiteBehavior [ RunTime:0.000004s ]
INFO: [ app_init ] --END-- [ RunTime:0.000023s ]
INFO: [ app_begin ] --START--
INFO: Run Behavior\ReadHtmlCacheBehavior [ RunTime:0.000306s ]
INFO: [ app_begin ] --END-- [ RunTime:0.000327s ]
ERR: 非法操作:static

[ 2019-07-10T00:00:35+08:00 ] 127.0.0.1 /index.php/Admin/Login/index.html?key=
NOTIC: [8] Use of undefined constant SHOW_PAGE_TRACE - assumed 'SHOW_PAGE_TRACE' D:\www\newmmx\Application\Common\Conf\debug.php 第 4 行.
INFO: [ app_init ] --START--
INFO: Run Behavior\BuildLiteBehavior [ RunTime:0.000006s ]
INFO: [ app_init ] --END-- [ RunTime:0.000027s ]
INFO: [ app_begin ] --START--
INFO: Run Behavior\ReadHtmlCacheBehavior [ RunTime:0.000315s ]
INFO: [ app_begin ] --END-- [ RunTime:0.000336s ]
SQL: SHOW COLUMNS FROM `lr_adminuser` [ RunTime:0.0065s ]
SQL: SELECT * FROM `lr_adminuser` WHERE ( name='admin' AND del<1 ) LIMIT 1   [ RunTime:0.0003s ]
SQL: SHOW COLUMNS FROM `lr_program` [ RunTime:0.0067s ]
SQL: SELECT * FROM `lr_program` LIMIT 1   [ RunTime:0.0002s ]
NOTIC: [8] Undefined index: shop_id D:\www\newmmx\Application\Admin\Controller\LoginController.class.php 第 21 行.
INFO: [ app_end ] --START--
INFO: Run Behavior\ShowPageTraceBehavior [ RunTime:0.000416s ]
INFO: [ app_end ] --END-- [ RunTime:0.000438s ]

[ 2019-07-10T00:00:36+08:00 ] 127.0.0.1 /index.php/Admin/Index/index.html
NOTIC: [8] Use of undefined constant SHOW_PAGE_TRACE - assumed 'SHOW_PAGE_TRACE' D:\www\newmmx\Application\Common\Conf\debug.php 第 4 行.
INFO: [ app_init ] --START--
INFO: Run Behavior\BuildLiteBehavior [ RunTime:0.000005s ]
INFO: [ app_init ] --END-- [ RunTime:0.000024s ]
INFO: [ app_begin ] --START--
INFO: Run Behavior\ReadHtmlCacheBehavior [ RunTime:0.000307s ]
INFO: [ app_begin ] --END-- [ RunTime:0.000328s ]
SQL: SHOW COLUMNS FROM `lr_web` [ RunTime:0.0077s ]
SQL: SELECT `concent` FROM `lr_web` WHERE ( id=5 ) LIMIT 1   [ RunTime:0.0002s ]
INFO: [ view_parse ] --START--
INFO: [ template_filter ] --START--
INFO: Run Behavior\ContentReplaceBehavior [ RunTime:0.000064s ]
INFO: [ template_filter ] --END-- [ RunTime:0.000088s ]
INFO: Run Behavior\ParseTemplateBehavior [ RunTime:0.006759s ]
INFO: [ view_parse ] --END-- [ RunTime:0.006780s ]
INFO: [ view_filter ] --START--
INFO: Run Behavior\WriteHtmlCacheBehavior [ RunTime:0.000228s ]
INFO: [ view_filter ] --END-- [ RunTime:0.000245s ]
INFO: [ app_end ] --START--
INFO: Run Behavior\ShowPageTraceBehavior [ RunTime:0.000347s ]
INFO: [ app_end ] --END-- [ RunTime:0.000364s ]

[ 2019-07-10T00:00:36+08:00 ] 127.0.0.1 /index.php/Admin/Page/adminindex.html
NOTIC: [8] Use of undefined constant SHOW_PAGE_TRACE - assumed 'SHOW_PAGE_TRACE' D:\www\newmmx\Application\Common\Conf\debug.php 第 4 行.
INFO: [ app_init ] --START--
INFO: Run Behavior\BuildLiteBehavior [ RunTime:0.000005s ]
INFO: [ app_init ] --END-- [ RunTime:0.000027s ]
INFO: [ app_begin ] --START--
INFO: Run Behavior\ReadHtmlCacheBehavior [ RunTime:0.000344s ]
INFO: [ app_begin ] --END-- [ RunTime:0.000372s ]
INFO: [ view_parse ] --START--
INFO: [ template_filter ] --START--
INFO: Run Behavior\ContentReplaceBehavior [ RunTime:0.000029s ]
INFO: [ template_filter ] --END-- [ RunTime:0.000058s ]
INFO: Run Behavior\ParseTemplateBehavior [ RunTime:0.004919s ]
INFO: [ view_parse ] --END-- [ RunTime:0.004950s ]
INFO: [ view_filter ] --START--
INFO: Run Behavior\WriteHtmlCacheBehavior [ RunTime:0.000234s ]
INFO: [ view_filter ] --END-- [ RunTime:0.000252s ]
INFO: [ app_end ] --START--
INFO: Run Behavior\ShowPageTraceBehavior [ RunTime:0.000345s ]
INFO: [ app_end ] --END-- [ RunTime:0.000362s ]

[ 2019-07-10T00:00:36+08:00 ] 127.0.0.1 /index.php/Admin/Index/index.html
NOTIC: [8] Use of undefined constant SHOW_PAGE_TRACE - assumed 'SHOW_PAGE_TRACE' D:\www\newmmx\Application\Common\Conf\debug.php 第 4 行.
INFO: [ app_init ] --START--
INFO: Run Behavior\BuildLiteBehavior [ RunTime:0.000004s ]
INFO: [ app_init ] --END-- [ RunTime:0.000024s ]
INFO: [ app_begin ] --START--
INFO: Run Behavior\ReadHtmlCacheBehavior [ RunTime:0.000319s ]
INFO: [ app_begin ] --END-- [ RunTime:0.000343s ]
SQL: SHOW COLUMNS FROM `lr_web` [ RunTime:0.0094s ]
SQL: SELECT `concent` FROM `lr_web` WHERE ( id=5 ) LIMIT 1   [ RunTime:0.0003s ]
INFO: [ view_parse ] --START--
INFO: [ template_filter ] --START--
INFO: Run Behavior\ContentReplaceBehavior [ RunTime:0.000061s ]
INFO: [ template_filter ] --END-- [ RunTime:0.000082s ]
INFO: Run Behavior\ParseTemplateBehavior [ RunTime:0.006608s ]
INFO: [ view_parse ] --END-- [ RunTime:0.006634s ]
INFO: [ view_filter ] --START--
INFO: Run Behavior\WriteHtmlCacheBehavior [ RunTime:0.000232s ]
INFO: [ view_filter ] --END-- [ RunTime:0.000249s ]
INFO: [ app_end ] --START--
INFO: Run Behavior\ShowPageTraceBehavior [ RunTime:0.000345s ]
INFO: [ app_end ] --END-- [ RunTime:0.000363s ]

[ 2019-07-10T00:00:36+08:00 ] 127.0.0.1 /index.php/Admin/Page/adminindex.html
NOTIC: [8] Use of undefined constant SHOW_PAGE_TRACE - assumed 'SHOW_PAGE_TRACE' D:\www\newmmx\Application\Common\Conf\debug.php 第 4 行.
INFO: [ app_init ] --START--
INFO: Run Behavior\BuildLiteBehavior [ RunTime:0.000006s ]
INFO: [ app_init ] --END-- [ RunTime:0.000026s ]
INFO: [ app_begin ] --START--
INFO: Run Behavior\ReadHtmlCacheBehavior [ RunTime:0.000381s ]
INFO: [ app_begin ] --END-- [ RunTime:0.000410s ]
INFO: [ view_parse ] --START--
INFO: [ template_filter ] --START--
INFO: Run Behavior\ContentReplaceBehavior [ RunTime:0.000035s ]
INFO: [ template_filter ] --END-- [ RunTime:0.000072s ]
INFO: Run Behavior\ParseTemplateBehavior [ RunTime:0.005368s ]
INFO: [ view_parse ] --END-- [ RunTime:0.005406s ]
INFO: [ view_filter ] --START--
INFO: Run Behavior\WriteHtmlCacheBehavior [ RunTime:0.000259s ]
INFO: [ view_filter ] --END-- [ RunTime:0.000277s ]
INFO: [ app_end ] --START--
INFO: Run Behavior\ShowPageTraceBehavior [ RunTime:0.000365s ]
INFO: [ app_end ] --END-- [ RunTime:0.000383s ]

[ 2019-07-10T00:00:39+08:00 ] 127.0.0.1 /index.php/Admin/Order/withdraw_list.html
NOTIC: [8] Use of undefined constant SHOW_PAGE_TRACE - assumed 'SHOW_PAGE_TRACE' D:\www\newmmx\Application\Common\Conf\debug.php 第 4 行.
INFO: [ app_init ] --START--
INFO: Run Behavior\BuildLiteBehavior [ RunTime:0.000005s ]
INFO: [ app_init ] --END-- [ RunTime:0.000024s ]
INFO: [ app_begin ] --START--
INFO: Run Behavior\ReadHtmlCacheBehavior [ RunTime:0.000318s ]
INFO: [ app_begin ] --END-- [ RunTime:0.000338s ]
NOTIC: [2] Declaration of Admin\Controller\OrderController::show() should be compatible with Think\Controller::show($content, $charset = '', $contentType = '', $prefix = '') D:\www\newmmx\Application\Admin\Controller\OrderController.class.php 第 4 行.
SQL: SHOW COLUMNS FROM `lr_order` [ RunTime:0.0077s ]
SQL: SHOW COLUMNS FROM `lr_order_product` [ RunTime:0.0082s ]
SQL: SHOW COLUMNS FROM `lr_withdraw` [ RunTime:0.0071s ]
SQL: SELECT COUNT(*) AS tp_count FROM `lr_withdraw` LIMIT 1   [ RunTime:0.0002s ]
NOTIC: [8] Undefined index: page D:\www\newmmx\Application\Admin\Controller\OrderController.class.php 第 365 行.
NOTIC: [8] Undefined variable: where D:\www\newmmx\Application\Admin\Controller\OrderController.class.php 第 372 行.
SQL: SELECT t1.*,t2.uname,t2.photo,t2.phone,t2.real_name,t2.bank_name,t2.banks FROM lr_withdraw t1 left join lr_user t2 on t1.uid = t2.id  ORDER BY t1.create_time desc LIMIT 0,20   [ RunTime:0.0005s ]
INFO: [ view_parse ] --START--
INFO: [ template_filter ] --START--
INFO: Run Behavior\ContentReplaceBehavior [ RunTime:0.000050s ]
INFO: [ template_filter ] --END-- [ RunTime:0.000074s ]
NOTIC: [8] Undefined index: name D:\www\newmmx\Application\Runtime\Cache\Admin\301c2b9f6491dc53f7db959a81fc1270.php 第 58 行.
NOTIC: [8] Undefined index: name D:\www\newmmx\Application\Runtime\Cache\Admin\301c2b9f6491dc53f7db959a81fc1270.php 第 58 行.
NOTIC: [8] Undefined index: name D:\www\newmmx\Application\Runtime\Cache\Admin\301c2b9f6491dc53f7db959a81fc1270.php 第 58 行.
NOTIC: [8] Undefined index: name D:\www\newmmx\Application\Runtime\Cache\Admin\301c2b9f6491dc53f7db959a81fc1270.php 第 58 行.
NOTIC: [8] Undefined index: name D:\www\newmmx\Application\Runtime\Cache\Admin\301c2b9f6491dc53f7db959a81fc1270.php 第 58 行.
NOTIC: [8] Undefined index: name D:\www\newmmx\Application\Runtime\Cache\Admin\301c2b9f6491dc53f7db959a81fc1270.php 第 58 行.
NOTIC: [8] Undefined index: name D:\www\newmmx\Application\Runtime\Cache\Admin\301c2b9f6491dc53f7db959a81fc1270.php 第 58 行.
NOTIC: [8] Undefined index: name D:\www\newmmx\Application\Runtime\Cache\Admin\301c2b9f6491dc53f7db959a81fc1270.php 第 58 行.
NOTIC: [8] Undefined index: name D:\www\newmmx\Application\Runtime\Cache\Admin\301c2b9f6491dc53f7db959a81fc1270.php 第 58 行.
NOTIC: [8] Undefined index: name D:\www\newmmx\Application\Runtime\Cache\Admin\301c2b9f6491dc53f7db959a81fc1270.php 第 58 行.
NOTIC: [8] Undefined index: name D:\www\newmmx\Application\Runtime\Cache\Admin\301c2b9f6491dc53f7db959a81fc1270.php 第 58 行.
NOTIC: [8] Undefined index: name D:\www\newmmx\Application\Runtime\Cache\Admin\301c2b9f6491dc53f7db959a81fc1270.php 第 58 行.
NOTIC: [8] Undefined index: name D:\www\newmmx\Application\Runtime\Cache\Admin\301c2b9f6491dc53f7db959a81fc1270.php 第 58 行.
NOTIC: [8] Undefined index: name D:\www\newmmx\Application\Runtime\Cache\Admin\301c2b9f6491dc53f7db959a81fc1270.php 第 58 行.
NOTIC: [8] Undefined index: name D:\www\newmmx\Application\Runtime\Cache\Admin\301c2b9f6491dc53f7db959a81fc1270.php 第 58 行.
NOTIC: [8] Undefined index: name D:\www\newmmx\Application\Runtime\Cache\Admin\301c2b9f6491dc53f7db959a81fc1270.php 第 58 行.
NOTIC: [8] Undefined index: name D:\www\newmmx\Application\Runtime\Cache\Admin\301c2b9f6491dc53f7db959a81fc1270.php 第 58 行.
NOTIC: [8] Undefined index: name D:\www\newmmx\Application\Runtime\Cache\Admin\301c2b9f6491dc53f7db959a81fc1270.php 第 58 行.
INFO: Run Behavior\ParseTemplateBehavior [ RunTime:0.007509s ]
INFO: [ view_parse ] --END-- [ RunTime:0.007529s ]
INFO: [ view_filter ] --START--
INFO: Run Behavior\WriteHtmlCacheBehavior [ RunTime:0.000257s ]
INFO: [ view_filter ] --END-- [ RunTime:0.000273s ]
INFO: [ app_end ] --START--
INFO: Run Behavior\ShowPageTraceBehavior [ RunTime:0.000417s ]
INFO: [ app_end ] --END-- [ RunTime:0.000441s ]

[ 2019-07-10T00:00:42+08:00 ] 127.0.0.1 /index.php/Admin/Order/carry
NOTIC: [8] Use of undefined constant SHOW_PAGE_TRACE - assumed 'SHOW_PAGE_TRACE' D:\www\newmmx\Application\Common\Conf\debug.php 第 4 行.
INFO: [ app_init ] --START--
INFO: Run Behavior\BuildLiteBehavior [ RunTime:0.000005s ]
INFO: [ app_init ] --END-- [ RunTime:0.000023s ]
INFO: [ app_begin ] --START--
INFO: Run Behavior\ReadHtmlCacheBehavior [ RunTime:0.000305s ]
INFO: [ app_begin ] --END-- [ RunTime:0.000323s ]
NOTIC: [2] Declaration of Admin\Controller\OrderController::show() should be compatible with Think\Controller::show($content, $charset = '', $contentType = '', $prefix = '') D:\www\newmmx\Application\Admin\Controller\OrderController.class.php 第 4 行.
SQL: SHOW COLUMNS FROM `lr_order` [ RunTime:0.0087s ]
SQL: SHOW COLUMNS FROM `lr_order_product` [ RunTime:0.0074s ]
SQL: SHOW COLUMNS FROM `lr_withdraw` [ RunTime:0.0077s ]
SQL: SELECT * FROM `lr_withdraw` WHERE `id` = 24 LIMIT 1   [ RunTime:0.0003s ]
SQL: UPDATE `lr_withdraw` SET `status`='2',`save_time`='2019-07-10 00:00:42' WHERE `id` = 24 [ RunTime:0.0003s ]
SQL: SHOW COLUMNS FROM `lr_user` [ RunTime:0.0077s ]
SQL: SELECT `withdraw_old` FROM `lr_user` WHERE `id` = 1 LIMIT 1   [ RunTime:0.0003s ]
SQL: UPDATE `lr_user` SET `withdraw_old`='100' WHERE `id` = 1 [ RunTime:0.0003s ]

[ 2019-07-10T00:00:44+08:00 ] 127.0.0.1 /index.php/Admin/Order/withdraw_list
NOTIC: [8] Use of undefined constant SHOW_PAGE_TRACE - assumed 'SHOW_PAGE_TRACE' D:\www\newmmx\Application\Common\Conf\debug.php 第 4 行.
INFO: [ app_init ] --START--
INFO: Run Behavior\BuildLiteBehavior [ RunTime:0.000005s ]
INFO: [ app_init ] --END-- [ RunTime:0.000024s ]
INFO: [ app_begin ] --START--
INFO: Run Behavior\ReadHtmlCacheBehavior [ RunTime:0.000323s ]
INFO: [ app_begin ] --END-- [ RunTime:0.000343s ]
NOTIC: [2] Declaration of Admin\Controller\OrderController::show() should be compatible with Think\Controller::show($content, $charset = '', $contentType = '', $prefix = '') D:\www\newmmx\Application\Admin\Controller\OrderController.class.php 第 4 行.
SQL: SHOW COLUMNS FROM `lr_order` [ RunTime:0.0082s ]
SQL: SHOW COLUMNS FROM `lr_order_product` [ RunTime:0.0077s ]
SQL: SHOW COLUMNS FROM `lr_withdraw` [ RunTime:0.0074s ]
SQL: SELECT COUNT(*) AS tp_count FROM `lr_withdraw` LIMIT 1   [ RunTime:0.0002s ]
NOTIC: [8] Undefined index: page D:\www\newmmx\Application\Admin\Controller\OrderController.class.php 第 365 行.
NOTIC: [8] Undefined variable: where D:\www\newmmx\Application\Admin\Controller\OrderController.class.php 第 372 行.
SQL: SELECT t1.*,t2.uname,t2.photo,t2.phone,t2.real_name,t2.bank_name,t2.banks FROM lr_withdraw t1 left join lr_user t2 on t1.uid = t2.id  ORDER BY t1.create_time desc LIMIT 0,20   [ RunTime:0.0004s ]
INFO: [ view_parse ] --START--
INFO: [ template_filter ] --START--
INFO: Run Behavior\ContentReplaceBehavior [ RunTime:0.000048s ]
INFO: [ template_filter ] --END-- [ RunTime:0.000067s ]
NOTIC: [8] Undefined index: name D:\www\newmmx\Application\Runtime\Cache\Admin\301c2b9f6491dc53f7db959a81fc1270.php 第 58 行.
NOTIC: [8] Undefined index: name D:\www\newmmx\Application\Runtime\Cache\Admin\301c2b9f6491dc53f7db959a81fc1270.php 第 58 行.
NOTIC: [8] Undefined index: name D:\www\newmmx\Application\Runtime\Cache\Admin\301c2b9f6491dc53f7db959a81fc1270.php 第 58 行.
NOTIC: [8] Undefined index: name D:\www\newmmx\Application\Runtime\Cache\Admin\301c2b9f6491dc53f7db959a81fc1270.php 第 58 行.
NOTIC: [8] Undefined index: name D:\www\newmmx\Application\Runtime\Cache\Admin\301c2b9f6491dc53f7db959a81fc1270.php 第 58 行.
NOTIC: [8] Undefined index: name D:\www\newmmx\Application\Runtime\Cache\Admin\301c2b9f6491dc53f7db959a81fc1270.php 第 58 行.
NOTIC: [8] Undefined index: name D:\www\newmmx\Application\Runtime\Cache\Admin\301c2b9f6491dc53f7db959a81fc1270.php 第 58 行.
NOTIC: [8] Undefined index: name D:\www\newmmx\Application\Runtime\Cache\Admin\301c2b9f6491dc53f7db959a81fc1270.php 第 58 行.
NOTIC: [8] Undefined index: name D:\www\newmmx\Application\Runtime\Cache\Admin\301c2b9f6491dc53f7db959a81fc1270.php 第 58 行.
NOTIC: [8] Undefined index: name D:\www\newmmx\Application\Runtime\Cache\Admin\301c2b9f6491dc53f7db959a81fc1270.php 第 58 行.
NOTIC: [8] Undefined index: name D:\www\newmmx\Application\Runtime\Cache\Admin\301c2b9f6491dc53f7db959a81fc1270.php 第 58 行.
NOTIC: [8] Undefined index: name D:\www\newmmx\Application\Runtime\Cache\Admin\301c2b9f6491dc53f7db959a81fc1270.php 第 58 行.
NOTIC: [8] Undefined index: name D:\www\newmmx\Application\Runtime\Cache\Admin\301c2b9f6491dc53f7db959a81fc1270.php 第 58 行.
NOTIC: [8] Undefined index: name D:\www\newmmx\Application\Runtime\Cache\Admin\301c2b9f6491dc53f7db959a81fc1270.php 第 58 行.
NOTIC: [8] Undefined index: name D:\www\newmmx\Application\Runtime\Cache\Admin\301c2b9f6491dc53f7db959a81fc1270.php 第 58 行.
NOTIC: [8] Undefined index: name D:\www\newmmx\Application\Runtime\Cache\Admin\301c2b9f6491dc53f7db959a81fc1270.php 第 58 行.
NOTIC: [8] Undefined index: name D:\www\newmmx\Application\Runtime\Cache\Admin\301c2b9f6491dc53f7db959a81fc1270.php 第 58 行.
NOTIC: [8] Undefined index: name D:\www\newmmx\Application\Runtime\Cache\Admin\301c2b9f6491dc53f7db959a81fc1270.php 第 58 行.
INFO: Run Behavior\ParseTemplateBehavior [ RunTime:0.005645s ]
INFO: [ view_parse ] --END-- [ RunTime:0.005665s ]
INFO: [ view_filter ] --START--
INFO: Run Behavior\WriteHtmlCacheBehavior [ RunTime:0.000255s ]
INFO: [ view_filter ] --END-- [ RunTime:0.000273s ]
INFO: [ app_end ] --START--
INFO: Run Behavior\ShowPageTraceBehavior [ RunTime:0.000376s ]
INFO: [ app_end ] --END-- [ RunTime:0.000400s ]

