[ 2019-07-04T00:50:33+08:00 ] 127.0.0.1 /index.php/Admin/Product/index.html
NOTIC: [8] Use of undefined constant SHOW_PAGE_TRACE - assumed 'SHOW_PAGE_TRACE' D:\www\newmmx\Application\Common\Conf\debug.php 第 4 行.
INFO: [ app_init ] --START--
INFO: Run Behavior\BuildLiteBehavior [ RunTime:0.000005s ]
INFO: [ app_init ] --END-- [ RunTime:0.000027s ]
INFO: [ app_begin ] --START--
INFO: Run Behavior\ReadHtmlCacheBehavior [ RunTime:0.000375s ]
INFO: [ app_begin ] --END-- [ RunTime:0.000396s ]

[ 2019-07-04T00:50:34+08:00 ] 127.0.0.1 /index.php/Admin/Login/index.html
NOTIC: [8] Use of undefined constant SHOW_PAGE_TRACE - assumed 'SHOW_PAGE_TRACE' D:\www\newmmx\Application\Common\Conf\debug.php 第 4 行.
INFO: [ app_init ] --START--
INFO: Run Behavior\BuildLiteBehavior [ RunTime:0.000006s ]
INFO: [ app_init ] --END-- [ RunTime:0.000028s ]
INFO: [ app_begin ] --START--
INFO: Run Behavior\ReadHtmlCacheBehavior [ RunTime:0.000337s ]
INFO: [ app_begin ] --END-- [ RunTime:0.000363s ]
SQL: SHOW COLUMNS FROM `lr_program` [ RunTime:0.0214s ]
SQL: SELECT * FROM `lr_program` LIMIT 1   [ RunTime:0.0003s ]
INFO: [ view_parse ] --START--
INFO: [ template_filter ] --START--
INFO: Run Behavior\ContentReplaceBehavior [ RunTime:0.000048s ]
INFO: [ template_filter ] --END-- [ RunTime:0.000071s ]
NOTIC: [8] Undefined variable: key D:\www\newmmx\Application\Runtime\Cache\Admin\32ec6c906c117a7c2bf504769276d87a.php 第 28 行.
INFO: Run Behavior\ParseTemplateBehavior [ RunTime:0.005988s ]
INFO: [ view_parse ] --END-- [ RunTime:0.006007s ]
INFO: [ view_filter ] --START--
INFO: Run Behavior\WriteHtmlCacheBehavior [ RunTime:0.000275s ]
INFO: [ view_filter ] --END-- [ RunTime:0.000290s ]
INFO: [ app_end ] --START--
INFO: Run Behavior\ShowPageTraceBehavior [ RunTime:0.000392s ]
INFO: [ app_end ] --END-- [ RunTime:0.000411s ]

[ 2019-07-04T00:50:34+08:00 ] 127.0.0.1 /index.php/Admin/Login/lib/jquery/1.9.1/jquery.min.js
NOTIC: [8] Use of undefined constant SHOW_PAGE_TRACE - assumed 'SHOW_PAGE_TRACE' D:\www\newmmx\Application\Common\Conf\debug.php 第 4 行.
INFO: [ app_init ] --START--
INFO: Run Behavior\BuildLiteBehavior [ RunTime:0.000005s ]
INFO: [ app_init ] --END-- [ RunTime:0.000024s ]
INFO: [ app_begin ] --START--
INFO: Run Behavior\ReadHtmlCacheBehavior [ RunTime:0.000314s ]
INFO: [ app_begin ] --END-- [ RunTime:0.000334s ]
ERR: 非法操作:lib

[ 2019-07-04T00:50:35+08:00 ] 127.0.0.1 /index.php/Admin/Login/static/h-ui/js/H-ui.min.js
NOTIC: [8] Use of undefined constant SHOW_PAGE_TRACE - assumed 'SHOW_PAGE_TRACE' D:\www\newmmx\Application\Common\Conf\debug.php 第 4 行.
INFO: [ app_init ] --START--
INFO: Run Behavior\BuildLiteBehavior [ RunTime:0.000004s ]
INFO: [ app_init ] --END-- [ RunTime:0.000023s ]
INFO: [ app_begin ] --START--
INFO: Run Behavior\ReadHtmlCacheBehavior [ RunTime:0.000318s ]
INFO: [ app_begin ] --END-- [ RunTime:0.000338s ]
ERR: 非法操作:static

[ 2019-07-04T00:50:39+08:00 ] 127.0.0.1 /index.php/Admin/Login/index.html?key=
NOTIC: [8] Use of undefined constant SHOW_PAGE_TRACE - assumed 'SHOW_PAGE_TRACE' D:\www\newmmx\Application\Common\Conf\debug.php 第 4 行.
INFO: [ app_init ] --START--
INFO: Run Behavior\BuildLiteBehavior [ RunTime:0.000005s ]
INFO: [ app_init ] --END-- [ RunTime:0.000024s ]
INFO: [ app_begin ] --START--
INFO: Run Behavior\ReadHtmlCacheBehavior [ RunTime:0.000307s ]
INFO: [ app_begin ] --END-- [ RunTime:0.000328s ]
SQL: SHOW COLUMNS FROM `lr_adminuser` [ RunTime:0.0231s ]
SQL: SELECT * FROM `lr_adminuser` WHERE ( name='admin' AND del<1 ) LIMIT 1   [ RunTime:0.0003s ]
SQL: SHOW COLUMNS FROM `lr_program` [ RunTime:0.0092s ]
SQL: SELECT * FROM `lr_program` LIMIT 1   [ RunTime:0.0003s ]
NOTIC: [8] Undefined index: shop_id D:\www\newmmx\Application\Admin\Controller\LoginController.class.php 第 21 行.
INFO: [ app_end ] --START--
INFO: Run Behavior\ShowPageTraceBehavior [ RunTime:0.000467s ]
INFO: [ app_end ] --END-- [ RunTime:0.000489s ]

[ 2019-07-04T00:50:40+08:00 ] 127.0.0.1 /index.php/Admin/Index/index.html
NOTIC: [8] Use of undefined constant SHOW_PAGE_TRACE - assumed 'SHOW_PAGE_TRACE' D:\www\newmmx\Application\Common\Conf\debug.php 第 4 行.
INFO: [ app_init ] --START--
INFO: Run Behavior\BuildLiteBehavior [ RunTime:0.000004s ]
INFO: [ app_init ] --END-- [ RunTime:0.000023s ]
INFO: [ app_begin ] --START--
INFO: Run Behavior\ReadHtmlCacheBehavior [ RunTime:0.000304s ]
INFO: [ app_begin ] --END-- [ RunTime:0.000323s ]
SQL: SHOW COLUMNS FROM `lr_web` [ RunTime:0.0185s ]
SQL: SELECT `concent` FROM `lr_web` WHERE ( id=5 ) LIMIT 1   [ RunTime:0.0002s ]
INFO: [ view_parse ] --START--
INFO: [ template_filter ] --START--
INFO: Run Behavior\ContentReplaceBehavior [ RunTime:0.000063s ]
INFO: [ template_filter ] --END-- [ RunTime:0.000090s ]
INFO: Run Behavior\ParseTemplateBehavior [ RunTime:0.007296s ]
INFO: [ view_parse ] --END-- [ RunTime:0.007324s ]
INFO: [ view_filter ] --START--
INFO: Run Behavior\WriteHtmlCacheBehavior [ RunTime:0.000233s ]
INFO: [ view_filter ] --END-- [ RunTime:0.000250s ]
INFO: [ app_end ] --START--
INFO: Run Behavior\ShowPageTraceBehavior [ RunTime:0.000343s ]
INFO: [ app_end ] --END-- [ RunTime:0.000361s ]

[ 2019-07-04T00:50:40+08:00 ] 127.0.0.1 /index.php/Admin/Page/adminindex.html
NOTIC: [8] Use of undefined constant SHOW_PAGE_TRACE - assumed 'SHOW_PAGE_TRACE' D:\www\newmmx\Application\Common\Conf\debug.php 第 4 行.
INFO: [ app_init ] --START--
INFO: Run Behavior\BuildLiteBehavior [ RunTime:0.000006s ]
INFO: [ app_init ] --END-- [ RunTime:0.000027s ]
INFO: [ app_begin ] --START--
INFO: Run Behavior\ReadHtmlCacheBehavior [ RunTime:0.000367s ]
INFO: [ app_begin ] --END-- [ RunTime:0.000394s ]
INFO: [ view_parse ] --START--
INFO: [ template_filter ] --START--
INFO: Run Behavior\ContentReplaceBehavior [ RunTime:0.000032s ]
INFO: [ template_filter ] --END-- [ RunTime:0.000064s ]
INFO: Run Behavior\ParseTemplateBehavior [ RunTime:0.004998s ]
INFO: [ view_parse ] --END-- [ RunTime:0.005034s ]
INFO: [ view_filter ] --START--
INFO: Run Behavior\WriteHtmlCacheBehavior [ RunTime:0.000249s ]
INFO: [ view_filter ] --END-- [ RunTime:0.000268s ]
INFO: [ app_end ] --START--
INFO: Run Behavior\ShowPageTraceBehavior [ RunTime:0.000368s ]
INFO: [ app_end ] --END-- [ RunTime:0.000387s ]

[ 2019-07-04T00:50:41+08:00 ] 127.0.0.1 /index.php/Admin/Index/index.html
NOTIC: [8] Use of undefined constant SHOW_PAGE_TRACE - assumed 'SHOW_PAGE_TRACE' D:\www\newmmx\Application\Common\Conf\debug.php 第 4 行.
INFO: [ app_init ] --START--
INFO: Run Behavior\BuildLiteBehavior [ RunTime:0.000004s ]
INFO: [ app_init ] --END-- [ RunTime:0.000024s ]
INFO: [ app_begin ] --START--
INFO: Run Behavior\ReadHtmlCacheBehavior [ RunTime:0.000325s ]
INFO: [ app_begin ] --END-- [ RunTime:0.000347s ]
SQL: SHOW COLUMNS FROM `lr_web` [ RunTime:0.0089s ]
SQL: SELECT `concent` FROM `lr_web` WHERE ( id=5 ) LIMIT 1   [ RunTime:0.0002s ]
INFO: [ view_parse ] --START--
INFO: [ template_filter ] --START--
INFO: Run Behavior\ContentReplaceBehavior [ RunTime:0.000064s ]
INFO: [ template_filter ] --END-- [ RunTime:0.000089s ]
INFO: Run Behavior\ParseTemplateBehavior [ RunTime:0.006859s ]
INFO: [ view_parse ] --END-- [ RunTime:0.006889s ]
INFO: [ view_filter ] --START--
INFO: Run Behavior\WriteHtmlCacheBehavior [ RunTime:0.000280s ]
INFO: [ view_filter ] --END-- [ RunTime:0.000298s ]
INFO: [ app_end ] --START--
INFO: Run Behavior\ShowPageTraceBehavior [ RunTime:0.000356s ]
INFO: [ app_end ] --END-- [ RunTime:0.000374s ]

[ 2019-07-04T00:50:41+08:00 ] 127.0.0.1 /index.php/Admin/Page/adminindex.html
NOTIC: [8] Use of undefined constant SHOW_PAGE_TRACE - assumed 'SHOW_PAGE_TRACE' D:\www\newmmx\Application\Common\Conf\debug.php 第 4 行.
INFO: [ app_init ] --START--
INFO: Run Behavior\BuildLiteBehavior [ RunTime:0.000006s ]
INFO: [ app_init ] --END-- [ RunTime:0.000028s ]
INFO: [ app_begin ] --START--
INFO: Run Behavior\ReadHtmlCacheBehavior [ RunTime:0.000373s ]
INFO: [ app_begin ] --END-- [ RunTime:0.000397s ]
INFO: [ view_parse ] --START--
INFO: [ template_filter ] --START--
INFO: Run Behavior\ContentReplaceBehavior [ RunTime:0.000028s ]
INFO: [ template_filter ] --END-- [ RunTime:0.000060s ]
INFO: Run Behavior\ParseTemplateBehavior [ RunTime:0.009945s ]
INFO: [ view_parse ] --END-- [ RunTime:0.009991s ]
INFO: [ view_filter ] --START--
INFO: Run Behavior\WriteHtmlCacheBehavior [ RunTime:0.001500s ]
INFO: [ view_filter ] --END-- [ RunTime:0.001537s ]
INFO: [ app_end ] --START--
INFO: Run Behavior\ShowPageTraceBehavior [ RunTime:0.002384s ]
INFO: [ app_end ] --END-- [ RunTime:0.002417s ]

[ 2019-07-04T00:50:45+08:00 ] 127.0.0.1 /index.php/Admin/Product/index.html
NOTIC: [8] Use of undefined constant SHOW_PAGE_TRACE - assumed 'SHOW_PAGE_TRACE' D:\www\newmmx\Application\Common\Conf\debug.php 第 4 行.
INFO: [ app_init ] --START--
INFO: Run Behavior\BuildLiteBehavior [ RunTime:0.000004s ]
INFO: [ app_init ] --END-- [ RunTime:0.000025s ]
INFO: [ app_begin ] --START--
INFO: Run Behavior\ReadHtmlCacheBehavior [ RunTime:0.000301s ]
INFO: [ app_begin ] --END-- [ RunTime:0.000323s ]
NOTIC: [8] Undefined index: id D:\www\newmmx\Application\Admin\Controller\ProductController.class.php 第 14 行.
NOTIC: [8] Undefined index: shop_id D:\www\newmmx\Application\Admin\Controller\ProductController.class.php 第 15 行.
NOTIC: [8] Undefined index: type D:\www\newmmx\Application\Admin\Controller\ProductController.class.php 第 18 行.
NOTIC: [8] Undefined index: tuijian D:\www\newmmx\Application\Admin\Controller\ProductController.class.php 第 19 行.
NOTIC: [8] Undefined index: name D:\www\newmmx\Application\Admin\Controller\ProductController.class.php 第 20 行.
SQL: SHOW COLUMNS FROM `lr_product` [ RunTime:0.0084s ]
SQL: SELECT COUNT(*) AS tp_count FROM `lr_product` WHERE ( 1=1 AND pro_type=1 AND del<1 ) LIMIT 1   [ RunTime:0.0003s ]
NOTIC: [8] Undefined index: page D:\www\newmmx\Application\Admin\Controller\ProductController.class.php 第 32 行.
SQL: SELECT * FROM `lr_product` WHERE ( 1=1 AND pro_type=1 AND del<1 ) ORDER BY addtime desc LIMIT 0,5   [ RunTime:0.0004s ]
SQL: SHOW COLUMNS FROM `lr_category` [ RunTime:0.0206s ]
SQL: SELECT `name` FROM `lr_category` WHERE ( id=0 ) LIMIT 1   [ RunTime:0.0002s ]
SQL: SHOW COLUMNS FROM `lr_brand` [ RunTime:0.0084s ]
SQL: SELECT `name` FROM `lr_brand` WHERE ( id=0 ) LIMIT 1   [ RunTime:0.0003s ]
SQL: SELECT `name` FROM `lr_category` WHERE ( id=0 ) LIMIT 1   [ RunTime:0.0002s ]
SQL: SELECT `name` FROM `lr_brand` WHERE ( id=0 ) LIMIT 1   [ RunTime:0.0002s ]
INFO: [ view_parse ] --START--
INFO: [ template_filter ] --START--
INFO: Run Behavior\ContentReplaceBehavior [ RunTime:0.000059s ]
INFO: [ template_filter ] --END-- [ RunTime:0.000086s ]
INFO: Run Behavior\ParseTemplateBehavior [ RunTime:0.012388s ]
INFO: [ view_parse ] --END-- [ RunTime:0.012414s ]
INFO: [ view_filter ] --START--
INFO: Run Behavior\WriteHtmlCacheBehavior [ RunTime:0.000227s ]
INFO: [ view_filter ] --END-- [ RunTime:0.000244s ]
INFO: [ app_end ] --START--
INFO: Run Behavior\ShowPageTraceBehavior [ RunTime:0.000350s ]
INFO: [ app_end ] --END-- [ RunTime:0.000368s ]

[ 2019-07-04T00:50:48+08:00 ] 127.0.0.1 /index.php/Admin/Product/add.html?id=299&page=0&name=&shop_id=0&tuijian=
NOTIC: [8] Use of undefined constant SHOW_PAGE_TRACE - assumed 'SHOW_PAGE_TRACE' D:\www\newmmx\Application\Common\Conf\debug.php 第 4 行.
INFO: [ app_init ] --START--
INFO: Run Behavior\BuildLiteBehavior [ RunTime:0.000006s ]
INFO: [ app_init ] --END-- [ RunTime:0.000026s ]
INFO: [ app_begin ] --START--
INFO: Run Behavior\ReadHtmlCacheBehavior [ RunTime:0.000323s ]
INFO: [ app_begin ] --END-- [ RunTime:0.000345s ]
NOTIC: [8] Undefined index: type D:\www\newmmx\Application\Admin\Controller\ProductController.class.php 第 70 行.
NOTIC: [8] Undefined index: submit D:\www\newmmx\Application\Admin\Controller\ProductController.class.php 第 72 行.
SQL: SHOW COLUMNS FROM `lr_category` [ RunTime:0.0081s ]
SQL: SELECT `id`,`name` FROM `lr_category` WHERE ( tid=1 )  [ RunTime:0.0007s ]
SQL: SHOW COLUMNS FROM `lr_product` [ RunTime:0.0083s ]
SQL: SELECT * FROM `lr_product` WHERE ( id=299 ) LIMIT 1   [ RunTime:0.0004s ]
SQL: SHOW COLUMNS FROM `lr_shangchang` [ RunTime:0.0082s ]
SQL: SELECT * FROM `lr_shangchang` WHERE ( id=0 ) LIMIT 1   [ RunTime:0.0003s ]
SQL: SELECT `tid` FROM `lr_category` WHERE ( id=0 ) LIMIT 1   [ RunTime:0.0002s ]
SQL: SHOW COLUMNS FROM `lr_brand` [ RunTime:0.0082s ]
SQL: SELECT `id`,`name` FROM `lr_brand` WHERE ( 1=1 )  [ RunTime:0.0003s ]
SQL: SHOW COLUMNS FROM `lr_shop_type` [ RunTime:0.0081s ]
SQL: SELECT * FROM `lr_shop_type`  [ RunTime:0.0003s ]
NOTIC: [8] Undefined variable: shop_id D:\www\newmmx\Application\Admin\Controller\ProductController.class.php 第 264 行.
INFO: [ view_parse ] --START--
INFO: [ template_filter ] --START--
INFO: Run Behavior\ContentReplaceBehavior [ RunTime:0.000078s ]
INFO: [ template_filter ] --END-- [ RunTime:0.000099s ]
NOTIC: [8] Undefined variable: img D:\www\newmmx\Application\Runtime\Cache\Admin\8b641081e7ea680aaaea87475742484f.php 第 33 行.
NOTIC: [8] Undefined variable: img D:\www\newmmx\Application\Runtime\Cache\Admin\8b641081e7ea680aaaea87475742484f.php 第 33 行.
NOTIC: [8] Undefined variable: img D:\www\newmmx\Application\Runtime\Cache\Admin\8b641081e7ea680aaaea87475742484f.php 第 33 行.
NOTIC: [2] Division by zero D:\www\newmmx\Application\Runtime\Cache\Admin\8b641081e7ea680aaaea87475742484f.php 第 33 行.
INFO: Run Behavior\ParseTemplateBehavior [ RunTime:0.005787s ]
INFO: [ view_parse ] --END-- [ RunTime:0.005805s ]
INFO: [ view_filter ] --START--
INFO: Run Behavior\WriteHtmlCacheBehavior [ RunTime:0.000218s ]
INFO: [ view_filter ] --END-- [ RunTime:0.000234s ]
INFO: [ app_end ] --START--
INFO: Run Behavior\ShowPageTraceBehavior [ RunTime:0.000346s ]
INFO: [ app_end ] --END-- [ RunTime:0.000365s ]

[ 2019-07-04T00:54:21+08:00 ] 127.0.0.1 /index.php/Admin/Index/index.html
NOTIC: [8] Use of undefined constant SHOW_PAGE_TRACE - assumed 'SHOW_PAGE_TRACE' D:\www\newmmx\Application\Common\Conf\debug.php 第 4 行.
INFO: [ app_init ] --START--
INFO: Run Behavior\BuildLiteBehavior [ RunTime:0.000008s ]
INFO: [ app_init ] --END-- [ RunTime:0.000058s ]
INFO: [ app_begin ] --START--
INFO: Run Behavior\ReadHtmlCacheBehavior [ RunTime:0.000629s ]
INFO: [ app_begin ] --END-- [ RunTime:0.000663s ]
SQL: SHOW COLUMNS FROM `lr_web` [ RunTime:0.0144s ]
SQL: SELECT `concent` FROM `lr_web` WHERE ( id=5 ) LIMIT 1   [ RunTime:0.0002s ]
INFO: [ view_parse ] --START--
INFO: [ template_filter ] --START--
INFO: Run Behavior\ContentReplaceBehavior [ RunTime:0.000094s ]
INFO: [ template_filter ] --END-- [ RunTime:0.000117s ]
INFO: Run Behavior\ParseTemplateBehavior [ RunTime:0.007904s ]
INFO: [ view_parse ] --END-- [ RunTime:0.007927s ]
INFO: [ view_filter ] --START--
INFO: Run Behavior\WriteHtmlCacheBehavior [ RunTime:0.000294s ]
INFO: [ view_filter ] --END-- [ RunTime:0.000311s ]
INFO: [ app_end ] --START--
INFO: Run Behavior\ShowPageTraceBehavior [ RunTime:0.000523s ]
INFO: [ app_end ] --END-- [ RunTime:0.000544s ]

[ 2019-07-04T00:54:21+08:00 ] 127.0.0.1 /index.php/Admin/Page/adminindex.html
NOTIC: [8] Use of undefined constant SHOW_PAGE_TRACE - assumed 'SHOW_PAGE_TRACE' D:\www\newmmx\Application\Common\Conf\debug.php 第 4 行.
INFO: [ app_init ] --START--
INFO: Run Behavior\BuildLiteBehavior [ RunTime:0.000006s ]
INFO: [ app_init ] --END-- [ RunTime:0.000027s ]
INFO: [ app_begin ] --START--
INFO: Run Behavior\ReadHtmlCacheBehavior [ RunTime:0.000370s ]
INFO: [ app_begin ] --END-- [ RunTime:0.000399s ]
INFO: [ view_parse ] --START--
INFO: [ template_filter ] --START--
INFO: Run Behavior\ContentReplaceBehavior [ RunTime:0.000032s ]
INFO: [ template_filter ] --END-- [ RunTime:0.000067s ]
INFO: Run Behavior\ParseTemplateBehavior [ RunTime:0.005679s ]
INFO: [ view_parse ] --END-- [ RunTime:0.005719s ]
INFO: [ view_filter ] --START--
INFO: Run Behavior\WriteHtmlCacheBehavior [ RunTime:0.000264s ]
INFO: [ view_filter ] --END-- [ RunTime:0.000284s ]
INFO: [ app_end ] --START--
INFO: Run Behavior\ShowPageTraceBehavior [ RunTime:0.000423s ]
INFO: [ app_end ] --END-- [ RunTime:0.000447s ]

[ 2019-07-04T00:54:24+08:00 ] 127.0.0.1 /index.php/Admin/Product/add.html
NOTIC: [8] Use of undefined constant SHOW_PAGE_TRACE - assumed 'SHOW_PAGE_TRACE' D:\www\newmmx\Application\Common\Conf\debug.php 第 4 行.
INFO: [ app_init ] --START--
INFO: Run Behavior\BuildLiteBehavior [ RunTime:0.000004s ]
INFO: [ app_init ] --END-- [ RunTime:0.000023s ]
INFO: [ app_begin ] --START--
INFO: Run Behavior\ReadHtmlCacheBehavior [ RunTime:0.000301s ]
INFO: [ app_begin ] --END-- [ RunTime:0.000322s ]
NOTIC: [8] Undefined index: id D:\www\newmmx\Application\Admin\Controller\ProductController.class.php 第 67 行.
NOTIC: [8] Undefined index: page D:\www\newmmx\Application\Admin\Controller\ProductController.class.php 第 68 行.
NOTIC: [8] Undefined index: name D:\www\newmmx\Application\Admin\Controller\ProductController.class.php 第 69 行.
NOTIC: [8] Undefined index: type D:\www\newmmx\Application\Admin\Controller\ProductController.class.php 第 70 行.
NOTIC: [8] Undefined index: submit D:\www\newmmx\Application\Admin\Controller\ProductController.class.php 第 72 行.
SQL: SHOW COLUMNS FROM `lr_category` [ RunTime:0.0093s ]
SQL: SELECT `id`,`name` FROM `lr_category` WHERE ( tid=1 )  [ RunTime:0.0003s ]
NOTIC: [2] Illegal string offset 'cid' D:\www\newmmx\Application\Admin\Controller\ProductController.class.php 第 236 行.
NOTIC: [8] Uninitialized string offset: 0 D:\www\newmmx\Application\Admin\Controller\ProductController.class.php 第 236 行.
SQL: SELECT `tid` FROM `lr_category` WHERE ( id=0 ) LIMIT 1   [ RunTime:0.0002s ]
NOTIC: [8] Undefined index: photo_string D:\www\newmmx\Application\Admin\Controller\ProductController.class.php 第 244 行.
SQL: SHOW COLUMNS FROM `lr_level` [ RunTime:0.0100s ]
SQL: SELECT * FROM `lr_level`  [ RunTime:0.0003s ]
SQL: SHOW COLUMNS FROM `lr_brand` [ RunTime:0.0078s ]
SQL: SELECT `id`,`name` FROM `lr_brand` WHERE ( 1=1 )  [ RunTime:0.0003s ]
SQL: SHOW COLUMNS FROM `lr_shop_type` [ RunTime:0.0080s ]
SQL: SELECT * FROM `lr_shop_type`  [ RunTime:0.0003s ]
NOTIC: [8] Undefined variable: shop_id D:\www\newmmx\Application\Admin\Controller\ProductController.class.php 第 267 行.
INFO: [ view_parse ] --START--
INFO: [ template_filter ] --START--
INFO: Run Behavior\ContentReplaceBehavior [ RunTime:0.000085s ]
INFO: [ template_filter ] --END-- [ RunTime:0.000106s ]
NOTIC: [8] Undefined variable: img D:\www\newmmx\Application\Runtime\Cache\Admin\8b641081e7ea680aaaea87475742484f.php 第 33 行.
NOTIC: [8] Undefined variable: img D:\www\newmmx\Application\Runtime\Cache\Admin\8b641081e7ea680aaaea87475742484f.php 第 33 行.
NOTIC: [8] Undefined variable: img D:\www\newmmx\Application\Runtime\Cache\Admin\8b641081e7ea680aaaea87475742484f.php 第 33 行.
NOTIC: [2] Division by zero D:\www\newmmx\Application\Runtime\Cache\Admin\8b641081e7ea680aaaea87475742484f.php 第 33 行.
NOTIC: [8] Undefined index: name D:\www\newmmx\Application\Runtime\Cache\Admin\8b641081e7ea680aaaea87475742484f.php 第 91 行.
NOTIC: [8] Undefined index: name D:\www\newmmx\Application\Runtime\Cache\Admin\8b641081e7ea680aaaea87475742484f.php 第 98 行.
NOTIC: [8] Undefined index: company D:\www\newmmx\Application\Runtime\Cache\Admin\8b641081e7ea680aaaea87475742484f.php 第 105 行.
NOTIC: [8] Undefined index: price D:\www\newmmx\Application\Runtime\Cache\Admin\8b641081e7ea680aaaea87475742484f.php 第 113 行.
NOTIC: [8] Undefined index: price_yh D:\www\newmmx\Application\Runtime\Cache\Admin\8b641081e7ea680aaaea87475742484f.php 第 119 行.
NOTIC: [8] Undefined index: price_jf D:\www\newmmx\Application\Runtime\Cache\Admin\8b641081e7ea680aaaea87475742484f.php 第 125 行.
NOTIC: [8] Undefined index: pro_number D:\www\newmmx\Application\Runtime\Cache\Admin\8b641081e7ea680aaaea87475742484f.php 第 131 行.
NOTIC: [8] Undefined index: num D:\www\newmmx\Application\Runtime\Cache\Admin\8b641081e7ea680aaaea87475742484f.php 第 139 行.
NOTIC: [8] Undefined index: level_id D:\www\newmmx\Application\Runtime\Cache\Admin\8b641081e7ea680aaaea87475742484f.php 第 147 行.
NOTIC: [8] Undefined index: level_id D:\www\newmmx\Application\Runtime\Cache\Admin\8b641081e7ea680aaaea87475742484f.php 第 147 行.
NOTIC: [8] Undefined index: photo_x D:\www\newmmx\Application\Runtime\Cache\Admin\8b641081e7ea680aaaea87475742484f.php 第 156 行.
NOTIC: [8] Undefined index: photo_d D:\www\newmmx\Application\Runtime\Cache\Admin\8b641081e7ea680aaaea87475742484f.php 第 167 行.
NOTIC: [8] Undefined variable: img_str D:\www\newmmx\Application\Runtime\Cache\Admin\8b641081e7ea680aaaea87475742484f.php 第 179 行.
NOTIC: [8] Undefined index: content D:\www\newmmx\Application\Runtime\Cache\Admin\8b641081e7ea680aaaea87475742484f.php 第 211 行.
NOTIC: [8] Undefined index: renqi D:\www\newmmx\Application\Runtime\Cache\Admin\8b641081e7ea680aaaea87475742484f.php 第 219 行.
NOTIC: [8] Undefined index: is_show D:\www\newmmx\Application\Runtime\Cache\Admin\8b641081e7ea680aaaea87475742484f.php 第 227 行.
NOTIC: [8] Undefined index: is_show D:\www\newmmx\Application\Runtime\Cache\Admin\8b641081e7ea680aaaea87475742484f.php 第 228 行.
NOTIC: [8] Undefined index: is_hot D:\www\newmmx\Application\Runtime\Cache\Admin\8b641081e7ea680aaaea87475742484f.php 第 235 行.
NOTIC: [8] Undefined index: is_hot D:\www\newmmx\Application\Runtime\Cache\Admin\8b641081e7ea680aaaea87475742484f.php 第 236 行.
NOTIC: [8] Undefined index: id D:\www\newmmx\Application\Runtime\Cache\Admin\8b641081e7ea680aaaea87475742484f.php 第 243 行.
INFO: Run Behavior\ParseTemplateBehavior [ RunTime:0.007305s ]
INFO: [ view_parse ] --END-- [ RunTime:0.007326s ]
INFO: [ view_filter ] --START--
INFO: Run Behavior\WriteHtmlCacheBehavior [ RunTime:0.000229s ]
INFO: [ view_filter ] --END-- [ RunTime:0.000245s ]
INFO: [ app_end ] --START--
INFO: Run Behavior\ShowPageTraceBehavior [ RunTime:0.000344s ]
INFO: [ app_end ] --END-- [ RunTime:0.000362s ]

[ 2019-07-04T00:54:32+08:00 ] 127.0.0.1 /index.php/Admin/Product/index.html
NOTIC: [8] Use of undefined constant SHOW_PAGE_TRACE - assumed 'SHOW_PAGE_TRACE' D:\www\newmmx\Application\Common\Conf\debug.php 第 4 行.
INFO: [ app_init ] --START--
INFO: Run Behavior\BuildLiteBehavior [ RunTime:0.000005s ]
INFO: [ app_init ] --END-- [ RunTime:0.000024s ]
INFO: [ app_begin ] --START--
INFO: Run Behavior\ReadHtmlCacheBehavior [ RunTime:0.000342s ]
INFO: [ app_begin ] --END-- [ RunTime:0.000371s ]
NOTIC: [8] Undefined index: id D:\www\newmmx\Application\Admin\Controller\ProductController.class.php 第 14 行.
NOTIC: [8] Undefined index: shop_id D:\www\newmmx\Application\Admin\Controller\ProductController.class.php 第 15 行.
NOTIC: [8] Undefined index: type D:\www\newmmx\Application\Admin\Controller\ProductController.class.php 第 18 行.
NOTIC: [8] Undefined index: tuijian D:\www\newmmx\Application\Admin\Controller\ProductController.class.php 第 19 行.
NOTIC: [8] Undefined index: name D:\www\newmmx\Application\Admin\Controller\ProductController.class.php 第 20 行.
SQL: SHOW COLUMNS FROM `lr_product` [ RunTime:0.0212s ]
SQL: SELECT COUNT(*) AS tp_count FROM `lr_product` WHERE ( 1=1 AND pro_type=1 AND del<1 ) LIMIT 1   [ RunTime:0.0002s ]
NOTIC: [8] Undefined index: page D:\www\newmmx\Application\Admin\Controller\ProductController.class.php 第 32 行.
SQL: SELECT * FROM `lr_product` WHERE ( 1=1 AND pro_type=1 AND del<1 ) ORDER BY addtime desc LIMIT 0,5   [ RunTime:0.0004s ]
SQL: SHOW COLUMNS FROM `lr_category` [ RunTime:0.0080s ]
SQL: SELECT `name` FROM `lr_category` WHERE ( id=0 ) LIMIT 1   [ RunTime:0.0002s ]
SQL: SHOW COLUMNS FROM `lr_brand` [ RunTime:0.0081s ]
SQL: SELECT `name` FROM `lr_brand` WHERE ( id=0 ) LIMIT 1   [ RunTime:0.0002s ]
SQL: SELECT `name` FROM `lr_category` WHERE ( id=0 ) LIMIT 1   [ RunTime:0.0002s ]
SQL: SELECT `name` FROM `lr_brand` WHERE ( id=0 ) LIMIT 1   [ RunTime:0.0002s ]
INFO: [ view_parse ] --START--
INFO: [ template_filter ] --START--
INFO: Run Behavior\ContentReplaceBehavior [ RunTime:0.000055s ]
INFO: [ template_filter ] --END-- [ RunTime:0.000075s ]
INFO: Run Behavior\ParseTemplateBehavior [ RunTime:0.005710s ]
INFO: [ view_parse ] --END-- [ RunTime:0.005733s ]
INFO: [ view_filter ] --START--
INFO: Run Behavior\WriteHtmlCacheBehavior [ RunTime:0.000229s ]
INFO: [ view_filter ] --END-- [ RunTime:0.000245s ]
INFO: [ app_end ] --START--
INFO: Run Behavior\ShowPageTraceBehavior [ RunTime:0.000357s ]
INFO: [ app_end ] --END-- [ RunTime:0.000377s ]

[ 2019-07-04T00:54:36+08:00 ] 127.0.0.1 /index.php/Admin/Product/add.html?id=299&page=0&name=&shop_id=0&tuijian=
NOTIC: [8] Use of undefined constant SHOW_PAGE_TRACE - assumed 'SHOW_PAGE_TRACE' D:\www\newmmx\Application\Common\Conf\debug.php 第 4 行.
INFO: [ app_init ] --START--
INFO: Run Behavior\BuildLiteBehavior [ RunTime:0.000005s ]
INFO: [ app_init ] --END-- [ RunTime:0.000031s ]
INFO: [ app_begin ] --START--
INFO: Run Behavior\ReadHtmlCacheBehavior [ RunTime:0.000360s ]
INFO: [ app_begin ] --END-- [ RunTime:0.000387s ]
NOTIC: [8] Undefined index: type D:\www\newmmx\Application\Admin\Controller\ProductController.class.php 第 70 行.
NOTIC: [8] Undefined index: submit D:\www\newmmx\Application\Admin\Controller\ProductController.class.php 第 72 行.
SQL: SHOW COLUMNS FROM `lr_category` [ RunTime:0.0079s ]
SQL: SELECT `id`,`name` FROM `lr_category` WHERE ( tid=1 )  [ RunTime:0.0003s ]
SQL: SHOW COLUMNS FROM `lr_product` [ RunTime:0.0084s ]
SQL: SELECT * FROM `lr_product` WHERE ( id=299 ) LIMIT 1   [ RunTime:0.0004s ]
SQL: SHOW COLUMNS FROM `lr_shangchang` [ RunTime:0.0080s ]
SQL: SELECT * FROM `lr_shangchang` WHERE ( id=0 ) LIMIT 1   [ RunTime:0.0003s ]
SQL: SELECT `tid` FROM `lr_category` WHERE ( id=0 ) LIMIT 1   [ RunTime:0.0002s ]
SQL: SHOW COLUMNS FROM `lr_level` [ RunTime:0.0083s ]
SQL: SELECT * FROM `lr_level`  [ RunTime:0.0003s ]
SQL: SHOW COLUMNS FROM `lr_brand` [ RunTime:0.0079s ]
SQL: SELECT `id`,`name` FROM `lr_brand` WHERE ( 1=1 )  [ RunTime:0.0002s ]
SQL: SHOW COLUMNS FROM `lr_shop_type` [ RunTime:0.0081s ]
SQL: SELECT * FROM `lr_shop_type`  [ RunTime:0.0003s ]
NOTIC: [8] Undefined variable: shop_id D:\www\newmmx\Application\Admin\Controller\ProductController.class.php 第 267 行.
INFO: [ view_parse ] --START--
INFO: [ template_filter ] --START--
INFO: Run Behavior\ContentReplaceBehavior [ RunTime:0.000086s ]
INFO: [ template_filter ] --END-- [ RunTime:0.000105s ]
NOTIC: [8] Undefined variable: img D:\www\newmmx\Application\Runtime\Cache\Admin\8b641081e7ea680aaaea87475742484f.php 第 33 行.
NOTIC: [8] Undefined variable: img D:\www\newmmx\Application\Runtime\Cache\Admin\8b641081e7ea680aaaea87475742484f.php 第 33 行.
NOTIC: [8] Undefined variable: img D:\www\newmmx\Application\Runtime\Cache\Admin\8b641081e7ea680aaaea87475742484f.php 第 33 行.
NOTIC: [2] Division by zero D:\www\newmmx\Application\Runtime\Cache\Admin\8b641081e7ea680aaaea87475742484f.php 第 33 行.
INFO: Run Behavior\ParseTemplateBehavior [ RunTime:0.006250s ]
INFO: [ view_parse ] --END-- [ RunTime:0.006270s ]
INFO: [ view_filter ] --START--
INFO: Run Behavior\WriteHtmlCacheBehavior [ RunTime:0.000228s ]
INFO: [ view_filter ] --END-- [ RunTime:0.000244s ]
INFO: [ app_end ] --START--
INFO: Run Behavior\ShowPageTraceBehavior [ RunTime:0.000351s ]
INFO: [ app_end ] --END-- [ RunTime:0.000368s ]

[ 2019-07-04T00:54:39+08:00 ] 127.0.0.1 /index.php/Admin/Product/index.html
NOTIC: [8] Use of undefined constant SHOW_PAGE_TRACE - assumed 'SHOW_PAGE_TRACE' D:\www\newmmx\Application\Common\Conf\debug.php 第 4 行.
INFO: [ app_init ] --START--
INFO: Run Behavior\BuildLiteBehavior [ RunTime:0.000005s ]
INFO: [ app_init ] --END-- [ RunTime:0.000024s ]
INFO: [ app_begin ] --START--
INFO: Run Behavior\ReadHtmlCacheBehavior [ RunTime:0.000351s ]
INFO: [ app_begin ] --END-- [ RunTime:0.000373s ]
NOTIC: [8] Undefined index: id D:\www\newmmx\Application\Admin\Controller\ProductController.class.php 第 14 行.
NOTIC: [8] Undefined index: shop_id D:\www\newmmx\Application\Admin\Controller\ProductController.class.php 第 15 行.
NOTIC: [8] Undefined index: type D:\www\newmmx\Application\Admin\Controller\ProductController.class.php 第 18 行.
NOTIC: [8] Undefined index: tuijian D:\www\newmmx\Application\Admin\Controller\ProductController.class.php 第 19 行.
NOTIC: [8] Undefined index: name D:\www\newmmx\Application\Admin\Controller\ProductController.class.php 第 20 行.
SQL: SHOW COLUMNS FROM `lr_product` [ RunTime:0.0089s ]
SQL: SELECT COUNT(*) AS tp_count FROM `lr_product` WHERE ( 1=1 AND pro_type=1 AND del<1 ) LIMIT 1   [ RunTime:0.0002s ]
NOTIC: [8] Undefined index: page D:\www\newmmx\Application\Admin\Controller\ProductController.class.php 第 32 行.
SQL: SELECT * FROM `lr_product` WHERE ( 1=1 AND pro_type=1 AND del<1 ) ORDER BY addtime desc LIMIT 0,5   [ RunTime:0.0004s ]
SQL: SHOW COLUMNS FROM `lr_category` [ RunTime:0.0079s ]
SQL: SELECT `name` FROM `lr_category` WHERE ( id=0 ) LIMIT 1   [ RunTime:0.0002s ]
SQL: SHOW COLUMNS FROM `lr_brand` [ RunTime:0.0080s ]
SQL: SELECT `name` FROM `lr_brand` WHERE ( id=0 ) LIMIT 1   [ RunTime:0.0002s ]
SQL: SELECT `name` FROM `lr_category` WHERE ( id=0 ) LIMIT 1   [ RunTime:0.0002s ]
SQL: SELECT `name` FROM `lr_brand` WHERE ( id=0 ) LIMIT 1   [ RunTime:0.0002s ]
INFO: [ view_parse ] --START--
INFO: [ template_filter ] --START--
INFO: Run Behavior\ContentReplaceBehavior [ RunTime:0.000055s ]
INFO: [ template_filter ] --END-- [ RunTime:0.000074s ]
INFO: Run Behavior\ParseTemplateBehavior [ RunTime:0.005838s ]
INFO: [ view_parse ] --END-- [ RunTime:0.005864s ]
INFO: [ view_filter ] --START--
INFO: Run Behavior\WriteHtmlCacheBehavior [ RunTime:0.000231s ]
INFO: [ view_filter ] --END-- [ RunTime:0.000248s ]
INFO: [ app_end ] --START--
INFO: Run Behavior\ShowPageTraceBehavior [ RunTime:0.000372s ]
INFO: [ app_end ] --END-- [ RunTime:0.000390s ]

[ 2019-07-04T00:54:41+08:00 ] 127.0.0.1 /index.php/Admin/Product/add.html?id=298&page=0&name=&shop_id=0&tuijian=
NOTIC: [8] Use of undefined constant SHOW_PAGE_TRACE - assumed 'SHOW_PAGE_TRACE' D:\www\newmmx\Application\Common\Conf\debug.php 第 4 行.
INFO: [ app_init ] --START--
INFO: Run Behavior\BuildLiteBehavior [ RunTime:0.000005s ]
INFO: [ app_init ] --END-- [ RunTime:0.000025s ]
INFO: [ app_begin ] --START--
INFO: Run Behavior\ReadHtmlCacheBehavior [ RunTime:0.000336s ]
INFO: [ app_begin ] --END-- [ RunTime:0.000361s ]
NOTIC: [8] Undefined index: type D:\www\newmmx\Application\Admin\Controller\ProductController.class.php 第 70 行.
NOTIC: [8] Undefined index: submit D:\www\newmmx\Application\Admin\Controller\ProductController.class.php 第 72 行.
SQL: SHOW COLUMNS FROM `lr_category` [ RunTime:0.0209s ]
SQL: SELECT `id`,`name` FROM `lr_category` WHERE ( tid=1 )  [ RunTime:0.0003s ]
SQL: SHOW COLUMNS FROM `lr_product` [ RunTime:0.0085s ]
SQL: SELECT * FROM `lr_product` WHERE ( id=298 ) LIMIT 1   [ RunTime:0.0004s ]
SQL: SHOW COLUMNS FROM `lr_shangchang` [ RunTime:0.0084s ]
SQL: SELECT * FROM `lr_shangchang` WHERE ( id=0 ) LIMIT 1   [ RunTime:0.0003s ]
SQL: SELECT `tid` FROM `lr_category` WHERE ( id=0 ) LIMIT 1   [ RunTime:0.0002s ]
SQL: SHOW COLUMNS FROM `lr_level` [ RunTime:0.0083s ]
SQL: SELECT * FROM `lr_level`  [ RunTime:0.0003s ]
SQL: SHOW COLUMNS FROM `lr_brand` [ RunTime:0.0085s ]
SQL: SELECT `id`,`name` FROM `lr_brand` WHERE ( 1=1 )  [ RunTime:0.0003s ]
SQL: SHOW COLUMNS FROM `lr_shop_type` [ RunTime:0.0080s ]
SQL: SELECT * FROM `lr_shop_type`  [ RunTime:0.0004s ]
NOTIC: [8] Undefined variable: shop_id D:\www\newmmx\Application\Admin\Controller\ProductController.class.php 第 267 行.
INFO: [ view_parse ] --START--
INFO: [ template_filter ] --START--
INFO: Run Behavior\ContentReplaceBehavior [ RunTime:0.000082s ]
INFO: [ template_filter ] --END-- [ RunTime:0.000112s ]
NOTIC: [8] Undefined variable: img D:\www\newmmx\Application\Runtime\Cache\Admin\8b641081e7ea680aaaea87475742484f.php 第 33 行.
NOTIC: [8] Undefined variable: img D:\www\newmmx\Application\Runtime\Cache\Admin\8b641081e7ea680aaaea87475742484f.php 第 33 行.
NOTIC: [8] Undefined variable: img D:\www\newmmx\Application\Runtime\Cache\Admin\8b641081e7ea680aaaea87475742484f.php 第 33 行.
NOTIC: [2] Division by zero D:\www\newmmx\Application\Runtime\Cache\Admin\8b641081e7ea680aaaea87475742484f.php 第 33 行.
INFO: Run Behavior\ParseTemplateBehavior [ RunTime:0.006103s ]
INFO: [ view_parse ] --END-- [ RunTime:0.006123s ]
INFO: [ view_filter ] --START--
INFO: Run Behavior\WriteHtmlCacheBehavior [ RunTime:0.000220s ]
INFO: [ view_filter ] --END-- [ RunTime:0.000236s ]
INFO: [ app_end ] --START--
INFO: Run Behavior\ShowPageTraceBehavior [ RunTime:0.000375s ]
INFO: [ app_end ] --END-- [ RunTime:0.000395s ]

[ 2019-07-04T00:54:45+08:00 ] 127.0.0.1 /index.php/Admin/Product/add.html?id=298&page=0&type=&name=&shop_id=
NOTIC: [8] Use of undefined constant SHOW_PAGE_TRACE - assumed 'SHOW_PAGE_TRACE' D:\www\newmmx\Application\Common\Conf\debug.php 第 4 行.
INFO: [ app_init ] --START--
INFO: Run Behavior\BuildLiteBehavior [ RunTime:0.000004s ]
INFO: [ app_init ] --END-- [ RunTime:0.000022s ]
INFO: [ app_begin ] --START--
INFO: Run Behavior\ReadHtmlCacheBehavior [ RunTime:0.000413s ]
INFO: [ app_begin ] --END-- [ RunTime:0.000440s ]
NOTIC: [8] Undefined index: shop_id D:\www\newmmx\Application\Admin\Controller\ProductController.class.php 第 80 行.
NOTIC: [8] Undefined index: sort D:\www\newmmx\Application\Admin\Controller\ProductController.class.php 第 82 行.
NOTIC: [8] Undefined index: price_yh D:\www\newmmx\Application\Admin\Controller\ProductController.class.php 第 84 行.
NOTIC: [8] Undefined index: is_sale D:\www\newmmx\Application\Admin\Controller\ProductController.class.php 第 94 行.
NOTIC: [8] Undefined index: shop_type D:\www\newmmx\Application\Admin\Controller\ProductController.class.php 第 95 行.
SQL: SHOW COLUMNS FROM `lr_product` [ RunTime:0.0162s ]
SQL: SELECT `photo_string` FROM `lr_product` WHERE ( id=298 ) LIMIT 1   [ RunTime:0.0003s ]
NOTIC: [8] Undefined index: photo_string D:\www\newmmx\Application\Admin\Controller\ProductController.class.php 第 192 行.
SQL: UPDATE `lr_product` SET `name`='联创大礼包',`intro`='联创大礼包',`shop_id`='0',`pro_number`='112',`sort`='0',`price`='398',`price_yh`='0',`updatetime`='1562172885',`num`='999999',`content`='这是一份联创大礼包',`company`='个',`pro_type`='1',`renqi`='0',`is_hot`='1',`is_show`='1',`is_sale`='0',`shop_type`='0',`shiyong`='1342' WHERE ( id=298 ) [ RunTime:0.0003s ]
INFO: [ view_parse ] --START--
INFO: [ template_filter ] --START--
INFO: Run Behavior\ContentReplaceBehavior [ RunTime:0.000022s ]
INFO: [ template_filter ] --END-- [ RunTime:0.000047s ]
INFO: Run Behavior\ParseTemplateBehavior [ RunTime:0.011934s ]
INFO: [ view_parse ] --END-- [ RunTime:0.011960s ]
INFO: [ view_filter ] --START--
INFO: Run Behavior\WriteHtmlCacheBehavior [ RunTime:0.000231s ]
INFO: [ view_filter ] --END-- [ RunTime:0.000248s ]

[ 2019-07-04T00:54:47+08:00 ] 127.0.0.1 /index.php/Admin/Product/add.html?id=298&page=0&name=&shop_id=0&tuijian=
NOTIC: [8] Use of undefined constant SHOW_PAGE_TRACE - assumed 'SHOW_PAGE_TRACE' D:\www\newmmx\Application\Common\Conf\debug.php 第 4 行.
INFO: [ app_init ] --START--
INFO: Run Behavior\BuildLiteBehavior [ RunTime:0.000005s ]
INFO: [ app_init ] --END-- [ RunTime:0.000024s ]
INFO: [ app_begin ] --START--
INFO: Run Behavior\ReadHtmlCacheBehavior [ RunTime:0.000353s ]
INFO: [ app_begin ] --END-- [ RunTime:0.000375s ]
NOTIC: [8] Undefined index: type D:\www\newmmx\Application\Admin\Controller\ProductController.class.php 第 70 行.
NOTIC: [8] Undefined index: submit D:\www\newmmx\Application\Admin\Controller\ProductController.class.php 第 72 行.
SQL: SHOW COLUMNS FROM `lr_category` [ RunTime:0.0087s ]
SQL: SELECT `id`,`name` FROM `lr_category` WHERE ( tid=1 )  [ RunTime:0.0004s ]
SQL: SHOW COLUMNS FROM `lr_product` [ RunTime:0.0084s ]
SQL: SELECT * FROM `lr_product` WHERE ( id=298 ) LIMIT 1   [ RunTime:0.0004s ]
SQL: SHOW COLUMNS FROM `lr_shangchang` [ RunTime:0.0083s ]
SQL: SELECT * FROM `lr_shangchang` WHERE ( id=0 ) LIMIT 1   [ RunTime:0.0003s ]
SQL: SELECT `tid` FROM `lr_category` WHERE ( id=0 ) LIMIT 1   [ RunTime:0.0002s ]
SQL: SHOW COLUMNS FROM `lr_level` [ RunTime:0.0125s ]
SQL: SELECT * FROM `lr_level`  [ RunTime:0.0003s ]
SQL: SHOW COLUMNS FROM `lr_brand` [ RunTime:0.0080s ]
SQL: SELECT `id`,`name` FROM `lr_brand` WHERE ( 1=1 )  [ RunTime:0.0002s ]
SQL: SHOW COLUMNS FROM `lr_shop_type` [ RunTime:0.0087s ]
SQL: SELECT * FROM `lr_shop_type`  [ RunTime:0.0003s ]
NOTIC: [8] Undefined variable: shop_id D:\www\newmmx\Application\Admin\Controller\ProductController.class.php 第 267 行.
INFO: [ view_parse ] --START--
INFO: [ template_filter ] --START--
INFO: Run Behavior\ContentReplaceBehavior [ RunTime:0.000085s ]
INFO: [ template_filter ] --END-- [ RunTime:0.000107s ]
NOTIC: [8] Undefined variable: img D:\www\newmmx\Application\Runtime\Cache\Admin\8b641081e7ea680aaaea87475742484f.php 第 33 行.
NOTIC: [8] Undefined variable: img D:\www\newmmx\Application\Runtime\Cache\Admin\8b641081e7ea680aaaea87475742484f.php 第 33 行.
NOTIC: [8] Undefined variable: img D:\www\newmmx\Application\Runtime\Cache\Admin\8b641081e7ea680aaaea87475742484f.php 第 33 行.
NOTIC: [2] Division by zero D:\www\newmmx\Application\Runtime\Cache\Admin\8b641081e7ea680aaaea87475742484f.php 第 33 行.
INFO: Run Behavior\ParseTemplateBehavior [ RunTime:0.006287s ]
INFO: [ view_parse ] --END-- [ RunTime:0.006309s ]
INFO: [ view_filter ] --START--
INFO: Run Behavior\WriteHtmlCacheBehavior [ RunTime:0.000240s ]
INFO: [ view_filter ] --END-- [ RunTime:0.000256s ]
INFO: [ app_end ] --START--
INFO: Run Behavior\ShowPageTraceBehavior [ RunTime:0.000346s ]
INFO: [ app_end ] --END-- [ RunTime:0.000365s ]

[ 2019-07-04T23:09:02+08:00 ] 127.0.0.1 /admin.php
NOTIC: [8] Use of undefined constant SHOW_PAGE_TRACE - assumed 'SHOW_PAGE_TRACE' D:\www\newmmx\Application\Common\Conf\debug.php 第 4 行.
INFO: [ app_init ] --START--
INFO: Run Behavior\BuildLiteBehavior [ RunTime:0.000011s ]
INFO: [ app_init ] --END-- [ RunTime:0.000080s ]
INFO: [ app_begin ] --START--
INFO: Run Behavior\ReadHtmlCacheBehavior [ RunTime:0.000576s ]
INFO: [ app_begin ] --END-- [ RunTime:0.000600s ]

[ 2019-07-04T23:09:04+08:00 ] 127.0.0.1 /index.php/Admin/Login/index.html
NOTIC: [8] Use of undefined constant SHOW_PAGE_TRACE - assumed 'SHOW_PAGE_TRACE' D:\www\newmmx\Application\Common\Conf\debug.php 第 4 行.
INFO: [ app_init ] --START--
INFO: Run Behavior\BuildLiteBehavior [ RunTime:0.000006s ]
INFO: [ app_init ] --END-- [ RunTime:0.000026s ]
INFO: [ app_begin ] --START--
INFO: Run Behavior\ReadHtmlCacheBehavior [ RunTime:0.000382s ]
INFO: [ app_begin ] --END-- [ RunTime:0.000413s ]
SQL: SHOW COLUMNS FROM `lr_program` [ RunTime:0.0076s ]
SQL: SELECT * FROM `lr_program` LIMIT 1   [ RunTime:0.0003s ]
INFO: [ view_parse ] --START--
INFO: [ template_filter ] --START--
INFO: Run Behavior\ContentReplaceBehavior [ RunTime:0.000092s ]
INFO: [ template_filter ] --END-- [ RunTime:0.000122s ]
NOTIC: [8] Undefined variable: key D:\www\newmmx\Application\Runtime\Cache\Admin\32ec6c906c117a7c2bf504769276d87a.php 第 28 行.
INFO: Run Behavior\ParseTemplateBehavior [ RunTime:0.007704s ]
INFO: [ view_parse ] --END-- [ RunTime:0.007726s ]
INFO: [ view_filter ] --START--
INFO: Run Behavior\WriteHtmlCacheBehavior [ RunTime:0.000557s ]
INFO: [ view_filter ] --END-- [ RunTime:0.000579s ]
INFO: [ app_end ] --START--
INFO: Run Behavior\ShowPageTraceBehavior [ RunTime:0.000927s ]
INFO: [ app_end ] --END-- [ RunTime:0.000949s ]

[ 2019-07-04T23:09:04+08:00 ] 127.0.0.1 /index.php/Admin/Login/lib/jquery/1.9.1/jquery.min.js
NOTIC: [8] Use of undefined constant SHOW_PAGE_TRACE - assumed 'SHOW_PAGE_TRACE' D:\www\newmmx\Application\Common\Conf\debug.php 第 4 行.
INFO: [ app_init ] --START--
INFO: Run Behavior\BuildLiteBehavior [ RunTime:0.000006s ]
INFO: [ app_init ] --END-- [ RunTime:0.000028s ]
INFO: [ app_begin ] --START--
INFO: Run Behavior\ReadHtmlCacheBehavior [ RunTime:0.000463s ]
INFO: [ app_begin ] --END-- [ RunTime:0.000496s ]
ERR: 非法操作:lib

[ 2019-07-04T23:09:05+08:00 ] 127.0.0.1 /index.php/Admin/Login/static/h-ui/js/H-ui.min.js
NOTIC: [8] Use of undefined constant SHOW_PAGE_TRACE - assumed 'SHOW_PAGE_TRACE' D:\www\newmmx\Application\Common\Conf\debug.php 第 4 行.
INFO: [ app_init ] --START--
INFO: Run Behavior\BuildLiteBehavior [ RunTime:0.000004s ]
INFO: [ app_init ] --END-- [ RunTime:0.000022s ]
INFO: [ app_begin ] --START--
INFO: Run Behavior\ReadHtmlCacheBehavior [ RunTime:0.000293s ]
INFO: [ app_begin ] --END-- [ RunTime:0.000313s ]
ERR: 非法操作:static

[ 2019-07-04T23:09:07+08:00 ] 127.0.0.1 /index.php/Admin/Login/index.html?key=
NOTIC: [8] Use of undefined constant SHOW_PAGE_TRACE - assumed 'SHOW_PAGE_TRACE' D:\www\newmmx\Application\Common\Conf\debug.php 第 4 行.
INFO: [ app_init ] --START--
INFO: Run Behavior\BuildLiteBehavior [ RunTime:0.000005s ]
INFO: [ app_init ] --END-- [ RunTime:0.000025s ]
INFO: [ app_begin ] --START--
INFO: Run Behavior\ReadHtmlCacheBehavior [ RunTime:0.000322s ]
INFO: [ app_begin ] --END-- [ RunTime:0.000344s ]
SQL: SHOW COLUMNS FROM `lr_adminuser` [ RunTime:0.0119s ]
SQL: SELECT * FROM `lr_adminuser` WHERE ( name='admin' AND del<1 ) LIMIT 1   [ RunTime:0.0023s ]
SQL: SHOW COLUMNS FROM `lr_program` [ RunTime:0.0081s ]
SQL: SELECT * FROM `lr_program` LIMIT 1   [ RunTime:0.0002s ]
NOTIC: [8] Undefined index: shop_id D:\www\newmmx\Application\Admin\Controller\LoginController.class.php 第 21 行.
INFO: [ app_end ] --START--
INFO: Run Behavior\ShowPageTraceBehavior [ RunTime:0.000412s ]
INFO: [ app_end ] --END-- [ RunTime:0.000431s ]

[ 2019-07-04T23:09:08+08:00 ] 127.0.0.1 /index.php/Admin/Index/index.html
NOTIC: [8] Use of undefined constant SHOW_PAGE_TRACE - assumed 'SHOW_PAGE_TRACE' D:\www\newmmx\Application\Common\Conf\debug.php 第 4 行.
INFO: [ app_init ] --START--
INFO: Run Behavior\BuildLiteBehavior [ RunTime:0.000006s ]
INFO: [ app_init ] --END-- [ RunTime:0.000026s ]
INFO: [ app_begin ] --START--
INFO: Run Behavior\ReadHtmlCacheBehavior [ RunTime:0.000322s ]
INFO: [ app_begin ] --END-- [ RunTime:0.000344s ]
SQL: SHOW COLUMNS FROM `lr_web` [ RunTime:0.0080s ]
SQL: SELECT `concent` FROM `lr_web` WHERE ( id=5 ) LIMIT 1   [ RunTime:0.0003s ]
INFO: [ view_parse ] --START--
INFO: [ template_filter ] --START--
INFO: Run Behavior\ContentReplaceBehavior [ RunTime:0.000063s ]
INFO: [ template_filter ] --END-- [ RunTime:0.000083s ]
INFO: Run Behavior\ParseTemplateBehavior [ RunTime:0.006253s ]
INFO: [ view_parse ] --END-- [ RunTime:0.006283s ]
INFO: [ view_filter ] --START--
INFO: Run Behavior\WriteHtmlCacheBehavior [ RunTime:0.000407s ]
INFO: [ view_filter ] --END-- [ RunTime:0.000429s ]
INFO: [ app_end ] --START--
INFO: Run Behavior\ShowPageTraceBehavior [ RunTime:0.000475s ]
INFO: [ app_end ] --END-- [ RunTime:0.000502s ]

[ 2019-07-04T23:09:08+08:00 ] 127.0.0.1 /index.php/Admin/Page/adminindex.html
NOTIC: [8] Use of undefined constant SHOW_PAGE_TRACE - assumed 'SHOW_PAGE_TRACE' D:\www\newmmx\Application\Common\Conf\debug.php 第 4 行.
INFO: [ app_init ] --START--
INFO: Run Behavior\BuildLiteBehavior [ RunTime:0.000006s ]
INFO: [ app_init ] --END-- [ RunTime:0.000025s ]
INFO: [ app_begin ] --START--
INFO: Run Behavior\ReadHtmlCacheBehavior [ RunTime:0.000374s ]
INFO: [ app_begin ] --END-- [ RunTime:0.000405s ]
INFO: [ view_parse ] --START--
INFO: [ template_filter ] --START--
INFO: Run Behavior\ContentReplaceBehavior [ RunTime:0.000030s ]
INFO: [ template_filter ] --END-- [ RunTime:0.000057s ]
INFO: Run Behavior\ParseTemplateBehavior [ RunTime:0.004508s ]
INFO: [ view_parse ] --END-- [ RunTime:0.004547s ]
INFO: [ view_filter ] --START--
INFO: Run Behavior\WriteHtmlCacheBehavior [ RunTime:0.000263s ]
INFO: [ view_filter ] --END-- [ RunTime:0.000282s ]
INFO: [ app_end ] --START--
INFO: Run Behavior\ShowPageTraceBehavior [ RunTime:0.000381s ]
INFO: [ app_end ] --END-- [ RunTime:0.000403s ]

[ 2019-07-04T23:09:15+08:00 ] 127.0.0.1 /index.php/Admin/Order/index.html
NOTIC: [8] Use of undefined constant SHOW_PAGE_TRACE - assumed 'SHOW_PAGE_TRACE' D:\www\newmmx\Application\Common\Conf\debug.php 第 4 行.
INFO: [ app_init ] --START--
INFO: Run Behavior\BuildLiteBehavior [ RunTime:0.000005s ]
INFO: [ app_init ] --END-- [ RunTime:0.000030s ]
INFO: [ app_begin ] --START--
INFO: Run Behavior\ReadHtmlCacheBehavior [ RunTime:0.000293s ]
INFO: [ app_begin ] --END-- [ RunTime:0.000312s ]
NOTIC: [2] Declaration of Admin\Controller\OrderController::show() should be compatible with Think\Controller::show($content, $charset = '', $contentType = '', $prefix = '') D:\www\newmmx\Application\Admin\Controller\OrderController.class.php 第 4 行.
SQL: SHOW COLUMNS FROM `lr_order` [ RunTime:0.0076s ]
SQL: SHOW COLUMNS FROM `lr_order_product` [ RunTime:0.0073s ]
NOTIC: [8] Undefined index: shop_id D:\www\newmmx\Application\Admin\Controller\OrderController.class.php 第 33 行.
NOTIC: [8] Undefined index: pay_type D:\www\newmmx\Application\Admin\Controller\OrderController.class.php 第 36 行.
NOTIC: [8] Undefined index: pay_status D:\www\newmmx\Application\Admin\Controller\OrderController.class.php 第 37 行.
NOTIC: [8] Undefined index: start_time D:\www\newmmx\Application\Admin\Controller\OrderController.class.php 第 38 行.
NOTIC: [8] Undefined index: end_time D:\www\newmmx\Application\Admin\Controller\OrderController.class.php 第 39 行.
SQL: SELECT COUNT(*) AS tp_count FROM `lr_order` WHERE ( 1=1 AND del=0 ) LIMIT 1   [ RunTime:0.0022s ]
SQL: SELECT * FROM `lr_order` WHERE ( 1=1 AND del=0 ) ORDER BY id desc LIMIT 0,25   [ RunTime:0.0004s ]
SQL: SHOW COLUMNS FROM `lr_user` [ RunTime:0.0078s ]
SQL: SELECT `uname` FROM `lr_user` WHERE ( id=1 ) LIMIT 1   [ RunTime:0.0002s ]
SQL: SELECT `uname` FROM `lr_user` WHERE ( id=1 ) LIMIT 1   [ RunTime:0.0001s ]
INFO: [ view_parse ] --START--
INFO: [ template_filter ] --START--
INFO: Run Behavior\ContentReplaceBehavior [ RunTime:0.000050s ]
INFO: [ template_filter ] --END-- [ RunTime:0.000073s ]
NOTIC: [8] Undefined variable: shop_id D:\www\newmmx\Application\Runtime\Cache\Admin\18bc66a7b6334412ab8e61a2539ecfbd.php 第 37 行.
NOTIC: [8] Undefined variable: pay_type D:\www\newmmx\Application\Runtime\Cache\Admin\18bc66a7b6334412ab8e61a2539ecfbd.php 第 49 行.
NOTIC: [8] Undefined variable: pay_type D:\www\newmmx\Application\Runtime\Cache\Admin\18bc66a7b6334412ab8e61a2539ecfbd.php 第 50 行.
NOTIC: [8] Undefined variable: pay_status D:\www\newmmx\Application\Runtime\Cache\Admin\18bc66a7b6334412ab8e61a2539ecfbd.php 第 59 行.
NOTIC: [8] Undefined variable: pay_status D:\www\newmmx\Application\Runtime\Cache\Admin\18bc66a7b6334412ab8e61a2539ecfbd.php 第 59 行.
NOTIC: [8] Undefined variable: pay_status D:\www\newmmx\Application\Runtime\Cache\Admin\18bc66a7b6334412ab8e61a2539ecfbd.php 第 59 行.
NOTIC: [8] Undefined variable: pay_status D:\www\newmmx\Application\Runtime\Cache\Admin\18bc66a7b6334412ab8e61a2539ecfbd.php 第 59 行.
NOTIC: [8] Undefined variable: pay_status D:\www\newmmx\Application\Runtime\Cache\Admin\18bc66a7b6334412ab8e61a2539ecfbd.php 第 59 行.
NOTIC: [8] Undefined variable: pay_status D:\www\newmmx\Application\Runtime\Cache\Admin\18bc66a7b6334412ab8e61a2539ecfbd.php 第 59 行.
NOTIC: [8] Undefined variable: pay_status D:\www\newmmx\Application\Runtime\Cache\Admin\18bc66a7b6334412ab8e61a2539ecfbd.php 第 59 行.
NOTIC: [8] Undefined variable: pay_status D:\www\newmmx\Application\Runtime\Cache\Admin\18bc66a7b6334412ab8e61a2539ecfbd.php 第 61 行.
NOTIC: [8] Undefined variable: pay_status D:\www\newmmx\Application\Runtime\Cache\Admin\18bc66a7b6334412ab8e61a2539ecfbd.php 第 62 行.
NOTIC: [8] Undefined variable: start_time D:\www\newmmx\Application\Runtime\Cache\Admin\18bc66a7b6334412ab8e61a2539ecfbd.php 第 68 行.
NOTIC: [8] Undefined variable: end_time D:\www\newmmx\Application\Runtime\Cache\Admin\18bc66a7b6334412ab8e61a2539ecfbd.php 第 69 行.
NOTIC: [8] Undefined index: name D:\www\newmmx\Application\Runtime\Cache\Admin\18bc66a7b6334412ab8e61a2539ecfbd.php 第 98 行.
NOTIC: [8] Undefined index: name D:\www\newmmx\Application\Runtime\Cache\Admin\18bc66a7b6334412ab8e61a2539ecfbd.php 第 98 行.
INFO: Run Behavior\ParseTemplateBehavior [ RunTime:0.005634s ]
INFO: [ view_parse ] --END-- [ RunTime:0.005653s ]
INFO: [ view_filter ] --START--
INFO: Run Behavior\WriteHtmlCacheBehavior [ RunTime:0.000211s ]
INFO: [ view_filter ] --END-- [ RunTime:0.000226s ]
INFO: [ app_end ] --START--
INFO: Run Behavior\ShowPageTraceBehavior [ RunTime:0.000338s ]
INFO: [ app_end ] --END-- [ RunTime:0.000357s ]

[ 2019-07-04T23:09:18+08:00 ] 127.0.0.1 /index.php/Admin/Order/show.html?oid=46
NOTIC: [8] Use of undefined constant SHOW_PAGE_TRACE - assumed 'SHOW_PAGE_TRACE' D:\www\newmmx\Application\Common\Conf\debug.php 第 4 行.
INFO: [ app_init ] --START--
INFO: Run Behavior\BuildLiteBehavior [ RunTime:0.000005s ]
INFO: [ app_init ] --END-- [ RunTime:0.000024s ]
INFO: [ app_begin ] --START--
INFO: Run Behavior\ReadHtmlCacheBehavior [ RunTime:0.000306s ]
INFO: [ app_begin ] --END-- [ RunTime:0.000328s ]
NOTIC: [2] Declaration of Admin\Controller\OrderController::show() should be compatible with Think\Controller::show($content, $charset = '', $contentType = '', $prefix = '') D:\www\newmmx\Application\Admin\Controller\OrderController.class.php 第 4 行.
SQL: SHOW COLUMNS FROM `lr_order` [ RunTime:0.0182s ]
SQL: SHOW COLUMNS FROM `lr_order_product` [ RunTime:0.0077s ]
SQL: SELECT * FROM `lr_order` WHERE ( id=46 ) LIMIT 1   [ RunTime:0.0004s ]
SQL: SELECT * FROM `lr_order_product` WHERE ( order_id=46 )  [ RunTime:0.0008s ]
NOTIC: [8] Undefined index: pro_guide D:\www\newmmx\Application\Admin\Controller\OrderController.class.php 第 171 行.
SQL: SHOW COLUMNS FROM `lr_post` [ RunTime:0.0077s ]
SQL: SELECT * FROM `lr_post` WHERE ( id=35 ) LIMIT 1   [ RunTime:0.0003s ]
INFO: [ view_parse ] --START--
INFO: [ template_filter ] --START--
INFO: Run Behavior\ContentReplaceBehavior [ RunTime:0.000055s ]
INFO: [ template_filter ] --END-- [ RunTime:0.000075s ]
NOTIC: [8] Undefined variable: name D:\www\newmmx\Application\Runtime\Cache\Admin\955b0d225af1cdc7026163be267bc9c2.php 第 33 行.
INFO: Run Behavior\ParseTemplateBehavior [ RunTime:0.005093s ]
INFO: [ view_parse ] --END-- [ RunTime:0.005112s ]
INFO: [ view_filter ] --START--
INFO: Run Behavior\WriteHtmlCacheBehavior [ RunTime:0.000209s ]
INFO: [ view_filter ] --END-- [ RunTime:0.000225s ]
INFO: [ app_end ] --START--
INFO: Run Behavior\ShowPageTraceBehavior [ RunTime:0.000350s ]
INFO: [ app_end ] --END-- [ RunTime:0.000367s ]

[ 2019-07-04T23:09:28+08:00 ] 127.0.0.1 /index.php/Admin/Order/sms_up.html
NOTIC: [8] Use of undefined constant SHOW_PAGE_TRACE - assumed 'SHOW_PAGE_TRACE' D:\www\newmmx\Application\Common\Conf\debug.php 第 4 行.
INFO: [ app_init ] --START--
INFO: Run Behavior\BuildLiteBehavior [ RunTime:0.000005s ]
INFO: [ app_init ] --END-- [ RunTime:0.000025s ]
INFO: [ app_begin ] --START--
INFO: Run Behavior\ReadHtmlCacheBehavior [ RunTime:0.000313s ]
INFO: [ app_begin ] --END-- [ RunTime:0.000331s ]
NOTIC: [2] Declaration of Admin\Controller\OrderController::show() should be compatible with Think\Controller::show($content, $charset = '', $contentType = '', $prefix = '') D:\www\newmmx\Application\Admin\Controller\OrderController.class.php 第 4 行.
SQL: SHOW COLUMNS FROM `lr_order` [ RunTime:0.0081s ]
SQL: SHOW COLUMNS FROM `lr_order_product` [ RunTime:0.0076s ]
SQL: SELECT * FROM `lr_order` WHERE ( id=46 ) LIMIT 1   [ RunTime:0.0003s ]
SQL: UPDATE `lr_order` SET `status`='20',`kuaidi_name`='444',`kuaidi_num`='444',`remarks`='' WHERE ( id=46 ) [ RunTime:0.0003s ]

[ 2019-07-04T23:09:32+08:00 ] 127.0.0.1 /index.php/Admin/Order/sms_up.html
NOTIC: [8] Use of undefined constant SHOW_PAGE_TRACE - assumed 'SHOW_PAGE_TRACE' D:\www\newmmx\Application\Common\Conf\debug.php 第 4 行.
INFO: [ app_init ] --START--
INFO: Run Behavior\BuildLiteBehavior [ RunTime:0.000005s ]
INFO: [ app_init ] --END-- [ RunTime:0.000025s ]
INFO: [ app_begin ] --START--
INFO: Run Behavior\ReadHtmlCacheBehavior [ RunTime:0.000316s ]
INFO: [ app_begin ] --END-- [ RunTime:0.000335s ]
NOTIC: [2] Declaration of Admin\Controller\OrderController::show() should be compatible with Think\Controller::show($content, $charset = '', $contentType = '', $prefix = '') D:\www\newmmx\Application\Admin\Controller\OrderController.class.php 第 4 行.
SQL: SHOW COLUMNS FROM `lr_order` [ RunTime:0.0137s ]
SQL: SHOW COLUMNS FROM `lr_order_product` [ RunTime:0.0083s ]
SQL: SELECT * FROM `lr_order` WHERE ( id=46 ) LIMIT 1   [ RunTime:0.0004s ]
SQL: UPDATE `lr_order` SET `status`='30',`kuaidi_name`='444',`kuaidi_num`='444',`remarks`='' WHERE ( id=46 ) [ RunTime:0.0002s ]

[ 2019-07-04T23:09:35+08:00 ] 127.0.0.1 /index.php/Admin/Order/index.html
NOTIC: [8] Use of undefined constant SHOW_PAGE_TRACE - assumed 'SHOW_PAGE_TRACE' D:\www\newmmx\Application\Common\Conf\debug.php 第 4 行.
INFO: [ app_init ] --START--
INFO: Run Behavior\BuildLiteBehavior [ RunTime:0.000004s ]
INFO: [ app_init ] --END-- [ RunTime:0.000023s ]
INFO: [ app_begin ] --START--
INFO: Run Behavior\ReadHtmlCacheBehavior [ RunTime:0.000305s ]
INFO: [ app_begin ] --END-- [ RunTime:0.000325s ]
NOTIC: [2] Declaration of Admin\Controller\OrderController::show() should be compatible with Think\Controller::show($content, $charset = '', $contentType = '', $prefix = '') D:\www\newmmx\Application\Admin\Controller\OrderController.class.php 第 4 行.
SQL: SHOW COLUMNS FROM `lr_order` [ RunTime:0.0199s ]
SQL: SHOW COLUMNS FROM `lr_order_product` [ RunTime:0.0075s ]
NOTIC: [8] Undefined index: shop_id D:\www\newmmx\Application\Admin\Controller\OrderController.class.php 第 33 行.
NOTIC: [8] Undefined index: pay_type D:\www\newmmx\Application\Admin\Controller\OrderController.class.php 第 36 行.
NOTIC: [8] Undefined index: pay_status D:\www\newmmx\Application\Admin\Controller\OrderController.class.php 第 37 行.
NOTIC: [8] Undefined index: start_time D:\www\newmmx\Application\Admin\Controller\OrderController.class.php 第 38 行.
NOTIC: [8] Undefined index: end_time D:\www\newmmx\Application\Admin\Controller\OrderController.class.php 第 39 行.
SQL: SELECT COUNT(*) AS tp_count FROM `lr_order` WHERE ( 1=1 AND del=0 ) LIMIT 1   [ RunTime:0.0002s ]
SQL: SELECT * FROM `lr_order` WHERE ( 1=1 AND del=0 ) ORDER BY id desc LIMIT 0,25   [ RunTime:0.0003s ]
SQL: SHOW COLUMNS FROM `lr_user` [ RunTime:0.0074s ]
SQL: SELECT `uname` FROM `lr_user` WHERE ( id=1 ) LIMIT 1   [ RunTime:0.0002s ]
SQL: SELECT `uname` FROM `lr_user` WHERE ( id=1 ) LIMIT 1   [ RunTime:0.0002s ]
INFO: [ view_parse ] --START--
INFO: [ template_filter ] --START--
INFO: Run Behavior\ContentReplaceBehavior [ RunTime:0.000050s ]
INFO: [ template_filter ] --END-- [ RunTime:0.000071s ]
NOTIC: [8] Undefined variable: shop_id D:\www\newmmx\Application\Runtime\Cache\Admin\18bc66a7b6334412ab8e61a2539ecfbd.php 第 37 行.
NOTIC: [8] Undefined variable: pay_type D:\www\newmmx\Application\Runtime\Cache\Admin\18bc66a7b6334412ab8e61a2539ecfbd.php 第 49 行.
NOTIC: [8] Undefined variable: pay_type D:\www\newmmx\Application\Runtime\Cache\Admin\18bc66a7b6334412ab8e61a2539ecfbd.php 第 50 行.
NOTIC: [8] Undefined variable: pay_status D:\www\newmmx\Application\Runtime\Cache\Admin\18bc66a7b6334412ab8e61a2539ecfbd.php 第 59 行.
NOTIC: [8] Undefined variable: pay_status D:\www\newmmx\Application\Runtime\Cache\Admin\18bc66a7b6334412ab8e61a2539ecfbd.php 第 59 行.
NOTIC: [8] Undefined variable: pay_status D:\www\newmmx\Application\Runtime\Cache\Admin\18bc66a7b6334412ab8e61a2539ecfbd.php 第 59 行.
NOTIC: [8] Undefined variable: pay_status D:\www\newmmx\Application\Runtime\Cache\Admin\18bc66a7b6334412ab8e61a2539ecfbd.php 第 59 行.
NOTIC: [8] Undefined variable: pay_status D:\www\newmmx\Application\Runtime\Cache\Admin\18bc66a7b6334412ab8e61a2539ecfbd.php 第 59 行.
NOTIC: [8] Undefined variable: pay_status D:\www\newmmx\Application\Runtime\Cache\Admin\18bc66a7b6334412ab8e61a2539ecfbd.php 第 59 行.
NOTIC: [8] Undefined variable: pay_status D:\www\newmmx\Application\Runtime\Cache\Admin\18bc66a7b6334412ab8e61a2539ecfbd.php 第 59 行.
NOTIC: [8] Undefined variable: pay_status D:\www\newmmx\Application\Runtime\Cache\Admin\18bc66a7b6334412ab8e61a2539ecfbd.php 第 61 行.
NOTIC: [8] Undefined variable: pay_status D:\www\newmmx\Application\Runtime\Cache\Admin\18bc66a7b6334412ab8e61a2539ecfbd.php 第 62 行.
NOTIC: [8] Undefined variable: start_time D:\www\newmmx\Application\Runtime\Cache\Admin\18bc66a7b6334412ab8e61a2539ecfbd.php 第 68 行.
NOTIC: [8] Undefined variable: end_time D:\www\newmmx\Application\Runtime\Cache\Admin\18bc66a7b6334412ab8e61a2539ecfbd.php 第 69 行.
NOTIC: [8] Undefined index: name D:\www\newmmx\Application\Runtime\Cache\Admin\18bc66a7b6334412ab8e61a2539ecfbd.php 第 98 行.
NOTIC: [8] Undefined index: name D:\www\newmmx\Application\Runtime\Cache\Admin\18bc66a7b6334412ab8e61a2539ecfbd.php 第 98 行.
INFO: Run Behavior\ParseTemplateBehavior [ RunTime:0.004975s ]
INFO: [ view_parse ] --END-- [ RunTime:0.004994s ]
INFO: [ view_filter ] --START--
INFO: Run Behavior\WriteHtmlCacheBehavior [ RunTime:0.000210s ]
INFO: [ view_filter ] --END-- [ RunTime:0.000226s ]
INFO: [ app_end ] --START--
INFO: Run Behavior\ShowPageTraceBehavior [ RunTime:0.000335s ]
INFO: [ app_end ] --END-- [ RunTime:0.000352s ]

[ 2019-07-04T23:09:37+08:00 ] 127.0.0.1 /index.php/Admin/Order/show.html?oid=46
NOTIC: [8] Use of undefined constant SHOW_PAGE_TRACE - assumed 'SHOW_PAGE_TRACE' D:\www\newmmx\Application\Common\Conf\debug.php 第 4 行.
INFO: [ app_init ] --START--
INFO: Run Behavior\BuildLiteBehavior [ RunTime:0.000005s ]
INFO: [ app_init ] --END-- [ RunTime:0.000025s ]
INFO: [ app_begin ] --START--
INFO: Run Behavior\ReadHtmlCacheBehavior [ RunTime:0.000327s ]
INFO: [ app_begin ] --END-- [ RunTime:0.000350s ]
NOTIC: [2] Declaration of Admin\Controller\OrderController::show() should be compatible with Think\Controller::show($content, $charset = '', $contentType = '', $prefix = '') D:\www\newmmx\Application\Admin\Controller\OrderController.class.php 第 4 行.
SQL: SHOW COLUMNS FROM `lr_order` [ RunTime:0.0095s ]
SQL: SHOW COLUMNS FROM `lr_order_product` [ RunTime:0.0057s ]
SQL: SELECT * FROM `lr_order` WHERE ( id=46 ) LIMIT 1   [ RunTime:0.0004s ]
SQL: SELECT * FROM `lr_order_product` WHERE ( order_id=46 )  [ RunTime:0.0002s ]
NOTIC: [8] Undefined index: pro_guide D:\www\newmmx\Application\Admin\Controller\OrderController.class.php 第 171 行.
SQL: SHOW COLUMNS FROM `lr_post` [ RunTime:0.0068s ]
SQL: SELECT * FROM `lr_post` WHERE ( id=35 ) LIMIT 1   [ RunTime:0.0002s ]
INFO: [ view_parse ] --START--
INFO: [ template_filter ] --START--
INFO: Run Behavior\ContentReplaceBehavior [ RunTime:0.000062s ]
INFO: [ template_filter ] --END-- [ RunTime:0.000097s ]
NOTIC: [8] Undefined variable: name D:\www\newmmx\Application\Runtime\Cache\Admin\955b0d225af1cdc7026163be267bc9c2.php 第 33 行.
INFO: Run Behavior\ParseTemplateBehavior [ RunTime:0.005579s ]
INFO: [ view_parse ] --END-- [ RunTime:0.005599s ]
INFO: [ view_filter ] --START--
INFO: Run Behavior\WriteHtmlCacheBehavior [ RunTime:0.000274s ]
INFO: [ view_filter ] --END-- [ RunTime:0.000293s ]
INFO: [ app_end ] --START--
INFO: Run Behavior\ShowPageTraceBehavior [ RunTime:0.000389s ]
INFO: [ app_end ] --END-- [ RunTime:0.000410s ]

