[ 2019-01-19T15:31:49+08:00 ] 127.0.0.1 /admin
NOTIC: [8] Use of undefined constant SHOW_PAGE_TRACE - assumed 'SHOW_PAGE_TRACE' E:\www\tour\Application\Common\Conf\debug.php 第 4 行.
INFO: [ app_init ] --START--
INFO: Run Behavior\BuildLiteBehavior [ RunTime:0.000000s ]
INFO: [ app_init ] --END-- [ RunTime:0.113007s ]
INFO: [ app_begin ] --START--
INFO: Run Behavior\ReadHtmlCacheBehavior [ RunTime:0.202011s ]
INFO: [ app_begin ] --END-- [ RunTime:0.203011s ]

[ 2019-01-19T15:31:58+08:00 ] 127.0.0.1 /index.php/Admin/Login/index.html
NOTIC: [8] Use of undefined constant SHOW_PAGE_TRACE - assumed 'SHOW_PAGE_TRACE' E:\www\tour\Application\Common\Conf\debug.php 第 4 行.
INFO: [ app_init ] --START--
INFO: Run Behavior\BuildLiteBehavior [ RunTime:0.000000s ]
INFO: [ app_init ] --END-- [ RunTime:0.000000s ]
INFO: [ app_begin ] --START--
INFO: Run Behavior\ReadHtmlCacheBehavior [ RunTime:0.000000s ]
INFO: [ app_begin ] --END-- [ RunTime:0.000000s ]
SQL: SHOW COLUMNS FROM `lr_program` [ RunTime:2.5771s ]
SQL: SELECT * FROM `lr_program` LIMIT 1   [ RunTime:0.0000s ]
INFO: [ view_parse ] --START--
INFO: [ template_filter ] --START--
INFO: Run Behavior\ContentReplaceBehavior [ RunTime:2.330133s ]
INFO: [ template_filter ] --END-- [ RunTime:2.331133s ]
NOTIC: [8] Undefined variable: key E:\www\tour\Application\Runtime\Cache\Admin\32ec6c906c117a7c2bf504769276d87a.php 第 28 行.
INFO: Run Behavior\ParseTemplateBehavior [ RunTime:3.239185s ]
INFO: [ view_parse ] --END-- [ RunTime:3.239185s ]
INFO: [ view_filter ] --START--
INFO: Run Behavior\WriteHtmlCacheBehavior [ RunTime:0.001000s ]
INFO: [ view_filter ] --END-- [ RunTime:0.001000s ]
INFO: [ app_end ] --START--
INFO: Run Behavior\ShowPageTraceBehavior [ RunTime:0.001000s ]
INFO: [ app_end ] --END-- [ RunTime:0.001000s ]

[ 2019-01-19T15:32:00+08:00 ] 127.0.0.1 /index.php/Admin/Login/lib/jquery/1.9.1/jquery.min.js
NOTIC: [8] Use of undefined constant SHOW_PAGE_TRACE - assumed 'SHOW_PAGE_TRACE' E:\www\tour\Application\Common\Conf\debug.php 第 4 行.
INFO: [ app_init ] --START--
INFO: Run Behavior\BuildLiteBehavior [ RunTime:0.000000s ]
INFO: [ app_init ] --END-- [ RunTime:0.000000s ]
INFO: [ app_begin ] --START--
INFO: Run Behavior\ReadHtmlCacheBehavior [ RunTime:0.000000s ]
INFO: [ app_begin ] --END-- [ RunTime:0.000000s ]
ERR: 非法操作:lib

[ 2019-01-19T15:32:00+08:00 ] 127.0.0.1 /index.php/Admin/Login/static/h-ui/js/H-ui.min.js
NOTIC: [8] Use of undefined constant SHOW_PAGE_TRACE - assumed 'SHOW_PAGE_TRACE' E:\www\tour\Application\Common\Conf\debug.php 第 4 行.
INFO: [ app_init ] --START--
INFO: Run Behavior\BuildLiteBehavior [ RunTime:0.000000s ]
INFO: [ app_init ] --END-- [ RunTime:0.000000s ]
INFO: [ app_begin ] --START--
INFO: Run Behavior\ReadHtmlCacheBehavior [ RunTime:0.001000s ]
INFO: [ app_begin ] --END-- [ RunTime:0.002000s ]
ERR: 非法操作:static

[ 2019-01-19T15:32:01+08:00 ] 127.0.0.1 /index.php/Admin/Login/static/h-ui/js/H-ui.min.js
NOTIC: [8] Use of undefined constant SHOW_PAGE_TRACE - assumed 'SHOW_PAGE_TRACE' E:\www\tour\Application\Common\Conf\debug.php 第 4 行.
INFO: [ app_init ] --START--
INFO: Run Behavior\BuildLiteBehavior [ RunTime:0.000000s ]
INFO: [ app_init ] --END-- [ RunTime:0.000000s ]
INFO: [ app_begin ] --START--
INFO: Run Behavior\ReadHtmlCacheBehavior [ RunTime:0.000000s ]
INFO: [ app_begin ] --END-- [ RunTime:0.000000s ]
ERR: 非法操作:static

[ 2019-01-19T15:32:12+08:00 ] 127.0.0.1 /index.php/Admin/Login/index.html?key=
NOTIC: [8] Use of undefined constant SHOW_PAGE_TRACE - assumed 'SHOW_PAGE_TRACE' E:\www\tour\Application\Common\Conf\debug.php 第 4 行.
INFO: [ app_init ] --START--
INFO: Run Behavior\BuildLiteBehavior [ RunTime:0.000000s ]
INFO: [ app_init ] --END-- [ RunTime:0.000000s ]
INFO: [ app_begin ] --START--
INFO: Run Behavior\ReadHtmlCacheBehavior [ RunTime:0.001000s ]
INFO: [ app_begin ] --END-- [ RunTime:0.001000s ]
SQL: SHOW COLUMNS FROM `lr_adminuser` [ RunTime:0.5410s ]
SQL: SELECT * FROM `lr_adminuser` WHERE ( name='admin' AND del<1 ) LIMIT 1   [ RunTime:0.1770s ]
SQL: SHOW COLUMNS FROM `lr_program` [ RunTime:0.0090s ]
SQL: SELECT * FROM `lr_program` LIMIT 1   [ RunTime:0.0010s ]
NOTIC: [8] Undefined index: shop_id E:\www\tour\Application\Admin\Controller\LoginController.class.php 第 21 行.
INFO: [ app_end ] --START--
INFO: Run Behavior\ShowPageTraceBehavior [ RunTime:0.001000s ]
INFO: [ app_end ] --END-- [ RunTime:0.001000s ]

[ 2019-01-19T15:32:15+08:00 ] 127.0.0.1 /index.php/Admin/Index/index.html
NOTIC: [8] Use of undefined constant SHOW_PAGE_TRACE - assumed 'SHOW_PAGE_TRACE' E:\www\tour\Application\Common\Conf\debug.php 第 4 行.
INFO: [ app_init ] --START--
INFO: Run Behavior\BuildLiteBehavior [ RunTime:0.000000s ]
INFO: [ app_init ] --END-- [ RunTime:0.000000s ]
INFO: [ app_begin ] --START--
INFO: Run Behavior\ReadHtmlCacheBehavior [ RunTime:0.001000s ]
INFO: [ app_begin ] --END-- [ RunTime:0.001000s ]
SQL: SHOW COLUMNS FROM `lr_web` [ RunTime:1.1321s ]
SQL: SELECT `concent` FROM `lr_web` WHERE ( id=5 ) LIMIT 1   [ RunTime:0.1590s ]
INFO: [ view_parse ] --START--
INFO: [ template_filter ] --START--
INFO: Run Behavior\ContentReplaceBehavior [ RunTime:0.000000s ]
INFO: [ template_filter ] --END-- [ RunTime:0.000000s ]
INFO: Run Behavior\ParseTemplateBehavior [ RunTime:0.407023s ]
INFO: [ view_parse ] --END-- [ RunTime:0.407023s ]
INFO: [ view_filter ] --START--
INFO: Run Behavior\WriteHtmlCacheBehavior [ RunTime:0.001000s ]
INFO: [ view_filter ] --END-- [ RunTime:0.002000s ]
INFO: [ app_end ] --START--
INFO: Run Behavior\ShowPageTraceBehavior [ RunTime:0.000000s ]
INFO: [ app_end ] --END-- [ RunTime:0.000000s ]

[ 2019-01-19T15:32:18+08:00 ] 127.0.0.1 /index.php/Admin/Page/adminindex.html
NOTIC: [8] Use of undefined constant SHOW_PAGE_TRACE - assumed 'SHOW_PAGE_TRACE' E:\www\tour\Application\Common\Conf\debug.php 第 4 行.
INFO: [ app_init ] --START--
INFO: Run Behavior\BuildLiteBehavior [ RunTime:0.000000s ]
INFO: [ app_init ] --END-- [ RunTime:0.000000s ]
INFO: [ app_begin ] --START--
INFO: Run Behavior\ReadHtmlCacheBehavior [ RunTime:0.002000s ]
INFO: [ app_begin ] --END-- [ RunTime:0.002000s ]
INFO: [ view_parse ] --START--
INFO: [ template_filter ] --START--
INFO: Run Behavior\ContentReplaceBehavior [ RunTime:0.000000s ]
INFO: [ template_filter ] --END-- [ RunTime:0.000000s ]
INFO: Run Behavior\ParseTemplateBehavior [ RunTime:0.231013s ]
INFO: [ view_parse ] --END-- [ RunTime:0.231013s ]
INFO: [ view_filter ] --START--
INFO: Run Behavior\WriteHtmlCacheBehavior [ RunTime:0.000000s ]
INFO: [ view_filter ] --END-- [ RunTime:0.000000s ]
INFO: [ app_end ] --START--
INFO: Run Behavior\ShowPageTraceBehavior [ RunTime:0.001000s ]
INFO: [ app_end ] --END-- [ RunTime:0.001000s ]

[ 2019-01-19T15:32:20+08:00 ] 127.0.0.1 /index.php/Admin/User/shop_list.html
NOTIC: [8] Use of undefined constant SHOW_PAGE_TRACE - assumed 'SHOW_PAGE_TRACE' E:\www\tour\Application\Common\Conf\debug.php 第 4 行.
INFO: [ app_init ] --START--
INFO: Run Behavior\BuildLiteBehavior [ RunTime:0.000000s ]
INFO: [ app_init ] --END-- [ RunTime:0.000000s ]
INFO: [ app_begin ] --START--
INFO: Run Behavior\ReadHtmlCacheBehavior [ RunTime:0.000000s ]
INFO: [ app_begin ] --END-- [ RunTime:0.000000s ]
SQL: SHOW COLUMNS FROM `lr_shop_type` [ RunTime:0.0540s ]
SQL: SELECT * FROM `lr_shop_type`  [ RunTime:0.0010s ]
INFO: [ view_parse ] --START--
INFO: [ template_filter ] --START--
INFO: Run Behavior\ContentReplaceBehavior [ RunTime:0.000000s ]
INFO: [ template_filter ] --END-- [ RunTime:0.000000s ]
NOTIC: [8] Undefined variable: tel E:\www\tour\Application\Runtime\Cache\Admin\a9523edbe3f9b3dce01f0933eecc99df.php 第 28 行.
NOTIC: [8] Undefined variable: name E:\www\tour\Application\Runtime\Cache\Admin\a9523edbe3f9b3dce01f0933eecc99df.php 第 28 行.
NOTIC: [8] Undefined index: name E:\www\tour\Application\Runtime\Cache\Admin\a9523edbe3f9b3dce01f0933eecc99df.php 第 52 行.
NOTIC: [8] Undefined index: name E:\www\tour\Application\Runtime\Cache\Admin\a9523edbe3f9b3dce01f0933eecc99df.php 第 52 行.
NOTIC: [8] Undefined index: name E:\www\tour\Application\Runtime\Cache\Admin\a9523edbe3f9b3dce01f0933eecc99df.php 第 52 行.
NOTIC: [8] Undefined index: name E:\www\tour\Application\Runtime\Cache\Admin\a9523edbe3f9b3dce01f0933eecc99df.php 第 52 行.
NOTIC: [8] Undefined index: name E:\www\tour\Application\Runtime\Cache\Admin\a9523edbe3f9b3dce01f0933eecc99df.php 第 52 行.
NOTIC: [8] Undefined variable: page_index E:\www\tour\Application\Runtime\Cache\Admin\a9523edbe3f9b3dce01f0933eecc99df.php 第 66 行.
INFO: Run Behavior\ParseTemplateBehavior [ RunTime:0.032002s ]
INFO: [ view_parse ] --END-- [ RunTime:0.033002s ]
INFO: [ view_filter ] --START--
INFO: Run Behavior\WriteHtmlCacheBehavior [ RunTime:0.001000s ]
INFO: [ view_filter ] --END-- [ RunTime:0.001000s ]
INFO: [ app_end ] --START--
INFO: Run Behavior\ShowPageTraceBehavior [ RunTime:0.000000s ]
INFO: [ app_end ] --END-- [ RunTime:0.000000s ]

[ 2019-01-19T15:32:22+08:00 ] 127.0.0.1 /index.php/Admin/User/shop_edit.html?id=1
NOTIC: [8] Use of undefined constant SHOW_PAGE_TRACE - assumed 'SHOW_PAGE_TRACE' E:\www\tour\Application\Common\Conf\debug.php 第 4 行.
INFO: [ app_init ] --START--
INFO: Run Behavior\BuildLiteBehavior [ RunTime:0.000000s ]
INFO: [ app_init ] --END-- [ RunTime:0.000000s ]
INFO: [ app_begin ] --START--
INFO: Run Behavior\ReadHtmlCacheBehavior [ RunTime:0.000000s ]
INFO: [ app_begin ] --END-- [ RunTime:0.000000s ]
SQL: SHOW COLUMNS FROM `lr_shop_type` [ RunTime:0.0090s ]
SQL: SELECT * FROM `lr_shop_type` WHERE `id` = 1 LIMIT 1   [ RunTime:0.0010s ]
INFO: [ view_parse ] --START--
INFO: [ template_filter ] --START--
INFO: Run Behavior\ContentReplaceBehavior [ RunTime:0.001000s ]
INFO: [ template_filter ] --END-- [ RunTime:0.001000s ]
NOTIC: [8] Undefined variable: info E:\www\tour\Application\Runtime\Cache\Admin\994ead19e0cf09c695364ec366ffcce6.php 第 69 行.
INFO: Run Behavior\ParseTemplateBehavior [ RunTime:0.032002s ]
INFO: [ view_parse ] --END-- [ RunTime:0.032002s ]
INFO: [ view_filter ] --START--
INFO: Run Behavior\WriteHtmlCacheBehavior [ RunTime:0.000000s ]
INFO: [ view_filter ] --END-- [ RunTime:0.000000s ]
INFO: [ app_end ] --START--
INFO: Run Behavior\ShowPageTraceBehavior [ RunTime:0.000000s ]
INFO: [ app_end ] --END-- [ RunTime:0.000000s ]

[ 2019-01-19T15:32:28+08:00 ] 127.0.0.1 /index.php/Admin/User/shop_edit.html
NOTIC: [8] Use of undefined constant SHOW_PAGE_TRACE - assumed 'SHOW_PAGE_TRACE' E:\www\tour\Application\Common\Conf\debug.php 第 4 行.
INFO: [ app_init ] --START--
INFO: Run Behavior\BuildLiteBehavior [ RunTime:0.000000s ]
INFO: [ app_init ] --END-- [ RunTime:0.000000s ]
INFO: [ app_begin ] --START--
INFO: Run Behavior\ReadHtmlCacheBehavior [ RunTime:0.000000s ]
INFO: [ app_begin ] --END-- [ RunTime:0.001000s ]

[ 2019-01-19T15:32:53+08:00 ] 127.0.0.1 /index.php/Admin/User/shop_list.html
NOTIC: [8] Use of undefined constant SHOW_PAGE_TRACE - assumed 'SHOW_PAGE_TRACE' E:\www\tour\Application\Common\Conf\debug.php 第 4 行.
INFO: [ app_init ] --START--
INFO: Run Behavior\BuildLiteBehavior [ RunTime:0.000000s ]
INFO: [ app_init ] --END-- [ RunTime:0.000000s ]
INFO: [ app_begin ] --START--
INFO: Run Behavior\ReadHtmlCacheBehavior [ RunTime:0.001000s ]
INFO: [ app_begin ] --END-- [ RunTime:0.001000s ]
SQL: SHOW COLUMNS FROM `lr_shop_type` [ RunTime:0.0060s ]
SQL: SELECT * FROM `lr_shop_type`  [ RunTime:0.0000s ]
INFO: [ view_parse ] --START--
INFO: [ template_filter ] --START--
INFO: Run Behavior\ContentReplaceBehavior [ RunTime:0.000000s ]
INFO: [ template_filter ] --END-- [ RunTime:0.000000s ]
NOTIC: [8] Undefined variable: tel E:\www\tour\Application\Runtime\Cache\Admin\a9523edbe3f9b3dce01f0933eecc99df.php 第 28 行.
NOTIC: [8] Undefined variable: name E:\www\tour\Application\Runtime\Cache\Admin\a9523edbe3f9b3dce01f0933eecc99df.php 第 28 行.
NOTIC: [8] Undefined index: name E:\www\tour\Application\Runtime\Cache\Admin\a9523edbe3f9b3dce01f0933eecc99df.php 第 52 行.
NOTIC: [8] Undefined index: name E:\www\tour\Application\Runtime\Cache\Admin\a9523edbe3f9b3dce01f0933eecc99df.php 第 52 行.
NOTIC: [8] Undefined index: name E:\www\tour\Application\Runtime\Cache\Admin\a9523edbe3f9b3dce01f0933eecc99df.php 第 52 行.
NOTIC: [8] Undefined index: name E:\www\tour\Application\Runtime\Cache\Admin\a9523edbe3f9b3dce01f0933eecc99df.php 第 52 行.
NOTIC: [8] Undefined index: name E:\www\tour\Application\Runtime\Cache\Admin\a9523edbe3f9b3dce01f0933eecc99df.php 第 52 行.
NOTIC: [8] Undefined variable: page_index E:\www\tour\Application\Runtime\Cache\Admin\a9523edbe3f9b3dce01f0933eecc99df.php 第 66 行.
INFO: Run Behavior\ParseTemplateBehavior [ RunTime:0.006000s ]
INFO: [ view_parse ] --END-- [ RunTime:0.006000s ]
INFO: [ view_filter ] --START--
INFO: Run Behavior\WriteHtmlCacheBehavior [ RunTime:0.000000s ]
INFO: [ view_filter ] --END-- [ RunTime:0.000000s ]
INFO: [ app_end ] --START--
INFO: Run Behavior\ShowPageTraceBehavior [ RunTime:0.001000s ]
INFO: [ app_end ] --END-- [ RunTime:0.001000s ]

[ 2019-01-19T15:32:55+08:00 ] 127.0.0.1 /index.php/Admin/User/shop_edit.html?id=1
NOTIC: [8] Use of undefined constant SHOW_PAGE_TRACE - assumed 'SHOW_PAGE_TRACE' E:\www\tour\Application\Common\Conf\debug.php 第 4 行.
INFO: [ app_init ] --START--
INFO: Run Behavior\BuildLiteBehavior [ RunTime:0.000000s ]
INFO: [ app_init ] --END-- [ RunTime:0.000000s ]
INFO: [ app_begin ] --START--
INFO: Run Behavior\ReadHtmlCacheBehavior [ RunTime:0.001000s ]
INFO: [ app_begin ] --END-- [ RunTime:0.001000s ]
SQL: SHOW COLUMNS FROM `lr_shop_type` [ RunTime:0.0060s ]
SQL: SELECT * FROM `lr_shop_type` WHERE `id` = 1 LIMIT 1   [ RunTime:0.0010s ]
INFO: [ view_parse ] --START--
INFO: [ template_filter ] --START--
INFO: Run Behavior\ContentReplaceBehavior [ RunTime:0.000000s ]
INFO: [ template_filter ] --END-- [ RunTime:0.000000s ]
NOTIC: [8] Undefined variable: info E:\www\tour\Application\Runtime\Cache\Admin\994ead19e0cf09c695364ec366ffcce6.php 第 69 行.
INFO: Run Behavior\ParseTemplateBehavior [ RunTime:0.004000s ]
INFO: [ view_parse ] --END-- [ RunTime:0.004000s ]
INFO: [ view_filter ] --START--
INFO: Run Behavior\WriteHtmlCacheBehavior [ RunTime:0.000000s ]
INFO: [ view_filter ] --END-- [ RunTime:0.000000s ]
INFO: [ app_end ] --START--
INFO: Run Behavior\ShowPageTraceBehavior [ RunTime:0.001000s ]
INFO: [ app_end ] --END-- [ RunTime:0.001000s ]

[ 2019-01-19T15:33:03+08:00 ] 127.0.0.1 /index.php/Admin/User/shop_list.html
NOTIC: [8] Use of undefined constant SHOW_PAGE_TRACE - assumed 'SHOW_PAGE_TRACE' E:\www\tour\Application\Common\Conf\debug.php 第 4 行.
INFO: [ app_init ] --START--
INFO: Run Behavior\BuildLiteBehavior [ RunTime:0.000000s ]
INFO: [ app_init ] --END-- [ RunTime:0.000000s ]
INFO: [ app_begin ] --START--
INFO: Run Behavior\ReadHtmlCacheBehavior [ RunTime:0.000000s ]
INFO: [ app_begin ] --END-- [ RunTime:0.000000s ]
SQL: SHOW COLUMNS FROM `lr_shop_type` [ RunTime:0.0080s ]
SQL: SELECT * FROM `lr_shop_type`  [ RunTime:0.0010s ]
INFO: [ view_parse ] --START--
INFO: [ template_filter ] --START--
INFO: Run Behavior\ContentReplaceBehavior [ RunTime:0.000000s ]
INFO: [ template_filter ] --END-- [ RunTime:0.000000s ]
NOTIC: [8] Undefined variable: tel E:\www\tour\Application\Runtime\Cache\Admin\a9523edbe3f9b3dce01f0933eecc99df.php 第 28 行.
NOTIC: [8] Undefined variable: name E:\www\tour\Application\Runtime\Cache\Admin\a9523edbe3f9b3dce01f0933eecc99df.php 第 28 行.
NOTIC: [8] Undefined index: name E:\www\tour\Application\Runtime\Cache\Admin\a9523edbe3f9b3dce01f0933eecc99df.php 第 52 行.
NOTIC: [8] Undefined index: name E:\www\tour\Application\Runtime\Cache\Admin\a9523edbe3f9b3dce01f0933eecc99df.php 第 52 行.
NOTIC: [8] Undefined index: name E:\www\tour\Application\Runtime\Cache\Admin\a9523edbe3f9b3dce01f0933eecc99df.php 第 52 行.
NOTIC: [8] Undefined index: name E:\www\tour\Application\Runtime\Cache\Admin\a9523edbe3f9b3dce01f0933eecc99df.php 第 52 行.
NOTIC: [8] Undefined index: name E:\www\tour\Application\Runtime\Cache\Admin\a9523edbe3f9b3dce01f0933eecc99df.php 第 52 行.
NOTIC: [8] Undefined variable: page_index E:\www\tour\Application\Runtime\Cache\Admin\a9523edbe3f9b3dce01f0933eecc99df.php 第 66 行.
INFO: Run Behavior\ParseTemplateBehavior [ RunTime:0.005000s ]
INFO: [ view_parse ] --END-- [ RunTime:0.005000s ]
INFO: [ view_filter ] --START--
INFO: Run Behavior\WriteHtmlCacheBehavior [ RunTime:0.000000s ]
INFO: [ view_filter ] --END-- [ RunTime:0.000000s ]
INFO: [ app_end ] --START--
INFO: Run Behavior\ShowPageTraceBehavior [ RunTime:0.001000s ]
INFO: [ app_end ] --END-- [ RunTime:0.001000s ]

[ 2019-01-19T15:33:33+08:00 ] 127.0.0.1 /index.php/Admin/User/shop_edit.html?id=1
NOTIC: [8] Use of undefined constant SHOW_PAGE_TRACE - assumed 'SHOW_PAGE_TRACE' E:\www\tour\Application\Common\Conf\debug.php 第 4 行.
INFO: [ app_init ] --START--
INFO: Run Behavior\BuildLiteBehavior [ RunTime:0.000000s ]
INFO: [ app_init ] --END-- [ RunTime:0.000000s ]
INFO: [ app_begin ] --START--
INFO: Run Behavior\ReadHtmlCacheBehavior [ RunTime:0.000000s ]
INFO: [ app_begin ] --END-- [ RunTime:0.000000s ]
SQL: SHOW COLUMNS FROM `lr_shop_type` [ RunTime:0.0060s ]
SQL: SELECT * FROM `lr_shop_type` WHERE `id` = 1 LIMIT 1   [ RunTime:0.0010s ]
INFO: [ view_parse ] --START--
INFO: [ template_filter ] --START--
INFO: Run Behavior\ContentReplaceBehavior [ RunTime:0.000000s ]
INFO: [ template_filter ] --END-- [ RunTime:0.000000s ]
NOTIC: [8] Undefined variable: info E:\www\tour\Application\Runtime\Cache\Admin\994ead19e0cf09c695364ec366ffcce6.php 第 69 行.
INFO: Run Behavior\ParseTemplateBehavior [ RunTime:0.006000s ]
INFO: [ view_parse ] --END-- [ RunTime:0.006000s ]
INFO: [ view_filter ] --START--
INFO: Run Behavior\WriteHtmlCacheBehavior [ RunTime:0.000000s ]
INFO: [ view_filter ] --END-- [ RunTime:0.000000s ]
INFO: [ app_end ] --START--
INFO: Run Behavior\ShowPageTraceBehavior [ RunTime:0.001000s ]
INFO: [ app_end ] --END-- [ RunTime:0.001000s ]

[ 2019-01-19T15:33:38+08:00 ] 127.0.0.1 /index.php/Admin/User/shop_edit.html
NOTIC: [8] Use of undefined constant SHOW_PAGE_TRACE - assumed 'SHOW_PAGE_TRACE' E:\www\tour\Application\Common\Conf\debug.php 第 4 行.
INFO: [ app_init ] --START--
INFO: Run Behavior\BuildLiteBehavior [ RunTime:0.000000s ]
INFO: [ app_init ] --END-- [ RunTime:0.000000s ]
INFO: [ app_begin ] --START--
INFO: Run Behavior\ReadHtmlCacheBehavior [ RunTime:0.001000s ]
INFO: [ app_begin ] --END-- [ RunTime:0.001000s ]

[ 2019-01-19T15:35:51+08:00 ] 127.0.0.1 /index.php/Admin/User/shop_list.html
NOTIC: [8] Use of undefined constant SHOW_PAGE_TRACE - assumed 'SHOW_PAGE_TRACE' E:\www\tour\Application\Common\Conf\debug.php 第 4 行.
INFO: [ app_init ] --START--
INFO: Run Behavior\BuildLiteBehavior [ RunTime:0.000000s ]
INFO: [ app_init ] --END-- [ RunTime:0.000000s ]
INFO: [ app_begin ] --START--
INFO: Run Behavior\ReadHtmlCacheBehavior [ RunTime:0.001000s ]
INFO: [ app_begin ] --END-- [ RunTime:0.001000s ]
SQL: SHOW COLUMNS FROM `lr_shop_type` [ RunTime:0.0060s ]
SQL: SELECT * FROM `lr_shop_type`  [ RunTime:0.0010s ]
INFO: [ view_parse ] --START--
INFO: [ template_filter ] --START--
INFO: Run Behavior\ContentReplaceBehavior [ RunTime:0.000000s ]
INFO: [ template_filter ] --END-- [ RunTime:0.000000s ]
NOTIC: [8] Undefined variable: tel E:\www\tour\Application\Runtime\Cache\Admin\a9523edbe3f9b3dce01f0933eecc99df.php 第 28 行.
NOTIC: [8] Undefined variable: name E:\www\tour\Application\Runtime\Cache\Admin\a9523edbe3f9b3dce01f0933eecc99df.php 第 28 行.
NOTIC: [8] Undefined index: name E:\www\tour\Application\Runtime\Cache\Admin\a9523edbe3f9b3dce01f0933eecc99df.php 第 52 行.
NOTIC: [8] Undefined index: name E:\www\tour\Application\Runtime\Cache\Admin\a9523edbe3f9b3dce01f0933eecc99df.php 第 52 行.
NOTIC: [8] Undefined index: name E:\www\tour\Application\Runtime\Cache\Admin\a9523edbe3f9b3dce01f0933eecc99df.php 第 52 行.
NOTIC: [8] Undefined index: name E:\www\tour\Application\Runtime\Cache\Admin\a9523edbe3f9b3dce01f0933eecc99df.php 第 52 行.
NOTIC: [8] Undefined index: name E:\www\tour\Application\Runtime\Cache\Admin\a9523edbe3f9b3dce01f0933eecc99df.php 第 52 行.
NOTIC: [8] Undefined variable: page_index E:\www\tour\Application\Runtime\Cache\Admin\a9523edbe3f9b3dce01f0933eecc99df.php 第 66 行.
INFO: Run Behavior\ParseTemplateBehavior [ RunTime:0.015001s ]
INFO: [ view_parse ] --END-- [ RunTime:0.015001s ]
INFO: [ view_filter ] --START--
INFO: Run Behavior\WriteHtmlCacheBehavior [ RunTime:0.000000s ]
INFO: [ view_filter ] --END-- [ RunTime:0.001000s ]
INFO: [ app_end ] --START--
INFO: Run Behavior\ShowPageTraceBehavior [ RunTime:0.000000s ]
INFO: [ app_end ] --END-- [ RunTime:0.000000s ]

[ 2019-01-19T15:35:52+08:00 ] 127.0.0.1 /index.php/Admin/User/shop_edit.html?id=1
NOTIC: [8] Use of undefined constant SHOW_PAGE_TRACE - assumed 'SHOW_PAGE_TRACE' E:\www\tour\Application\Common\Conf\debug.php 第 4 行.
INFO: [ app_init ] --START--
INFO: Run Behavior\BuildLiteBehavior [ RunTime:0.000000s ]
INFO: [ app_init ] --END-- [ RunTime:0.000000s ]
INFO: [ app_begin ] --START--
INFO: Run Behavior\ReadHtmlCacheBehavior [ RunTime:0.000000s ]
INFO: [ app_begin ] --END-- [ RunTime:0.001000s ]
SQL: SHOW COLUMNS FROM `lr_shop_type` [ RunTime:0.0070s ]
SQL: SELECT * FROM `lr_shop_type` WHERE `id` = 1 LIMIT 1   [ RunTime:0.0000s ]
INFO: [ view_parse ] --START--
INFO: [ template_filter ] --START--
INFO: Run Behavior\ContentReplaceBehavior [ RunTime:0.000000s ]
INFO: [ template_filter ] --END-- [ RunTime:0.000000s ]
INFO: Run Behavior\ParseTemplateBehavior [ RunTime:0.004000s ]
INFO: [ view_parse ] --END-- [ RunTime:0.004000s ]
INFO: [ view_filter ] --START--
INFO: Run Behavior\WriteHtmlCacheBehavior [ RunTime:0.000000s ]
INFO: [ view_filter ] --END-- [ RunTime:0.001000s ]
INFO: [ app_end ] --START--
INFO: Run Behavior\ShowPageTraceBehavior [ RunTime:0.000000s ]
INFO: [ app_end ] --END-- [ RunTime:0.000000s ]

[ 2019-01-19T15:35:55+08:00 ] 127.0.0.1 /index.php/Admin/User/shop_edit.html
NOTIC: [8] Use of undefined constant SHOW_PAGE_TRACE - assumed 'SHOW_PAGE_TRACE' E:\www\tour\Application\Common\Conf\debug.php 第 4 行.
INFO: [ app_init ] --START--
INFO: Run Behavior\BuildLiteBehavior [ RunTime:0.000000s ]
INFO: [ app_init ] --END-- [ RunTime:0.001000s ]
INFO: [ app_begin ] --START--
INFO: Run Behavior\ReadHtmlCacheBehavior [ RunTime:0.000000s ]
INFO: [ app_begin ] --END-- [ RunTime:0.000000s ]

[ 2019-01-19T15:37:00+08:00 ] 127.0.0.1 /index.php/Admin/User/shop_list.html
NOTIC: [8] Use of undefined constant SHOW_PAGE_TRACE - assumed 'SHOW_PAGE_TRACE' E:\www\tour\Application\Common\Conf\debug.php 第 4 行.
INFO: [ app_init ] --START--
INFO: Run Behavior\BuildLiteBehavior [ RunTime:0.000000s ]
INFO: [ app_init ] --END-- [ RunTime:0.000000s ]
INFO: [ app_begin ] --START--
INFO: Run Behavior\ReadHtmlCacheBehavior [ RunTime:0.000000s ]
INFO: [ app_begin ] --END-- [ RunTime:0.000000s ]
SQL: SHOW COLUMNS FROM `lr_shop_type` [ RunTime:0.0070s ]
SQL: SELECT * FROM `lr_shop_type`  [ RunTime:0.0010s ]
INFO: [ view_parse ] --START--
INFO: [ template_filter ] --START--
INFO: Run Behavior\ContentReplaceBehavior [ RunTime:0.000000s ]
INFO: [ template_filter ] --END-- [ RunTime:0.000000s ]
NOTIC: [8] Undefined variable: tel E:\www\tour\Application\Runtime\Cache\Admin\a9523edbe3f9b3dce01f0933eecc99df.php 第 28 行.
NOTIC: [8] Undefined variable: name E:\www\tour\Application\Runtime\Cache\Admin\a9523edbe3f9b3dce01f0933eecc99df.php 第 28 行.
NOTIC: [8] Undefined index: name E:\www\tour\Application\Runtime\Cache\Admin\a9523edbe3f9b3dce01f0933eecc99df.php 第 52 行.
NOTIC: [8] Undefined index: name E:\www\tour\Application\Runtime\Cache\Admin\a9523edbe3f9b3dce01f0933eecc99df.php 第 52 行.
NOTIC: [8] Undefined index: name E:\www\tour\Application\Runtime\Cache\Admin\a9523edbe3f9b3dce01f0933eecc99df.php 第 52 行.
NOTIC: [8] Undefined index: name E:\www\tour\Application\Runtime\Cache\Admin\a9523edbe3f9b3dce01f0933eecc99df.php 第 52 行.
NOTIC: [8] Undefined index: name E:\www\tour\Application\Runtime\Cache\Admin\a9523edbe3f9b3dce01f0933eecc99df.php 第 52 行.
NOTIC: [8] Undefined variable: page_index E:\www\tour\Application\Runtime\Cache\Admin\a9523edbe3f9b3dce01f0933eecc99df.php 第 66 行.
INFO: Run Behavior\ParseTemplateBehavior [ RunTime:0.006000s ]
INFO: [ view_parse ] --END-- [ RunTime:0.006000s ]
INFO: [ view_filter ] --START--
INFO: Run Behavior\WriteHtmlCacheBehavior [ RunTime:0.001000s ]
INFO: [ view_filter ] --END-- [ RunTime:0.001000s ]
INFO: [ app_end ] --START--
INFO: Run Behavior\ShowPageTraceBehavior [ RunTime:0.000000s ]
INFO: [ app_end ] --END-- [ RunTime:0.000000s ]

[ 2019-01-19T15:37:01+08:00 ] 127.0.0.1 /index.php/Admin/User/shop_edit.html?id=1
NOTIC: [8] Use of undefined constant SHOW_PAGE_TRACE - assumed 'SHOW_PAGE_TRACE' E:\www\tour\Application\Common\Conf\debug.php 第 4 行.
INFO: [ app_init ] --START--
INFO: Run Behavior\BuildLiteBehavior [ RunTime:0.000000s ]
INFO: [ app_init ] --END-- [ RunTime:0.000000s ]
INFO: [ app_begin ] --START--
INFO: Run Behavior\ReadHtmlCacheBehavior [ RunTime:0.001000s ]
INFO: [ app_begin ] --END-- [ RunTime:0.001000s ]
SQL: SHOW COLUMNS FROM `lr_shop_type` [ RunTime:0.0060s ]
SQL: SELECT * FROM `lr_shop_type` WHERE `id` = 1 LIMIT 1   [ RunTime:0.0010s ]
INFO: [ view_parse ] --START--
INFO: [ template_filter ] --START--
INFO: Run Behavior\ContentReplaceBehavior [ RunTime:0.000000s ]
INFO: [ template_filter ] --END-- [ RunTime:0.000000s ]
INFO: Run Behavior\ParseTemplateBehavior [ RunTime:0.004000s ]
INFO: [ view_parse ] --END-- [ RunTime:0.004000s ]
INFO: [ view_filter ] --START--
INFO: Run Behavior\WriteHtmlCacheBehavior [ RunTime:0.000000s ]
INFO: [ view_filter ] --END-- [ RunTime:0.000000s ]
INFO: [ app_end ] --START--
INFO: Run Behavior\ShowPageTraceBehavior [ RunTime:0.001000s ]
INFO: [ app_end ] --END-- [ RunTime:0.001000s ]

[ 2019-01-19T15:37:04+08:00 ] 127.0.0.1 /index.php/Admin/User/shop_edit.html
NOTIC: [8] Use of undefined constant SHOW_PAGE_TRACE - assumed 'SHOW_PAGE_TRACE' E:\www\tour\Application\Common\Conf\debug.php 第 4 行.
INFO: [ app_init ] --START--
INFO: Run Behavior\BuildLiteBehavior [ RunTime:0.000000s ]
INFO: [ app_init ] --END-- [ RunTime:0.000000s ]
INFO: [ app_begin ] --START--
INFO: Run Behavior\ReadHtmlCacheBehavior [ RunTime:0.000000s ]
INFO: [ app_begin ] --END-- [ RunTime:0.000000s ]
SQL: SHOW COLUMNS FROM `lr_shop_type` [ RunTime:0.0080s ]
SQL: UPDATE `lr_shop_type` SET `shop_name`='普通商城',`one_into`='30',`two_into`='20',`three_into`='10',`daili_into`='6' WHERE `id` = 1 [ RunTime:0.0310s ]

[ 2019-01-19T15:37:04+08:00 ] 127.0.0.1 /index.php/Admin/User/shop_list.html
NOTIC: [8] Use of undefined constant SHOW_PAGE_TRACE - assumed 'SHOW_PAGE_TRACE' E:\www\tour\Application\Common\Conf\debug.php 第 4 行.
INFO: [ app_init ] --START--
INFO: Run Behavior\BuildLiteBehavior [ RunTime:0.000000s ]
INFO: [ app_init ] --END-- [ RunTime:0.000000s ]
INFO: [ app_begin ] --START--
INFO: Run Behavior\ReadHtmlCacheBehavior [ RunTime:0.000000s ]
INFO: [ app_begin ] --END-- [ RunTime:0.000000s ]
SQL: SHOW COLUMNS FROM `lr_shop_type` [ RunTime:0.0060s ]
SQL: SELECT * FROM `lr_shop_type`  [ RunTime:0.0010s ]
INFO: [ view_parse ] --START--
INFO: [ template_filter ] --START--
INFO: Run Behavior\ContentReplaceBehavior [ RunTime:0.000000s ]
INFO: [ template_filter ] --END-- [ RunTime:0.000000s ]
NOTIC: [8] Undefined variable: tel E:\www\tour\Application\Runtime\Cache\Admin\a9523edbe3f9b3dce01f0933eecc99df.php 第 28 行.
NOTIC: [8] Undefined variable: name E:\www\tour\Application\Runtime\Cache\Admin\a9523edbe3f9b3dce01f0933eecc99df.php 第 28 行.
NOTIC: [8] Undefined index: name E:\www\tour\Application\Runtime\Cache\Admin\a9523edbe3f9b3dce01f0933eecc99df.php 第 52 行.
NOTIC: [8] Undefined index: name E:\www\tour\Application\Runtime\Cache\Admin\a9523edbe3f9b3dce01f0933eecc99df.php 第 52 行.
NOTIC: [8] Undefined index: name E:\www\tour\Application\Runtime\Cache\Admin\a9523edbe3f9b3dce01f0933eecc99df.php 第 52 行.
NOTIC: [8] Undefined index: name E:\www\tour\Application\Runtime\Cache\Admin\a9523edbe3f9b3dce01f0933eecc99df.php 第 52 行.
NOTIC: [8] Undefined index: name E:\www\tour\Application\Runtime\Cache\Admin\a9523edbe3f9b3dce01f0933eecc99df.php 第 52 行.
NOTIC: [8] Undefined variable: page_index E:\www\tour\Application\Runtime\Cache\Admin\a9523edbe3f9b3dce01f0933eecc99df.php 第 66 行.
INFO: Run Behavior\ParseTemplateBehavior [ RunTime:0.005001s ]
INFO: [ view_parse ] --END-- [ RunTime:0.005001s ]
INFO: [ view_filter ] --START--
INFO: Run Behavior\WriteHtmlCacheBehavior [ RunTime:0.000000s ]
INFO: [ view_filter ] --END-- [ RunTime:0.000000s ]
INFO: [ app_end ] --START--
INFO: Run Behavior\ShowPageTraceBehavior [ RunTime:0.001000s ]
INFO: [ app_end ] --END-- [ RunTime:0.001000s ]

[ 2019-01-19T15:37:06+08:00 ] 127.0.0.1 /index.php/Admin/User/shop_edit.html?id=2
NOTIC: [8] Use of undefined constant SHOW_PAGE_TRACE - assumed 'SHOW_PAGE_TRACE' E:\www\tour\Application\Common\Conf\debug.php 第 4 行.
INFO: [ app_init ] --START--
INFO: Run Behavior\BuildLiteBehavior [ RunTime:0.000000s ]
INFO: [ app_init ] --END-- [ RunTime:0.000000s ]
INFO: [ app_begin ] --START--
INFO: Run Behavior\ReadHtmlCacheBehavior [ RunTime:0.001000s ]
INFO: [ app_begin ] --END-- [ RunTime:0.001000s ]
SQL: SHOW COLUMNS FROM `lr_shop_type` [ RunTime:0.0110s ]
SQL: SELECT * FROM `lr_shop_type` WHERE `id` = 2 LIMIT 1   [ RunTime:0.0010s ]
INFO: [ view_parse ] --START--
INFO: [ template_filter ] --START--
INFO: Run Behavior\ContentReplaceBehavior [ RunTime:0.000000s ]
INFO: [ template_filter ] --END-- [ RunTime:0.000000s ]
INFO: Run Behavior\ParseTemplateBehavior [ RunTime:0.006000s ]
INFO: [ view_parse ] --END-- [ RunTime:0.006000s ]
INFO: [ view_filter ] --START--
INFO: Run Behavior\WriteHtmlCacheBehavior [ RunTime:0.000000s ]
INFO: [ view_filter ] --END-- [ RunTime:0.000000s ]
INFO: [ app_end ] --START--
INFO: Run Behavior\ShowPageTraceBehavior [ RunTime:0.001000s ]
INFO: [ app_end ] --END-- [ RunTime:0.001000s ]

[ 2019-01-19T15:37:08+08:00 ] 127.0.0.1 /index.php/Admin/User/shop_edit.html
NOTIC: [8] Use of undefined constant SHOW_PAGE_TRACE - assumed 'SHOW_PAGE_TRACE' E:\www\tour\Application\Common\Conf\debug.php 第 4 行.
INFO: [ app_init ] --START--
INFO: Run Behavior\BuildLiteBehavior [ RunTime:0.000000s ]
INFO: [ app_init ] --END-- [ RunTime:0.000000s ]
INFO: [ app_begin ] --START--
INFO: Run Behavior\ReadHtmlCacheBehavior [ RunTime:0.001000s ]
INFO: [ app_begin ] --END-- [ RunTime:0.001000s ]
SQL: SHOW COLUMNS FROM `lr_shop_type` [ RunTime:0.0070s ]
SQL: UPDATE `lr_shop_type` SET `shop_name`='黄金商城',`one_into`='30',`two_into`='20',`three_into`='11',`daili_into`='5' WHERE `id` = 2 [ RunTime:0.0020s ]

[ 2019-01-19T15:37:08+08:00 ] 127.0.0.1 /index.php/Admin/User/shop_list.html
NOTIC: [8] Use of undefined constant SHOW_PAGE_TRACE - assumed 'SHOW_PAGE_TRACE' E:\www\tour\Application\Common\Conf\debug.php 第 4 行.
INFO: [ app_init ] --START--
INFO: Run Behavior\BuildLiteBehavior [ RunTime:0.000000s ]
INFO: [ app_init ] --END-- [ RunTime:0.000000s ]
INFO: [ app_begin ] --START--
INFO: Run Behavior\ReadHtmlCacheBehavior [ RunTime:0.000000s ]
INFO: [ app_begin ] --END-- [ RunTime:0.000000s ]
SQL: SHOW COLUMNS FROM `lr_shop_type` [ RunTime:0.0090s ]
SQL: SELECT * FROM `lr_shop_type`  [ RunTime:0.0010s ]
INFO: [ view_parse ] --START--
INFO: [ template_filter ] --START--
INFO: Run Behavior\ContentReplaceBehavior [ RunTime:0.000000s ]
INFO: [ template_filter ] --END-- [ RunTime:0.000000s ]
NOTIC: [8] Undefined variable: tel E:\www\tour\Application\Runtime\Cache\Admin\a9523edbe3f9b3dce01f0933eecc99df.php 第 28 行.
NOTIC: [8] Undefined variable: name E:\www\tour\Application\Runtime\Cache\Admin\a9523edbe3f9b3dce01f0933eecc99df.php 第 28 行.
NOTIC: [8] Undefined index: name E:\www\tour\Application\Runtime\Cache\Admin\a9523edbe3f9b3dce01f0933eecc99df.php 第 52 行.
NOTIC: [8] Undefined index: name E:\www\tour\Application\Runtime\Cache\Admin\a9523edbe3f9b3dce01f0933eecc99df.php 第 52 行.
NOTIC: [8] Undefined index: name E:\www\tour\Application\Runtime\Cache\Admin\a9523edbe3f9b3dce01f0933eecc99df.php 第 52 行.
NOTIC: [8] Undefined index: name E:\www\tour\Application\Runtime\Cache\Admin\a9523edbe3f9b3dce01f0933eecc99df.php 第 52 行.
NOTIC: [8] Undefined index: name E:\www\tour\Application\Runtime\Cache\Admin\a9523edbe3f9b3dce01f0933eecc99df.php 第 52 行.
NOTIC: [8] Undefined variable: page_index E:\www\tour\Application\Runtime\Cache\Admin\a9523edbe3f9b3dce01f0933eecc99df.php 第 66 行.
INFO: Run Behavior\ParseTemplateBehavior [ RunTime:0.005001s ]
INFO: [ view_parse ] --END-- [ RunTime:0.005001s ]
INFO: [ view_filter ] --START--
INFO: Run Behavior\WriteHtmlCacheBehavior [ RunTime:0.000000s ]
INFO: [ view_filter ] --END-- [ RunTime:0.000000s ]
INFO: [ app_end ] --START--
INFO: Run Behavior\ShowPageTraceBehavior [ RunTime:0.001000s ]
INFO: [ app_end ] --END-- [ RunTime:0.001000s ]

[ 2019-01-19T15:43:33+08:00 ] 127.0.0.1 /index.php/Admin/Order/withdraw_list.html
NOTIC: [8] Use of undefined constant SHOW_PAGE_TRACE - assumed 'SHOW_PAGE_TRACE' E:\www\tour\Application\Common\Conf\debug.php 第 4 行.
INFO: [ app_init ] --START--
INFO: Run Behavior\BuildLiteBehavior [ RunTime:0.000000s ]
INFO: [ app_init ] --END-- [ RunTime:0.000000s ]
INFO: [ app_begin ] --START--
INFO: Run Behavior\ReadHtmlCacheBehavior [ RunTime:0.001000s ]
INFO: [ app_begin ] --END-- [ RunTime:0.001000s ]
NOTIC: [2048] Declaration of Admin\Controller\OrderController::show() should be compatible with Think\Controller::show($content, $charset = '', $contentType = '', $prefix = '') E:\www\tour\Application\Admin\Controller\OrderController.class.php 第 4 行.
SQL: SHOW COLUMNS FROM `lr_order` [ RunTime:0.0070s ]
SQL: SHOW COLUMNS FROM `lr_order_product` [ RunTime:0.0240s ]

[ 2019-01-19T15:43:35+08:00 ] 127.0.0.1 /index.php/Admin/Login/index.html
NOTIC: [8] Use of undefined constant SHOW_PAGE_TRACE - assumed 'SHOW_PAGE_TRACE' E:\www\tour\Application\Common\Conf\debug.php 第 4 行.
INFO: [ app_init ] --START--
INFO: Run Behavior\BuildLiteBehavior [ RunTime:0.000000s ]
INFO: [ app_init ] --END-- [ RunTime:0.000000s ]
INFO: [ app_begin ] --START--
INFO: Run Behavior\ReadHtmlCacheBehavior [ RunTime:0.000000s ]
INFO: [ app_begin ] --END-- [ RunTime:0.000000s ]
SQL: SHOW COLUMNS FROM `lr_program` [ RunTime:0.0060s ]
SQL: SELECT * FROM `lr_program` LIMIT 1   [ RunTime:0.0010s ]
INFO: [ view_parse ] --START--
INFO: [ template_filter ] --START--
INFO: Run Behavior\ContentReplaceBehavior [ RunTime:0.000000s ]
INFO: [ template_filter ] --END-- [ RunTime:0.000000s ]
NOTIC: [8] Undefined variable: key E:\www\tour\Application\Runtime\Cache\Admin\32ec6c906c117a7c2bf504769276d87a.php 第 28 行.
INFO: Run Behavior\ParseTemplateBehavior [ RunTime:0.005000s ]
INFO: [ view_parse ] --END-- [ RunTime:0.005000s ]
INFO: [ view_filter ] --START--
INFO: Run Behavior\WriteHtmlCacheBehavior [ RunTime:0.000000s ]
INFO: [ view_filter ] --END-- [ RunTime:0.000000s ]
INFO: [ app_end ] --START--
INFO: Run Behavior\ShowPageTraceBehavior [ RunTime:0.000000s ]
INFO: [ app_end ] --END-- [ RunTime:0.000000s ]

[ 2019-01-19T15:43:35+08:00 ] 127.0.0.1 /index.php/Admin/Login/lib/jquery/1.9.1/jquery.min.js
NOTIC: [8] Use of undefined constant SHOW_PAGE_TRACE - assumed 'SHOW_PAGE_TRACE' E:\www\tour\Application\Common\Conf\debug.php 第 4 行.
INFO: [ app_init ] --START--
INFO: Run Behavior\BuildLiteBehavior [ RunTime:0.000000s ]
INFO: [ app_init ] --END-- [ RunTime:0.000000s ]
INFO: [ app_begin ] --START--
INFO: Run Behavior\ReadHtmlCacheBehavior [ RunTime:0.001000s ]
INFO: [ app_begin ] --END-- [ RunTime:0.001000s ]
ERR: 非法操作:lib

[ 2019-01-19T15:43:36+08:00 ] 127.0.0.1 /index.php/Admin/Login/static/h-ui/js/H-ui.min.js
NOTIC: [8] Use of undefined constant SHOW_PAGE_TRACE - assumed 'SHOW_PAGE_TRACE' E:\www\tour\Application\Common\Conf\debug.php 第 4 行.
INFO: [ app_init ] --START--
INFO: Run Behavior\BuildLiteBehavior [ RunTime:0.000000s ]
INFO: [ app_init ] --END-- [ RunTime:0.001000s ]
INFO: [ app_begin ] --START--
INFO: Run Behavior\ReadHtmlCacheBehavior [ RunTime:0.000000s ]
INFO: [ app_begin ] --END-- [ RunTime:0.000000s ]
ERR: 非法操作:static

[ 2019-01-19T15:43:42+08:00 ] 127.0.0.1 /index.php/Admin/Login/index.html?key=
NOTIC: [8] Use of undefined constant SHOW_PAGE_TRACE - assumed 'SHOW_PAGE_TRACE' E:\www\tour\Application\Common\Conf\debug.php 第 4 行.
INFO: [ app_init ] --START--
INFO: Run Behavior\BuildLiteBehavior [ RunTime:0.000000s ]
INFO: [ app_init ] --END-- [ RunTime:0.000000s ]
INFO: [ app_begin ] --START--
INFO: Run Behavior\ReadHtmlCacheBehavior [ RunTime:0.002000s ]
INFO: [ app_begin ] --END-- [ RunTime:0.002000s ]
SQL: SHOW COLUMNS FROM `lr_adminuser` [ RunTime:0.0180s ]
SQL: SELECT * FROM `lr_adminuser` WHERE ( name='admin' AND del<1 ) LIMIT 1   [ RunTime:0.0010s ]
SQL: SHOW COLUMNS FROM `lr_program` [ RunTime:0.0130s ]
SQL: SELECT * FROM `lr_program` LIMIT 1   [ RunTime:0.0010s ]
NOTIC: [8] Undefined index: shop_id E:\www\tour\Application\Admin\Controller\LoginController.class.php 第 21 行.
INFO: [ app_end ] --START--
INFO: Run Behavior\ShowPageTraceBehavior [ RunTime:0.000000s ]
INFO: [ app_end ] --END-- [ RunTime:0.000000s ]

[ 2019-01-19T15:43:43+08:00 ] 127.0.0.1 /index.php/Admin/Index/index.html
NOTIC: [8] Use of undefined constant SHOW_PAGE_TRACE - assumed 'SHOW_PAGE_TRACE' E:\www\tour\Application\Common\Conf\debug.php 第 4 行.
INFO: [ app_init ] --START--
INFO: Run Behavior\BuildLiteBehavior [ RunTime:0.000000s ]
INFO: [ app_init ] --END-- [ RunTime:0.000000s ]
INFO: [ app_begin ] --START--
INFO: Run Behavior\ReadHtmlCacheBehavior [ RunTime:0.000000s ]
INFO: [ app_begin ] --END-- [ RunTime:0.001000s ]
SQL: SHOW COLUMNS FROM `lr_web` [ RunTime:0.0090s ]
SQL: SELECT `concent` FROM `lr_web` WHERE ( id=5 ) LIMIT 1   [ RunTime:0.0030s ]
INFO: [ view_parse ] --START--
INFO: [ template_filter ] --START--
INFO: Run Behavior\ContentReplaceBehavior [ RunTime:0.000000s ]
INFO: [ template_filter ] --END-- [ RunTime:0.000000s ]
INFO: Run Behavior\ParseTemplateBehavior [ RunTime:0.008001s ]
INFO: [ view_parse ] --END-- [ RunTime:0.008001s ]
INFO: [ view_filter ] --START--
INFO: Run Behavior\WriteHtmlCacheBehavior [ RunTime:0.000000s ]
INFO: [ view_filter ] --END-- [ RunTime:0.000000s ]
INFO: [ app_end ] --START--
INFO: Run Behavior\ShowPageTraceBehavior [ RunTime:0.001000s ]
INFO: [ app_end ] --END-- [ RunTime:0.001000s ]

[ 2019-01-19T15:43:43+08:00 ] 127.0.0.1 /index.php/Admin/Page/adminindex.html
NOTIC: [8] Use of undefined constant SHOW_PAGE_TRACE - assumed 'SHOW_PAGE_TRACE' E:\www\tour\Application\Common\Conf\debug.php 第 4 行.
INFO: [ app_init ] --START--
INFO: Run Behavior\BuildLiteBehavior [ RunTime:0.000000s ]
INFO: [ app_init ] --END-- [ RunTime:0.001000s ]
INFO: [ app_begin ] --START--
INFO: Run Behavior\ReadHtmlCacheBehavior [ RunTime:0.000000s ]
INFO: [ app_begin ] --END-- [ RunTime:0.000000s ]
INFO: [ view_parse ] --START--
INFO: [ template_filter ] --START--
INFO: Run Behavior\ContentReplaceBehavior [ RunTime:0.000000s ]
INFO: [ template_filter ] --END-- [ RunTime:0.000000s ]
INFO: Run Behavior\ParseTemplateBehavior [ RunTime:0.005000s ]
INFO: [ view_parse ] --END-- [ RunTime:0.006000s ]
INFO: [ view_filter ] --START--
INFO: Run Behavior\WriteHtmlCacheBehavior [ RunTime:0.000000s ]
INFO: [ view_filter ] --END-- [ RunTime:0.000000s ]
INFO: [ app_end ] --START--
INFO: Run Behavior\ShowPageTraceBehavior [ RunTime:0.001000s ]
INFO: [ app_end ] --END-- [ RunTime:0.001000s ]

[ 2019-01-19T15:43:45+08:00 ] 127.0.0.1 /index.php/Admin/Index/index.html
NOTIC: [8] Use of undefined constant SHOW_PAGE_TRACE - assumed 'SHOW_PAGE_TRACE' E:\www\tour\Application\Common\Conf\debug.php 第 4 行.
INFO: [ app_init ] --START--
INFO: Run Behavior\BuildLiteBehavior [ RunTime:0.000000s ]
INFO: [ app_init ] --END-- [ RunTime:0.000000s ]
INFO: [ app_begin ] --START--
INFO: Run Behavior\ReadHtmlCacheBehavior [ RunTime:0.001000s ]
INFO: [ app_begin ] --END-- [ RunTime:0.001000s ]
SQL: SHOW COLUMNS FROM `lr_web` [ RunTime:0.0070s ]
SQL: SELECT `concent` FROM `lr_web` WHERE ( id=5 ) LIMIT 1   [ RunTime:0.0010s ]
INFO: [ view_parse ] --START--
INFO: [ template_filter ] --START--
INFO: Run Behavior\ContentReplaceBehavior [ RunTime:0.000000s ]
INFO: [ template_filter ] --END-- [ RunTime:0.000000s ]
INFO: Run Behavior\ParseTemplateBehavior [ RunTime:0.009001s ]
INFO: [ view_parse ] --END-- [ RunTime:0.009001s ]
INFO: [ view_filter ] --START--
INFO: Run Behavior\WriteHtmlCacheBehavior [ RunTime:0.000000s ]
INFO: [ view_filter ] --END-- [ RunTime:0.000000s ]
INFO: [ app_end ] --START--
INFO: Run Behavior\ShowPageTraceBehavior [ RunTime:0.001000s ]
INFO: [ app_end ] --END-- [ RunTime:0.001000s ]

[ 2019-01-19T15:43:45+08:00 ] 127.0.0.1 /index.php/Admin/Page/adminindex.html
NOTIC: [8] Use of undefined constant SHOW_PAGE_TRACE - assumed 'SHOW_PAGE_TRACE' E:\www\tour\Application\Common\Conf\debug.php 第 4 行.
INFO: [ app_init ] --START--
INFO: Run Behavior\BuildLiteBehavior [ RunTime:0.000000s ]
INFO: [ app_init ] --END-- [ RunTime:0.000000s ]
INFO: [ app_begin ] --START--
INFO: Run Behavior\ReadHtmlCacheBehavior [ RunTime:0.001000s ]
INFO: [ app_begin ] --END-- [ RunTime:0.001000s ]
INFO: [ view_parse ] --START--
INFO: [ template_filter ] --START--
INFO: Run Behavior\ContentReplaceBehavior [ RunTime:0.000000s ]
INFO: [ template_filter ] --END-- [ RunTime:0.001001s ]
INFO: Run Behavior\ParseTemplateBehavior [ RunTime:0.011001s ]
INFO: [ view_parse ] --END-- [ RunTime:0.011001s ]
INFO: [ view_filter ] --START--
INFO: Run Behavior\WriteHtmlCacheBehavior [ RunTime:0.000000s ]
INFO: [ view_filter ] --END-- [ RunTime:0.000000s ]
INFO: [ app_end ] --START--
INFO: Run Behavior\ShowPageTraceBehavior [ RunTime:0.001000s ]
INFO: [ app_end ] --END-- [ RunTime:0.001000s ]

[ 2019-01-19T15:43:48+08:00 ] 127.0.0.1 /index.php/Admin/Order/withdraw_list.html
NOTIC: [8] Use of undefined constant SHOW_PAGE_TRACE - assumed 'SHOW_PAGE_TRACE' E:\www\tour\Application\Common\Conf\debug.php 第 4 行.
INFO: [ app_init ] --START--
INFO: Run Behavior\BuildLiteBehavior [ RunTime:0.000000s ]
INFO: [ app_init ] --END-- [ RunTime:0.000000s ]
INFO: [ app_begin ] --START--
INFO: Run Behavior\ReadHtmlCacheBehavior [ RunTime:0.000000s ]
INFO: [ app_begin ] --END-- [ RunTime:0.000000s ]
NOTIC: [2048] Declaration of Admin\Controller\OrderController::show() should be compatible with Think\Controller::show($content, $charset = '', $contentType = '', $prefix = '') E:\www\tour\Application\Admin\Controller\OrderController.class.php 第 4 行.
SQL: SHOW COLUMNS FROM `lr_order` [ RunTime:0.0060s ]
SQL: SHOW COLUMNS FROM `lr_order_product` [ RunTime:0.0070s ]
SQL: SHOW COLUMNS FROM `lr_withdraw` [ RunTime:0.0060s ]
SQL: SELECT COUNT(*) AS tp_count FROM `lr_withdraw` LIMIT 1   [ RunTime:0.0010s ]
NOTIC: [8] Undefined index: page E:\www\tour\Application\Admin\Controller\OrderController.class.php 第 365 行.
NOTIC: [8] Undefined variable: where E:\www\tour\Application\Admin\Controller\OrderController.class.php 第 372 行.
SQL: SELECT t1.*,t2.uname,t2.photo,t2.phone,t2.real_name,t2.bank_name,t2.banks FROM lr_withdraw t1 left join lr_user t2 on t1.uid = t2.id  ORDER BY t1.create_time desc LIMIT 0,20   [ RunTime:0.0090s ]
INFO: [ view_parse ] --START--
INFO: [ template_filter ] --START--
INFO: Run Behavior\ContentReplaceBehavior [ RunTime:0.000000s ]
INFO: [ template_filter ] --END-- [ RunTime:0.000000s ]
NOTIC: [8] Undefined index: name E:\www\tour\Application\Runtime\Cache\Admin\301c2b9f6491dc53f7db959a81fc1270.php 第 58 行.
NOTIC: [8] Undefined index: name E:\www\tour\Application\Runtime\Cache\Admin\301c2b9f6491dc53f7db959a81fc1270.php 第 58 行.
NOTIC: [8] Undefined index: name E:\www\tour\Application\Runtime\Cache\Admin\301c2b9f6491dc53f7db959a81fc1270.php 第 58 行.
NOTIC: [8] Undefined index: name E:\www\tour\Application\Runtime\Cache\Admin\301c2b9f6491dc53f7db959a81fc1270.php 第 58 行.
NOTIC: [8] Undefined index: name E:\www\tour\Application\Runtime\Cache\Admin\301c2b9f6491dc53f7db959a81fc1270.php 第 58 行.
NOTIC: [8] Undefined index: name E:\www\tour\Application\Runtime\Cache\Admin\301c2b9f6491dc53f7db959a81fc1270.php 第 58 行.
NOTIC: [8] Undefined index: name E:\www\tour\Application\Runtime\Cache\Admin\301c2b9f6491dc53f7db959a81fc1270.php 第 58 行.
NOTIC: [8] Undefined index: name E:\www\tour\Application\Runtime\Cache\Admin\301c2b9f6491dc53f7db959a81fc1270.php 第 58 行.
NOTIC: [8] Undefined index: name E:\www\tour\Application\Runtime\Cache\Admin\301c2b9f6491dc53f7db959a81fc1270.php 第 58 行.
NOTIC: [8] Undefined index: name E:\www\tour\Application\Runtime\Cache\Admin\301c2b9f6491dc53f7db959a81fc1270.php 第 58 行.
NOTIC: [8] Undefined index: name E:\www\tour\Application\Runtime\Cache\Admin\301c2b9f6491dc53f7db959a81fc1270.php 第 58 行.
NOTIC: [8] Undefined index: name E:\www\tour\Application\Runtime\Cache\Admin\301c2b9f6491dc53f7db959a81fc1270.php 第 58 行.
INFO: Run Behavior\ParseTemplateBehavior [ RunTime:0.034002s ]
INFO: [ view_parse ] --END-- [ RunTime:0.034002s ]
INFO: [ view_filter ] --START--
INFO: Run Behavior\WriteHtmlCacheBehavior [ RunTime:0.000000s ]
INFO: [ view_filter ] --END-- [ RunTime:0.000000s ]
INFO: [ app_end ] --START--
INFO: Run Behavior\ShowPageTraceBehavior [ RunTime:0.001000s ]
INFO: [ app_end ] --END-- [ RunTime:0.001000s ]

[ 2019-01-19T15:43:59+08:00 ] 127.0.0.1 /index.php/Admin/Order/carry
NOTIC: [8] Use of undefined constant SHOW_PAGE_TRACE - assumed 'SHOW_PAGE_TRACE' E:\www\tour\Application\Common\Conf\debug.php 第 4 行.
INFO: [ app_init ] --START--
INFO: Run Behavior\BuildLiteBehavior [ RunTime:0.000000s ]
INFO: [ app_init ] --END-- [ RunTime:0.000000s ]
INFO: [ app_begin ] --START--
INFO: Run Behavior\ReadHtmlCacheBehavior [ RunTime:0.001000s ]
INFO: [ app_begin ] --END-- [ RunTime:0.001000s ]
NOTIC: [2048] Declaration of Admin\Controller\OrderController::show() should be compatible with Think\Controller::show($content, $charset = '', $contentType = '', $prefix = '') E:\www\tour\Application\Admin\Controller\OrderController.class.php 第 4 行.
SQL: SHOW COLUMNS FROM `lr_order` [ RunTime:0.0070s ]
SQL: SHOW COLUMNS FROM `lr_order_product` [ RunTime:0.0080s ]
SQL: SHOW COLUMNS FROM `lr_withdraw` [ RunTime:0.0070s ]
SQL: SELECT * FROM `lr_withdraw` WHERE `id` = 18 LIMIT 1   [ RunTime:0.0010s ]
SQL: UPDATE `lr_withdraw` SET `status`='4',`save_time`='2019-01-19 15:43:59' WHERE `id` = 18 [ RunTime:0.0010s ]

[ 2019-01-19T15:44:01+08:00 ] 127.0.0.1 /index.php/Admin/Order/withdraw_list
NOTIC: [8] Use of undefined constant SHOW_PAGE_TRACE - assumed 'SHOW_PAGE_TRACE' E:\www\tour\Application\Common\Conf\debug.php 第 4 行.
INFO: [ app_init ] --START--
INFO: Run Behavior\BuildLiteBehavior [ RunTime:0.000000s ]
INFO: [ app_init ] --END-- [ RunTime:0.000000s ]
INFO: [ app_begin ] --START--
INFO: Run Behavior\ReadHtmlCacheBehavior [ RunTime:0.001000s ]
INFO: [ app_begin ] --END-- [ RunTime:0.001000s ]
NOTIC: [2048] Declaration of Admin\Controller\OrderController::show() should be compatible with Think\Controller::show($content, $charset = '', $contentType = '', $prefix = '') E:\www\tour\Application\Admin\Controller\OrderController.class.php 第 4 行.
SQL: SHOW COLUMNS FROM `lr_order` [ RunTime:0.0100s ]
SQL: SHOW COLUMNS FROM `lr_order_product` [ RunTime:0.0070s ]
SQL: SHOW COLUMNS FROM `lr_withdraw` [ RunTime:0.0090s ]
SQL: SELECT COUNT(*) AS tp_count FROM `lr_withdraw` LIMIT 1   [ RunTime:0.0010s ]
NOTIC: [8] Undefined index: page E:\www\tour\Application\Admin\Controller\OrderController.class.php 第 365 行.
NOTIC: [8] Undefined variable: where E:\www\tour\Application\Admin\Controller\OrderController.class.php 第 372 行.
SQL: SELECT t1.*,t2.uname,t2.photo,t2.phone,t2.real_name,t2.bank_name,t2.banks FROM lr_withdraw t1 left join lr_user t2 on t1.uid = t2.id  ORDER BY t1.create_time desc LIMIT 0,20   [ RunTime:0.0010s ]
INFO: [ view_parse ] --START--
INFO: [ template_filter ] --START--
INFO: Run Behavior\ContentReplaceBehavior [ RunTime:0.000000s ]
INFO: [ template_filter ] --END-- [ RunTime:0.000000s ]
NOTIC: [8] Undefined index: name E:\www\tour\Application\Runtime\Cache\Admin\301c2b9f6491dc53f7db959a81fc1270.php 第 58 行.
NOTIC: [8] Undefined index: name E:\www\tour\Application\Runtime\Cache\Admin\301c2b9f6491dc53f7db959a81fc1270.php 第 58 行.
NOTIC: [8] Undefined index: name E:\www\tour\Application\Runtime\Cache\Admin\301c2b9f6491dc53f7db959a81fc1270.php 第 58 行.
NOTIC: [8] Undefined index: name E:\www\tour\Application\Runtime\Cache\Admin\301c2b9f6491dc53f7db959a81fc1270.php 第 58 行.
NOTIC: [8] Undefined index: name E:\www\tour\Application\Runtime\Cache\Admin\301c2b9f6491dc53f7db959a81fc1270.php 第 58 行.
NOTIC: [8] Undefined index: name E:\www\tour\Application\Runtime\Cache\Admin\301c2b9f6491dc53f7db959a81fc1270.php 第 58 行.
NOTIC: [8] Undefined index: name E:\www\tour\Application\Runtime\Cache\Admin\301c2b9f6491dc53f7db959a81fc1270.php 第 58 行.
NOTIC: [8] Undefined index: name E:\www\tour\Application\Runtime\Cache\Admin\301c2b9f6491dc53f7db959a81fc1270.php 第 58 行.
NOTIC: [8] Undefined index: name E:\www\tour\Application\Runtime\Cache\Admin\301c2b9f6491dc53f7db959a81fc1270.php 第 58 行.
NOTIC: [8] Undefined index: name E:\www\tour\Application\Runtime\Cache\Admin\301c2b9f6491dc53f7db959a81fc1270.php 第 58 行.
NOTIC: [8] Undefined index: name E:\www\tour\Application\Runtime\Cache\Admin\301c2b9f6491dc53f7db959a81fc1270.php 第 58 行.
NOTIC: [8] Undefined index: name E:\www\tour\Application\Runtime\Cache\Admin\301c2b9f6491dc53f7db959a81fc1270.php 第 58 行.
INFO: Run Behavior\ParseTemplateBehavior [ RunTime:0.007001s ]
INFO: [ view_parse ] --END-- [ RunTime:0.007001s ]
INFO: [ view_filter ] --START--
INFO: Run Behavior\WriteHtmlCacheBehavior [ RunTime:0.000000s ]
INFO: [ view_filter ] --END-- [ RunTime:0.000000s ]
INFO: [ app_end ] --START--
INFO: Run Behavior\ShowPageTraceBehavior [ RunTime:0.000000s ]
INFO: [ app_end ] --END-- [ RunTime:0.000000s ]

[ 2019-01-19T15:44:05+08:00 ] 127.0.0.1 /index.php/Admin/Order/carry
NOTIC: [8] Use of undefined constant SHOW_PAGE_TRACE - assumed 'SHOW_PAGE_TRACE' E:\www\tour\Application\Common\Conf\debug.php 第 4 行.
INFO: [ app_init ] --START--
INFO: Run Behavior\BuildLiteBehavior [ RunTime:0.000000s ]
INFO: [ app_init ] --END-- [ RunTime:0.000000s ]
INFO: [ app_begin ] --START--
INFO: Run Behavior\ReadHtmlCacheBehavior [ RunTime:0.000000s ]
INFO: [ app_begin ] --END-- [ RunTime:0.000000s ]
NOTIC: [2048] Declaration of Admin\Controller\OrderController::show() should be compatible with Think\Controller::show($content, $charset = '', $contentType = '', $prefix = '') E:\www\tour\Application\Admin\Controller\OrderController.class.php 第 4 行.
SQL: SHOW COLUMNS FROM `lr_order` [ RunTime:0.0080s ]
SQL: SHOW COLUMNS FROM `lr_order_product` [ RunTime:0.0060s ]
SQL: SHOW COLUMNS FROM `lr_withdraw` [ RunTime:0.0060s ]
SQL: SELECT * FROM `lr_withdraw` WHERE `id` = 18 LIMIT 1   [ RunTime:0.0010s ]
SQL: UPDATE `lr_withdraw` SET `status`='4',`save_time`='2019-01-19 15:44:05' WHERE `id` = 18 [ RunTime:0.0010s ]

[ 2019-01-19T15:44:07+08:00 ] 127.0.0.1 /index.php/Admin/Order/withdraw_list
NOTIC: [8] Use of undefined constant SHOW_PAGE_TRACE - assumed 'SHOW_PAGE_TRACE' E:\www\tour\Application\Common\Conf\debug.php 第 4 行.
INFO: [ app_init ] --START--
INFO: Run Behavior\BuildLiteBehavior [ RunTime:0.000000s ]
INFO: [ app_init ] --END-- [ RunTime:0.000000s ]
INFO: [ app_begin ] --START--
INFO: Run Behavior\ReadHtmlCacheBehavior [ RunTime:0.000000s ]
INFO: [ app_begin ] --END-- [ RunTime:0.001000s ]
NOTIC: [2048] Declaration of Admin\Controller\OrderController::show() should be compatible with Think\Controller::show($content, $charset = '', $contentType = '', $prefix = '') E:\www\tour\Application\Admin\Controller\OrderController.class.php 第 4 行.
SQL: SHOW COLUMNS FROM `lr_order` [ RunTime:0.0080s ]
SQL: SHOW COLUMNS FROM `lr_order_product` [ RunTime:0.0090s ]
SQL: SHOW COLUMNS FROM `lr_withdraw` [ RunTime:0.0060s ]
SQL: SELECT COUNT(*) AS tp_count FROM `lr_withdraw` LIMIT 1   [ RunTime:0.0010s ]
NOTIC: [8] Undefined index: page E:\www\tour\Application\Admin\Controller\OrderController.class.php 第 365 行.
NOTIC: [8] Undefined variable: where E:\www\tour\Application\Admin\Controller\OrderController.class.php 第 372 行.
SQL: SELECT t1.*,t2.uname,t2.photo,t2.phone,t2.real_name,t2.bank_name,t2.banks FROM lr_withdraw t1 left join lr_user t2 on t1.uid = t2.id  ORDER BY t1.create_time desc LIMIT 0,20   [ RunTime:0.0010s ]
INFO: [ view_parse ] --START--
INFO: [ template_filter ] --START--
INFO: Run Behavior\ContentReplaceBehavior [ RunTime:0.000000s ]
INFO: [ template_filter ] --END-- [ RunTime:0.000000s ]
NOTIC: [8] Undefined index: name E:\www\tour\Application\Runtime\Cache\Admin\301c2b9f6491dc53f7db959a81fc1270.php 第 58 行.
NOTIC: [8] Undefined index: name E:\www\tour\Application\Runtime\Cache\Admin\301c2b9f6491dc53f7db959a81fc1270.php 第 58 行.
NOTIC: [8] Undefined index: name E:\www\tour\Application\Runtime\Cache\Admin\301c2b9f6491dc53f7db959a81fc1270.php 第 58 行.
NOTIC: [8] Undefined index: name E:\www\tour\Application\Runtime\Cache\Admin\301c2b9f6491dc53f7db959a81fc1270.php 第 58 行.
NOTIC: [8] Undefined index: name E:\www\tour\Application\Runtime\Cache\Admin\301c2b9f6491dc53f7db959a81fc1270.php 第 58 行.
NOTIC: [8] Undefined index: name E:\www\tour\Application\Runtime\Cache\Admin\301c2b9f6491dc53f7db959a81fc1270.php 第 58 行.
NOTIC: [8] Undefined index: name E:\www\tour\Application\Runtime\Cache\Admin\301c2b9f6491dc53f7db959a81fc1270.php 第 58 行.
NOTIC: [8] Undefined index: name E:\www\tour\Application\Runtime\Cache\Admin\301c2b9f6491dc53f7db959a81fc1270.php 第 58 行.
NOTIC: [8] Undefined index: name E:\www\tour\Application\Runtime\Cache\Admin\301c2b9f6491dc53f7db959a81fc1270.php 第 58 行.
NOTIC: [8] Undefined index: name E:\www\tour\Application\Runtime\Cache\Admin\301c2b9f6491dc53f7db959a81fc1270.php 第 58 行.
NOTIC: [8] Undefined index: name E:\www\tour\Application\Runtime\Cache\Admin\301c2b9f6491dc53f7db959a81fc1270.php 第 58 行.
NOTIC: [8] Undefined index: name E:\www\tour\Application\Runtime\Cache\Admin\301c2b9f6491dc53f7db959a81fc1270.php 第 58 行.
INFO: Run Behavior\ParseTemplateBehavior [ RunTime:0.008001s ]
INFO: [ view_parse ] --END-- [ RunTime:0.008001s ]
INFO: [ view_filter ] --START--
INFO: Run Behavior\WriteHtmlCacheBehavior [ RunTime:0.000000s ]
INFO: [ view_filter ] --END-- [ RunTime:0.000000s ]
INFO: [ app_end ] --START--
INFO: Run Behavior\ShowPageTraceBehavior [ RunTime:0.000000s ]
INFO: [ app_end ] --END-- [ RunTime:0.000000s ]

[ 2019-01-19T15:44:08+08:00 ] 127.0.0.1 /index.php/Admin/Order/carry
NOTIC: [8] Use of undefined constant SHOW_PAGE_TRACE - assumed 'SHOW_PAGE_TRACE' E:\www\tour\Application\Common\Conf\debug.php 第 4 行.
INFO: [ app_init ] --START--
INFO: Run Behavior\BuildLiteBehavior [ RunTime:0.000000s ]
INFO: [ app_init ] --END-- [ RunTime:0.000000s ]
INFO: [ app_begin ] --START--
INFO: Run Behavior\ReadHtmlCacheBehavior [ RunTime:0.000000s ]
INFO: [ app_begin ] --END-- [ RunTime:0.000000s ]
NOTIC: [2048] Declaration of Admin\Controller\OrderController::show() should be compatible with Think\Controller::show($content, $charset = '', $contentType = '', $prefix = '') E:\www\tour\Application\Admin\Controller\OrderController.class.php 第 4 行.
SQL: SHOW COLUMNS FROM `lr_order` [ RunTime:0.0060s ]
SQL: SHOW COLUMNS FROM `lr_order_product` [ RunTime:0.0060s ]
SQL: SHOW COLUMNS FROM `lr_withdraw` [ RunTime:0.0070s ]
SQL: SELECT * FROM `lr_withdraw` WHERE `id` = 18 LIMIT 1   [ RunTime:0.0000s ]
SQL: UPDATE `lr_withdraw` SET `status`='5',`save_time`='2019-01-19 15:44:08' WHERE `id` = 18 [ RunTime:0.0000s ]

[ 2019-01-19T15:44:10+08:00 ] 127.0.0.1 /index.php/Admin/Order/withdraw_list
NOTIC: [8] Use of undefined constant SHOW_PAGE_TRACE - assumed 'SHOW_PAGE_TRACE' E:\www\tour\Application\Common\Conf\debug.php 第 4 行.
INFO: [ app_init ] --START--
INFO: Run Behavior\BuildLiteBehavior [ RunTime:0.000000s ]
INFO: [ app_init ] --END-- [ RunTime:0.001000s ]
INFO: [ app_begin ] --START--
INFO: Run Behavior\ReadHtmlCacheBehavior [ RunTime:0.001000s ]
INFO: [ app_begin ] --END-- [ RunTime:0.001000s ]
NOTIC: [2048] Declaration of Admin\Controller\OrderController::show() should be compatible with Think\Controller::show($content, $charset = '', $contentType = '', $prefix = '') E:\www\tour\Application\Admin\Controller\OrderController.class.php 第 4 行.
SQL: SHOW COLUMNS FROM `lr_order` [ RunTime:0.0130s ]
SQL: SHOW COLUMNS FROM `lr_order_product` [ RunTime:0.0090s ]
SQL: SHOW COLUMNS FROM `lr_withdraw` [ RunTime:0.0090s ]
SQL: SELECT COUNT(*) AS tp_count FROM `lr_withdraw` LIMIT 1   [ RunTime:0.0010s ]
NOTIC: [8] Undefined index: page E:\www\tour\Application\Admin\Controller\OrderController.class.php 第 365 行.
NOTIC: [8] Undefined variable: where E:\www\tour\Application\Admin\Controller\OrderController.class.php 第 372 行.
SQL: SELECT t1.*,t2.uname,t2.photo,t2.phone,t2.real_name,t2.bank_name,t2.banks FROM lr_withdraw t1 left join lr_user t2 on t1.uid = t2.id  ORDER BY t1.create_time desc LIMIT 0,20   [ RunTime:0.0020s ]
INFO: [ view_parse ] --START--
INFO: [ template_filter ] --START--
INFO: Run Behavior\ContentReplaceBehavior [ RunTime:0.001000s ]
INFO: [ template_filter ] --END-- [ RunTime:0.001000s ]
NOTIC: [8] Undefined index: name E:\www\tour\Application\Runtime\Cache\Admin\301c2b9f6491dc53f7db959a81fc1270.php 第 58 行.
NOTIC: [8] Undefined index: name E:\www\tour\Application\Runtime\Cache\Admin\301c2b9f6491dc53f7db959a81fc1270.php 第 58 行.
NOTIC: [8] Undefined index: name E:\www\tour\Application\Runtime\Cache\Admin\301c2b9f6491dc53f7db959a81fc1270.php 第 58 行.
NOTIC: [8] Undefined index: name E:\www\tour\Application\Runtime\Cache\Admin\301c2b9f6491dc53f7db959a81fc1270.php 第 58 行.
NOTIC: [8] Undefined index: name E:\www\tour\Application\Runtime\Cache\Admin\301c2b9f6491dc53f7db959a81fc1270.php 第 58 行.
NOTIC: [8] Undefined index: name E:\www\tour\Application\Runtime\Cache\Admin\301c2b9f6491dc53f7db959a81fc1270.php 第 58 行.
NOTIC: [8] Undefined index: name E:\www\tour\Application\Runtime\Cache\Admin\301c2b9f6491dc53f7db959a81fc1270.php 第 58 行.
NOTIC: [8] Undefined index: name E:\www\tour\Application\Runtime\Cache\Admin\301c2b9f6491dc53f7db959a81fc1270.php 第 58 行.
NOTIC: [8] Undefined index: name E:\www\tour\Application\Runtime\Cache\Admin\301c2b9f6491dc53f7db959a81fc1270.php 第 58 行.
NOTIC: [8] Undefined index: name E:\www\tour\Application\Runtime\Cache\Admin\301c2b9f6491dc53f7db959a81fc1270.php 第 58 行.
NOTIC: [8] Undefined index: name E:\www\tour\Application\Runtime\Cache\Admin\301c2b9f6491dc53f7db959a81fc1270.php 第 58 行.
NOTIC: [8] Undefined index: name E:\www\tour\Application\Runtime\Cache\Admin\301c2b9f6491dc53f7db959a81fc1270.php 第 58 行.
INFO: Run Behavior\ParseTemplateBehavior [ RunTime:0.008001s ]
INFO: [ view_parse ] --END-- [ RunTime:0.008001s ]
INFO: [ view_filter ] --START--
INFO: Run Behavior\WriteHtmlCacheBehavior [ RunTime:0.000000s ]
INFO: [ view_filter ] --END-- [ RunTime:0.000000s ]
INFO: [ app_end ] --START--
INFO: Run Behavior\ShowPageTraceBehavior [ RunTime:0.001000s ]
INFO: [ app_end ] --END-- [ RunTime:0.001000s ]

[ 2019-01-19T15:44:13+08:00 ] 127.0.0.1 /index.php/Admin/Order/carry
NOTIC: [8] Use of undefined constant SHOW_PAGE_TRACE - assumed 'SHOW_PAGE_TRACE' E:\www\tour\Application\Common\Conf\debug.php 第 4 行.
INFO: [ app_init ] --START--
INFO: Run Behavior\BuildLiteBehavior [ RunTime:0.000000s ]
INFO: [ app_init ] --END-- [ RunTime:0.000000s ]
INFO: [ app_begin ] --START--
INFO: Run Behavior\ReadHtmlCacheBehavior [ RunTime:0.001000s ]
INFO: [ app_begin ] --END-- [ RunTime:0.001000s ]
NOTIC: [2048] Declaration of Admin\Controller\OrderController::show() should be compatible with Think\Controller::show($content, $charset = '', $contentType = '', $prefix = '') E:\www\tour\Application\Admin\Controller\OrderController.class.php 第 4 行.
SQL: SHOW COLUMNS FROM `lr_order` [ RunTime:0.0060s ]
SQL: SHOW COLUMNS FROM `lr_order_product` [ RunTime:0.0080s ]
SQL: SHOW COLUMNS FROM `lr_withdraw` [ RunTime:0.0080s ]
SQL: SELECT * FROM `lr_withdraw` WHERE `id` = 18 LIMIT 1   [ RunTime:0.0010s ]
SQL: UPDATE `lr_withdraw` SET `status`='4',`save_time`='2019-01-19 15:44:13' WHERE `id` = 18 [ RunTime:0.0010s ]

[ 2019-01-19T15:44:14+08:00 ] 127.0.0.1 /index.php/Admin/Order/withdraw_list
NOTIC: [8] Use of undefined constant SHOW_PAGE_TRACE - assumed 'SHOW_PAGE_TRACE' E:\www\tour\Application\Common\Conf\debug.php 第 4 行.
INFO: [ app_init ] --START--
INFO: Run Behavior\BuildLiteBehavior [ RunTime:0.000000s ]
INFO: [ app_init ] --END-- [ RunTime:0.000000s ]
INFO: [ app_begin ] --START--
INFO: Run Behavior\ReadHtmlCacheBehavior [ RunTime:0.001000s ]
INFO: [ app_begin ] --END-- [ RunTime:0.001000s ]
NOTIC: [2048] Declaration of Admin\Controller\OrderController::show() should be compatible with Think\Controller::show($content, $charset = '', $contentType = '', $prefix = '') E:\www\tour\Application\Admin\Controller\OrderController.class.php 第 4 行.
SQL: SHOW COLUMNS FROM `lr_order` [ RunTime:0.0120s ]
SQL: SHOW COLUMNS FROM `lr_order_product` [ RunTime:0.0070s ]
SQL: SHOW COLUMNS FROM `lr_withdraw` [ RunTime:0.0110s ]
SQL: SELECT COUNT(*) AS tp_count FROM `lr_withdraw` LIMIT 1   [ RunTime:0.0010s ]
NOTIC: [8] Undefined index: page E:\www\tour\Application\Admin\Controller\OrderController.class.php 第 365 行.
NOTIC: [8] Undefined variable: where E:\www\tour\Application\Admin\Controller\OrderController.class.php 第 372 行.
SQL: SELECT t1.*,t2.uname,t2.photo,t2.phone,t2.real_name,t2.bank_name,t2.banks FROM lr_withdraw t1 left join lr_user t2 on t1.uid = t2.id  ORDER BY t1.create_time desc LIMIT 0,20   [ RunTime:0.0010s ]
INFO: [ view_parse ] --START--
INFO: [ template_filter ] --START--
INFO: Run Behavior\ContentReplaceBehavior [ RunTime:0.001000s ]
INFO: [ template_filter ] --END-- [ RunTime:0.001000s ]
NOTIC: [8] Undefined index: name E:\www\tour\Application\Runtime\Cache\Admin\301c2b9f6491dc53f7db959a81fc1270.php 第 58 行.
NOTIC: [8] Undefined index: name E:\www\tour\Application\Runtime\Cache\Admin\301c2b9f6491dc53f7db959a81fc1270.php 第 58 行.
NOTIC: [8] Undefined index: name E:\www\tour\Application\Runtime\Cache\Admin\301c2b9f6491dc53f7db959a81fc1270.php 第 58 行.
NOTIC: [8] Undefined index: name E:\www\tour\Application\Runtime\Cache\Admin\301c2b9f6491dc53f7db959a81fc1270.php 第 58 行.
NOTIC: [8] Undefined index: name E:\www\tour\Application\Runtime\Cache\Admin\301c2b9f6491dc53f7db959a81fc1270.php 第 58 行.
NOTIC: [8] Undefined index: name E:\www\tour\Application\Runtime\Cache\Admin\301c2b9f6491dc53f7db959a81fc1270.php 第 58 行.
NOTIC: [8] Undefined index: name E:\www\tour\Application\Runtime\Cache\Admin\301c2b9f6491dc53f7db959a81fc1270.php 第 58 行.
NOTIC: [8] Undefined index: name E:\www\tour\Application\Runtime\Cache\Admin\301c2b9f6491dc53f7db959a81fc1270.php 第 58 行.
NOTIC: [8] Undefined index: name E:\www\tour\Application\Runtime\Cache\Admin\301c2b9f6491dc53f7db959a81fc1270.php 第 58 行.
NOTIC: [8] Undefined index: name E:\www\tour\Application\Runtime\Cache\Admin\301c2b9f6491dc53f7db959a81fc1270.php 第 58 行.
NOTIC: [8] Undefined index: name E:\www\tour\Application\Runtime\Cache\Admin\301c2b9f6491dc53f7db959a81fc1270.php 第 58 行.
NOTIC: [8] Undefined index: name E:\www\tour\Application\Runtime\Cache\Admin\301c2b9f6491dc53f7db959a81fc1270.php 第 58 行.
INFO: Run Behavior\ParseTemplateBehavior [ RunTime:0.008000s ]
INFO: [ view_parse ] --END-- [ RunTime:0.008000s ]
INFO: [ view_filter ] --START--
INFO: Run Behavior\WriteHtmlCacheBehavior [ RunTime:0.000000s ]
INFO: [ view_filter ] --END-- [ RunTime:0.000000s ]
INFO: [ app_end ] --START--
INFO: Run Behavior\ShowPageTraceBehavior [ RunTime:0.001000s ]
INFO: [ app_end ] --END-- [ RunTime:0.001000s ]

[ 2019-01-19T15:44:21+08:00 ] 127.0.0.1 /index.php/Admin/Order/carry
NOTIC: [8] Use of undefined constant SHOW_PAGE_TRACE - assumed 'SHOW_PAGE_TRACE' E:\www\tour\Application\Common\Conf\debug.php 第 4 行.
INFO: [ app_init ] --START--
INFO: Run Behavior\BuildLiteBehavior [ RunTime:0.000000s ]
INFO: [ app_init ] --END-- [ RunTime:0.000000s ]
INFO: [ app_begin ] --START--
INFO: Run Behavior\ReadHtmlCacheBehavior [ RunTime:0.001000s ]
INFO: [ app_begin ] --END-- [ RunTime:0.001000s ]
NOTIC: [2048] Declaration of Admin\Controller\OrderController::show() should be compatible with Think\Controller::show($content, $charset = '', $contentType = '', $prefix = '') E:\www\tour\Application\Admin\Controller\OrderController.class.php 第 4 行.
SQL: SHOW COLUMNS FROM `lr_order` [ RunTime:0.0080s ]
SQL: SHOW COLUMNS FROM `lr_order_product` [ RunTime:0.0070s ]
SQL: SHOW COLUMNS FROM `lr_withdraw` [ RunTime:0.0060s ]
SQL: SELECT * FROM `lr_withdraw` WHERE `id` = 18 LIMIT 1   [ RunTime:0.0010s ]
SQL: UPDATE `lr_withdraw` SET `status`='2',`save_time`='2019-01-19 15:44:21' WHERE `id` = 18 [ RunTime:0.0010s ]

[ 2019-01-19T15:44:23+08:00 ] 127.0.0.1 /index.php/Admin/Order/withdraw_list
NOTIC: [8] Use of undefined constant SHOW_PAGE_TRACE - assumed 'SHOW_PAGE_TRACE' E:\www\tour\Application\Common\Conf\debug.php 第 4 行.
INFO: [ app_init ] --START--
INFO: Run Behavior\BuildLiteBehavior [ RunTime:0.000000s ]
INFO: [ app_init ] --END-- [ RunTime:0.000000s ]
INFO: [ app_begin ] --START--
INFO: Run Behavior\ReadHtmlCacheBehavior [ RunTime:0.000000s ]
INFO: [ app_begin ] --END-- [ RunTime:0.000000s ]
NOTIC: [2048] Declaration of Admin\Controller\OrderController::show() should be compatible with Think\Controller::show($content, $charset = '', $contentType = '', $prefix = '') E:\www\tour\Application\Admin\Controller\OrderController.class.php 第 4 行.
SQL: SHOW COLUMNS FROM `lr_order` [ RunTime:0.0070s ]
SQL: SHOW COLUMNS FROM `lr_order_product` [ RunTime:0.0070s ]
SQL: SHOW COLUMNS FROM `lr_withdraw` [ RunTime:0.0060s ]
SQL: SELECT COUNT(*) AS tp_count FROM `lr_withdraw` LIMIT 1   [ RunTime:0.0010s ]
NOTIC: [8] Undefined index: page E:\www\tour\Application\Admin\Controller\OrderController.class.php 第 365 行.
NOTIC: [8] Undefined variable: where E:\www\tour\Application\Admin\Controller\OrderController.class.php 第 372 行.
SQL: SELECT t1.*,t2.uname,t2.photo,t2.phone,t2.real_name,t2.bank_name,t2.banks FROM lr_withdraw t1 left join lr_user t2 on t1.uid = t2.id  ORDER BY t1.create_time desc LIMIT 0,20   [ RunTime:0.0010s ]
INFO: [ view_parse ] --START--
INFO: [ template_filter ] --START--
INFO: Run Behavior\ContentReplaceBehavior [ RunTime:0.000000s ]
INFO: [ template_filter ] --END-- [ RunTime:0.000000s ]
NOTIC: [8] Undefined index: name E:\www\tour\Application\Runtime\Cache\Admin\301c2b9f6491dc53f7db959a81fc1270.php 第 58 行.
NOTIC: [8] Undefined index: name E:\www\tour\Application\Runtime\Cache\Admin\301c2b9f6491dc53f7db959a81fc1270.php 第 58 行.
NOTIC: [8] Undefined index: name E:\www\tour\Application\Runtime\Cache\Admin\301c2b9f6491dc53f7db959a81fc1270.php 第 58 行.
NOTIC: [8] Undefined index: name E:\www\tour\Application\Runtime\Cache\Admin\301c2b9f6491dc53f7db959a81fc1270.php 第 58 行.
NOTIC: [8] Undefined index: name E:\www\tour\Application\Runtime\Cache\Admin\301c2b9f6491dc53f7db959a81fc1270.php 第 58 行.
NOTIC: [8] Undefined index: name E:\www\tour\Application\Runtime\Cache\Admin\301c2b9f6491dc53f7db959a81fc1270.php 第 58 行.
NOTIC: [8] Undefined index: name E:\www\tour\Application\Runtime\Cache\Admin\301c2b9f6491dc53f7db959a81fc1270.php 第 58 行.
NOTIC: [8] Undefined index: name E:\www\tour\Application\Runtime\Cache\Admin\301c2b9f6491dc53f7db959a81fc1270.php 第 58 行.
NOTIC: [8] Undefined index: name E:\www\tour\Application\Runtime\Cache\Admin\301c2b9f6491dc53f7db959a81fc1270.php 第 58 行.
NOTIC: [8] Undefined index: name E:\www\tour\Application\Runtime\Cache\Admin\301c2b9f6491dc53f7db959a81fc1270.php 第 58 行.
NOTIC: [8] Undefined index: name E:\www\tour\Application\Runtime\Cache\Admin\301c2b9f6491dc53f7db959a81fc1270.php 第 58 行.
NOTIC: [8] Undefined index: name E:\www\tour\Application\Runtime\Cache\Admin\301c2b9f6491dc53f7db959a81fc1270.php 第 58 行.
INFO: Run Behavior\ParseTemplateBehavior [ RunTime:0.007001s ]
INFO: [ view_parse ] --END-- [ RunTime:0.007001s ]
INFO: [ view_filter ] --START--
INFO: Run Behavior\WriteHtmlCacheBehavior [ RunTime:0.000000s ]
INFO: [ view_filter ] --END-- [ RunTime:0.000000s ]
INFO: [ app_end ] --START--
INFO: Run Behavior\ShowPageTraceBehavior [ RunTime:0.001000s ]
INFO: [ app_end ] --END-- [ RunTime:0.001000s ]

